Using pre-set license
Built from '2022.3/staging' branch; Version is '2022.3.30f1 (70558241b701) revision 7361922'; Using compiler version '192829333'; Build Type 'Release'
OS: 'Windows 11  (10.0.22631) 64bit Professional' Language: 'ru' Physical Memory: 15581 MB
BatchMode: 1, IsHumanControllingUs: 0, StartBugReporterOnCrash: 0, Is64bit: 1, IsPro: 1

COMMAND LINE ARGUMENTS:
C:\Program Files\Unity\Hub\Editor\2022.3.30f1\Editor\Unity.exe
-adb2
-batchMode
-noUpm
-name
AssetImportWorker1
-projectPath
C:/Users/Miguel/Documents/GitHub/MutationGame/MutationGame
-logFile
Logs/AssetImportWorker1.log
-srvPort
64737
Successfully changed project path to: C:/Users/Miguel/Documents/GitHub/MutationGame/MutationGame
C:/Users/Miguel/Documents/GitHub/MutationGame/MutationGame
[UnityMemory] Configuration Parameters - Can be set up in boot.config
    "memorysetup-bucket-allocator-granularity=16"
    "memorysetup-bucket-allocator-bucket-count=8"
    "memorysetup-bucket-allocator-block-size=33554432"
    "memorysetup-bucket-allocator-block-count=8"
    "memorysetup-main-allocator-block-size=16777216"
    "memorysetup-thread-allocator-block-size=16777216"
    "memorysetup-gfx-main-allocator-block-size=16777216"
    "memorysetup-gfx-thread-allocator-block-size=16777216"
    "memorysetup-cache-allocator-block-size=4194304"
    "memorysetup-typetree-allocator-block-size=2097152"
    "memorysetup-profiler-bucket-allocator-granularity=16"
    "memorysetup-profiler-bucket-allocator-bucket-count=8"
    "memorysetup-profiler-bucket-allocator-block-size=33554432"
    "memorysetup-profiler-bucket-allocator-block-count=8"
    "memorysetup-profiler-allocator-block-size=16777216"
    "memorysetup-profiler-editor-allocator-block-size=1048576"
    "memorysetup-temp-allocator-size-main=16777216"
    "memorysetup-job-temp-allocator-block-size=2097152"
    "memorysetup-job-temp-allocator-block-size-background=1048576"
    "memorysetup-job-temp-allocator-reduction-small-platforms=262144"
    "memorysetup-allocator-temp-initial-block-size-main=262144"
    "memorysetup-allocator-temp-initial-block-size-worker=262144"
    "memorysetup-temp-allocator-size-background-worker=32768"
    "memorysetup-temp-allocator-size-job-worker=262144"
    "memorysetup-temp-allocator-size-preload-manager=33554432"
    "memorysetup-temp-allocator-size-nav-mesh-worker=65536"
    "memorysetup-temp-allocator-size-audio-worker=65536"
    "memorysetup-temp-allocator-size-cloud-worker=32768"
    "memorysetup-temp-allocator-size-gi-baking-worker=262144"
    "memorysetup-temp-allocator-size-gfx=262144"
Player connection [8540] Host "[IP] 192.168.1.35 [Port] 0 [Flags] 2 [Guid] 1819728238 [EditorId] 1819728238 [Version] 1048832 [Id] WindowsEditor(7,DESKTOP-FV6FI5A) [Debug] 1 [PackageName] WindowsEditor [ProjectName] Editor" joined multi-casting on [225.0.0.222:54997]...

Player connection [8540] Host "[IP] 192.168.1.35 [Port] 0 [Flags] 2 [Guid] 1819728238 [EditorId] 1819728238 [Version] 1048832 [Id] WindowsEditor(7,DESKTOP-FV6FI5A) [Debug] 1 [PackageName] WindowsEditor [ProjectName] Editor" joined alternative multi-casting on [225.0.0.222:34997]...

[Physics::Module] Initialized MultithreadedJobDispatcher with 15 workers.
Refreshing native plugins compatible for Editor in 2646.57 ms, found 4 plugins.
Preloading 0 native plugins for Editor in 0.00 ms.
Initialize engine version: 2022.3.30f1 (70558241b701)
[Subsystems] Discovering subsystems at path C:/Program Files/Unity/Hub/Editor/2022.3.30f1/Editor/Data/Resources/UnitySubsystems
[Subsystems] Discovering subsystems at path C:/Users/Miguel/Documents/GitHub/MutationGame/MutationGame/Assets
GfxDevice: creating device client; threaded=0; jobified=0
Direct3D:
    Version:  Direct3D 11.0 [level 11.1]
    Renderer: NVIDIA GeForce RTX 4050 Laptop GPU (ID=0x28a1)
    Vendor:   NVIDIA
    VRAM:     5921 MB
    Driver:   32.0.15.5585
Initialize mono
Mono path[0] = 'C:/Program Files/Unity/Hub/Editor/2022.3.30f1/Editor/Data/Managed'
Mono path[1] = 'C:/Program Files/Unity/Hub/Editor/2022.3.30f1/Editor/Data/MonoBleedingEdge/lib/mono/unityjit-win32'
Mono config path = 'C:/Program Files/Unity/Hub/Editor/2022.3.30f1/Editor/Data/MonoBleedingEdge/etc'
Using monoOptions --debugger-agent=transport=dt_socket,embedding=1,server=y,suspend=n,address=127.0.0.1:56636
Begin MonoManager ReloadAssembly
Registering precompiled unity dll's ...
Register platform support module: C:/Program Files/Unity/Hub/Editor/2022.3.30f1/Editor/Data/PlaybackEngines/WebGLSupport/UnityEditor.WebGL.Extensions.dll
Register platform support module: C:/Program Files/Unity/Hub/Editor/2022.3.30f1/Editor/Data/PlaybackEngines/WindowsStandaloneSupport/UnityEditor.WindowsStandalone.Extensions.dll
Registered in 0.382426 seconds.
- Loaded All Assemblies, in  2.902 seconds
Native extension for WindowsStandalone target not found
Native extension for WebGL target not found
Mono: successfully reloaded assembly
- Finished resetting the current domain, in  0.240 seconds
Domain Reload Profiling: 3140ms
	BeginReloadAssembly (515ms)
		ExecutionOrderSort (0ms)
		DisableScriptedObjects (0ms)
		BackupInstance (0ms)
		ReleaseScriptingObjects (0ms)
		CreateAndSetChildDomain (1ms)
	RebuildCommonClasses (613ms)
	RebuildNativeTypeToScriptingClass (9ms)
	initialDomainReloadingComplete (431ms)
	LoadAllAssembliesAndSetupDomain (1333ms)
		LoadAssemblies (513ms)
		RebuildTransferFunctionScriptingTraits (0ms)
		AnalyzeDomain (1330ms)
			TypeCache.Refresh (1329ms)
				TypeCache.ScanAssembly (942ms)
			ScanForSourceGeneratedMonoScriptInfo (0ms)
			ResolveRequiredComponents (1ms)
	FinalizeReload (240ms)
		ReleaseScriptCaches (0ms)
		RebuildScriptCaches (0ms)
		SetupLoadedEditorAssemblies (187ms)
			LogAssemblyErrors (0ms)
			InitializePlatformSupportModulesInManaged (9ms)
			SetLoadedEditorAssemblies (5ms)
			RefreshPlugins (0ms)
			BeforeProcessingInitializeOnLoad (2ms)
			ProcessInitializeOnLoadAttributes (132ms)
			ProcessInitializeOnLoadMethodAttributes (40ms)
			AfterProcessingInitializeOnLoad (0ms)
			EditorAssembliesLoaded (0ms)
		ExecutionOrderSort2 (0ms)
		AwakeInstancesAfterBackupRestoration (0ms)
========================================================================
Worker process is ready to serve import requests
Begin MonoManager ReloadAssembly
- Loaded All Assemblies, in 12.273 seconds
Refreshing native plugins compatible for Editor in 8.84 ms, found 4 plugins.
Native extension for WindowsStandalone target not found
Native extension for WebGL target not found
Package Manager log level set to [2]
[Package Manager] Server::EnsureServerProcessIsRunning -- launch failed, reason: Unity was launched with the -noUpm command-line argument
[Package Manager] UpmClient::Send -- Unable to send message (not connected to UPM process).
[Package Manager] Cannot connect to Unity Package Manager local server
Mono: successfully reloaded assembly
- Finished resetting the current domain, in  1.066 seconds
Domain Reload Profiling: 13336ms
	BeginReloadAssembly (208ms)
		ExecutionOrderSort (0ms)
		DisableScriptedObjects (6ms)
		BackupInstance (0ms)
		ReleaseScriptingObjects (0ms)
		CreateAndSetChildDomain (34ms)
	RebuildCommonClasses (49ms)
	RebuildNativeTypeToScriptingClass (14ms)
	initialDomainReloadingComplete (52ms)
	LoadAllAssembliesAndSetupDomain (11945ms)
		LoadAssemblies (11154ms)
		RebuildTransferFunctionScriptingTraits (0ms)
		AnalyzeDomain (904ms)
			TypeCache.Refresh (845ms)
				TypeCache.ScanAssembly (749ms)
			ScanForSourceGeneratedMonoScriptInfo (39ms)
			ResolveRequiredComponents (17ms)
	FinalizeReload (1067ms)
		ReleaseScriptCaches (0ms)
		RebuildScriptCaches (0ms)
		SetupLoadedEditorAssemblies (826ms)
			LogAssemblyErrors (0ms)
			InitializePlatformSupportModulesInManaged (12ms)
			SetLoadedEditorAssemblies (7ms)
			RefreshPlugins (0ms)
			BeforeProcessingInitializeOnLoad (127ms)
			ProcessInitializeOnLoadAttributes (566ms)
			ProcessInitializeOnLoadMethodAttributes (103ms)
			AfterProcessingInitializeOnLoad (10ms)
			EditorAssembliesLoaded (0ms)
		ExecutionOrderSort2 (0ms)
		AwakeInstancesAfterBackupRestoration (6ms)
Launched and connected shader compiler UnityShaderCompiler.exe after 0.09 seconds
Refreshing native plugins compatible for Editor in 8.16 ms, found 4 plugins.
Preloading 0 native plugins for Editor in 0.00 ms.
Unloading 5865 Unused Serialized files (Serialized files now loaded: 0)
Unloading 111 unused Assets / (0.9 MB). Loaded Objects now: 6328.
Memory consumption went from 231.7 MB to 230.9 MB.
Total: 6.227000 ms (FindLiveObjects: 0.863400 ms CreateObjectMapping: 0.249600 ms MarkObjects: 4.502400 ms  DeleteObjects: 0.610100 ms)

AssetImportParameters requested are different than current active one (requested -> active):
  custom:container-demuxer-ogg: 62fdf1f143b41e24485cea50d1cbac27 -> 
  custom:video-codec-MediaFoundation-h265: 746d11721c4dcdbdad8f713fa42b33f4 -> 
  custom:video-decoder-ogg-theora: a1e56fd34408186e4bbccfd4996cb3dc -> 
  custom:framework-win-MediaFoundation: 216162199b28c13a410421893ffa2e32 -> 
  custom:CustomObjectIndexerAttribute: 72b91833f83ae208fae7752999fa3104 -> 
  custom:container-demuxer-webm: 4f35f7cbe854078d1ac9338744f61a02 -> 
  custom:container-muxer-webm: aa71ff27fc2769a1b78a27578f13a17b -> 
  custom:video-decoder-webm-vp8: 9c59270c3fd7afecdb556c50c9e8de78 -> 
  custom:SearchIndexIgnoredProperties: e643bd26f0fe6173181afceb89e7c659 -> 
  custom:AudioImporter_EditorPlatform: d09bf68614088b80899f8185d706f6e7 -> 
  custom:video-encoder-webm-vp8: eb34c28f22e8b96e1ab97ce403110664 -> 
  custom:audio-decoder-ogg-vorbis: bf7c407c2cedff20999df2af8eb42d56 -> 
  custom:audio-encoder-webm-vorbis: bf7c407c2cedff20999df2af8eb42d56 -> 
========================================================================
Received Import Request.
  Time since last request: 376788.584119 seconds.
  path: Assets/Prefabs/Rooms/TestRooms/RightLocation/TestRoom5.prefab
  artifactKey: Guid(75b40a31eff050a4a9ab6a4532458ccc) Importer(815301076,1909f56bfc062723c751e8b465ee728b)
Start importing Assets/Prefabs/Rooms/TestRooms/RightLocation/TestRoom5.prefab using Guid(75b40a31eff050a4a9ab6a4532458ccc) Importer(815301076,1909f56bfc062723c751e8b465ee728b)  -> (artifact id: '9556cb2895f185ee92a42e0db469e0e0') in 0.815587 seconds
Number of updated asset objects reloaded before import = 0
Number of asset objects unloaded after import = 4210
========================================================================
Received Import Request.
  Time since last request: 0.000046 seconds.
  path: Assets/Prefabs/Rooms/TestRooms/RightLocation/TestRoom6.prefab
  artifactKey: Guid(ac6de189e49e2054ab5771b773d90695) Importer(815301076,1909f56bfc062723c751e8b465ee728b)
Start importing Assets/Prefabs/Rooms/TestRooms/RightLocation/TestRoom6.prefab using Guid(ac6de189e49e2054ab5771b773d90695) Importer(815301076,1909f56bfc062723c751e8b465ee728b)  -> (artifact id: '8c1758c7b06dc503e804682dfd945b0e') in 0.127685 seconds
Number of updated asset objects reloaded before import = 0
Number of asset objects unloaded after import = 4209
========================================================================
Received Import Request.
  Time since last request: 224.330510 seconds.
  path: Assets/Sprites/RoomStructure/DecorTiles2.png
  artifactKey: Guid(58cd2a39bd3d293428cb530703eea320) Importer(815301076,1909f56bfc062723c751e8b465ee728b)
Start importing Assets/Sprites/RoomStructure/DecorTiles2.png using Guid(58cd2a39bd3d293428cb530703eea320) Importer(815301076,1909f56bfc062723c751e8b465ee728b)  -> (artifact id: 'b624b8d475656a2aead28f0d8389372d') in 0.083801 seconds
Number of updated asset objects reloaded before import = 0
Number of asset objects unloaded after import = 16
========================================================================
Received Import Request.
  Time since last request: 0.000025 seconds.
  path: Assets/Sprites/RoomStructure/Room.prefab
  artifactKey: Guid(008f041dfe774f14fa421b78c7f66985) Importer(815301076,1909f56bfc062723c751e8b465ee728b)
Start importing Assets/Sprites/RoomStructure/Room.prefab using Guid(008f041dfe774f14fa421b78c7f66985) Importer(815301076,1909f56bfc062723c751e8b465ee728b)  -> (artifact id: '6d07a8ca0bb462928c5ee119fcbcba9d') in 0.034219 seconds
Number of updated asset objects reloaded before import = 0
Number of asset objects unloaded after import = 103
========================================================================
Received Import Request.
  Time since last request: 8.171105 seconds.
  path: Assets/Sprites/UI stuff/EndButtons.png
  artifactKey: Guid(9bbae73e97e0b7d4fbdca57fb7593699) Importer(815301076,1909f56bfc062723c751e8b465ee728b)
Start importing Assets/Sprites/UI stuff/EndButtons.png using Guid(9bbae73e97e0b7d4fbdca57fb7593699) Importer(815301076,1909f56bfc062723c751e8b465ee728b)  -> (artifact id: '53418f7a3fccfec0178ccb58e982dc74') in 0.028469 seconds
Number of updated asset objects reloaded before import = 0
Number of asset objects unloaded after import = 4
========================================================================
Received Import Request.
  Time since last request: 0.000028 seconds.
  path: Assets/Sprites/UI stuff/PauseMenu.png
  artifactKey: Guid(51b76f485324fa64c9a646c314cb271d) Importer(815301076,1909f56bfc062723c751e8b465ee728b)
Start importing Assets/Sprites/UI stuff/PauseMenu.png using Guid(51b76f485324fa64c9a646c314cb271d) Importer(815301076,1909f56bfc062723c751e8b465ee728b)  -> (artifact id: '93a8371b3039326ad25655a379136d0a') in 0.031916 seconds
Number of updated asset objects reloaded before import = 0
Number of asset objects unloaded after import = 6
========================================================================
Received Import Request.
  Time since last request: 11.981590 seconds.
  path: Assets/Prefabs/Rooms/TestRooms/UpLocations/TestRoom2.prefab
  artifactKey: Guid(c404a1a0a3b6a684c856b638ba203d95) Importer(815301076,1909f56bfc062723c751e8b465ee728b)
Start importing Assets/Prefabs/Rooms/TestRooms/UpLocations/TestRoom2.prefab using Guid(c404a1a0a3b6a684c856b638ba203d95) Importer(815301076,1909f56bfc062723c751e8b465ee728b)  -> (artifact id: '6e679636daddf3d4f070975d83a72f88') in 0.097746 seconds
Number of updated asset objects reloaded before import = 0
Number of asset objects unloaded after import = 4209
========================================================================
Received Import Request.
  Time since last request: 0.000031 seconds.
  path: Assets/Prefabs/Rooms/TestRooms/UpLocations/TestRoom5.prefab
  artifactKey: Guid(92e00ec77400e9e48aaec0c44aaa9f33) Importer(815301076,1909f56bfc062723c751e8b465ee728b)
Start importing Assets/Prefabs/Rooms/TestRooms/UpLocations/TestRoom5.prefab using Guid(92e00ec77400e9e48aaec0c44aaa9f33) Importer(815301076,1909f56bfc062723c751e8b465ee728b)  -> (artifact id: 'ad5d8a36a6f959f10c12853db87f6284') in 0.101940 seconds
Number of updated asset objects reloaded before import = 0
Number of asset objects unloaded after import = 4209
========================================================================
Received Import Request.
  Time since last request: 17.473661 seconds.
  path: Assets/Prefabs/Rooms/TestRooms/RightLocation/TestRoom4.prefab
  artifactKey: Guid(02c59b677d88d154092a5d14af558085) Importer(815301076,1909f56bfc062723c751e8b465ee728b)
Start importing Assets/Prefabs/Rooms/TestRooms/RightLocation/TestRoom4.prefab using Guid(02c59b677d88d154092a5d14af558085) Importer(815301076,1909f56bfc062723c751e8b465ee728b)  -> (artifact id: '499f2a36805dacf42c572262e8681e31') in 0.093717 seconds
Number of updated asset objects reloaded before import = 0
Number of asset objects unloaded after import = 4209
========================================================================
Received Import Request.
  Time since last request: 0.000039 seconds.
  path: Assets/Prefabs/Rooms/TestRooms/RightLocation/TestRoom6.prefab
  artifactKey: Guid(ac6de189e49e2054ab5771b773d90695) Importer(815301076,1909f56bfc062723c751e8b465ee728b)
Start importing Assets/Prefabs/Rooms/TestRooms/RightLocation/TestRoom6.prefab using Guid(ac6de189e49e2054ab5771b773d90695) Importer(815301076,1909f56bfc062723c751e8b465ee728b)  -> (artifact id: 'c64117bb182df0c181d3f556a3017212') in 0.091157 seconds
Number of updated asset objects reloaded before import = 0
Number of asset objects unloaded after import = 4209
========================================================================
Received Import Request.
  Time since last request: 6.192609 seconds.
  path: Assets/Prefabs/Rooms/TestRooms/RightLocation/TestRoom4.prefab
  artifactKey: Guid(02c59b677d88d154092a5d14af558085) Importer(815301076,1909f56bfc062723c751e8b465ee728b)
Start importing Assets/Prefabs/Rooms/TestRooms/RightLocation/TestRoom4.prefab using Guid(02c59b677d88d154092a5d14af558085) Importer(815301076,1909f56bfc062723c751e8b465ee728b)  -> (artifact id: '933ecc859600f63c0027e2118b9f2432') in 0.095671 seconds
Number of updated asset objects reloaded before import = 0
Number of asset objects unloaded after import = 4209
========================================================================
Received Import Request.
  Time since last request: 0.000039 seconds.
  path: Assets/Prefabs/Rooms/TestRooms/RightLocation/TestRoom5.prefab
  artifactKey: Guid(75b40a31eff050a4a9ab6a4532458ccc) Importer(815301076,1909f56bfc062723c751e8b465ee728b)
Start importing Assets/Prefabs/Rooms/TestRooms/RightLocation/TestRoom5.prefab using Guid(75b40a31eff050a4a9ab6a4532458ccc) Importer(815301076,1909f56bfc062723c751e8b465ee728b)  -> (artifact id: '7e71349a1879dd19f1a3d0c91dfd6902') in 0.082201 seconds
Number of updated asset objects reloaded before import = 0
Number of asset objects unloaded after import = 4209
========================================================================
Received Import Request.
  Time since last request: 2.076199 seconds.
  path: Assets/Prefabs/Rooms/TestRooms/RightLocation/TestRoom4.prefab
  artifactKey: Guid(02c59b677d88d154092a5d14af558085) Importer(815301076,1909f56bfc062723c751e8b465ee728b)
Start importing Assets/Prefabs/Rooms/TestRooms/RightLocation/TestRoom4.prefab using Guid(02c59b677d88d154092a5d14af558085) Importer(815301076,1909f56bfc062723c751e8b465ee728b)  -> (artifact id: 'e0cd7b9ecd71f247e6a186a4bf821adb') in 0.095361 seconds
Number of updated asset objects reloaded before import = 0
Number of asset objects unloaded after import = 4275
========================================================================
Received Import Request.
  Time since last request: 13.754170 seconds.
  path: Assets/Prefabs/Rooms/TestRooms/RightLocation/TestRoom4.prefab
  artifactKey: Guid(02c59b677d88d154092a5d14af558085) Importer(815301076,1909f56bfc062723c751e8b465ee728b)
Start importing Assets/Prefabs/Rooms/TestRooms/RightLocation/TestRoom4.prefab using Guid(02c59b677d88d154092a5d14af558085) Importer(815301076,1909f56bfc062723c751e8b465ee728b)  -> (artifact id: '10ae9a059876d05d521a3df469ba6ad8') in 0.092637 seconds
Number of updated asset objects reloaded before import = 0
Number of asset objects unloaded after import = 4275
========================================================================
Received Import Request.
  Time since last request: 2.321097 seconds.
  path: Assets/Prefabs/Rooms/TestRooms/RightLocation/TestRoom4.prefab
  artifactKey: Guid(02c59b677d88d154092a5d14af558085) Importer(815301076,1909f56bfc062723c751e8b465ee728b)
Start importing Assets/Prefabs/Rooms/TestRooms/RightLocation/TestRoom4.prefab using Guid(02c59b677d88d154092a5d14af558085) Importer(815301076,1909f56bfc062723c751e8b465ee728b)  -> (artifact id: '0da08be24cc1eb4f7c789dfe486dc8cb') in 0.092217 seconds
Number of updated asset objects reloaded before import = 0
Number of asset objects unloaded after import = 4275
========================================================================
Received Import Request.
  Time since last request: 0.283407 seconds.
  path: Assets/Prefabs/Rooms/TestRooms/RightLocation/TestRoom4.prefab
  artifactKey: Guid(02c59b677d88d154092a5d14af558085) Importer(815301076,1909f56bfc062723c751e8b465ee728b)
Start importing Assets/Prefabs/Rooms/TestRooms/RightLocation/TestRoom4.prefab using Guid(02c59b677d88d154092a5d14af558085) Importer(815301076,1909f56bfc062723c751e8b465ee728b)  -> (artifact id: 'ae4537a51b0f8b50ef7509eab5e8362c') in 0.082126 seconds
Number of updated asset objects reloaded before import = 0
Number of asset objects unloaded after import = 4275
========================================================================
Received Import Request.
  Time since last request: 5.521320 seconds.
  path: Assets/Prefabs/Rooms/TestRooms/RightLocation/TestRoom4.prefab
  artifactKey: Guid(02c59b677d88d154092a5d14af558085) Importer(815301076,1909f56bfc062723c751e8b465ee728b)
Start importing Assets/Prefabs/Rooms/TestRooms/RightLocation/TestRoom4.prefab using Guid(02c59b677d88d154092a5d14af558085) Importer(815301076,1909f56bfc062723c751e8b465ee728b)  -> (artifact id: '72f772ba0ba1c9320a1d93f4581732ba') in 0.094607 seconds
Number of updated asset objects reloaded before import = 0
Number of asset objects unloaded after import = 4275
========================================================================
Received Import Request.
  Time since last request: 6.149847 seconds.
  path: Assets/Prefabs/Rooms/TestRooms/RightLocation/TestRoom4.prefab
  artifactKey: Guid(02c59b677d88d154092a5d14af558085) Importer(815301076,1909f56bfc062723c751e8b465ee728b)
Start importing Assets/Prefabs/Rooms/TestRooms/RightLocation/TestRoom4.prefab using Guid(02c59b677d88d154092a5d14af558085) Importer(815301076,1909f56bfc062723c751e8b465ee728b)  -> (artifact id: 'aa0395ff2d00c5f78d61c426215faf3d') in 0.090095 seconds
Number of updated asset objects reloaded before import = 0
Number of asset objects unloaded after import = 4275
========================================================================
Received Import Request.
  Time since last request: 9.200753 seconds.
  path: Assets/Prefabs/Rooms/TestRooms/RightLocation/TestRoom4.prefab
  artifactKey: Guid(02c59b677d88d154092a5d14af558085) Importer(815301076,1909f56bfc062723c751e8b465ee728b)
Start importing Assets/Prefabs/Rooms/TestRooms/RightLocation/TestRoom4.prefab using Guid(02c59b677d88d154092a5d14af558085) Importer(815301076,1909f56bfc062723c751e8b465ee728b)  -> (artifact id: '677a6d2dcb4c3a90836481e71c699753') in 0.090578 seconds
Number of updated asset objects reloaded before import = 0
Number of asset objects unloaded after import = 4275
========================================================================
Received Import Request.
  Time since last request: 0.000031 seconds.
  path: Assets/Prefabs/Rooms/TestRooms/RightLocation/TestRoom5.prefab
  artifactKey: Guid(75b40a31eff050a4a9ab6a4532458ccc) Importer(815301076,1909f56bfc062723c751e8b465ee728b)
Start importing Assets/Prefabs/Rooms/TestRooms/RightLocation/TestRoom5.prefab using Guid(75b40a31eff050a4a9ab6a4532458ccc) Importer(815301076,1909f56bfc062723c751e8b465ee728b)  -> (artifact id: '39d9c8a5ef30d79f7fee93a3421650a3') in 0.092478 seconds
Number of updated asset objects reloaded before import = 0
Number of asset objects unloaded after import = 4275
========================================================================
Received Import Request.
  Time since last request: 0.186036 seconds.
  path: Assets/Prefabs/Rooms/TestRooms/RightLocation/TestRoom4.prefab
  artifactKey: Guid(02c59b677d88d154092a5d14af558085) Importer(815301076,1909f56bfc062723c751e8b465ee728b)
Start importing Assets/Prefabs/Rooms/TestRooms/RightLocation/TestRoom4.prefab using Guid(02c59b677d88d154092a5d14af558085) Importer(815301076,1909f56bfc062723c751e8b465ee728b)  -> (artifact id: '3e67d5415a03df3d9a04cd4847c7ccf9') in 0.083497 seconds
Number of updated asset objects reloaded before import = 0
Number of asset objects unloaded after import = 4275
========================================================================
Received Import Request.
  Time since last request: 1.351995 seconds.
  path: Assets/Prefabs/Rooms/TestRooms/RightLocation/TestRoom4.prefab
  artifactKey: Guid(02c59b677d88d154092a5d14af558085) Importer(815301076,1909f56bfc062723c751e8b465ee728b)
Start importing Assets/Prefabs/Rooms/TestRooms/RightLocation/TestRoom4.prefab using Guid(02c59b677d88d154092a5d14af558085) Importer(815301076,1909f56bfc062723c751e8b465ee728b)  -> (artifact id: '36ce536fde6b2951db4518a5942b000d') in 0.093739 seconds
Number of updated asset objects reloaded before import = 0
Number of asset objects unloaded after import = 4275
========================================================================
Received Import Request.
  Time since last request: 33.652529 seconds.
  path: Assets/Prefabs/Rooms/TestRooms/Corners/RightDown.prefab
  artifactKey: Guid(0f2d5de2df8215c4f92d26513acd2c51) Importer(815301076,1909f56bfc062723c751e8b465ee728b)
Start importing Assets/Prefabs/Rooms/TestRooms/Corners/RightDown.prefab using Guid(0f2d5de2df8215c4f92d26513acd2c51) Importer(815301076,1909f56bfc062723c751e8b465ee728b)  -> (artifact id: 'b9fb71a4b9564492443a7377c8a80963') in 0.090581 seconds
Number of updated asset objects reloaded before import = 0
Number of asset objects unloaded after import = 4275
========================================================================
Received Import Request.
  Time since last request: 8.909021 seconds.
  path: Assets/Prefabs/Rooms/TestRooms/RightLocation/TestRoom4.prefab
  artifactKey: Guid(02c59b677d88d154092a5d14af558085) Importer(815301076,1909f56bfc062723c751e8b465ee728b)
Start importing Assets/Prefabs/Rooms/TestRooms/RightLocation/TestRoom4.prefab using Guid(02c59b677d88d154092a5d14af558085) Importer(815301076,1909f56bfc062723c751e8b465ee728b)  -> (artifact id: 'a0615a548348166caf326644cdbd3a84') in 0.093022 seconds
Number of updated asset objects reloaded before import = 0
Number of asset objects unloaded after import = 4275
========================================================================
Received Import Request.
  Time since last request: 2.152108 seconds.
  path: Assets/Prefabs/Rooms/TestRooms/RightLocation/TestRoom4.prefab
  artifactKey: Guid(02c59b677d88d154092a5d14af558085) Importer(815301076,1909f56bfc062723c751e8b465ee728b)
Start importing Assets/Prefabs/Rooms/TestRooms/RightLocation/TestRoom4.prefab using Guid(02c59b677d88d154092a5d14af558085) Importer(815301076,1909f56bfc062723c751e8b465ee728b)  -> (artifact id: '7de5ed0a83fef3c08a71eb89da8aa585') in 0.087799 seconds
Number of updated asset objects reloaded before import = 0
Number of asset objects unloaded after import = 4275
========================================================================
Received Import Request.
  Time since last request: 7.781117 seconds.
  path: Assets/Prefabs/Rooms/TestRooms/Corners/RightDown.prefab
  artifactKey: Guid(0f2d5de2df8215c4f92d26513acd2c51) Importer(815301076,1909f56bfc062723c751e8b465ee728b)
Start importing Assets/Prefabs/Rooms/TestRooms/Corners/RightDown.prefab using Guid(0f2d5de2df8215c4f92d26513acd2c51) Importer(815301076,1909f56bfc062723c751e8b465ee728b)  -> (artifact id: '5e8cf99254381b45a6794c0f21b6cad7') in 0.086149 seconds
Number of updated asset objects reloaded before import = 0
Number of asset objects unloaded after import = 4275
========================================================================
Received Import Request.
  Time since last request: 8.985201 seconds.
  path: Assets/Prefabs/Rooms/TestRooms/RightLocation/TestRoom4.prefab
  artifactKey: Guid(02c59b677d88d154092a5d14af558085) Importer(815301076,1909f56bfc062723c751e8b465ee728b)
Start importing Assets/Prefabs/Rooms/TestRooms/RightLocation/TestRoom4.prefab using Guid(02c59b677d88d154092a5d14af558085) Importer(815301076,1909f56bfc062723c751e8b465ee728b)  -> (artifact id: 'c17a571c13aff7c86358a4494cf48a73') in 0.077052 seconds
Number of updated asset objects reloaded before import = 0
Number of asset objects unloaded after import = 4275
========================================================================
Received Import Request.
  Time since last request: 1.974545 seconds.
  path: Assets/Prefabs/Rooms/TestRooms/RightLocation/TestRoom4.prefab
  artifactKey: Guid(02c59b677d88d154092a5d14af558085) Importer(815301076,1909f56bfc062723c751e8b465ee728b)
Start importing Assets/Prefabs/Rooms/TestRooms/RightLocation/TestRoom4.prefab using Guid(02c59b677d88d154092a5d14af558085) Importer(815301076,1909f56bfc062723c751e8b465ee728b)  -> (artifact id: 'd9acf4020332c21eb3192d52001c3196') in 0.075533 seconds
Number of updated asset objects reloaded before import = 0
Number of asset objects unloaded after import = 4275
========================================================================
Received Import Request.
  Time since last request: 0.000030 seconds.
  path: Assets/Prefabs/Rooms/TestRooms/RightLocation/TestRoom6.prefab
  artifactKey: Guid(ac6de189e49e2054ab5771b773d90695) Importer(815301076,1909f56bfc062723c751e8b465ee728b)
Start importing Assets/Prefabs/Rooms/TestRooms/RightLocation/TestRoom6.prefab using Guid(ac6de189e49e2054ab5771b773d90695) Importer(815301076,1909f56bfc062723c751e8b465ee728b)  -> (artifact id: '5325d2222427c503d05ac8456b422d6c') in 0.078517 seconds
Number of updated asset objects reloaded before import = 0
Number of asset objects unloaded after import = 4275
========================================================================
Received Import Request.
  Time since last request: 6.418398 seconds.
  path: Assets/Prefabs/Rooms/TestRooms/RightLocation/TestRoom4.prefab
  artifactKey: Guid(02c59b677d88d154092a5d14af558085) Importer(815301076,1909f56bfc062723c751e8b465ee728b)
Start importing Assets/Prefabs/Rooms/TestRooms/RightLocation/TestRoom4.prefab using Guid(02c59b677d88d154092a5d14af558085) Importer(815301076,1909f56bfc062723c751e8b465ee728b)  -> (artifact id: '918dd4a2bbbf4936e1505dc7642316a2') in 0.087181 seconds
Number of updated asset objects reloaded before import = 0
Number of asset objects unloaded after import = 4275
========================================================================
Received Import Request.
  Time since last request: 4.074358 seconds.
  path: Assets/Prefabs/Rooms/TestRooms/RightLocation/TestRoom4.prefab
  artifactKey: Guid(02c59b677d88d154092a5d14af558085) Importer(815301076,1909f56bfc062723c751e8b465ee728b)
Start importing Assets/Prefabs/Rooms/TestRooms/RightLocation/TestRoom4.prefab using Guid(02c59b677d88d154092a5d14af558085) Importer(815301076,1909f56bfc062723c751e8b465ee728b)  -> (artifact id: 'b2b651448c073693214f505bdcd26899') in 0.084262 seconds
Number of updated asset objects reloaded before import = 0
Number of asset objects unloaded after import = 4275
========================================================================
Received Import Request.
  Time since last request: 0.000025 seconds.
  path: Assets/Prefabs/Rooms/TestRooms/RightLocation/TestRoom5.prefab
  artifactKey: Guid(75b40a31eff050a4a9ab6a4532458ccc) Importer(815301076,1909f56bfc062723c751e8b465ee728b)
Start importing Assets/Prefabs/Rooms/TestRooms/RightLocation/TestRoom5.prefab using Guid(75b40a31eff050a4a9ab6a4532458ccc) Importer(815301076,1909f56bfc062723c751e8b465ee728b)  -> (artifact id: '6530bc8c8ecf884bb369744a0ec2cfc8') in 0.083392 seconds
Number of updated asset objects reloaded before import = 0
Number of asset objects unloaded after import = 4275
========================================================================
Received Import Request.
  Time since last request: 0.414169 seconds.
  path: Assets/Prefabs/Rooms/TestRooms/RightLocation/TestRoom4.prefab
  artifactKey: Guid(02c59b677d88d154092a5d14af558085) Importer(815301076,1909f56bfc062723c751e8b465ee728b)
Start importing Assets/Prefabs/Rooms/TestRooms/RightLocation/TestRoom4.prefab using Guid(02c59b677d88d154092a5d14af558085) Importer(815301076,1909f56bfc062723c751e8b465ee728b)  -> (artifact id: 'd2760b416b9fcf941cd1f406a735b31c') in 0.077764 seconds
Number of updated asset objects reloaded before import = 0
Number of asset objects unloaded after import = 4275
========================================================================
Received Import Request.
  Time since last request: 0.000049 seconds.
  path: Assets/Prefabs/Rooms/TestRooms/RightLocation/TestRoom6.prefab
  artifactKey: Guid(ac6de189e49e2054ab5771b773d90695) Importer(815301076,1909f56bfc062723c751e8b465ee728b)
Start importing Assets/Prefabs/Rooms/TestRooms/RightLocation/TestRoom6.prefab using Guid(ac6de189e49e2054ab5771b773d90695) Importer(815301076,1909f56bfc062723c751e8b465ee728b)  -> (artifact id: '90b8703325c61f38cfb680c3aa96f828') in 0.076519 seconds
Number of updated asset objects reloaded before import = 0
Number of asset objects unloaded after import = 4275
========================================================================
Received Import Request.
  Time since last request: 1.275452 seconds.
  path: Assets/Prefabs/Rooms/TestRooms/RightLocation/TestRoom4.prefab
  artifactKey: Guid(02c59b677d88d154092a5d14af558085) Importer(815301076,1909f56bfc062723c751e8b465ee728b)
Start importing Assets/Prefabs/Rooms/TestRooms/RightLocation/TestRoom4.prefab using Guid(02c59b677d88d154092a5d14af558085) Importer(815301076,1909f56bfc062723c751e8b465ee728b)  -> (artifact id: 'e94fb1349961caccf1b1419e0eb27ca8') in 0.081315 seconds
Number of updated asset objects reloaded before import = 0
Number of asset objects unloaded after import = 4275
========================================================================
Received Import Request.
  Time since last request: 0.526086 seconds.
  path: Assets/Prefabs/Rooms/TestRooms/RightLocation/TestRoom4.prefab
  artifactKey: Guid(02c59b677d88d154092a5d14af558085) Importer(815301076,1909f56bfc062723c751e8b465ee728b)
Start importing Assets/Prefabs/Rooms/TestRooms/RightLocation/TestRoom4.prefab using Guid(02c59b677d88d154092a5d14af558085) Importer(815301076,1909f56bfc062723c751e8b465ee728b)  -> (artifact id: '840fcd664bdb123cf633fcc393519440') in 0.075301 seconds
Number of updated asset objects reloaded before import = 0
Number of asset objects unloaded after import = 4275
========================================================================
Received Import Request.
  Time since last request: 0.000036 seconds.
  path: Assets/Prefabs/Rooms/TestRooms/RightLocation/TestRoom5.prefab
  artifactKey: Guid(75b40a31eff050a4a9ab6a4532458ccc) Importer(815301076,1909f56bfc062723c751e8b465ee728b)
Start importing Assets/Prefabs/Rooms/TestRooms/RightLocation/TestRoom5.prefab using Guid(75b40a31eff050a4a9ab6a4532458ccc) Importer(815301076,1909f56bfc062723c751e8b465ee728b)  -> (artifact id: 'cc8f8c7607bc42d06ed16ab056209359') in 0.077807 seconds
Number of updated asset objects reloaded before import = 0
Number of asset objects unloaded after import = 4275
========================================================================
Received Import Request.
  Time since last request: 2.218300 seconds.
  path: Assets/Prefabs/Rooms/TestRooms/RightLocation/TestRoom4.prefab
  artifactKey: Guid(02c59b677d88d154092a5d14af558085) Importer(815301076,1909f56bfc062723c751e8b465ee728b)
Start importing Assets/Prefabs/Rooms/TestRooms/RightLocation/TestRoom4.prefab using Guid(02c59b677d88d154092a5d14af558085) Importer(815301076,1909f56bfc062723c751e8b465ee728b)  -> (artifact id: '18bd3e8c8a28729fb4086bed6bde9e4e') in 0.087698 seconds
Number of updated asset objects reloaded before import = 0
Number of asset objects unloaded after import = 4275
========================================================================
Received Import Request.
  Time since last request: 0.000043 seconds.
  path: Assets/Prefabs/Rooms/TestRooms/RightLocation/TestRoom5.prefab
  artifactKey: Guid(75b40a31eff050a4a9ab6a4532458ccc) Importer(815301076,1909f56bfc062723c751e8b465ee728b)
Start importing Assets/Prefabs/Rooms/TestRooms/RightLocation/TestRoom5.prefab using Guid(75b40a31eff050a4a9ab6a4532458ccc) Importer(815301076,1909f56bfc062723c751e8b465ee728b)  -> (artifact id: '289c9a888799d8bd84fc63c981bd9961') in 0.086066 seconds
Number of updated asset objects reloaded before import = 0
Number of asset objects unloaded after import = 4275
========================================================================
Received Import Request.
  Time since last request: 1.223151 seconds.
  path: Assets/Prefabs/Rooms/TestRooms/RightLocation/TestRoom4.prefab
  artifactKey: Guid(02c59b677d88d154092a5d14af558085) Importer(815301076,1909f56bfc062723c751e8b465ee728b)
Start importing Assets/Prefabs/Rooms/TestRooms/RightLocation/TestRoom4.prefab using Guid(02c59b677d88d154092a5d14af558085) Importer(815301076,1909f56bfc062723c751e8b465ee728b)  -> (artifact id: '8d6a32965a7cad383f158821ee273a5b') in 0.085005 seconds
Number of updated asset objects reloaded before import = 0
Number of asset objects unloaded after import = 4275
========================================================================
Received Import Request.
  Time since last request: 0.000040 seconds.
  path: Assets/Prefabs/Rooms/TestRooms/RightLocation/TestRoom6.prefab
  artifactKey: Guid(ac6de189e49e2054ab5771b773d90695) Importer(815301076,1909f56bfc062723c751e8b465ee728b)
Start importing Assets/Prefabs/Rooms/TestRooms/RightLocation/TestRoom6.prefab using Guid(ac6de189e49e2054ab5771b773d90695) Importer(815301076,1909f56bfc062723c751e8b465ee728b)  -> (artifact id: '5cab88cec1f7e32cee13f07941f3b043') in 0.074377 seconds
Number of updated asset objects reloaded before import = 0
Number of asset objects unloaded after import = 4275
========================================================================
Received Import Request.
  Time since last request: 1.454839 seconds.
  path: Assets/Prefabs/Rooms/TestRooms/RightLocation/TestRoom4.prefab
  artifactKey: Guid(02c59b677d88d154092a5d14af558085) Importer(815301076,1909f56bfc062723c751e8b465ee728b)
Start importing Assets/Prefabs/Rooms/TestRooms/RightLocation/TestRoom4.prefab using Guid(02c59b677d88d154092a5d14af558085) Importer(815301076,1909f56bfc062723c751e8b465ee728b)  -> (artifact id: '301bf7c0b66d8dfd88123e0866295088') in 0.078665 seconds
Number of updated asset objects reloaded before import = 0
Number of asset objects unloaded after import = 4275
========================================================================
Received Import Request.
  Time since last request: 4.026626 seconds.
  path: Assets/Prefabs/Rooms/TestRooms/RightLocation/TestRoom4.prefab
  artifactKey: Guid(02c59b677d88d154092a5d14af558085) Importer(815301076,1909f56bfc062723c751e8b465ee728b)
Start importing Assets/Prefabs/Rooms/TestRooms/RightLocation/TestRoom4.prefab using Guid(02c59b677d88d154092a5d14af558085) Importer(815301076,1909f56bfc062723c751e8b465ee728b)  -> (artifact id: '568b1e3d6b6485705cf5852cab1c95be') in 0.093902 seconds
Number of updated asset objects reloaded before import = 0
Number of asset objects unloaded after import = 4341
========================================================================
Received Import Request.
  Time since last request: 5.490017 seconds.
  path: Assets/Prefabs/Rooms/TestRooms/Corners/RightDown.prefab
  artifactKey: Guid(0f2d5de2df8215c4f92d26513acd2c51) Importer(815301076,1909f56bfc062723c751e8b465ee728b)
Start importing Assets/Prefabs/Rooms/TestRooms/Corners/RightDown.prefab using Guid(0f2d5de2df8215c4f92d26513acd2c51) Importer(815301076,1909f56bfc062723c751e8b465ee728b)  -> (artifact id: '902c2a2978c60afb4dcadd68b7cc2896') in 0.094135 seconds
Number of updated asset objects reloaded before import = 0
Number of asset objects unloaded after import = 4341
Editor requested this worker to shutdown with reason: Scaling down because of idle timeout
TcpMessagingSession - receive error: operation aborted. errorcode: 995, details: ќпераци€ ввода/вывода была прервана из-за завершени€ потока команд или по запросу приложени€.
AssetImportWorker is now disconnected from the server
Process exiting
Exiting without the bug reporter. Application will terminate with return code 0