Using pre-set license
Built from '2022.3/staging' branch; Version is '2022.3.30f1 (70558241b701) revision 7361922'; Using compiler version '192829333'; Build Type 'Release'
OS: 'Windows 11  (10.0.22631) 64bit CoreSingleLanguage' Language: 'ru' Physical Memory: 16168 MB
BatchMode: 1, IsHumanControllingUs: 0, StartBugReporterOnCrash: 0, Is64bit: 1, IsPro: 1

COMMAND LINE ARGUMENTS:
C:\Program Files\Unity\Hub\Editor\2022.3.30f1\Editor\Unity.exe
-adb2
-batchMode
-noUpm
-name
AssetImportWorker1
-projectPath
C:/Users/holya/Documents/GitHub/MutationGame/MutationGame
-logFile
Logs/AssetImportWorker1.log
-srvPort
57552
Successfully changed project path to: C:/Users/holya/Documents/GitHub/MutationGame/MutationGame
C:/Users/holya/Documents/GitHub/MutationGame/MutationGame
[UnityMemory] Configuration Parameters - Can be set up in boot.config
    "memorysetup-bucket-allocator-granularity=16"
    "memorysetup-bucket-allocator-bucket-count=8"
    "memorysetup-bucket-allocator-block-size=33554432"
    "memorysetup-bucket-allocator-block-count=8"
    "memorysetup-main-allocator-block-size=16777216"
    "memorysetup-thread-allocator-block-size=16777216"
    "memorysetup-gfx-main-allocator-block-size=16777216"
    "memorysetup-gfx-thread-allocator-block-size=16777216"
    "memorysetup-cache-allocator-block-size=4194304"
    "memorysetup-typetree-allocator-block-size=2097152"
    "memorysetup-profiler-bucket-allocator-granularity=16"
    "memorysetup-profiler-bucket-allocator-bucket-count=8"
    "memorysetup-profiler-bucket-allocator-block-size=33554432"
    "memorysetup-profiler-bucket-allocator-block-count=8"
    "memorysetup-profiler-allocator-block-size=16777216"
    "memorysetup-profiler-editor-allocator-block-size=1048576"
    "memorysetup-temp-allocator-size-main=16777216"
    "memorysetup-job-temp-allocator-block-size=2097152"
    "memorysetup-job-temp-allocator-block-size-background=1048576"
    "memorysetup-job-temp-allocator-reduction-small-platforms=262144"
    "memorysetup-allocator-temp-initial-block-size-main=262144"
    "memorysetup-allocator-temp-initial-block-size-worker=262144"
    "memorysetup-temp-allocator-size-background-worker=32768"
    "memorysetup-temp-allocator-size-job-worker=262144"
    "memorysetup-temp-allocator-size-preload-manager=33554432"
    "memorysetup-temp-allocator-size-nav-mesh-worker=65536"
    "memorysetup-temp-allocator-size-audio-worker=65536"
    "memorysetup-temp-allocator-size-cloud-worker=32768"
    "memorysetup-temp-allocator-size-gi-baking-worker=262144"
    "memorysetup-temp-allocator-size-gfx=262144"
Player connection [30616] Host "[IP] 192.168.0.43 [Port] 0 [Flags] 2 [Guid] 1221908406 [EditorId] 1221908406 [Version] 1048832 [Id] WindowsEditor(7,LAPTOP-13TATN6K) [Debug] 1 [PackageName] WindowsEditor [ProjectName] Editor" joined multi-casting on [225.0.0.222:54997]...

Player connection [30616] Host "[IP] 192.168.0.43 [Port] 0 [Flags] 2 [Guid] 1221908406 [EditorId] 1221908406 [Version] 1048832 [Id] WindowsEditor(7,LAPTOP-13TATN6K) [Debug] 1 [PackageName] WindowsEditor [ProjectName] Editor" joined alternative multi-casting on [225.0.0.222:34997]...

[Physics::Module] Initialized MultithreadedJobDispatcher with 15 workers.
Refreshing native plugins compatible for Editor in 12.94 ms, found 4 plugins.
Preloading 0 native plugins for Editor in 0.00 ms.
Initialize engine version: 2022.3.30f1 (70558241b701)
[Subsystems] Discovering subsystems at path C:/Program Files/Unity/Hub/Editor/2022.3.30f1/Editor/Data/Resources/UnitySubsystems
[Subsystems] Discovering subsystems at path C:/Users/holya/Documents/GitHub/MutationGame/MutationGame/Assets
GfxDevice: creating device client; threaded=0; jobified=0
Direct3D:
    Version:  Direct3D 11.0 [level 11.1]
    Renderer: NVIDIA GeForce RTX 2060 (ID=0x1f15)
    Vendor:   NVIDIA
    VRAM:     5955 MB
    Driver:   31.0.15.5244
Initialize mono
Mono path[0] = 'C:/Program Files/Unity/Hub/Editor/2022.3.30f1/Editor/Data/Managed'
Mono path[1] = 'C:/Program Files/Unity/Hub/Editor/2022.3.30f1/Editor/Data/MonoBleedingEdge/lib/mono/unityjit-win32'
Mono config path = 'C:/Program Files/Unity/Hub/Editor/2022.3.30f1/Editor/Data/MonoBleedingEdge/etc'
Using monoOptions --debugger-agent=transport=dt_socket,embedding=1,server=y,suspend=n,address=127.0.0.1:56120
Begin MonoManager ReloadAssembly
Registering precompiled unity dll's ...
Register platform support module: C:/Program Files/Unity/Hub/Editor/2022.3.30f1/Editor/Data/PlaybackEngines/WebGLSupport/UnityEditor.WebGL.Extensions.dll
Register platform support module: C:/Program Files/Unity/Hub/Editor/2022.3.30f1/Editor/Data/PlaybackEngines/WindowsStandaloneSupport/UnityEditor.WindowsStandalone.Extensions.dll
Registered in 0.009180 seconds.
- Loaded All Assemblies, in  0.391 seconds
Native extension for WindowsStandalone target not found
Native extension for WebGL target not found
Mono: successfully reloaded assembly
- Finished resetting the current domain, in  0.283 seconds
Domain Reload Profiling: 672ms
	BeginReloadAssembly (113ms)
		ExecutionOrderSort (0ms)
		DisableScriptedObjects (0ms)
		BackupInstance (0ms)
		ReleaseScriptingObjects (0ms)
		CreateAndSetChildDomain (1ms)
	RebuildCommonClasses (36ms)
	RebuildNativeTypeToScriptingClass (12ms)
	initialDomainReloadingComplete (64ms)
	LoadAllAssembliesAndSetupDomain (163ms)
		LoadAssemblies (110ms)
		RebuildTransferFunctionScriptingTraits (0ms)
		AnalyzeDomain (161ms)
			TypeCache.Refresh (159ms)
				TypeCache.ScanAssembly (144ms)
			ScanForSourceGeneratedMonoScriptInfo (0ms)
			ResolveRequiredComponents (0ms)
	FinalizeReload (284ms)
		ReleaseScriptCaches (0ms)
		RebuildScriptCaches (0ms)
		SetupLoadedEditorAssemblies (219ms)
			LogAssemblyErrors (0ms)
			InitializePlatformSupportModulesInManaged (11ms)
			SetLoadedEditorAssemblies (6ms)
			RefreshPlugins (0ms)
			BeforeProcessingInitializeOnLoad (2ms)
			ProcessInitializeOnLoadAttributes (150ms)
			ProcessInitializeOnLoadMethodAttributes (50ms)
			AfterProcessingInitializeOnLoad (0ms)
			EditorAssembliesLoaded (0ms)
		ExecutionOrderSort2 (0ms)
		AwakeInstancesAfterBackupRestoration (0ms)
========================================================================
Worker process is ready to serve import requests
Begin MonoManager ReloadAssembly
- Loaded All Assemblies, in  0.850 seconds
Refreshing native plugins compatible for Editor in 6.49 ms, found 4 plugins.
Native extension for WindowsStandalone target not found
Native extension for WebGL target not found
Package Manager log level set to [2]
[Package Manager] Server::EnsureServerProcessIsRunning -- launch failed, reason: Unity was launched with the -noUpm command-line argument
[Package Manager] UpmClient::Send -- Unable to send message (not connected to UPM process).
[Package Manager] Cannot connect to Unity Package Manager local server
Mono: successfully reloaded assembly
- Finished resetting the current domain, in  0.882 seconds
Domain Reload Profiling: 1727ms
	BeginReloadAssembly (168ms)
		ExecutionOrderSort (0ms)
		DisableScriptedObjects (6ms)
		BackupInstance (0ms)
		ReleaseScriptingObjects (0ms)
		CreateAndSetChildDomain (26ms)
	RebuildCommonClasses (42ms)
	RebuildNativeTypeToScriptingClass (13ms)
	initialDomainReloadingComplete (50ms)
	LoadAllAssembliesAndSetupDomain (570ms)
		LoadAssemblies (411ms)
		RebuildTransferFunctionScriptingTraits (0ms)
		AnalyzeDomain (256ms)
			TypeCache.Refresh (209ms)
				TypeCache.ScanAssembly (190ms)
			ScanForSourceGeneratedMonoScriptInfo (32ms)
			ResolveRequiredComponents (13ms)
	FinalizeReload (882ms)
		ReleaseScriptCaches (0ms)
		RebuildScriptCaches (0ms)
		SetupLoadedEditorAssemblies (673ms)
			LogAssemblyErrors (0ms)
			InitializePlatformSupportModulesInManaged (8ms)
			SetLoadedEditorAssemblies (6ms)
			RefreshPlugins (0ms)
			BeforeProcessingInitializeOnLoad (103ms)
			ProcessInitializeOnLoadAttributes (458ms)
			ProcessInitializeOnLoadMethodAttributes (90ms)
			AfterProcessingInitializeOnLoad (8ms)
			EditorAssembliesLoaded (0ms)
		ExecutionOrderSort2 (0ms)
		AwakeInstancesAfterBackupRestoration (6ms)
Launched and connected shader compiler UnityShaderCompiler.exe after 0.05 seconds
Refreshing native plugins compatible for Editor in 8.22 ms, found 4 plugins.
Preloading 0 native plugins for Editor in 0.00 ms.
Unloading 5851 Unused Serialized files (Serialized files now loaded: 0)
Unloading 99 unused Assets / (421.5 KB). Loaded Objects now: 6312.
Memory consumption went from 222.9 MB to 222.5 MB.
Total: 5.095100 ms (FindLiveObjects: 0.476700 ms CreateObjectMapping: 0.569200 ms MarkObjects: 3.792800 ms  DeleteObjects: 0.255300 ms)

AssetImportParameters requested are different than current active one (requested -> active):
  custom:container-demuxer-ogg: 62fdf1f143b41e24485cea50d1cbac27 -> 
  custom:video-codec-MediaFoundation-h265: 746d11721c4dcdbdad8f713fa42b33f4 -> 
  custom:video-decoder-ogg-theora: a1e56fd34408186e4bbccfd4996cb3dc -> 
  custom:framework-win-MediaFoundation: 216162199b28c13a410421893ffa2e32 -> 
  custom:CustomObjectIndexerAttribute: 72b91833f83ae208fae7752999fa3104 -> 
  custom:container-demuxer-webm: 4f35f7cbe854078d1ac9338744f61a02 -> 
  custom:container-muxer-webm: aa71ff27fc2769a1b78a27578f13a17b -> 
  custom:video-decoder-webm-vp8: 9c59270c3fd7afecdb556c50c9e8de78 -> 
  custom:SearchIndexIgnoredProperties: e643bd26f0fe6173181afceb89e7c659 -> 
  custom:AudioImporter_EditorPlatform: d09bf68614088b80899f8185d706f6e7 -> 
  custom:video-encoder-webm-vp8: eb34c28f22e8b96e1ab97ce403110664 -> 
  custom:audio-decoder-ogg-vorbis: bf7c407c2cedff20999df2af8eb42d56 -> 
  custom:audio-encoder-webm-vorbis: bf7c407c2cedff20999df2af8eb42d56 -> 
========================================================================
Received Import Request.
  Time since last request: 105654.025503 seconds.
  path: Assets/Prefabs/Rooms/TestRooms/DownLocations/TestRoom3.prefab
  artifactKey: Guid(4b052b3d8939ac148a4e223e4ceb2ce9) Importer(815301076,1909f56bfc062723c751e8b465ee728b)
Start importing Assets/Prefabs/Rooms/TestRooms/DownLocations/TestRoom3.prefab using Guid(4b052b3d8939ac148a4e223e4ceb2ce9) Importer(815301076,1909f56bfc062723c751e8b465ee728b)  -> (artifact id: '79b6ea3ecb3d062c02c3e4f1ed32a1f9') in 0.353186 seconds
Number of updated asset objects reloaded before import = 0
Number of asset objects unloaded after import = 3342
========================================================================
Received Import Request.
  Time since last request: 0.000032 seconds.
  path: Assets/Prefabs/Rooms/TestRooms/DownLocations/TestRoom2.prefab
  artifactKey: Guid(c1e2d1d3c9487e24a875f008d6ca8ad1) Importer(815301076,1909f56bfc062723c751e8b465ee728b)
Start importing Assets/Prefabs/Rooms/TestRooms/DownLocations/TestRoom2.prefab using Guid(c1e2d1d3c9487e24a875f008d6ca8ad1) Importer(815301076,1909f56bfc062723c751e8b465ee728b)  -> (artifact id: '6f00b22cdf293c857fceaebc52541c41') in 0.077553 seconds
Number of updated asset objects reloaded before import = 0
Number of asset objects unloaded after import = 3341
========================================================================
Received Import Request.
  Time since last request: 35.931586 seconds.
  path: Assets/Prefabs/Rooms/TestRooms/Corners/DownCornerR.prefab
  artifactKey: Guid(92edbee5a58816146a2917f3e0d9627a) Importer(815301076,1909f56bfc062723c751e8b465ee728b)
Start importing Assets/Prefabs/Rooms/TestRooms/Corners/DownCornerR.prefab using Guid(92edbee5a58816146a2917f3e0d9627a) Importer(815301076,1909f56bfc062723c751e8b465ee728b)  -> (artifact id: 'd7a799fa9176b751db05ffdad2a17c85') in 0.073805 seconds
Number of updated asset objects reloaded before import = 0
Number of asset objects unloaded after import = 3425
========================================================================
Received Import Request.
  Time since last request: 0.000027 seconds.
  path: Assets/Prefabs/Rooms/TestRooms/Corners/RightDown.prefab
  artifactKey: Guid(0f2d5de2df8215c4f92d26513acd2c51) Importer(815301076,1909f56bfc062723c751e8b465ee728b)
Start importing Assets/Prefabs/Rooms/TestRooms/Corners/RightDown.prefab using Guid(0f2d5de2df8215c4f92d26513acd2c51) Importer(815301076,1909f56bfc062723c751e8b465ee728b)  -> (artifact id: '15ee4b5670e62e1be13aaa3a1dfd1012') in 0.073092 seconds
Number of updated asset objects reloaded before import = 0
Number of asset objects unloaded after import = 3425
========================================================================
Received Import Request.
  Time since last request: 0.941031 seconds.
  path: Assets/Prefabs/Rooms/TestRooms/UpLocations/TestRoom2.prefab
  artifactKey: Guid(c404a1a0a3b6a684c856b638ba203d95) Importer(815301076,1909f56bfc062723c751e8b465ee728b)
Start importing Assets/Prefabs/Rooms/TestRooms/UpLocations/TestRoom2.prefab using Guid(c404a1a0a3b6a684c856b638ba203d95) Importer(815301076,1909f56bfc062723c751e8b465ee728b)  -> (artifact id: 'd40c810468e249d76cef9df6addf34d8') in 0.073306 seconds
Number of updated asset objects reloaded before import = 0
Number of asset objects unloaded after import = 3425
========================================================================
Received Import Request.
  Time since last request: 0.000037 seconds.
  path: Assets/Prefabs/Rooms/TestRooms/UpLocations/TestRoom3 1.prefab
  artifactKey: Guid(29993f0dac1e7734aa86e4680b587c88) Importer(815301076,1909f56bfc062723c751e8b465ee728b)
Start importing Assets/Prefabs/Rooms/TestRooms/UpLocations/TestRoom3 1.prefab using Guid(29993f0dac1e7734aa86e4680b587c88) Importer(815301076,1909f56bfc062723c751e8b465ee728b)  -> (artifact id: '413cf91eada02b9a383f69a1cd4294b6') in 0.074589 seconds
Number of updated asset objects reloaded before import = 0
Number of asset objects unloaded after import = 3425
========================================================================
Received Import Request.
  Time since last request: 0.229422 seconds.
  path: Assets/Prefabs/Rooms/TestRooms/RightLocation/TestRoom5.prefab
  artifactKey: Guid(75b40a31eff050a4a9ab6a4532458ccc) Importer(815301076,1909f56bfc062723c751e8b465ee728b)
Start importing Assets/Prefabs/Rooms/TestRooms/RightLocation/TestRoom5.prefab using Guid(75b40a31eff050a4a9ab6a4532458ccc) Importer(815301076,1909f56bfc062723c751e8b465ee728b)  -> (artifact id: 'edd9cd34f7bf33ad18701a17488a1ecf') in 0.074272 seconds
Number of updated asset objects reloaded before import = 0
Number of asset objects unloaded after import = 3425
========================================================================
Received Import Request.
  Time since last request: 1.063081 seconds.
  path: Assets/Prefabs/Rooms/TestRooms/DownLocations/TestRoom2.prefab
  artifactKey: Guid(c1e2d1d3c9487e24a875f008d6ca8ad1) Importer(815301076,1909f56bfc062723c751e8b465ee728b)
Start importing Assets/Prefabs/Rooms/TestRooms/DownLocations/TestRoom2.prefab using Guid(c1e2d1d3c9487e24a875f008d6ca8ad1) Importer(815301076,1909f56bfc062723c751e8b465ee728b)  -> (artifact id: '490ca3922250b540fb19acc505076440') in 0.073774 seconds
Number of updated asset objects reloaded before import = 0
Number of asset objects unloaded after import = 3425
========================================================================
Received Import Request.
  Time since last request: 0.000023 seconds.
  path: Assets/Prefabs/Rooms/TestRooms/DownLocations/TestRoom3.prefab
  artifactKey: Guid(4b052b3d8939ac148a4e223e4ceb2ce9) Importer(815301076,1909f56bfc062723c751e8b465ee728b)
Start importing Assets/Prefabs/Rooms/TestRooms/DownLocations/TestRoom3.prefab using Guid(4b052b3d8939ac148a4e223e4ceb2ce9) Importer(815301076,1909f56bfc062723c751e8b465ee728b)  -> (artifact id: 'ea718f3d1f4a44bf7de080bb1246ae7d') in 0.071016 seconds
Number of updated asset objects reloaded before import = 0
Number of asset objects unloaded after import = 3425
========================================================================
Received Prepare
Begin MonoManager ReloadAssembly
- Loaded All Assemblies, in  0.489 seconds
Refreshing native plugins compatible for Editor in 5.72 ms, found 4 plugins.
Native extension for WindowsStandalone target not found
Native extension for WebGL target not found
[Package Manager] Server::EnsureServerProcessIsRunning -- launch failed, reason: Unity was launched with the -noUpm command-line argument
[Package Manager] UpmClient::Send -- Unable to send message (not connected to UPM process).
[Package Manager] Cannot connect to Unity Package Manager local server
Mono: successfully reloaded assembly
- Finished resetting the current domain, in  1.598 seconds
Domain Reload Profiling: 2083ms
	BeginReloadAssembly (170ms)
		ExecutionOrderSort (0ms)
		DisableScriptedObjects (15ms)
		BackupInstance (0ms)
		ReleaseScriptingObjects (0ms)
		CreateAndSetChildDomain (44ms)
	RebuildCommonClasses (35ms)
	RebuildNativeTypeToScriptingClass (13ms)
	initialDomainReloadingComplete (32ms)
	LoadAllAssembliesAndSetupDomain (235ms)
		LoadAssemblies (293ms)
		RebuildTransferFunctionScriptingTraits (0ms)
		AnalyzeDomain (20ms)
			TypeCache.Refresh (6ms)
				TypeCache.ScanAssembly (0ms)
			ScanForSourceGeneratedMonoScriptInfo (0ms)
			ResolveRequiredComponents (13ms)
	FinalizeReload (1599ms)
		ReleaseScriptCaches (0ms)
		RebuildScriptCaches (0ms)
		SetupLoadedEditorAssemblies (706ms)
			LogAssemblyErrors (0ms)
			InitializePlatformSupportModulesInManaged (7ms)
			SetLoadedEditorAssemblies (4ms)
			RefreshPlugins (0ms)
			BeforeProcessingInitializeOnLoad (106ms)
			ProcessInitializeOnLoadAttributes (485ms)
			ProcessInitializeOnLoadMethodAttributes (94ms)
			AfterProcessingInitializeOnLoad (9ms)
			EditorAssembliesLoaded (0ms)
		ExecutionOrderSort2 (0ms)
		AwakeInstancesAfterBackupRestoration (23ms)
Refreshing native plugins compatible for Editor in 7.42 ms, found 4 plugins.
Preloading 0 native plugins for Editor in 0.00 ms.
Unloading 5696 Unused Serialized files (Serialized files now loaded: 0)
Unloading 50 unused Assets / (393.4 KB). Loaded Objects now: 6377.
Memory consumption went from 200.7 MB to 200.3 MB.
Total: 4.155400 ms (FindLiveObjects: 0.439900 ms CreateObjectMapping: 0.457700 ms MarkObjects: 3.110400 ms  DeleteObjects: 0.146400 ms)

Prepare: number of updated asset objects reloaded= 0
AssetImportParameters requested are different than current active one (requested -> active):
  custom:container-demuxer-ogg: 62fdf1f143b41e24485cea50d1cbac27 -> 
  custom:video-codec-MediaFoundation-h265: 746d11721c4dcdbdad8f713fa42b33f4 -> 
  custom:video-decoder-ogg-theora: a1e56fd34408186e4bbccfd4996cb3dc -> 
  custom:framework-win-MediaFoundation: 216162199b28c13a410421893ffa2e32 -> 
  custom:CustomObjectIndexerAttribute: 72b91833f83ae208fae7752999fa3104 -> 
  custom:container-demuxer-webm: 4f35f7cbe854078d1ac9338744f61a02 -> 
  custom:container-muxer-webm: aa71ff27fc2769a1b78a27578f13a17b -> 
  custom:video-decoder-webm-vp8: 9c59270c3fd7afecdb556c50c9e8de78 -> 
  custom:SearchIndexIgnoredProperties: e643bd26f0fe6173181afceb89e7c659 -> 
  custom:AudioImporter_EditorPlatform: d09bf68614088b80899f8185d706f6e7 -> 
  custom:video-encoder-webm-vp8: eb34c28f22e8b96e1ab97ce403110664 -> 
  custom:audio-decoder-ogg-vorbis: bf7c407c2cedff20999df2af8eb42d56 -> 
  custom:audio-encoder-webm-vorbis: bf7c407c2cedff20999df2af8eb42d56 -> 
========================================================================
Received Import Request.
  Time since last request: 165.642245 seconds.
  path: Assets/Prefabs/Rooms/TestRooms/Corners/DownCornerR.prefab
  artifactKey: Guid(92edbee5a58816146a2917f3e0d9627a) Importer(815301076,1909f56bfc062723c751e8b465ee728b)
Start importing Assets/Prefabs/Rooms/TestRooms/Corners/DownCornerR.prefab using Guid(92edbee5a58816146a2917f3e0d9627a) Importer(815301076,1909f56bfc062723c751e8b465ee728b)  -> (artifact id: 'e00d06ed712153d2f82471f448b9a628') in 0.308901 seconds
Number of updated asset objects reloaded before import = 0
Number of asset objects unloaded after import = 3443
========================================================================
Received Import Request.
  Time since last request: 0.055832 seconds.
  path: Assets/Prefabs/Rooms/TestRooms/DownLocations/TestRoom2.prefab
  artifactKey: Guid(c1e2d1d3c9487e24a875f008d6ca8ad1) Importer(815301076,1909f56bfc062723c751e8b465ee728b)
Start importing Assets/Prefabs/Rooms/TestRooms/DownLocations/TestRoom2.prefab using Guid(c1e2d1d3c9487e24a875f008d6ca8ad1) Importer(815301076,1909f56bfc062723c751e8b465ee728b)  -> (artifact id: '568a420d3f94f6b64d88709e4e8e7909') in 0.075304 seconds
Number of updated asset objects reloaded before import = 0
Number of asset objects unloaded after import = 3425
========================================================================
Received Import Request.
  Time since last request: 0.534258 seconds.
  path: Assets/Prefabs/Rooms/TestRooms/RightLocation/TestRoom5.prefab
  artifactKey: Guid(75b40a31eff050a4a9ab6a4532458ccc) Importer(815301076,1909f56bfc062723c751e8b465ee728b)
Start importing Assets/Prefabs/Rooms/TestRooms/RightLocation/TestRoom5.prefab using Guid(75b40a31eff050a4a9ab6a4532458ccc) Importer(815301076,1909f56bfc062723c751e8b465ee728b)  -> (artifact id: '474a7cd422b5e080026787d072cb4b24') in 0.072696 seconds
Number of updated asset objects reloaded before import = 0
Number of asset objects unloaded after import = 3425
========================================================================
Received Import Request.
  Time since last request: 0.843016 seconds.
  path: Assets/Prefabs/Rooms/TestRooms/UpLocations/TestRoom2.prefab
  artifactKey: Guid(c404a1a0a3b6a684c856b638ba203d95) Importer(815301076,1909f56bfc062723c751e8b465ee728b)
Start importing Assets/Prefabs/Rooms/TestRooms/UpLocations/TestRoom2.prefab using Guid(c404a1a0a3b6a684c856b638ba203d95) Importer(815301076,1909f56bfc062723c751e8b465ee728b)  -> (artifact id: '7216a1bebb69fbe8ecdf5534d5a6735e') in 0.072011 seconds
Number of updated asset objects reloaded before import = 0
Number of asset objects unloaded after import = 3425
========================================================================
Received Import Request.
  Time since last request: 0.000021 seconds.
  path: Assets/Prefabs/Rooms/TestRooms/UpLocations/TestRoom3.prefab
  artifactKey: Guid(044205f7199131a49bc662494100bca2) Importer(815301076,1909f56bfc062723c751e8b465ee728b)
Start importing Assets/Prefabs/Rooms/TestRooms/UpLocations/TestRoom3.prefab using Guid(044205f7199131a49bc662494100bca2) Importer(815301076,1909f56bfc062723c751e8b465ee728b)  -> (artifact id: 'b18fe08cb3d68fd4cf74239bc3de87b8') in 0.076169 seconds
Number of updated asset objects reloaded before import = 0
Number of asset objects unloaded after import = 3425
========================================================================
Received Import Request.
  Time since last request: 10.976880 seconds.
  path: Assets/Prefabs/Rooms/TestRooms/UpLocations/TestRoom2.prefab
  artifactKey: Guid(c404a1a0a3b6a684c856b638ba203d95) Importer(815301076,1909f56bfc062723c751e8b465ee728b)
Start importing Assets/Prefabs/Rooms/TestRooms/UpLocations/TestRoom2.prefab using Guid(c404a1a0a3b6a684c856b638ba203d95) Importer(815301076,1909f56bfc062723c751e8b465ee728b)  -> (artifact id: '12368379e36ffdc11bd57ee17eb2a393') in 0.080782 seconds
Number of updated asset objects reloaded before import = 0
Number of asset objects unloaded after import = 3412
========================================================================
Received Import Request.
  Time since last request: 0.000022 seconds.
  path: Assets/Prefabs/Rooms/TestRooms/UpLocations/TestRoom3 1.prefab
  artifactKey: Guid(29993f0dac1e7734aa86e4680b587c88) Importer(815301076,1909f56bfc062723c751e8b465ee728b)
Start importing Assets/Prefabs/Rooms/TestRooms/UpLocations/TestRoom3 1.prefab using Guid(29993f0dac1e7734aa86e4680b587c88) Importer(815301076,1909f56bfc062723c751e8b465ee728b)  -> (artifact id: 'a4bafcc76fa45021a3b63a46dfd23f5a') in 0.071979 seconds
Number of updated asset objects reloaded before import = 0
Number of asset objects unloaded after import = 3412
========================================================================
Received Import Request.
  Time since last request: 2.635951 seconds.
  path: Assets/Prefabs/Rooms/TestRooms/UpLocations/TestRoom2.prefab
  artifactKey: Guid(c404a1a0a3b6a684c856b638ba203d95) Importer(815301076,1909f56bfc062723c751e8b465ee728b)
Start importing Assets/Prefabs/Rooms/TestRooms/UpLocations/TestRoom2.prefab using Guid(c404a1a0a3b6a684c856b638ba203d95) Importer(815301076,1909f56bfc062723c751e8b465ee728b)  -> (artifact id: '6db60641228e3c72d74b4f396639fd93') in 0.073745 seconds
Number of updated asset objects reloaded before import = 0
Number of asset objects unloaded after import = 3412
========================================================================
Received Import Request.
  Time since last request: 0.000032 seconds.
  path: Assets/Prefabs/Rooms/TestRooms/UpLocations/TestRoom3.prefab
  artifactKey: Guid(044205f7199131a49bc662494100bca2) Importer(815301076,1909f56bfc062723c751e8b465ee728b)
Start importing Assets/Prefabs/Rooms/TestRooms/UpLocations/TestRoom3.prefab using Guid(044205f7199131a49bc662494100bca2) Importer(815301076,1909f56bfc062723c751e8b465ee728b)  -> (artifact id: '03c695f4ff70e41ba5377327e81cbe67') in 0.071251 seconds
Number of updated asset objects reloaded before import = 0
Number of asset objects unloaded after import = 3412
========================================================================
Received Import Request.
  Time since last request: 10.983702 seconds.
  path: Assets/Prefabs/Rooms/TestRooms/UpLocations/TestRoom2.prefab
  artifactKey: Guid(c404a1a0a3b6a684c856b638ba203d95) Importer(815301076,1909f56bfc062723c751e8b465ee728b)
Start importing Assets/Prefabs/Rooms/TestRooms/UpLocations/TestRoom2.prefab using Guid(c404a1a0a3b6a684c856b638ba203d95) Importer(815301076,1909f56bfc062723c751e8b465ee728b)  -> (artifact id: 'd27406f901cb5e225f13ee86e381632d') in 0.079654 seconds
Number of updated asset objects reloaded before import = 0
Number of asset objects unloaded after import = 3399
========================================================================
Received Import Request.
  Time since last request: 0.000025 seconds.
  path: Assets/Prefabs/Rooms/TestRooms/UpLocations/TestRoom3 1.prefab
  artifactKey: Guid(29993f0dac1e7734aa86e4680b587c88) Importer(815301076,1909f56bfc062723c751e8b465ee728b)
Start importing Assets/Prefabs/Rooms/TestRooms/UpLocations/TestRoom3 1.prefab using Guid(29993f0dac1e7734aa86e4680b587c88) Importer(815301076,1909f56bfc062723c751e8b465ee728b)  -> (artifact id: '52b75acc63dccb866ae59bc73372f4b9') in 0.077653 seconds
Number of updated asset objects reloaded before import = 0
Number of asset objects unloaded after import = 3399
