Using pre-set license
Built from '2022.3/staging' branch; Version is '2022.3.30f1 (70558241b701) revision 7361922'; Using compiler version '192829333'; Build Type 'Release'
OS: 'Windows 11  (10.0.22631) 64bit CoreSingleLanguage' Language: 'ru' Physical Memory: 16168 MB
BatchMode: 1, IsHumanControllingUs: 0, StartBugReporterOnCrash: 0, Is64bit: 1, IsPro: 1

COMMAND LINE ARGUMENTS:
C:\Program Files\Unity\Hub\Editor\2022.3.30f1\Editor\Unity.exe
-adb2
-batchMode
-noUpm
-name
AssetImportWorker5
-projectPath
C:/Users/holya/Documents/GitHub/MutationGame/MutationGame
-logFile
Logs/AssetImportWorker5.log
-srvPort
57266
Successfully changed project path to: C:/Users/holya/Documents/GitHub/MutationGame/MutationGame
C:/Users/holya/Documents/GitHub/MutationGame/MutationGame
[UnityMemory] Configuration Parameters - Can be set up in boot.config
    "memorysetup-bucket-allocator-granularity=16"
    "memorysetup-bucket-allocator-bucket-count=8"
    "memorysetup-bucket-allocator-block-size=33554432"
    "memorysetup-bucket-allocator-block-count=8"
    "memorysetup-main-allocator-block-size=16777216"
    "memorysetup-thread-allocator-block-size=16777216"
    "memorysetup-gfx-main-allocator-block-size=16777216"
    "memorysetup-gfx-thread-allocator-block-size=16777216"
    "memorysetup-cache-allocator-block-size=4194304"
    "memorysetup-typetree-allocator-block-size=2097152"
    "memorysetup-profiler-bucket-allocator-granularity=16"
    "memorysetup-profiler-bucket-allocator-bucket-count=8"
    "memorysetup-profiler-bucket-allocator-block-size=33554432"
    "memorysetup-profiler-bucket-allocator-block-count=8"
    "memorysetup-profiler-allocator-block-size=16777216"
    "memorysetup-profiler-editor-allocator-block-size=1048576"
    "memorysetup-temp-allocator-size-main=16777216"
    "memorysetup-job-temp-allocator-block-size=2097152"
    "memorysetup-job-temp-allocator-block-size-background=1048576"
    "memorysetup-job-temp-allocator-reduction-small-platforms=262144"
    "memorysetup-allocator-temp-initial-block-size-main=262144"
    "memorysetup-allocator-temp-initial-block-size-worker=262144"
    "memorysetup-temp-allocator-size-background-worker=32768"
    "memorysetup-temp-allocator-size-job-worker=262144"
    "memorysetup-temp-allocator-size-preload-manager=33554432"
    "memorysetup-temp-allocator-size-nav-mesh-worker=65536"
    "memorysetup-temp-allocator-size-audio-worker=65536"
    "memorysetup-temp-allocator-size-cloud-worker=32768"
    "memorysetup-temp-allocator-size-gi-baking-worker=262144"
    "memorysetup-temp-allocator-size-gfx=262144"
Player connection [39004] Host "[IP] 192.168.0.43 [Port] 0 [Flags] 2 [Guid] 1319556053 [EditorId] 1319556053 [Version] 1048832 [Id] WindowsEditor(7,LAPTOP-13TATN6K) [Debug] 1 [PackageName] WindowsEditor [ProjectName] Editor" joined multi-casting on [225.0.0.222:54997]...

Player connection [39004] Host "[IP] 192.168.0.43 [Port] 0 [Flags] 2 [Guid] 1319556053 [EditorId] 1319556053 [Version] 1048832 [Id] WindowsEditor(7,LAPTOP-13TATN6K) [Debug] 1 [PackageName] WindowsEditor [ProjectName] Editor" joined alternative multi-casting on [225.0.0.222:34997]...

[Physics::Module] Initialized MultithreadedJobDispatcher with 15 workers.
Refreshing native plugins compatible for Editor in 14.36 ms, found 4 plugins.
Preloading 0 native plugins for Editor in 0.00 ms.
Initialize engine version: 2022.3.30f1 (70558241b701)
[Subsystems] Discovering subsystems at path C:/Program Files/Unity/Hub/Editor/2022.3.30f1/Editor/Data/Resources/UnitySubsystems
[Subsystems] Discovering subsystems at path C:/Users/holya/Documents/GitHub/MutationGame/MutationGame/Assets
GfxDevice: creating device client; threaded=0; jobified=0
Direct3D:
    Version:  Direct3D 11.0 [level 11.1]
    Renderer: NVIDIA GeForce RTX 2060 (ID=0x1f15)
    Vendor:   NVIDIA
    VRAM:     5955 MB
    Driver:   31.0.15.5244
Initialize mono
Mono path[0] = 'C:/Program Files/Unity/Hub/Editor/2022.3.30f1/Editor/Data/Managed'
Mono path[1] = 'C:/Program Files/Unity/Hub/Editor/2022.3.30f1/Editor/Data/MonoBleedingEdge/lib/mono/unityjit-win32'
Mono config path = 'C:/Program Files/Unity/Hub/Editor/2022.3.30f1/Editor/Data/MonoBleedingEdge/etc'
Using monoOptions --debugger-agent=transport=dt_socket,embedding=1,server=y,suspend=n,address=127.0.0.1:56032
Begin MonoManager ReloadAssembly
Registering precompiled unity dll's ...
Register platform support module: C:/Program Files/Unity/Hub/Editor/2022.3.30f1/Editor/Data/PlaybackEngines/WebGLSupport/UnityEditor.WebGL.Extensions.dll
Register platform support module: C:/Program Files/Unity/Hub/Editor/2022.3.30f1/Editor/Data/PlaybackEngines/WindowsStandaloneSupport/UnityEditor.WindowsStandalone.Extensions.dll
Registered in 0.007758 seconds.
- Loaded All Assemblies, in  0.330 seconds
Native extension for WindowsStandalone target not found
Native extension for WebGL target not found
Mono: successfully reloaded assembly
- Finished resetting the current domain, in  0.254 seconds
Domain Reload Profiling: 582ms
	BeginReloadAssembly (97ms)
		ExecutionOrderSort (0ms)
		DisableScriptedObjects (0ms)
		BackupInstance (0ms)
		ReleaseScriptingObjects (0ms)
		CreateAndSetChildDomain (1ms)
	RebuildCommonClasses (32ms)
	RebuildNativeTypeToScriptingClass (12ms)
	initialDomainReloadingComplete (53ms)
	LoadAllAssembliesAndSetupDomain (134ms)
		LoadAssemblies (95ms)
		RebuildTransferFunctionScriptingTraits (0ms)
		AnalyzeDomain (132ms)
			TypeCache.Refresh (131ms)
				TypeCache.ScanAssembly (118ms)
			ScanForSourceGeneratedMonoScriptInfo (0ms)
			ResolveRequiredComponents (0ms)
	FinalizeReload (254ms)
		ReleaseScriptCaches (0ms)
		RebuildScriptCaches (0ms)
		SetupLoadedEditorAssemblies (200ms)
			LogAssemblyErrors (0ms)
			InitializePlatformSupportModulesInManaged (9ms)
			SetLoadedEditorAssemblies (6ms)
			RefreshPlugins (0ms)
			BeforeProcessingInitializeOnLoad (2ms)
			ProcessInitializeOnLoadAttributes (143ms)
			ProcessInitializeOnLoadMethodAttributes (40ms)
			AfterProcessingInitializeOnLoad (0ms)
			EditorAssembliesLoaded (0ms)
		ExecutionOrderSort2 (0ms)
		AwakeInstancesAfterBackupRestoration (0ms)
========================================================================
Worker process is ready to serve import requests
Begin MonoManager ReloadAssembly
- Loaded All Assemblies, in  0.651 seconds
Refreshing native plugins compatible for Editor in 5.10 ms, found 4 plugins.
Native extension for WindowsStandalone target not found
Native extension for WebGL target not found
Package Manager log level set to [2]
[Package Manager] Server::EnsureServerProcessIsRunning -- launch failed, reason: Unity was launched with the -noUpm command-line argument
[Package Manager] UpmClient::Send -- Unable to send message (not connected to UPM process).
[Package Manager] Cannot connect to Unity Package Manager local server
Mono: successfully reloaded assembly
- Finished resetting the current domain, in  0.703 seconds
Domain Reload Profiling: 1350ms
	BeginReloadAssembly (134ms)
		ExecutionOrderSort (0ms)
		DisableScriptedObjects (5ms)
		BackupInstance (0ms)
		ReleaseScriptingObjects (0ms)
		CreateAndSetChildDomain (19ms)
	RebuildCommonClasses (33ms)
	RebuildNativeTypeToScriptingClass (11ms)
	initialDomainReloadingComplete (38ms)
	LoadAllAssembliesAndSetupDomain (429ms)
		LoadAssemblies (302ms)
		RebuildTransferFunctionScriptingTraits (0ms)
		AnalyzeDomain (204ms)
			TypeCache.Refresh (164ms)
				TypeCache.ScanAssembly (149ms)
			ScanForSourceGeneratedMonoScriptInfo (27ms)
			ResolveRequiredComponents (11ms)
	FinalizeReload (704ms)
		ReleaseScriptCaches (0ms)
		RebuildScriptCaches (0ms)
		SetupLoadedEditorAssemblies (541ms)
			LogAssemblyErrors (0ms)
			InitializePlatformSupportModulesInManaged (6ms)
			SetLoadedEditorAssemblies (5ms)
			RefreshPlugins (0ms)
			BeforeProcessingInitializeOnLoad (85ms)
			ProcessInitializeOnLoadAttributes (369ms)
			ProcessInitializeOnLoadMethodAttributes (69ms)
			AfterProcessingInitializeOnLoad (7ms)
			EditorAssembliesLoaded (0ms)
		ExecutionOrderSort2 (0ms)
		AwakeInstancesAfterBackupRestoration (5ms)
Launched and connected shader compiler UnityShaderCompiler.exe after 0.04 seconds
Refreshing native plugins compatible for Editor in 5.14 ms, found 4 plugins.
Preloading 0 native plugins for Editor in 0.00 ms.
Unloading 5866 Unused Serialized files (Serialized files now loaded: 0)
Unloading 99 unused Assets / (421.4 KB). Loaded Objects now: 6328.
Memory consumption went from 227.2 MB to 226.7 MB.
Total: 3.689300 ms (FindLiveObjects: 0.419600 ms CreateObjectMapping: 0.414200 ms MarkObjects: 2.639300 ms  DeleteObjects: 0.215100 ms)

AssetImportParameters requested are different than current active one (requested -> active):
  custom:container-demuxer-ogg: 62fdf1f143b41e24485cea50d1cbac27 -> 
  custom:video-codec-MediaFoundation-h265: 746d11721c4dcdbdad8f713fa42b33f4 -> 
  custom:video-decoder-ogg-theora: a1e56fd34408186e4bbccfd4996cb3dc -> 
  custom:framework-win-MediaFoundation: 216162199b28c13a410421893ffa2e32 -> 
  custom:CustomObjectIndexerAttribute: 72b91833f83ae208fae7752999fa3104 -> 
  custom:container-demuxer-webm: 4f35f7cbe854078d1ac9338744f61a02 -> 
  custom:container-muxer-webm: aa71ff27fc2769a1b78a27578f13a17b -> 
  custom:video-decoder-webm-vp8: 9c59270c3fd7afecdb556c50c9e8de78 -> 
  custom:SearchIndexIgnoredProperties: e643bd26f0fe6173181afceb89e7c659 -> 
  custom:AudioImporter_EditorPlatform: d09bf68614088b80899f8185d706f6e7 -> 
  custom:video-encoder-webm-vp8: eb34c28f22e8b96e1ab97ce403110664 -> 
  custom:audio-decoder-ogg-vorbis: bf7c407c2cedff20999df2af8eb42d56 -> 
  custom:audio-encoder-webm-vorbis: bf7c407c2cedff20999df2af8eb42d56 -> 
========================================================================
Received Import Request.
  Time since last request: 274515.319405 seconds.
  path: Assets/Prefabs/Rooms/TestRooms/UpLocations/TestRoom2.prefab
  artifactKey: Guid(c404a1a0a3b6a684c856b638ba203d95) Importer(815301076,1909f56bfc062723c751e8b465ee728b)
Start importing Assets/Prefabs/Rooms/TestRooms/UpLocations/TestRoom2.prefab using Guid(c404a1a0a3b6a684c856b638ba203d95) Importer(815301076,1909f56bfc062723c751e8b465ee728b)  -> (artifact id: 'ba9cd504f80f6b0ead9cf6703f1a3973') in 0.445516 seconds
Number of updated asset objects reloaded before import = 0
Number of asset objects unloaded after import = 4842
========================================================================
Received Import Request.
  Time since last request: 0.215952 seconds.
  path: Assets/Prefabs/Rooms/TestRooms/RightLocation/Nastya's Basement.prefab
  artifactKey: Guid(66c9af2508354844486366548181784a) Importer(815301076,1909f56bfc062723c751e8b465ee728b)
Start importing Assets/Prefabs/Rooms/TestRooms/RightLocation/Nastya's Basement.prefab using Guid(66c9af2508354844486366548181784a) Importer(815301076,1909f56bfc062723c751e8b465ee728b)  -> (artifact id: '168ee12a7ecfdb641d07fcdc19c52b2d') in 0.132595 seconds
Number of updated asset objects reloaded before import = 0
Number of asset objects unloaded after import = 4841
========================================================================
Received Import Request.
  Time since last request: 0.000043 seconds.
  path: Assets/Prefabs/Rooms/TestRooms/RightLocation/TestRoom5.prefab
  artifactKey: Guid(75b40a31eff050a4a9ab6a4532458ccc) Importer(815301076,1909f56bfc062723c751e8b465ee728b)
Start importing Assets/Prefabs/Rooms/TestRooms/RightLocation/TestRoom5.prefab using Guid(75b40a31eff050a4a9ab6a4532458ccc) Importer(815301076,1909f56bfc062723c751e8b465ee728b)  -> (artifact id: 'ea04a9a7d58d1b4673bc11672a26a882') in 0.130335 seconds
Number of updated asset objects reloaded before import = 0
Number of asset objects unloaded after import = 4841
========================================================================
Received Import Request.
  Time since last request: 0.000040 seconds.
  path: Assets/Prefabs/Rooms/TestRooms/RightLocation/TestRoom6.prefab
  artifactKey: Guid(ac6de189e49e2054ab5771b773d90695) Importer(815301076,1909f56bfc062723c751e8b465ee728b)
Start importing Assets/Prefabs/Rooms/TestRooms/RightLocation/TestRoom6.prefab using Guid(ac6de189e49e2054ab5771b773d90695) Importer(815301076,1909f56bfc062723c751e8b465ee728b)  -> (artifact id: 'ed33d847c084717346ac8b5931d38279') in 0.115961 seconds
Number of updated asset objects reloaded before import = 0
Number of asset objects unloaded after import = 4841
========================================================================
Received Import Request.
  Time since last request: 49.392093 seconds.
  path: Assets/Prefabs/Rooms/TestRooms/RightLocation/TestRoom4.prefab
  artifactKey: Guid(02c59b677d88d154092a5d14af558085) Importer(815301076,1909f56bfc062723c751e8b465ee728b)
Start importing Assets/Prefabs/Rooms/TestRooms/RightLocation/TestRoom4.prefab using Guid(02c59b677d88d154092a5d14af558085) Importer(815301076,1909f56bfc062723c751e8b465ee728b)  -> (artifact id: '9fc4ce4169f92141528e492b6b9eaa22') in 0.162927 seconds
Number of updated asset objects reloaded before import = 0
Number of asset objects unloaded after import = 4841
========================================================================
Received Import Request.
  Time since last request: 0.000029 seconds.
  path: Assets/Prefabs/Rooms/TestRooms/RightLocation/TestRoom6.prefab
  artifactKey: Guid(ac6de189e49e2054ab5771b773d90695) Importer(815301076,1909f56bfc062723c751e8b465ee728b)
Start importing Assets/Prefabs/Rooms/TestRooms/RightLocation/TestRoom6.prefab using Guid(ac6de189e49e2054ab5771b773d90695) Importer(815301076,1909f56bfc062723c751e8b465ee728b)  -> (artifact id: '20f782b7cdf91c462a6de55ca127eeb8') in 0.136054 seconds
Number of updated asset objects reloaded before import = 0
Number of asset objects unloaded after import = 4841
========================================================================
Received Import Request.
  Time since last request: 0.651805 seconds.
  path: Assets/Prefabs/Rooms/TestRooms/RightLocation/TestRoom4.prefab
  artifactKey: Guid(02c59b677d88d154092a5d14af558085) Importer(815301076,1909f56bfc062723c751e8b465ee728b)
Start importing Assets/Prefabs/Rooms/TestRooms/RightLocation/TestRoom4.prefab using Guid(02c59b677d88d154092a5d14af558085) Importer(815301076,1909f56bfc062723c751e8b465ee728b)  -> (artifact id: '4ba5c856d79a66e595de909debfd4c77') in 0.128655 seconds
Number of updated asset objects reloaded before import = 0
Number of asset objects unloaded after import = 4841
========================================================================
Received Import Request.
  Time since last request: 0.000026 seconds.
  path: Assets/Prefabs/Rooms/TestRooms/RightLocation/TestRoom5.prefab
  artifactKey: Guid(75b40a31eff050a4a9ab6a4532458ccc) Importer(815301076,1909f56bfc062723c751e8b465ee728b)
Start importing Assets/Prefabs/Rooms/TestRooms/RightLocation/TestRoom5.prefab using Guid(75b40a31eff050a4a9ab6a4532458ccc) Importer(815301076,1909f56bfc062723c751e8b465ee728b)  -> (artifact id: '05baa4b53c00e5856b242f2f774324bc') in 0.128319 seconds
Number of updated asset objects reloaded before import = 0
Number of asset objects unloaded after import = 4841
========================================================================
Received Import Request.
  Time since last request: 2.753768 seconds.
  path: Assets/Prefabs/Rooms/TestRooms/RightLocation/TestRoom4.prefab
  artifactKey: Guid(02c59b677d88d154092a5d14af558085) Importer(815301076,1909f56bfc062723c751e8b465ee728b)
Start importing Assets/Prefabs/Rooms/TestRooms/RightLocation/TestRoom4.prefab using Guid(02c59b677d88d154092a5d14af558085) Importer(815301076,1909f56bfc062723c751e8b465ee728b)  -> (artifact id: '859b69c1e17410514a00feef87889937') in 0.130549 seconds
Number of updated asset objects reloaded before import = 0
Number of asset objects unloaded after import = 4841
========================================================================
Received Import Request.
  Time since last request: 0.000024 seconds.
  path: Assets/Prefabs/Rooms/TestRooms/RightLocation/TestRoom6.prefab
  artifactKey: Guid(ac6de189e49e2054ab5771b773d90695) Importer(815301076,1909f56bfc062723c751e8b465ee728b)
Start importing Assets/Prefabs/Rooms/TestRooms/RightLocation/TestRoom6.prefab using Guid(ac6de189e49e2054ab5771b773d90695) Importer(815301076,1909f56bfc062723c751e8b465ee728b)  -> (artifact id: '1a5cf079b8862ff54ba724dd67f3b8b3') in 0.127911 seconds
Number of updated asset objects reloaded before import = 0
Number of asset objects unloaded after import = 4841
========================================================================
Received Import Request.
  Time since last request: 1.111096 seconds.
  path: Assets/Prefabs/Rooms/TestRooms/RightLocation/TestRoom4.prefab
  artifactKey: Guid(02c59b677d88d154092a5d14af558085) Importer(815301076,1909f56bfc062723c751e8b465ee728b)
Start importing Assets/Prefabs/Rooms/TestRooms/RightLocation/TestRoom4.prefab using Guid(02c59b677d88d154092a5d14af558085) Importer(815301076,1909f56bfc062723c751e8b465ee728b)  -> (artifact id: 'ad84461203634062c27bbca25243134a') in 0.135987 seconds
Number of updated asset objects reloaded before import = 0
Number of asset objects unloaded after import = 4841
========================================================================
Received Import Request.
  Time since last request: 0.000027 seconds.
  path: Assets/Prefabs/Rooms/TestRooms/RightLocation/TestRoom6.prefab
  artifactKey: Guid(ac6de189e49e2054ab5771b773d90695) Importer(815301076,1909f56bfc062723c751e8b465ee728b)
Start importing Assets/Prefabs/Rooms/TestRooms/RightLocation/TestRoom6.prefab using Guid(ac6de189e49e2054ab5771b773d90695) Importer(815301076,1909f56bfc062723c751e8b465ee728b)  -> (artifact id: '7827ee0f08773dd2bf2cf2849a324c05') in 0.126038 seconds
Number of updated asset objects reloaded before import = 0
Number of asset objects unloaded after import = 4841
========================================================================
Received Import Request.
  Time since last request: 1.729745 seconds.
  path: Assets/Prefabs/Rooms/TestRooms/RightLocation/TestRoom4.prefab
  artifactKey: Guid(02c59b677d88d154092a5d14af558085) Importer(815301076,1909f56bfc062723c751e8b465ee728b)
Start importing Assets/Prefabs/Rooms/TestRooms/RightLocation/TestRoom4.prefab using Guid(02c59b677d88d154092a5d14af558085) Importer(815301076,1909f56bfc062723c751e8b465ee728b)  -> (artifact id: 'f9a26991c8c5d3bd8c99b95d5aab2e9b') in 0.124602 seconds
Number of updated asset objects reloaded before import = 0
Number of asset objects unloaded after import = 4842
========================================================================
Received Import Request.
  Time since last request: 0.000029 seconds.
  path: Assets/Prefabs/Rooms/TestRooms/RightLocation/TestRoom5.prefab
  artifactKey: Guid(75b40a31eff050a4a9ab6a4532458ccc) Importer(815301076,1909f56bfc062723c751e8b465ee728b)
Start importing Assets/Prefabs/Rooms/TestRooms/RightLocation/TestRoom5.prefab using Guid(75b40a31eff050a4a9ab6a4532458ccc) Importer(815301076,1909f56bfc062723c751e8b465ee728b)  -> (artifact id: '06b21fdc2b71ae5b6f66f843a2c7fab0') in 0.137979 seconds
Number of updated asset objects reloaded before import = 0
Number of asset objects unloaded after import = 4842
========================================================================
Received Import Request.
  Time since last request: 5.003262 seconds.
  path: Assets/Prefabs/Rooms/TestRooms/RightLocation/TestRoom4.prefab
  artifactKey: Guid(02c59b677d88d154092a5d14af558085) Importer(815301076,1909f56bfc062723c751e8b465ee728b)
Start importing Assets/Prefabs/Rooms/TestRooms/RightLocation/TestRoom4.prefab using Guid(02c59b677d88d154092a5d14af558085) Importer(815301076,1909f56bfc062723c751e8b465ee728b)  -> (artifact id: '60a89072bfc3827b3520cb92281f6452') in 0.121669 seconds
Number of updated asset objects reloaded before import = 0
Number of asset objects unloaded after import = 4841
========================================================================
Received Import Request.
  Time since last request: 0.000036 seconds.
  path: Assets/Prefabs/Rooms/TestRooms/RightLocation/TestRoom5.prefab
  artifactKey: Guid(75b40a31eff050a4a9ab6a4532458ccc) Importer(815301076,1909f56bfc062723c751e8b465ee728b)
Start importing Assets/Prefabs/Rooms/TestRooms/RightLocation/TestRoom5.prefab using Guid(75b40a31eff050a4a9ab6a4532458ccc) Importer(815301076,1909f56bfc062723c751e8b465ee728b)  -> (artifact id: 'e78b95911c55eacac376d18d02e8a977') in 0.126470 seconds
Number of updated asset objects reloaded before import = 0
Number of asset objects unloaded after import = 4841
========================================================================
Received Import Request.
  Time since last request: 0.921415 seconds.
  path: Assets/Prefabs/Rooms/TestRooms/RightLocation/TestRoom4.prefab
  artifactKey: Guid(02c59b677d88d154092a5d14af558085) Importer(815301076,1909f56bfc062723c751e8b465ee728b)
Start importing Assets/Prefabs/Rooms/TestRooms/RightLocation/TestRoom4.prefab using Guid(02c59b677d88d154092a5d14af558085) Importer(815301076,1909f56bfc062723c751e8b465ee728b)  -> (artifact id: '1b1767559238808c40e77853cf532b63') in 0.134915 seconds
Number of updated asset objects reloaded before import = 0
Number of asset objects unloaded after import = 4841
========================================================================
Received Import Request.
  Time since last request: 0.000025 seconds.
  path: Assets/Prefabs/Rooms/TestRooms/RightLocation/TestRoom5.prefab
  artifactKey: Guid(75b40a31eff050a4a9ab6a4532458ccc) Importer(815301076,1909f56bfc062723c751e8b465ee728b)
Start importing Assets/Prefabs/Rooms/TestRooms/RightLocation/TestRoom5.prefab using Guid(75b40a31eff050a4a9ab6a4532458ccc) Importer(815301076,1909f56bfc062723c751e8b465ee728b)  -> (artifact id: '9a9478c024eb37bd40e6321000a6c534') in 0.126143 seconds
Number of updated asset objects reloaded before import = 0
Number of asset objects unloaded after import = 4841
========================================================================
Received Import Request.
  Time since last request: 4.013999 seconds.
  path: Assets/Prefabs/Rooms/TestRooms/RightLocation/TestRoom4.prefab
  artifactKey: Guid(02c59b677d88d154092a5d14af558085) Importer(815301076,1909f56bfc062723c751e8b465ee728b)
Start importing Assets/Prefabs/Rooms/TestRooms/RightLocation/TestRoom4.prefab using Guid(02c59b677d88d154092a5d14af558085) Importer(815301076,1909f56bfc062723c751e8b465ee728b)  -> (artifact id: '14930c2adee4dd631c3f11ad984c44cc') in 0.129709 seconds
Number of updated asset objects reloaded before import = 0
Number of asset objects unloaded after import = 4841
========================================================================
Received Import Request.
  Time since last request: 0.000058 seconds.
  path: Assets/Prefabs/Rooms/TestRooms/RightLocation/TestRoom5.prefab
  artifactKey: Guid(75b40a31eff050a4a9ab6a4532458ccc) Importer(815301076,1909f56bfc062723c751e8b465ee728b)
Start importing Assets/Prefabs/Rooms/TestRooms/RightLocation/TestRoom5.prefab using Guid(75b40a31eff050a4a9ab6a4532458ccc) Importer(815301076,1909f56bfc062723c751e8b465ee728b)  -> (artifact id: 'b22e224bcaa977c33c6e4a428d174f2a') in 0.121385 seconds
Number of updated asset objects reloaded before import = 0
Number of asset objects unloaded after import = 4841
========================================================================
Received Import Request.
  Time since last request: 1.140409 seconds.
  path: Assets/Prefabs/Rooms/TestRooms/RightLocation/TestRoom4.prefab
  artifactKey: Guid(02c59b677d88d154092a5d14af558085) Importer(815301076,1909f56bfc062723c751e8b465ee728b)
Start importing Assets/Prefabs/Rooms/TestRooms/RightLocation/TestRoom4.prefab using Guid(02c59b677d88d154092a5d14af558085) Importer(815301076,1909f56bfc062723c751e8b465ee728b)  -> (artifact id: '11d417f0e75c989d6d6a6cd183125dc1') in 0.134677 seconds
Number of updated asset objects reloaded before import = 0
Number of asset objects unloaded after import = 4841
========================================================================
Received Import Request.
  Time since last request: 0.000027 seconds.
  path: Assets/Prefabs/Rooms/TestRooms/RightLocation/TestRoom5.prefab
  artifactKey: Guid(75b40a31eff050a4a9ab6a4532458ccc) Importer(815301076,1909f56bfc062723c751e8b465ee728b)
Start importing Assets/Prefabs/Rooms/TestRooms/RightLocation/TestRoom5.prefab using Guid(75b40a31eff050a4a9ab6a4532458ccc) Importer(815301076,1909f56bfc062723c751e8b465ee728b)  -> (artifact id: 'dae9a64ad853e598f60e2da1502c4993') in 0.123518 seconds
Number of updated asset objects reloaded before import = 0
Number of asset objects unloaded after import = 4841
========================================================================
Received Import Request.
  Time since last request: 1.142168 seconds.
  path: Assets/Prefabs/Rooms/TestRooms/RightLocation/TestRoom4.prefab
  artifactKey: Guid(02c59b677d88d154092a5d14af558085) Importer(815301076,1909f56bfc062723c751e8b465ee728b)
Start importing Assets/Prefabs/Rooms/TestRooms/RightLocation/TestRoom4.prefab using Guid(02c59b677d88d154092a5d14af558085) Importer(815301076,1909f56bfc062723c751e8b465ee728b)  -> (artifact id: 'd57c8baeef4ff39962417a356ffe124f') in 0.140391 seconds
Number of updated asset objects reloaded before import = 0
Number of asset objects unloaded after import = 4841
========================================================================
Received Import Request.
  Time since last request: 2.680493 seconds.
  path: Assets/Prefabs/Rooms/TestRooms/RightLocation/TestRoom4.prefab
  artifactKey: Guid(02c59b677d88d154092a5d14af558085) Importer(815301076,1909f56bfc062723c751e8b465ee728b)
Start importing Assets/Prefabs/Rooms/TestRooms/RightLocation/TestRoom4.prefab using Guid(02c59b677d88d154092a5d14af558085) Importer(815301076,1909f56bfc062723c751e8b465ee728b)  -> (artifact id: 'a304ddf1599d5ef8c1acf5e8bdedd95e') in 0.138516 seconds
Number of updated asset objects reloaded before import = 0
Number of asset objects unloaded after import = 4841
========================================================================
Received Import Request.
  Time since last request: 2.959505 seconds.
  path: Assets/Prefabs/Rooms/TestRooms/RightLocation/TestRoom4.prefab
  artifactKey: Guid(02c59b677d88d154092a5d14af558085) Importer(815301076,1909f56bfc062723c751e8b465ee728b)
Start importing Assets/Prefabs/Rooms/TestRooms/RightLocation/TestRoom4.prefab using Guid(02c59b677d88d154092a5d14af558085) Importer(815301076,1909f56bfc062723c751e8b465ee728b)  -> (artifact id: 'd2a7dd95731e54f871ef770dff2fcac8') in 0.134207 seconds
Number of updated asset objects reloaded before import = 0
Number of asset objects unloaded after import = 4841
========================================================================
Received Import Request.
  Time since last request: 1.709275 seconds.
  path: Assets/Prefabs/Rooms/TestRooms/RightLocation/TestRoom4.prefab
  artifactKey: Guid(02c59b677d88d154092a5d14af558085) Importer(815301076,1909f56bfc062723c751e8b465ee728b)
Start importing Assets/Prefabs/Rooms/TestRooms/RightLocation/TestRoom4.prefab using Guid(02c59b677d88d154092a5d14af558085) Importer(815301076,1909f56bfc062723c751e8b465ee728b)  -> (artifact id: '5f45d93926e9f4a7395023e479f2c7f7') in 0.138124 seconds
Number of updated asset objects reloaded before import = 0
Number of asset objects unloaded after import = 4841
========================================================================
Received Import Request.
  Time since last request: 1.273102 seconds.
  path: Assets/Prefabs/Rooms/TestRooms/RightLocation/TestRoom4.prefab
  artifactKey: Guid(02c59b677d88d154092a5d14af558085) Importer(815301076,1909f56bfc062723c751e8b465ee728b)
Start importing Assets/Prefabs/Rooms/TestRooms/RightLocation/TestRoom4.prefab using Guid(02c59b677d88d154092a5d14af558085) Importer(815301076,1909f56bfc062723c751e8b465ee728b)  -> (artifact id: 'f02fb66ea4cd3d544a7ac84373de372f') in 0.136491 seconds
Number of updated asset objects reloaded before import = 0
Number of asset objects unloaded after import = 4841
========================================================================
Received Import Request.
  Time since last request: 0.000028 seconds.
  path: Assets/Prefabs/Rooms/TestRooms/RightLocation/TestRoom5.prefab
  artifactKey: Guid(75b40a31eff050a4a9ab6a4532458ccc) Importer(815301076,1909f56bfc062723c751e8b465ee728b)
Start importing Assets/Prefabs/Rooms/TestRooms/RightLocation/TestRoom5.prefab using Guid(75b40a31eff050a4a9ab6a4532458ccc) Importer(815301076,1909f56bfc062723c751e8b465ee728b)  -> (artifact id: 'fc7372a669cba9a03349f8512075c9cc') in 0.127013 seconds
Number of updated asset objects reloaded before import = 0
Number of asset objects unloaded after import = 4841
========================================================================
Received Import Request.
  Time since last request: 1.976115 seconds.
  path: Assets/Prefabs/Rooms/TestRooms/RightLocation/TestRoom4.prefab
  artifactKey: Guid(02c59b677d88d154092a5d14af558085) Importer(815301076,1909f56bfc062723c751e8b465ee728b)
Start importing Assets/Prefabs/Rooms/TestRooms/RightLocation/TestRoom4.prefab using Guid(02c59b677d88d154092a5d14af558085) Importer(815301076,1909f56bfc062723c751e8b465ee728b)  -> (artifact id: 'b0ae0b06af4e216f0c99d38751990a76') in 0.130268 seconds
Number of updated asset objects reloaded before import = 0
Number of asset objects unloaded after import = 4841
========================================================================
Received Import Request.
  Time since last request: 0.000025 seconds.
  path: Assets/Prefabs/Rooms/TestRooms/RightLocation/TestRoom5.prefab
  artifactKey: Guid(75b40a31eff050a4a9ab6a4532458ccc) Importer(815301076,1909f56bfc062723c751e8b465ee728b)
Start importing Assets/Prefabs/Rooms/TestRooms/RightLocation/TestRoom5.prefab using Guid(75b40a31eff050a4a9ab6a4532458ccc) Importer(815301076,1909f56bfc062723c751e8b465ee728b)  -> (artifact id: 'f9a68af9702096d047148d0f8a751ffb') in 0.125395 seconds
Number of updated asset objects reloaded before import = 0
Number of asset objects unloaded after import = 4841
========================================================================
Received Import Request.
  Time since last request: 0.951326 seconds.
  path: Assets/Prefabs/Rooms/TestRooms/RightLocation/TestRoom4.prefab
  artifactKey: Guid(02c59b677d88d154092a5d14af558085) Importer(815301076,1909f56bfc062723c751e8b465ee728b)
Start importing Assets/Prefabs/Rooms/TestRooms/RightLocation/TestRoom4.prefab using Guid(02c59b677d88d154092a5d14af558085) Importer(815301076,1909f56bfc062723c751e8b465ee728b)  -> (artifact id: '02c58c360f683823a11e1f9c1c36ea68') in 0.136166 seconds
Number of updated asset objects reloaded before import = 0
Number of asset objects unloaded after import = 4841
========================================================================
Received Import Request.
  Time since last request: 0.000025 seconds.
  path: Assets/Prefabs/Rooms/TestRooms/RightLocation/TestRoom6.prefab
  artifactKey: Guid(ac6de189e49e2054ab5771b773d90695) Importer(815301076,1909f56bfc062723c751e8b465ee728b)
Start importing Assets/Prefabs/Rooms/TestRooms/RightLocation/TestRoom6.prefab using Guid(ac6de189e49e2054ab5771b773d90695) Importer(815301076,1909f56bfc062723c751e8b465ee728b)  -> (artifact id: 'b179a6002fa01b1370c241331d24928b') in 0.125432 seconds
Number of updated asset objects reloaded before import = 0
Number of asset objects unloaded after import = 4841
========================================================================
Received Import Request.
  Time since last request: 7.896828 seconds.
  path: Assets/Prefabs/Rooms/TestRooms/RightLocation/TestRoom4.prefab
  artifactKey: Guid(02c59b677d88d154092a5d14af558085) Importer(815301076,1909f56bfc062723c751e8b465ee728b)
Start importing Assets/Prefabs/Rooms/TestRooms/RightLocation/TestRoom4.prefab using Guid(02c59b677d88d154092a5d14af558085) Importer(815301076,1909f56bfc062723c751e8b465ee728b)  -> (artifact id: '95710aa34b1dc76713587d1f50352c99') in 0.131200 seconds
Number of updated asset objects reloaded before import = 0
Number of asset objects unloaded after import = 4841
========================================================================
Received Import Request.
  Time since last request: 0.000027 seconds.
  path: Assets/Prefabs/Rooms/TestRooms/RightLocation/TestRoom5.prefab
  artifactKey: Guid(75b40a31eff050a4a9ab6a4532458ccc) Importer(815301076,1909f56bfc062723c751e8b465ee728b)
Start importing Assets/Prefabs/Rooms/TestRooms/RightLocation/TestRoom5.prefab using Guid(75b40a31eff050a4a9ab6a4532458ccc) Importer(815301076,1909f56bfc062723c751e8b465ee728b)  -> (artifact id: '582ddd9f69ff4092d48a9d27c3e4f2d9') in 0.123234 seconds
Number of updated asset objects reloaded before import = 0
Number of asset objects unloaded after import = 4841
========================================================================
Received Import Request.
  Time since last request: 5.822054 seconds.
  path: Assets/Prefabs/Rooms/TestRooms/RightLocation/TestRoom4.prefab
  artifactKey: Guid(02c59b677d88d154092a5d14af558085) Importer(815301076,1909f56bfc062723c751e8b465ee728b)
Start importing Assets/Prefabs/Rooms/TestRooms/RightLocation/TestRoom4.prefab using Guid(02c59b677d88d154092a5d14af558085) Importer(815301076,1909f56bfc062723c751e8b465ee728b)  -> (artifact id: '84427047627a0b6d54a965c4c6ffd250') in 0.133536 seconds
Number of updated asset objects reloaded before import = 0
Number of asset objects unloaded after import = 4841
========================================================================
Received Import Request.
  Time since last request: 0.000023 seconds.
  path: Assets/Prefabs/Rooms/TestRooms/RightLocation/TestRoom5.prefab
  artifactKey: Guid(75b40a31eff050a4a9ab6a4532458ccc) Importer(815301076,1909f56bfc062723c751e8b465ee728b)
Start importing Assets/Prefabs/Rooms/TestRooms/RightLocation/TestRoom5.prefab using Guid(75b40a31eff050a4a9ab6a4532458ccc) Importer(815301076,1909f56bfc062723c751e8b465ee728b)  -> (artifact id: '9e7bc06cc62429b7f58de858e8835d52') in 0.128205 seconds
Number of updated asset objects reloaded before import = 0
Number of asset objects unloaded after import = 4841
========================================================================
Received Import Request.
  Time since last request: 5.235034 seconds.
  path: Assets/Prefabs/Rooms/TestRooms/RightLocation/TestRoom4.prefab
  artifactKey: Guid(02c59b677d88d154092a5d14af558085) Importer(815301076,1909f56bfc062723c751e8b465ee728b)
Start importing Assets/Prefabs/Rooms/TestRooms/RightLocation/TestRoom4.prefab using Guid(02c59b677d88d154092a5d14af558085) Importer(815301076,1909f56bfc062723c751e8b465ee728b)  -> (artifact id: '93eef4fd8e4358d0fa4ddbd35ef4040c') in 0.135005 seconds
Number of updated asset objects reloaded before import = 0
Number of asset objects unloaded after import = 4841
========================================================================
Received Import Request.
  Time since last request: 0.677530 seconds.
  path: Assets/Prefabs/Rooms/TestRooms/RightLocation/TestRoom4.prefab
  artifactKey: Guid(02c59b677d88d154092a5d14af558085) Importer(815301076,1909f56bfc062723c751e8b465ee728b)
Start importing Assets/Prefabs/Rooms/TestRooms/RightLocation/TestRoom4.prefab using Guid(02c59b677d88d154092a5d14af558085) Importer(815301076,1909f56bfc062723c751e8b465ee728b)  -> (artifact id: '1e5c3481f3ab723d28cbbd65219d62a5') in 0.130021 seconds
Number of updated asset objects reloaded before import = 0
Number of asset objects unloaded after import = 4841
========================================================================
Received Import Request.
  Time since last request: 0.000026 seconds.
  path: Assets/Prefabs/Rooms/TestRooms/RightLocation/TestRoom5.prefab
  artifactKey: Guid(75b40a31eff050a4a9ab6a4532458ccc) Importer(815301076,1909f56bfc062723c751e8b465ee728b)
Start importing Assets/Prefabs/Rooms/TestRooms/RightLocation/TestRoom5.prefab using Guid(75b40a31eff050a4a9ab6a4532458ccc) Importer(815301076,1909f56bfc062723c751e8b465ee728b)  -> (artifact id: '3f5f35231bf770df5ca1ad3a14412951') in 0.127486 seconds
Number of updated asset objects reloaded before import = 0
Number of asset objects unloaded after import = 4841
========================================================================
Received Import Request.
  Time since last request: 1.133734 seconds.
  path: Assets/Prefabs/Rooms/TestRooms/RightLocation/TestRoom4.prefab
  artifactKey: Guid(02c59b677d88d154092a5d14af558085) Importer(815301076,1909f56bfc062723c751e8b465ee728b)
Start importing Assets/Prefabs/Rooms/TestRooms/RightLocation/TestRoom4.prefab using Guid(02c59b677d88d154092a5d14af558085) Importer(815301076,1909f56bfc062723c751e8b465ee728b)  -> (artifact id: 'bd2db5e127ad179507aba2272acfd0f9') in 0.142875 seconds
Number of updated asset objects reloaded before import = 0
Number of asset objects unloaded after import = 4841
========================================================================
Received Import Request.
  Time since last request: 0.250307 seconds.
  path: Assets/Prefabs/Rooms/TestRooms/RightLocation/TestRoom4.prefab
  artifactKey: Guid(02c59b677d88d154092a5d14af558085) Importer(815301076,1909f56bfc062723c751e8b465ee728b)
Start importing Assets/Prefabs/Rooms/TestRooms/RightLocation/TestRoom4.prefab using Guid(02c59b677d88d154092a5d14af558085) Importer(815301076,1909f56bfc062723c751e8b465ee728b)  -> (artifact id: '8bc520d9ade79a3144375f3b34a5ff47') in 0.144107 seconds
Number of updated asset objects reloaded before import = 0
Number of asset objects unloaded after import = 4841
========================================================================
Received Import Request.
  Time since last request: 0.000024 seconds.
  path: Assets/Prefabs/Rooms/TestRooms/RightLocation/TestRoom5.prefab
  artifactKey: Guid(75b40a31eff050a4a9ab6a4532458ccc) Importer(815301076,1909f56bfc062723c751e8b465ee728b)
Start importing Assets/Prefabs/Rooms/TestRooms/RightLocation/TestRoom5.prefab using Guid(75b40a31eff050a4a9ab6a4532458ccc) Importer(815301076,1909f56bfc062723c751e8b465ee728b)  -> (artifact id: '2af02b2574809c0ca1a3e7457a4fb088') in 0.132948 seconds
Number of updated asset objects reloaded before import = 0
Number of asset objects unloaded after import = 4841
========================================================================
Received Import Request.
  Time since last request: 2.769314 seconds.
  path: Assets/Prefabs/Rooms/TestRooms/RightLocation/TestRoom4.prefab
  artifactKey: Guid(02c59b677d88d154092a5d14af558085) Importer(815301076,1909f56bfc062723c751e8b465ee728b)
Start importing Assets/Prefabs/Rooms/TestRooms/RightLocation/TestRoom4.prefab using Guid(02c59b677d88d154092a5d14af558085) Importer(815301076,1909f56bfc062723c751e8b465ee728b)  -> (artifact id: 'b9abba1b0d0d7468f53e901585bc7101') in 0.132361 seconds
Number of updated asset objects reloaded before import = 0
Number of asset objects unloaded after import = 4841
========================================================================
Received Import Request.
  Time since last request: 0.000025 seconds.
  path: Assets/Prefabs/Rooms/TestRooms/RightLocation/TestRoom5.prefab
  artifactKey: Guid(75b40a31eff050a4a9ab6a4532458ccc) Importer(815301076,1909f56bfc062723c751e8b465ee728b)
Start importing Assets/Prefabs/Rooms/TestRooms/RightLocation/TestRoom5.prefab using Guid(75b40a31eff050a4a9ab6a4532458ccc) Importer(815301076,1909f56bfc062723c751e8b465ee728b)  -> (artifact id: '84abe6c892abb2e8aa13baeb4ab942cb') in 0.127647 seconds
Number of updated asset objects reloaded before import = 0
Number of asset objects unloaded after import = 4841
========================================================================
Received Import Request.
  Time since last request: 0.922380 seconds.
  path: Assets/Prefabs/Rooms/TestRooms/RightLocation/TestRoom4.prefab
  artifactKey: Guid(02c59b677d88d154092a5d14af558085) Importer(815301076,1909f56bfc062723c751e8b465ee728b)
Start importing Assets/Prefabs/Rooms/TestRooms/RightLocation/TestRoom4.prefab using Guid(02c59b677d88d154092a5d14af558085) Importer(815301076,1909f56bfc062723c751e8b465ee728b)  -> (artifact id: 'ea86fd90e14bb0880f7a288177bda2b6') in 0.138031 seconds
Number of updated asset objects reloaded before import = 0
Number of asset objects unloaded after import = 4841
========================================================================
Received Import Request.
  Time since last request: 0.000025 seconds.
  path: Assets/Prefabs/Rooms/TestRooms/RightLocation/TestRoom5.prefab
  artifactKey: Guid(75b40a31eff050a4a9ab6a4532458ccc) Importer(815301076,1909f56bfc062723c751e8b465ee728b)
Start importing Assets/Prefabs/Rooms/TestRooms/RightLocation/TestRoom5.prefab using Guid(75b40a31eff050a4a9ab6a4532458ccc) Importer(815301076,1909f56bfc062723c751e8b465ee728b)  -> (artifact id: '471c4db487abbf2ed2d5ccaca16b696f') in 0.134952 seconds
Number of updated asset objects reloaded before import = 0
Number of asset objects unloaded after import = 4841
========================================================================
Received Import Request.
  Time since last request: 4.771938 seconds.
  path: Assets/Prefabs/Rooms/TestRooms/RightLocation/TestRoom4.prefab
  artifactKey: Guid(02c59b677d88d154092a5d14af558085) Importer(815301076,1909f56bfc062723c751e8b465ee728b)
Start importing Assets/Prefabs/Rooms/TestRooms/RightLocation/TestRoom4.prefab using Guid(02c59b677d88d154092a5d14af558085) Importer(815301076,1909f56bfc062723c751e8b465ee728b)  -> (artifact id: '687af4a74bff36f859a4c427110697ad') in 0.133317 seconds
Number of updated asset objects reloaded before import = 0
Number of asset objects unloaded after import = 4841
========================================================================
Received Import Request.
  Time since last request: 0.000026 seconds.
  path: Assets/Prefabs/Rooms/TestRooms/RightLocation/TestRoom5.prefab
  artifactKey: Guid(75b40a31eff050a4a9ab6a4532458ccc) Importer(815301076,1909f56bfc062723c751e8b465ee728b)
Start importing Assets/Prefabs/Rooms/TestRooms/RightLocation/TestRoom5.prefab using Guid(75b40a31eff050a4a9ab6a4532458ccc) Importer(815301076,1909f56bfc062723c751e8b465ee728b)  -> (artifact id: '54f41f17f0c8cf9ca0822130c9d16e20') in 0.130757 seconds
Number of updated asset objects reloaded before import = 0
Number of asset objects unloaded after import = 4841
========================================================================
Received Import Request.
  Time since last request: 1.959768 seconds.
  path: Assets/Prefabs/Rooms/TestRooms/RightLocation/TestRoom4.prefab
  artifactKey: Guid(02c59b677d88d154092a5d14af558085) Importer(815301076,1909f56bfc062723c751e8b465ee728b)
Start importing Assets/Prefabs/Rooms/TestRooms/RightLocation/TestRoom4.prefab using Guid(02c59b677d88d154092a5d14af558085) Importer(815301076,1909f56bfc062723c751e8b465ee728b)  -> (artifact id: 'cb46da82d83167fa7b7ac7ab597525c8') in 0.130908 seconds
Number of updated asset objects reloaded before import = 0
Number of asset objects unloaded after import = 4841
========================================================================
Received Import Request.
  Time since last request: 0.000024 seconds.
  path: Assets/Prefabs/Rooms/TestRooms/RightLocation/TestRoom6.prefab
  artifactKey: Guid(ac6de189e49e2054ab5771b773d90695) Importer(815301076,1909f56bfc062723c751e8b465ee728b)
Start importing Assets/Prefabs/Rooms/TestRooms/RightLocation/TestRoom6.prefab using Guid(ac6de189e49e2054ab5771b773d90695) Importer(815301076,1909f56bfc062723c751e8b465ee728b)  -> (artifact id: 'd8e742d8cfc8fa2a7c59500751804a88') in 0.123805 seconds
Number of updated asset objects reloaded before import = 0
Number of asset objects unloaded after import = 4841
========================================================================
Received Import Request.
  Time since last request: 0.928982 seconds.
  path: Assets/Prefabs/Rooms/TestRooms/RightLocation/TestRoom4.prefab
  artifactKey: Guid(02c59b677d88d154092a5d14af558085) Importer(815301076,1909f56bfc062723c751e8b465ee728b)
Start importing Assets/Prefabs/Rooms/TestRooms/RightLocation/TestRoom4.prefab using Guid(02c59b677d88d154092a5d14af558085) Importer(815301076,1909f56bfc062723c751e8b465ee728b)  -> (artifact id: 'add33dce3bfb1721f5ba73db707432c7') in 0.136557 seconds
Number of updated asset objects reloaded before import = 0
Number of asset objects unloaded after import = 4841
========================================================================
Received Import Request.
  Time since last request: 0.000026 seconds.
  path: Assets/Prefabs/Rooms/TestRooms/RightLocation/TestRoom6.prefab
  artifactKey: Guid(ac6de189e49e2054ab5771b773d90695) Importer(815301076,1909f56bfc062723c751e8b465ee728b)
Start importing Assets/Prefabs/Rooms/TestRooms/RightLocation/TestRoom6.prefab using Guid(ac6de189e49e2054ab5771b773d90695) Importer(815301076,1909f56bfc062723c751e8b465ee728b)  -> (artifact id: 'eeca8d26b6c4ca09d94e69ba4ce0df1d') in 0.129494 seconds
Number of updated asset objects reloaded before import = 0
Number of asset objects unloaded after import = 4841
========================================================================
Received Import Request.
  Time since last request: 8.736267 seconds.
  path: Assets/Prefabs/Rooms/TestRooms/RightLocation/TestRoom4.prefab
  artifactKey: Guid(02c59b677d88d154092a5d14af558085) Importer(815301076,1909f56bfc062723c751e8b465ee728b)
Start importing Assets/Prefabs/Rooms/TestRooms/RightLocation/TestRoom4.prefab using Guid(02c59b677d88d154092a5d14af558085) Importer(815301076,1909f56bfc062723c751e8b465ee728b)  -> (artifact id: 'dc6cb4487e69aef0933f9857c25485e5') in 0.142965 seconds
Number of updated asset objects reloaded before import = 0
Number of asset objects unloaded after import = 4841
========================================================================
Received Import Request.
  Time since last request: 0.000022 seconds.
  path: Assets/Prefabs/Rooms/TestRooms/RightLocation/TestRoom6.prefab
  artifactKey: Guid(ac6de189e49e2054ab5771b773d90695) Importer(815301076,1909f56bfc062723c751e8b465ee728b)
Start importing Assets/Prefabs/Rooms/TestRooms/RightLocation/TestRoom6.prefab using Guid(ac6de189e49e2054ab5771b773d90695) Importer(815301076,1909f56bfc062723c751e8b465ee728b)  -> (artifact id: 'f41c1f9fcdc3bad6b029f53f567c3e41') in 0.146004 seconds
Number of updated asset objects reloaded before import = 0
Number of asset objects unloaded after import = 4841
========================================================================
Received Import Request.
  Time since last request: 1.515762 seconds.
  path: Assets/Prefabs/Rooms/TestRooms/RightLocation/TestRoom4.prefab
  artifactKey: Guid(02c59b677d88d154092a5d14af558085) Importer(815301076,1909f56bfc062723c751e8b465ee728b)
Start importing Assets/Prefabs/Rooms/TestRooms/RightLocation/TestRoom4.prefab using Guid(02c59b677d88d154092a5d14af558085) Importer(815301076,1909f56bfc062723c751e8b465ee728b)  -> (artifact id: '9e30b97777c132467132acba5cca8bcd') in 0.134188 seconds
Number of updated asset objects reloaded before import = 0
Number of asset objects unloaded after import = 4841
========================================================================
Received Import Request.
  Time since last request: 0.000024 seconds.
  path: Assets/Prefabs/Rooms/TestRooms/RightLocation/TestRoom6.prefab
  artifactKey: Guid(ac6de189e49e2054ab5771b773d90695) Importer(815301076,1909f56bfc062723c751e8b465ee728b)
Start importing Assets/Prefabs/Rooms/TestRooms/RightLocation/TestRoom6.prefab using Guid(ac6de189e49e2054ab5771b773d90695) Importer(815301076,1909f56bfc062723c751e8b465ee728b)  -> (artifact id: 'e8515e995dc5579b94da1dbec062adc1') in 0.129676 seconds
Number of updated asset objects reloaded before import = 0
Number of asset objects unloaded after import = 4841
========================================================================
Received Import Request.
  Time since last request: 2.984114 seconds.
  path: Assets/Prefabs/Rooms/TestRooms/RightLocation/TestRoom4.prefab
  artifactKey: Guid(02c59b677d88d154092a5d14af558085) Importer(815301076,1909f56bfc062723c751e8b465ee728b)
Start importing Assets/Prefabs/Rooms/TestRooms/RightLocation/TestRoom4.prefab using Guid(02c59b677d88d154092a5d14af558085) Importer(815301076,1909f56bfc062723c751e8b465ee728b)  -> (artifact id: '81889e363e00cd866db8a16b197a42b5') in 0.139751 seconds
Number of updated asset objects reloaded before import = 0
Number of asset objects unloaded after import = 4841
========================================================================
Received Import Request.
  Time since last request: 0.000024 seconds.
  path: Assets/Prefabs/Rooms/TestRooms/RightLocation/TestRoom6.prefab
  artifactKey: Guid(ac6de189e49e2054ab5771b773d90695) Importer(815301076,1909f56bfc062723c751e8b465ee728b)
Start importing Assets/Prefabs/Rooms/TestRooms/RightLocation/TestRoom6.prefab using Guid(ac6de189e49e2054ab5771b773d90695) Importer(815301076,1909f56bfc062723c751e8b465ee728b)  -> (artifact id: '487cf64e5597bd0c20a96d11d5b60e8f') in 0.130702 seconds
Number of updated asset objects reloaded before import = 0
Number of asset objects unloaded after import = 4841
========================================================================
Received Import Request.
  Time since last request: 1.333380 seconds.
  path: Assets/Prefabs/Rooms/TestRooms/RightLocation/TestRoom4.prefab
  artifactKey: Guid(02c59b677d88d154092a5d14af558085) Importer(815301076,1909f56bfc062723c751e8b465ee728b)
Start importing Assets/Prefabs/Rooms/TestRooms/RightLocation/TestRoom4.prefab using Guid(02c59b677d88d154092a5d14af558085) Importer(815301076,1909f56bfc062723c751e8b465ee728b)  -> (artifact id: 'dc85ccc99c4f9777d12417248094ecc9') in 0.130196 seconds
Number of updated asset objects reloaded before import = 0
Number of asset objects unloaded after import = 4841
========================================================================
Received Import Request.
  Time since last request: 0.000026 seconds.
  path: Assets/Prefabs/Rooms/TestRooms/RightLocation/TestRoom5.prefab
  artifactKey: Guid(75b40a31eff050a4a9ab6a4532458ccc) Importer(815301076,1909f56bfc062723c751e8b465ee728b)
Start importing Assets/Prefabs/Rooms/TestRooms/RightLocation/TestRoom5.prefab using Guid(75b40a31eff050a4a9ab6a4532458ccc) Importer(815301076,1909f56bfc062723c751e8b465ee728b)  -> (artifact id: 'bba2a45d9ddbfadb7172596c97d636fc') in 0.127600 seconds
Number of updated asset objects reloaded before import = 0
Number of asset objects unloaded after import = 4841
========================================================================
Received Import Request.
  Time since last request: 2.542219 seconds.
  path: Assets/Prefabs/Rooms/TestRooms/RightLocation/TestRoom4.prefab
  artifactKey: Guid(02c59b677d88d154092a5d14af558085) Importer(815301076,1909f56bfc062723c751e8b465ee728b)
Start importing Assets/Prefabs/Rooms/TestRooms/RightLocation/TestRoom4.prefab using Guid(02c59b677d88d154092a5d14af558085) Importer(815301076,1909f56bfc062723c751e8b465ee728b)  -> (artifact id: '8f10ee8ed18acd990e2664cd9a58d1b3') in 0.139177 seconds
Number of updated asset objects reloaded before import = 0
Number of asset objects unloaded after import = 4841
Editor requested this worker to shutdown with reason: Scaling down because of idle timeout
TcpMessagingSession - receive error: operation aborted. errorcode: 995, details:  /   -       .
AssetImportWorker is now disconnected from the server
Process exiting
Exiting without the bug reporter. Application will terminate with return code 0