Using pre-set license
Built from '2022.3/staging' branch; Version is '2022.3.30f1 (70558241b701) revision 7361922'; Using compiler version '192829333'; Build Type 'Release'
OS: 'Windows 11  (10.0.22631) 64bit Professional' Language: 'ru' Physical Memory: 15581 MB
BatchMode: 1, IsHumanControllingUs: 0, StartBugReporterOnCrash: 0, Is64bit: 1, IsPro: 1

COMMAND LINE ARGUMENTS:
C:\Program Files\Unity\Hub\Editor\2022.3.30f1\Editor\Unity.exe
-adb2
-batchMode
-noUpm
-name
AssetImportWorker7
-projectPath
C:/Users/Miguel/Documents/GitHub/MutationGame/MutationGame
-logFile
Logs/AssetImportWorker7.log
-srvPort
50040
Successfully changed project path to: C:/Users/Miguel/Documents/GitHub/MutationGame/MutationGame
C:/Users/Miguel/Documents/GitHub/MutationGame/MutationGame
[UnityMemory] Configuration Parameters - Can be set up in boot.config
    "memorysetup-bucket-allocator-granularity=16"
    "memorysetup-bucket-allocator-bucket-count=8"
    "memorysetup-bucket-allocator-block-size=33554432"
    "memorysetup-bucket-allocator-block-count=8"
    "memorysetup-main-allocator-block-size=16777216"
    "memorysetup-thread-allocator-block-size=16777216"
    "memorysetup-gfx-main-allocator-block-size=16777216"
    "memorysetup-gfx-thread-allocator-block-size=16777216"
    "memorysetup-cache-allocator-block-size=4194304"
    "memorysetup-typetree-allocator-block-size=2097152"
    "memorysetup-profiler-bucket-allocator-granularity=16"
    "memorysetup-profiler-bucket-allocator-bucket-count=8"
    "memorysetup-profiler-bucket-allocator-block-size=33554432"
    "memorysetup-profiler-bucket-allocator-block-count=8"
    "memorysetup-profiler-allocator-block-size=16777216"
    "memorysetup-profiler-editor-allocator-block-size=1048576"
    "memorysetup-temp-allocator-size-main=16777216"
    "memorysetup-job-temp-allocator-block-size=2097152"
    "memorysetup-job-temp-allocator-block-size-background=1048576"
    "memorysetup-job-temp-allocator-reduction-small-platforms=262144"
    "memorysetup-allocator-temp-initial-block-size-main=262144"
    "memorysetup-allocator-temp-initial-block-size-worker=262144"
    "memorysetup-temp-allocator-size-background-worker=32768"
    "memorysetup-temp-allocator-size-job-worker=262144"
    "memorysetup-temp-allocator-size-preload-manager=33554432"
    "memorysetup-temp-allocator-size-nav-mesh-worker=65536"
    "memorysetup-temp-allocator-size-audio-worker=65536"
    "memorysetup-temp-allocator-size-cloud-worker=32768"
    "memorysetup-temp-allocator-size-gi-baking-worker=262144"
    "memorysetup-temp-allocator-size-gfx=262144"
Player connection [35488] Host "[IP] 192.168.1.35 [Port] 0 [Flags] 2 [Guid] 4107290204 [EditorId] 4107290204 [Version] 1048832 [Id] WindowsEditor(7,DESKTOP-FV6FI5A) [Debug] 1 [PackageName] WindowsEditor [ProjectName] Editor" joined multi-casting on [225.0.0.222:54997]...

Player connection [35488] Host "[IP] 192.168.1.35 [Port] 0 [Flags] 2 [Guid] 4107290204 [EditorId] 4107290204 [Version] 1048832 [Id] WindowsEditor(7,DESKTOP-FV6FI5A) [Debug] 1 [PackageName] WindowsEditor [ProjectName] Editor" joined alternative multi-casting on [225.0.0.222:34997]...

[Physics::Module] Initialized MultithreadedJobDispatcher with 15 workers.
Refreshing native plugins compatible for Editor in 13.09 ms, found 4 plugins.
Preloading 0 native plugins for Editor in 0.00 ms.
Initialize engine version: 2022.3.30f1 (70558241b701)
[Subsystems] Discovering subsystems at path C:/Program Files/Unity/Hub/Editor/2022.3.30f1/Editor/Data/Resources/UnitySubsystems
[Subsystems] Discovering subsystems at path C:/Users/Miguel/Documents/GitHub/MutationGame/MutationGame/Assets
GfxDevice: creating device client; threaded=0; jobified=0
Direct3D:
    Version:  Direct3D 11.0 [level 11.1]
    Renderer: NVIDIA GeForce RTX 4050 Laptop GPU (ID=0x28a1)
    Vendor:   NVIDIA
    VRAM:     5921 MB
    Driver:   32.0.15.5585
Initialize mono
Mono path[0] = 'C:/Program Files/Unity/Hub/Editor/2022.3.30f1/Editor/Data/Managed'
Mono path[1] = 'C:/Program Files/Unity/Hub/Editor/2022.3.30f1/Editor/Data/MonoBleedingEdge/lib/mono/unityjit-win32'
Mono config path = 'C:/Program Files/Unity/Hub/Editor/2022.3.30f1/Editor/Data/MonoBleedingEdge/etc'
Using monoOptions --debugger-agent=transport=dt_socket,embedding=1,server=y,suspend=n,address=127.0.0.1:56148
Begin MonoManager ReloadAssembly
Registering precompiled unity dll's ...
Register platform support module: C:/Program Files/Unity/Hub/Editor/2022.3.30f1/Editor/Data/PlaybackEngines/WebGLSupport/UnityEditor.WebGL.Extensions.dll
Register platform support module: C:/Program Files/Unity/Hub/Editor/2022.3.30f1/Editor/Data/PlaybackEngines/WindowsStandaloneSupport/UnityEditor.WindowsStandalone.Extensions.dll
Registered in 0.005733 seconds.
- Loaded All Assemblies, in  0.229 seconds
Native extension for WindowsStandalone target not found
Native extension for WebGL target not found
Mono: successfully reloaded assembly
- Finished resetting the current domain, in  0.184 seconds
Domain Reload Profiling: 413ms
	BeginReloadAssembly (75ms)
		ExecutionOrderSort (0ms)
		DisableScriptedObjects (0ms)
		BackupInstance (0ms)
		ReleaseScriptingObjects (0ms)
		CreateAndSetChildDomain (1ms)
	RebuildCommonClasses (20ms)
	RebuildNativeTypeToScriptingClass (7ms)
	initialDomainReloadingComplete (38ms)
	LoadAllAssembliesAndSetupDomain (89ms)
		LoadAssemblies (73ms)
		RebuildTransferFunctionScriptingTraits (0ms)
		AnalyzeDomain (88ms)
			TypeCache.Refresh (86ms)
				TypeCache.ScanAssembly (76ms)
			ScanForSourceGeneratedMonoScriptInfo (0ms)
			ResolveRequiredComponents (1ms)
	FinalizeReload (185ms)
		ReleaseScriptCaches (0ms)
		RebuildScriptCaches (0ms)
		SetupLoadedEditorAssemblies (144ms)
			LogAssemblyErrors (0ms)
			InitializePlatformSupportModulesInManaged (10ms)
			SetLoadedEditorAssemblies (5ms)
			RefreshPlugins (0ms)
			BeforeProcessingInitializeOnLoad (2ms)
			ProcessInitializeOnLoadAttributes (99ms)
			ProcessInitializeOnLoadMethodAttributes (28ms)
			AfterProcessingInitializeOnLoad (0ms)
			EditorAssembliesLoaded (0ms)
		ExecutionOrderSort2 (0ms)
		AwakeInstancesAfterBackupRestoration (0ms)
========================================================================
Worker process is ready to serve import requests
Begin MonoManager ReloadAssembly
- Loaded All Assemblies, in  0.491 seconds
Refreshing native plugins compatible for Editor in 5.21 ms, found 4 plugins.
Native extension for WindowsStandalone target not found
Native extension for WebGL target not found
Package Manager log level set to [2]
[Package Manager] Server::EnsureServerProcessIsRunning -- launch failed, reason: Unity was launched with the -noUpm command-line argument
[Package Manager] UpmClient::Send -- Unable to send message (not connected to UPM process).
[Package Manager] Cannot connect to Unity Package Manager local server
Mono: successfully reloaded assembly
- Finished resetting the current domain, in  0.589 seconds
Domain Reload Profiling: 1076ms
	BeginReloadAssembly (97ms)
		ExecutionOrderSort (0ms)
		DisableScriptedObjects (3ms)
		BackupInstance (0ms)
		ReleaseScriptingObjects (0ms)
		CreateAndSetChildDomain (20ms)
	RebuildCommonClasses (21ms)
	RebuildNativeTypeToScriptingClass (7ms)
	initialDomainReloadingComplete (29ms)
	LoadAllAssembliesAndSetupDomain (334ms)
		LoadAssemblies (220ms)
		RebuildTransferFunctionScriptingTraits (0ms)
		AnalyzeDomain (165ms)
			TypeCache.Refresh (129ms)
				TypeCache.ScanAssembly (114ms)
			ScanForSourceGeneratedMonoScriptInfo (26ms)
			ResolveRequiredComponents (9ms)
	FinalizeReload (590ms)
		ReleaseScriptCaches (0ms)
		RebuildScriptCaches (0ms)
		SetupLoadedEditorAssemblies (428ms)
			LogAssemblyErrors (0ms)
			InitializePlatformSupportModulesInManaged (7ms)
			SetLoadedEditorAssemblies (5ms)
			RefreshPlugins (0ms)
			BeforeProcessingInitializeOnLoad (83ms)
			ProcessInitializeOnLoadAttributes (277ms)
			ProcessInitializeOnLoadMethodAttributes (50ms)
			AfterProcessingInitializeOnLoad (5ms)
			EditorAssembliesLoaded (0ms)
		ExecutionOrderSort2 (0ms)
		AwakeInstancesAfterBackupRestoration (4ms)
Launched and connected shader compiler UnityShaderCompiler.exe after 0.05 seconds
Refreshing native plugins compatible for Editor in 3.57 ms, found 4 plugins.
Preloading 0 native plugins for Editor in 0.00 ms.
Unloading 5851 Unused Serialized files (Serialized files now loaded: 0)
Unloading 113 unused Assets / (0.9 MB). Loaded Objects now: 6310.
Memory consumption went from 227.2 MB to 226.2 MB.
Total: 3.754500 ms (FindLiveObjects: 0.482800 ms CreateObjectMapping: 0.159400 ms MarkObjects: 2.584800 ms  DeleteObjects: 0.526300 ms)

AssetImportParameters requested are different than current active one (requested -> active):
  custom:container-demuxer-ogg: 62fdf1f143b41e24485cea50d1cbac27 -> 
  custom:video-codec-MediaFoundation-h265: 746d11721c4dcdbdad8f713fa42b33f4 -> 
  custom:video-decoder-ogg-theora: a1e56fd34408186e4bbccfd4996cb3dc -> 
  custom:framework-win-MediaFoundation: 216162199b28c13a410421893ffa2e32 -> 
  custom:CustomObjectIndexerAttribute: 72b91833f83ae208fae7752999fa3104 -> 
  custom:container-demuxer-webm: 4f35f7cbe854078d1ac9338744f61a02 -> 
  custom:container-muxer-webm: aa71ff27fc2769a1b78a27578f13a17b -> 
  custom:video-decoder-webm-vp8: 9c59270c3fd7afecdb556c50c9e8de78 -> 
  custom:SearchIndexIgnoredProperties: e643bd26f0fe6173181afceb89e7c659 -> 
  custom:AudioImporter_EditorPlatform: d09bf68614088b80899f8185d706f6e7 -> 
  custom:video-encoder-webm-vp8: eb34c28f22e8b96e1ab97ce403110664 -> 
  custom:audio-decoder-ogg-vorbis: bf7c407c2cedff20999df2af8eb42d56 -> 
  custom:audio-encoder-webm-vorbis: bf7c407c2cedff20999df2af8eb42d56 -> 
========================================================================
Received Import Request.
  Time since last request: 284268.994498 seconds.
  path: Assets/Prefabs/Rooms/TestRooms/UpLocations/TestRoom3.prefab
  artifactKey: Guid(044205f7199131a49bc662494100bca2) Importer(815301076,1909f56bfc062723c751e8b465ee728b)
Start importing Assets/Prefabs/Rooms/TestRooms/UpLocations/TestRoom3.prefab using Guid(044205f7199131a49bc662494100bca2) Importer(815301076,1909f56bfc062723c751e8b465ee728b)  -> (artifact id: '259f3637cae13f34684fc85bf92424e6') in 0.316634 seconds
Number of updated asset objects reloaded before import = 0
Number of asset objects unloaded after import = 3610
========================================================================
Received Import Request.
  Time since last request: 1.284605 seconds.
  path: Assets/Prefabs/Rooms/TestRooms/UpLocations/TestRoom3.prefab
  artifactKey: Guid(044205f7199131a49bc662494100bca2) Importer(815301076,1909f56bfc062723c751e8b465ee728b)
Start importing Assets/Prefabs/Rooms/TestRooms/UpLocations/TestRoom3.prefab using Guid(044205f7199131a49bc662494100bca2) Importer(815301076,1909f56bfc062723c751e8b465ee728b)  -> (artifact id: '1e2313b60f648e531b3ee5cea61542b9') in 0.072565 seconds
Number of updated asset objects reloaded before import = 0
Number of asset objects unloaded after import = 3625
========================================================================
Received Import Request.
  Time since last request: 0.000030 seconds.
  path: Assets/Prefabs/Rooms/TestRooms/UpLocations/TestRoom4.prefab
  artifactKey: Guid(e2d1fdc0b0d21824fa4ad5e83652e5e6) Importer(815301076,1909f56bfc062723c751e8b465ee728b)
Start importing Assets/Prefabs/Rooms/TestRooms/UpLocations/TestRoom4.prefab using Guid(e2d1fdc0b0d21824fa4ad5e83652e5e6) Importer(815301076,1909f56bfc062723c751e8b465ee728b)  -> (artifact id: '2f5e967b59449adb2b6f1e286fb5ff3e') in 0.069356 seconds
Number of updated asset objects reloaded before import = 0
Number of asset objects unloaded after import = 3625
========================================================================
Received Import Request.
  Time since last request: 0.431847 seconds.
  path: Assets/Prefabs/Rooms/TestRooms/UpLocations/TestRoom3.prefab
  artifactKey: Guid(044205f7199131a49bc662494100bca2) Importer(815301076,1909f56bfc062723c751e8b465ee728b)
Start importing Assets/Prefabs/Rooms/TestRooms/UpLocations/TestRoom3.prefab using Guid(044205f7199131a49bc662494100bca2) Importer(815301076,1909f56bfc062723c751e8b465ee728b)  -> (artifact id: '82f1e06f34e1d48113e66fb0b5b4a1b5') in 0.068534 seconds
Number of updated asset objects reloaded before import = 0
Number of asset objects unloaded after import = 3625
========================================================================
Received Import Request.
  Time since last request: 0.000037 seconds.
  path: Assets/Prefabs/Rooms/TestRooms/UpLocations/TestRoom4.prefab
  artifactKey: Guid(e2d1fdc0b0d21824fa4ad5e83652e5e6) Importer(815301076,1909f56bfc062723c751e8b465ee728b)
Start importing Assets/Prefabs/Rooms/TestRooms/UpLocations/TestRoom4.prefab using Guid(e2d1fdc0b0d21824fa4ad5e83652e5e6) Importer(815301076,1909f56bfc062723c751e8b465ee728b)  -> (artifact id: '12c4f8db3c07ff9af6c60adae57ad1a1') in 0.072557 seconds
Number of updated asset objects reloaded before import = 0
Number of asset objects unloaded after import = 3625
========================================================================
Received Import Request.
  Time since last request: 0.843075 seconds.
  path: Assets/Prefabs/Rooms/TestRooms/UpLocations/TestRoom3.prefab
  artifactKey: Guid(044205f7199131a49bc662494100bca2) Importer(815301076,1909f56bfc062723c751e8b465ee728b)
Start importing Assets/Prefabs/Rooms/TestRooms/UpLocations/TestRoom3.prefab using Guid(044205f7199131a49bc662494100bca2) Importer(815301076,1909f56bfc062723c751e8b465ee728b)  -> (artifact id: '9356b1a724a5af236d68c7607a6df933') in 0.076446 seconds
Number of updated asset objects reloaded before import = 0
Number of asset objects unloaded after import = 3625
========================================================================
Received Import Request.
  Time since last request: 0.000037 seconds.
  path: Assets/Prefabs/Rooms/TestRooms/UpLocations/TestRoom4.prefab
  artifactKey: Guid(e2d1fdc0b0d21824fa4ad5e83652e5e6) Importer(815301076,1909f56bfc062723c751e8b465ee728b)
Start importing Assets/Prefabs/Rooms/TestRooms/UpLocations/TestRoom4.prefab using Guid(e2d1fdc0b0d21824fa4ad5e83652e5e6) Importer(815301076,1909f56bfc062723c751e8b465ee728b)  -> (artifact id: '3d0efadf4665497a1d68c6977e5f8ca1') in 0.077248 seconds
Number of updated asset objects reloaded before import = 0
Number of asset objects unloaded after import = 3625
========================================================================
Received Import Request.
  Time since last request: 1.036389 seconds.
  path: Assets/Prefabs/Rooms/TestRooms/UpLocations/TestRoom3.prefab
  artifactKey: Guid(044205f7199131a49bc662494100bca2) Importer(815301076,1909f56bfc062723c751e8b465ee728b)
Start importing Assets/Prefabs/Rooms/TestRooms/UpLocations/TestRoom3.prefab using Guid(044205f7199131a49bc662494100bca2) Importer(815301076,1909f56bfc062723c751e8b465ee728b)  -> (artifact id: 'fd7d585e3819e129fc4f2344b4d18bf2') in 0.072475 seconds
Number of updated asset objects reloaded before import = 0
Number of asset objects unloaded after import = 3625
========================================================================
Received Import Request.
  Time since last request: 0.000036 seconds.
  path: Assets/Prefabs/Rooms/TestRooms/UpLocations/TestRoom4.prefab
  artifactKey: Guid(e2d1fdc0b0d21824fa4ad5e83652e5e6) Importer(815301076,1909f56bfc062723c751e8b465ee728b)
Start importing Assets/Prefabs/Rooms/TestRooms/UpLocations/TestRoom4.prefab using Guid(e2d1fdc0b0d21824fa4ad5e83652e5e6) Importer(815301076,1909f56bfc062723c751e8b465ee728b)  -> (artifact id: 'c60b390f2672eba994e62142d5694efd') in 0.070388 seconds
Number of updated asset objects reloaded before import = 0
Number of asset objects unloaded after import = 3625
========================================================================
Received Import Request.
  Time since last request: 0.203651 seconds.
  path: Assets/Prefabs/Rooms/TestRooms/UpLocations/TestRoom3.prefab
  artifactKey: Guid(044205f7199131a49bc662494100bca2) Importer(815301076,1909f56bfc062723c751e8b465ee728b)
Start importing Assets/Prefabs/Rooms/TestRooms/UpLocations/TestRoom3.prefab using Guid(044205f7199131a49bc662494100bca2) Importer(815301076,1909f56bfc062723c751e8b465ee728b)  -> (artifact id: 'e78dc80f1fa1d972c13799f96e346c27') in 0.072072 seconds
Number of updated asset objects reloaded before import = 0
Number of asset objects unloaded after import = 3641
========================================================================
Received Import Request.
  Time since last request: 0.000069 seconds.
  path: Assets/Prefabs/Rooms/TestRooms/UpLocations/TestRoom4.prefab
  artifactKey: Guid(e2d1fdc0b0d21824fa4ad5e83652e5e6) Importer(815301076,1909f56bfc062723c751e8b465ee728b)
Start importing Assets/Prefabs/Rooms/TestRooms/UpLocations/TestRoom4.prefab using Guid(e2d1fdc0b0d21824fa4ad5e83652e5e6) Importer(815301076,1909f56bfc062723c751e8b465ee728b)  -> (artifact id: '39afe4477c70134e944eda5d1398e0db') in 0.066096 seconds
Number of updated asset objects reloaded before import = 0
Number of asset objects unloaded after import = 3641
========================================================================
Received Import Request.
  Time since last request: 1.446476 seconds.
  path: Assets/Prefabs/Rooms/TestRooms/UpLocations/TestRoom3.prefab
  artifactKey: Guid(044205f7199131a49bc662494100bca2) Importer(815301076,1909f56bfc062723c751e8b465ee728b)
Start importing Assets/Prefabs/Rooms/TestRooms/UpLocations/TestRoom3.prefab using Guid(044205f7199131a49bc662494100bca2) Importer(815301076,1909f56bfc062723c751e8b465ee728b)  -> (artifact id: '5bdaac49bbf59fdc5f96cc2a4171af39') in 0.075734 seconds
Number of updated asset objects reloaded before import = 0
Number of asset objects unloaded after import = 3641
========================================================================
Received Import Request.
  Time since last request: 0.000038 seconds.
  path: Assets/Prefabs/Rooms/TestRooms/UpLocations/TestRoom4.prefab
  artifactKey: Guid(e2d1fdc0b0d21824fa4ad5e83652e5e6) Importer(815301076,1909f56bfc062723c751e8b465ee728b)
Start importing Assets/Prefabs/Rooms/TestRooms/UpLocations/TestRoom4.prefab using Guid(e2d1fdc0b0d21824fa4ad5e83652e5e6) Importer(815301076,1909f56bfc062723c751e8b465ee728b)  -> (artifact id: '7e491973f5acfc564442fa2ceadcca40') in 0.070160 seconds
Number of updated asset objects reloaded before import = 0
Number of asset objects unloaded after import = 3641
========================================================================
Received Import Request.
  Time since last request: 0.229748 seconds.
  path: Assets/Prefabs/Rooms/TestRooms/UpLocations/TestRoom3.prefab
  artifactKey: Guid(044205f7199131a49bc662494100bca2) Importer(815301076,1909f56bfc062723c751e8b465ee728b)
Start importing Assets/Prefabs/Rooms/TestRooms/UpLocations/TestRoom3.prefab using Guid(044205f7199131a49bc662494100bca2) Importer(815301076,1909f56bfc062723c751e8b465ee728b)  -> (artifact id: '1f7eebe5f0170b609648b07750788e0e') in 0.075255 seconds
Number of updated asset objects reloaded before import = 0
Number of asset objects unloaded after import = 3657
========================================================================
Received Import Request.
  Time since last request: 0.000039 seconds.
  path: Assets/Prefabs/Rooms/TestRooms/UpLocations/TestRoom4.prefab
  artifactKey: Guid(e2d1fdc0b0d21824fa4ad5e83652e5e6) Importer(815301076,1909f56bfc062723c751e8b465ee728b)
Start importing Assets/Prefabs/Rooms/TestRooms/UpLocations/TestRoom4.prefab using Guid(e2d1fdc0b0d21824fa4ad5e83652e5e6) Importer(815301076,1909f56bfc062723c751e8b465ee728b)  -> (artifact id: 'e7b695d168d8e1f8ce99c7159250f206') in 0.073087 seconds
Number of updated asset objects reloaded before import = 0
Number of asset objects unloaded after import = 3657
========================================================================
Received Import Request.
  Time since last request: 1.033241 seconds.
  path: Assets/Prefabs/Rooms/TestRooms/UpLocations/TestRoom3.prefab
  artifactKey: Guid(044205f7199131a49bc662494100bca2) Importer(815301076,1909f56bfc062723c751e8b465ee728b)
Start importing Assets/Prefabs/Rooms/TestRooms/UpLocations/TestRoom3.prefab using Guid(044205f7199131a49bc662494100bca2) Importer(815301076,1909f56bfc062723c751e8b465ee728b)  -> (artifact id: '661b36d826e6e4dad59cbaedad15f867') in 0.071410 seconds
Number of updated asset objects reloaded before import = 0
Number of asset objects unloaded after import = 3657
========================================================================
Received Import Request.
  Time since last request: 0.000037 seconds.
  path: Assets/Prefabs/Rooms/TestRooms/UpLocations/TestRoom4.prefab
  artifactKey: Guid(e2d1fdc0b0d21824fa4ad5e83652e5e6) Importer(815301076,1909f56bfc062723c751e8b465ee728b)
Start importing Assets/Prefabs/Rooms/TestRooms/UpLocations/TestRoom4.prefab using Guid(e2d1fdc0b0d21824fa4ad5e83652e5e6) Importer(815301076,1909f56bfc062723c751e8b465ee728b)  -> (artifact id: '4a397fabde19f3cd4896d0a251225dd7') in 0.071847 seconds
Number of updated asset objects reloaded before import = 0
Number of asset objects unloaded after import = 3657
========================================================================
Received Import Request.
  Time since last request: 2.242833 seconds.
  path: Assets/Prefabs/Rooms/TestRooms/UpLocations/TestRoom3.prefab
  artifactKey: Guid(044205f7199131a49bc662494100bca2) Importer(815301076,1909f56bfc062723c751e8b465ee728b)
Start importing Assets/Prefabs/Rooms/TestRooms/UpLocations/TestRoom3.prefab using Guid(044205f7199131a49bc662494100bca2) Importer(815301076,1909f56bfc062723c751e8b465ee728b)  -> (artifact id: '684a8e19f6954d6a07a1fc9aa50b496b') in 0.075908 seconds
Number of updated asset objects reloaded before import = 0
Number of asset objects unloaded after import = 3643
========================================================================
Received Import Request.
  Time since last request: 0.000040 seconds.
  path: Assets/Prefabs/Rooms/TestRooms/UpLocations/TestRoom4.prefab
  artifactKey: Guid(e2d1fdc0b0d21824fa4ad5e83652e5e6) Importer(815301076,1909f56bfc062723c751e8b465ee728b)
Start importing Assets/Prefabs/Rooms/TestRooms/UpLocations/TestRoom4.prefab using Guid(e2d1fdc0b0d21824fa4ad5e83652e5e6) Importer(815301076,1909f56bfc062723c751e8b465ee728b)  -> (artifact id: '6636c228a051a15fad28949b2a175ef9') in 0.073542 seconds
Number of updated asset objects reloaded before import = 0
Number of asset objects unloaded after import = 3643
========================================================================
Received Import Request.
  Time since last request: 1.031619 seconds.
  path: Assets/Prefabs/Rooms/TestRooms/UpLocations/TestRoom3.prefab
  artifactKey: Guid(044205f7199131a49bc662494100bca2) Importer(815301076,1909f56bfc062723c751e8b465ee728b)
Start importing Assets/Prefabs/Rooms/TestRooms/UpLocations/TestRoom3.prefab using Guid(044205f7199131a49bc662494100bca2) Importer(815301076,1909f56bfc062723c751e8b465ee728b)  -> (artifact id: '7ab45873262c1f2b3f5c482722a05a13') in 0.074742 seconds
Number of updated asset objects reloaded before import = 0
Number of asset objects unloaded after import = 3659
========================================================================
Received Import Request.
  Time since last request: 0.000029 seconds.
  path: Assets/Prefabs/Rooms/TestRooms/UpLocations/TestRoom4.prefab
  artifactKey: Guid(e2d1fdc0b0d21824fa4ad5e83652e5e6) Importer(815301076,1909f56bfc062723c751e8b465ee728b)
Start importing Assets/Prefabs/Rooms/TestRooms/UpLocations/TestRoom4.prefab using Guid(e2d1fdc0b0d21824fa4ad5e83652e5e6) Importer(815301076,1909f56bfc062723c751e8b465ee728b)  -> (artifact id: '2d6ed8291a29cc695138e3bc842df081') in 0.072905 seconds
Number of updated asset objects reloaded before import = 0
Number of asset objects unloaded after import = 3659
========================================================================
Received Import Request.
  Time since last request: 0.432990 seconds.
  path: Assets/Prefabs/Rooms/TestRooms/UpLocations/TestRoom3.prefab
  artifactKey: Guid(044205f7199131a49bc662494100bca2) Importer(815301076,1909f56bfc062723c751e8b465ee728b)
Start importing Assets/Prefabs/Rooms/TestRooms/UpLocations/TestRoom3.prefab using Guid(044205f7199131a49bc662494100bca2) Importer(815301076,1909f56bfc062723c751e8b465ee728b)  -> (artifact id: '6c42477aad5cf60100f2f281d750943e') in 0.076304 seconds
Number of updated asset objects reloaded before import = 0
Number of asset objects unloaded after import = 3659
========================================================================
Received Import Request.
  Time since last request: 0.000036 seconds.
  path: Assets/Prefabs/Rooms/TestRooms/UpLocations/TestRoom4.prefab
  artifactKey: Guid(e2d1fdc0b0d21824fa4ad5e83652e5e6) Importer(815301076,1909f56bfc062723c751e8b465ee728b)
Start importing Assets/Prefabs/Rooms/TestRooms/UpLocations/TestRoom4.prefab using Guid(e2d1fdc0b0d21824fa4ad5e83652e5e6) Importer(815301076,1909f56bfc062723c751e8b465ee728b)  -> (artifact id: 'd73a2b8f4daa5ceb42160d7b17295cac') in 0.079538 seconds
Number of updated asset objects reloaded before import = 0
Number of asset objects unloaded after import = 3659
========================================================================
Received Import Request.
  Time since last request: 0.820957 seconds.
  path: Assets/Prefabs/Rooms/TestRooms/UpLocations/TestRoom3.prefab
  artifactKey: Guid(044205f7199131a49bc662494100bca2) Importer(815301076,1909f56bfc062723c751e8b465ee728b)
Start importing Assets/Prefabs/Rooms/TestRooms/UpLocations/TestRoom3.prefab using Guid(044205f7199131a49bc662494100bca2) Importer(815301076,1909f56bfc062723c751e8b465ee728b)  -> (artifact id: '5afd47ffbbdc51b47fd7acc38d1e5cd7') in 0.072849 seconds
Number of updated asset objects reloaded before import = 0
Number of asset objects unloaded after import = 3659
========================================================================
Received Import Request.
  Time since last request: 0.000035 seconds.
  path: Assets/Prefabs/Rooms/TestRooms/UpLocations/TestRoom4.prefab
  artifactKey: Guid(e2d1fdc0b0d21824fa4ad5e83652e5e6) Importer(815301076,1909f56bfc062723c751e8b465ee728b)
Start importing Assets/Prefabs/Rooms/TestRooms/UpLocations/TestRoom4.prefab using Guid(e2d1fdc0b0d21824fa4ad5e83652e5e6) Importer(815301076,1909f56bfc062723c751e8b465ee728b)  -> (artifact id: '876a2ed7914770925a5aa9c61135f2db') in 0.070709 seconds
Number of updated asset objects reloaded before import = 0
Number of asset objects unloaded after import = 3659
========================================================================
Received Import Request.
  Time since last request: 0.638423 seconds.
  path: Assets/Prefabs/Rooms/TestRooms/UpLocations/TestRoom3.prefab
  artifactKey: Guid(044205f7199131a49bc662494100bca2) Importer(815301076,1909f56bfc062723c751e8b465ee728b)
Start importing Assets/Prefabs/Rooms/TestRooms/UpLocations/TestRoom3.prefab using Guid(044205f7199131a49bc662494100bca2) Importer(815301076,1909f56bfc062723c751e8b465ee728b)  -> (artifact id: '1376fdf3401c2c4aec4fa2bd938f833c') in 0.078045 seconds
Number of updated asset objects reloaded before import = 0
Number of asset objects unloaded after import = 3659
========================================================================
Received Import Request.
  Time since last request: 0.000038 seconds.
  path: Assets/Prefabs/Rooms/TestRooms/UpLocations/TestRoom4.prefab
  artifactKey: Guid(e2d1fdc0b0d21824fa4ad5e83652e5e6) Importer(815301076,1909f56bfc062723c751e8b465ee728b)
Start importing Assets/Prefabs/Rooms/TestRooms/UpLocations/TestRoom4.prefab using Guid(e2d1fdc0b0d21824fa4ad5e83652e5e6) Importer(815301076,1909f56bfc062723c751e8b465ee728b)  -> (artifact id: '03b77cc00e9cf63675b22667f31a20b6') in 0.071692 seconds
Number of updated asset objects reloaded before import = 0
Number of asset objects unloaded after import = 3659
Editor requested this worker to shutdown with reason: Scaling down because of idle timeout
TcpMessagingSession - receive error: operation aborted. errorcode: 995, details: ќпераци€ ввода/вывода была прервана из-за завершени€ потока команд или по запросу приложени€.
AssetImportWorker is now disconnected from the server
Process exiting
Exiting without the bug reporter. Application will terminate with return code 0