Using pre-set license
Built from '2022.3/staging' branch; Version is '2022.3.30f1 (70558241b701) revision 7361922'; Using compiler version '192829333'; Build Type 'Release'
OS: 'Windows 11  (10.0.22631) 64bit CoreSingleLanguage' Language: 'ru' Physical Memory: 16168 MB
BatchMode: 1, IsHumanControllingUs: 0, StartBugReporterOnCrash: 0, Is64bit: 1, IsPro: 1

COMMAND LINE ARGUMENTS:
C:\Program Files\Unity\Hub\Editor\2022.3.30f1\Editor\Unity.exe
-adb2
-batchMode
-noUpm
-name
AssetImportWorker4
-projectPath
C:/Users/holya/Documents/GitHub/MutationGame/MutationGame
-logFile
Logs/AssetImportWorker4.log
-srvPort
65345
Successfully changed project path to: C:/Users/holya/Documents/GitHub/MutationGame/MutationGame
C:/Users/holya/Documents/GitHub/MutationGame/MutationGame
[UnityMemory] Configuration Parameters - Can be set up in boot.config
    "memorysetup-bucket-allocator-granularity=16"
    "memorysetup-bucket-allocator-bucket-count=8"
    "memorysetup-bucket-allocator-block-size=33554432"
    "memorysetup-bucket-allocator-block-count=8"
    "memorysetup-main-allocator-block-size=16777216"
    "memorysetup-thread-allocator-block-size=16777216"
    "memorysetup-gfx-main-allocator-block-size=16777216"
    "memorysetup-gfx-thread-allocator-block-size=16777216"
    "memorysetup-cache-allocator-block-size=4194304"
    "memorysetup-typetree-allocator-block-size=2097152"
    "memorysetup-profiler-bucket-allocator-granularity=16"
    "memorysetup-profiler-bucket-allocator-bucket-count=8"
    "memorysetup-profiler-bucket-allocator-block-size=33554432"
    "memorysetup-profiler-bucket-allocator-block-count=8"
    "memorysetup-profiler-allocator-block-size=16777216"
    "memorysetup-profiler-editor-allocator-block-size=1048576"
    "memorysetup-temp-allocator-size-main=16777216"
    "memorysetup-job-temp-allocator-block-size=2097152"
    "memorysetup-job-temp-allocator-block-size-background=1048576"
    "memorysetup-job-temp-allocator-reduction-small-platforms=262144"
    "memorysetup-allocator-temp-initial-block-size-main=262144"
    "memorysetup-allocator-temp-initial-block-size-worker=262144"
    "memorysetup-temp-allocator-size-background-worker=32768"
    "memorysetup-temp-allocator-size-job-worker=262144"
    "memorysetup-temp-allocator-size-preload-manager=33554432"
    "memorysetup-temp-allocator-size-nav-mesh-worker=65536"
    "memorysetup-temp-allocator-size-audio-worker=65536"
    "memorysetup-temp-allocator-size-cloud-worker=32768"
    "memorysetup-temp-allocator-size-gi-baking-worker=262144"
    "memorysetup-temp-allocator-size-gfx=262144"
Player connection [50692] Host "[IP] 192.168.0.43 [Port] 0 [Flags] 2 [Guid] 84197175 [EditorId] 84197175 [Version] 1048832 [Id] WindowsEditor(7,LAPTOP-13TATN6K) [Debug] 1 [PackageName] WindowsEditor [ProjectName] Editor" joined multi-casting on [225.0.0.222:54997]...

Player connection [50692] Host "[IP] 192.168.0.43 [Port] 0 [Flags] 2 [Guid] 84197175 [EditorId] 84197175 [Version] 1048832 [Id] WindowsEditor(7,LAPTOP-13TATN6K) [Debug] 1 [PackageName] WindowsEditor [ProjectName] Editor" joined alternative multi-casting on [225.0.0.222:34997]...

[Physics::Module] Initialized MultithreadedJobDispatcher with 15 workers.
Refreshing native plugins compatible for Editor in 11.31 ms, found 4 plugins.
Preloading 0 native plugins for Editor in 0.00 ms.
Initialize engine version: 2022.3.30f1 (70558241b701)
[Subsystems] Discovering subsystems at path C:/Program Files/Unity/Hub/Editor/2022.3.30f1/Editor/Data/Resources/UnitySubsystems
[Subsystems] Discovering subsystems at path C:/Users/holya/Documents/GitHub/MutationGame/MutationGame/Assets
GfxDevice: creating device client; threaded=0; jobified=0
Direct3D:
    Version:  Direct3D 11.0 [level 11.1]
    Renderer: NVIDIA GeForce RTX 2060 (ID=0x1f15)
    Vendor:   NVIDIA
    VRAM:     5955 MB
    Driver:   31.0.15.5244
Initialize mono
Mono path[0] = 'C:/Program Files/Unity/Hub/Editor/2022.3.30f1/Editor/Data/Managed'
Mono path[1] = 'C:/Program Files/Unity/Hub/Editor/2022.3.30f1/Editor/Data/MonoBleedingEdge/lib/mono/unityjit-win32'
Mono config path = 'C:/Program Files/Unity/Hub/Editor/2022.3.30f1/Editor/Data/MonoBleedingEdge/etc'
Using monoOptions --debugger-agent=transport=dt_socket,embedding=1,server=y,suspend=n,address=127.0.0.1:56616
Begin MonoManager ReloadAssembly
Registering precompiled unity dll's ...
Register platform support module: C:/Program Files/Unity/Hub/Editor/2022.3.30f1/Editor/Data/PlaybackEngines/WebGLSupport/UnityEditor.WebGL.Extensions.dll
Register platform support module: C:/Program Files/Unity/Hub/Editor/2022.3.30f1/Editor/Data/PlaybackEngines/WindowsStandaloneSupport/UnityEditor.WindowsStandalone.Extensions.dll
Registered in 0.013121 seconds.
- Loaded All Assemblies, in  0.395 seconds
Native extension for WindowsStandalone target not found
Native extension for WebGL target not found
Mono: successfully reloaded assembly
- Finished resetting the current domain, in  0.263 seconds
Domain Reload Profiling: 656ms
	BeginReloadAssembly (145ms)
		ExecutionOrderSort (0ms)
		DisableScriptedObjects (0ms)
		BackupInstance (0ms)
		ReleaseScriptingObjects (0ms)
		CreateAndSetChildDomain (1ms)
	RebuildCommonClasses (31ms)
	RebuildNativeTypeToScriptingClass (10ms)
	initialDomainReloadingComplete (65ms)
	LoadAllAssembliesAndSetupDomain (142ms)
		LoadAssemblies (143ms)
		RebuildTransferFunctionScriptingTraits (0ms)
		AnalyzeDomain (140ms)
			TypeCache.Refresh (138ms)
				TypeCache.ScanAssembly (126ms)
			ScanForSourceGeneratedMonoScriptInfo (0ms)
			ResolveRequiredComponents (0ms)
	FinalizeReload (263ms)
		ReleaseScriptCaches (0ms)
		RebuildScriptCaches (0ms)
		SetupLoadedEditorAssemblies (205ms)
			LogAssemblyErrors (0ms)
			InitializePlatformSupportModulesInManaged (9ms)
			SetLoadedEditorAssemblies (5ms)
			RefreshPlugins (0ms)
			BeforeProcessingInitializeOnLoad (2ms)
			ProcessInitializeOnLoadAttributes (143ms)
			ProcessInitializeOnLoadMethodAttributes (47ms)
			AfterProcessingInitializeOnLoad (0ms)
			EditorAssembliesLoaded (0ms)
		ExecutionOrderSort2 (0ms)
		AwakeInstancesAfterBackupRestoration (0ms)
========================================================================
Worker process is ready to serve import requests
Begin MonoManager ReloadAssembly
- Loaded All Assemblies, in  0.835 seconds
Refreshing native plugins compatible for Editor in 5.09 ms, found 4 plugins.
Native extension for WindowsStandalone target not found
Native extension for WebGL target not found
Package Manager log level set to [2]
[Package Manager] Server::EnsureServerProcessIsRunning -- launch failed, reason: Unity was launched with the -noUpm command-line argument
[Package Manager] UpmClient::Send -- Unable to send message (not connected to UPM process).
[Package Manager] Cannot connect to Unity Package Manager local server
Mono: successfully reloaded assembly
- Finished resetting the current domain, in  0.725 seconds
Domain Reload Profiling: 1551ms
	BeginReloadAssembly (132ms)
		ExecutionOrderSort (0ms)
		DisableScriptedObjects (5ms)
		BackupInstance (0ms)
		ReleaseScriptingObjects (0ms)
		CreateAndSetChildDomain (18ms)
	RebuildCommonClasses (31ms)
	RebuildNativeTypeToScriptingClass (11ms)
	initialDomainReloadingComplete (41ms)
	LoadAllAssembliesAndSetupDomain (612ms)
		LoadAssemblies (452ms)
		RebuildTransferFunctionScriptingTraits (0ms)
		AnalyzeDomain (237ms)
			TypeCache.Refresh (197ms)
				TypeCache.ScanAssembly (179ms)
			ScanForSourceGeneratedMonoScriptInfo (28ms)
			ResolveRequiredComponents (11ms)
	FinalizeReload (725ms)
		ReleaseScriptCaches (0ms)
		RebuildScriptCaches (0ms)
		SetupLoadedEditorAssemblies (545ms)
			LogAssemblyErrors (0ms)
			InitializePlatformSupportModulesInManaged (7ms)
			SetLoadedEditorAssemblies (5ms)
			RefreshPlugins (0ms)
			BeforeProcessingInitializeOnLoad (81ms)
			ProcessInitializeOnLoadAttributes (367ms)
			ProcessInitializeOnLoadMethodAttributes (78ms)
			AfterProcessingInitializeOnLoad (7ms)
			EditorAssembliesLoaded (0ms)
		ExecutionOrderSort2 (0ms)
		AwakeInstancesAfterBackupRestoration (7ms)
Launched and connected shader compiler UnityShaderCompiler.exe after 0.04 seconds
Refreshing native plugins compatible for Editor in 6.21 ms, found 4 plugins.
Preloading 0 native plugins for Editor in 0.00 ms.
Unloading 5678 Unused Serialized files (Serialized files now loaded: 0)
Unloading 86 unused Assets / (350.2 KB). Loaded Objects now: 6136.
Memory consumption went from 218.4 MB to 218.0 MB.
Total: 3.862700 ms (FindLiveObjects: 0.424000 ms CreateObjectMapping: 0.436500 ms MarkObjects: 2.806000 ms  DeleteObjects: 0.195400 ms)

AssetImportParameters requested are different than current active one (requested -> active):
  custom:container-demuxer-ogg: 62fdf1f143b41e24485cea50d1cbac27 -> 
  custom:video-codec-MediaFoundation-h265: 746d11721c4dcdbdad8f713fa42b33f4 -> 
  custom:video-decoder-ogg-theora: a1e56fd34408186e4bbccfd4996cb3dc -> 
  custom:framework-win-MediaFoundation: 216162199b28c13a410421893ffa2e32 -> 
  custom:CustomObjectIndexerAttribute: 72b91833f83ae208fae7752999fa3104 -> 
  custom:container-demuxer-webm: 4f35f7cbe854078d1ac9338744f61a02 -> 
  custom:container-muxer-webm: aa71ff27fc2769a1b78a27578f13a17b -> 
  custom:video-decoder-webm-vp8: 9c59270c3fd7afecdb556c50c9e8de78 -> 
  custom:SearchIndexIgnoredProperties: e643bd26f0fe6173181afceb89e7c659 -> 
  custom:AudioImporter_EditorPlatform: d09bf68614088b80899f8185d706f6e7 -> 
  custom:video-encoder-webm-vp8: eb34c28f22e8b96e1ab97ce403110664 -> 
  custom:audio-decoder-ogg-vorbis: bf7c407c2cedff20999df2af8eb42d56 -> 
  custom:audio-encoder-webm-vorbis: bf7c407c2cedff20999df2af8eb42d56 -> 
========================================================================
Received Import Request.
  Time since last request: 1292990.569886 seconds.
  path: Assets/Sprites/Obstacles Etc
  artifactKey: Guid(5a790f55caa9b004db059943888f2d42) Importer(815301076,1909f56bfc062723c751e8b465ee728b)
Start importing Assets/Sprites/Obstacles Etc using Guid(5a790f55caa9b004db059943888f2d42) Importer(815301076,1909f56bfc062723c751e8b465ee728b)  -> (artifact id: '464d703cbedcb041b30c2d01cec2b5b6') in 0.003378 seconds
Number of updated asset objects reloaded before import = 0
Number of asset objects unloaded after import = 0
========================================================================
Received Import Request.
  Time since last request: 18.754157 seconds.
  path: Assets/Sprites/Obstacles etc
  artifactKey: Guid(5a790f55caa9b004db059943888f2d42) Importer(815301076,1909f56bfc062723c751e8b465ee728b)
Start importing Assets/Sprites/Obstacles etc using Guid(5a790f55caa9b004db059943888f2d42) Importer(815301076,1909f56bfc062723c751e8b465ee728b)  -> (artifact id: '8280825689992bddd3056ca053784627') in 0.000635 seconds
Number of updated asset objects reloaded before import = 0
Number of asset objects unloaded after import = 0
========================================================================
Received Import Request.
  Time since last request: 6.008596 seconds.
  path: Assets/Sprites/Obstacles etc/Gene.png
  artifactKey: Guid(409198ae3844ca343bff84cfa8fca499) Importer(815301076,1909f56bfc062723c751e8b465ee728b)
Start importing Assets/Sprites/Obstacles etc/Gene.png using Guid(409198ae3844ca343bff84cfa8fca499) Importer(815301076,1909f56bfc062723c751e8b465ee728b)  -> (artifact id: '9ecc5ac8ab2d1e54b4ac6cb063219b61') in 0.089653 seconds
Number of updated asset objects reloaded before import = 0
Number of asset objects unloaded after import = 3
========================================================================
Received Import Request.
  Time since last request: 16.953244 seconds.
  path: Assets/Sprites/Obstacles etc/Gene.png
  artifactKey: Guid(409198ae3844ca343bff84cfa8fca499) Importer(815301076,1909f56bfc062723c751e8b465ee728b)
Start importing Assets/Sprites/Obstacles etc/Gene.png using Guid(409198ae3844ca343bff84cfa8fca499) Importer(815301076,1909f56bfc062723c751e8b465ee728b)  -> (artifact id: '705b0482ba77efc95c71055e0c53a659') in 0.008538 seconds
Number of updated asset objects reloaded before import = 0
Number of asset objects unloaded after import = 3
========================================================================
Received Import Request.
  Time since last request: 5.668602 seconds.
  path: Assets/Sprites/Obstacles etc/Gene.png
  artifactKey: Guid(409198ae3844ca343bff84cfa8fca499) Importer(815301076,1909f56bfc062723c751e8b465ee728b)
Start importing Assets/Sprites/Obstacles etc/Gene.png using Guid(409198ae3844ca343bff84cfa8fca499) Importer(815301076,1909f56bfc062723c751e8b465ee728b)  -> (artifact id: 'b6813c0efedf026f4f5dcb2ee4ee2847') in 0.009432 seconds
Number of updated asset objects reloaded before import = 0
Number of asset objects unloaded after import = 3
========================================================================
Received Import Request.
  Time since last request: 4.317245 seconds.
  path: Assets/Sprites/Obstacles etc/Gene.png
  artifactKey: Guid(409198ae3844ca343bff84cfa8fca499) Importer(815301076,1909f56bfc062723c751e8b465ee728b)
Start importing Assets/Sprites/Obstacles etc/Gene.png using Guid(409198ae3844ca343bff84cfa8fca499) Importer(815301076,1909f56bfc062723c751e8b465ee728b)  -> (artifact id: '5d7013b84c05ad8185314068497610dc') in 0.008891 seconds
Number of updated asset objects reloaded before import = 0
Number of asset objects unloaded after import = 3
========================================================================
Received Import Request.
  Time since last request: 6.482585 seconds.
  path: Assets/Sprites/Obstacles etc/Gene.png
  artifactKey: Guid(409198ae3844ca343bff84cfa8fca499) Importer(815301076,1909f56bfc062723c751e8b465ee728b)
Start importing Assets/Sprites/Obstacles etc/Gene.png using Guid(409198ae3844ca343bff84cfa8fca499) Importer(815301076,1909f56bfc062723c751e8b465ee728b)  -> (artifact id: '1a768f97bcdeeba42aef8739b50df123') in 0.009664 seconds
Number of updated asset objects reloaded before import = 0
Number of asset objects unloaded after import = 3
========================================================================
Received Import Request.
  Time since last request: 16.812817 seconds.
  path: Assets/Sprites/Obstacles etc/Gene.png
  artifactKey: Guid(409198ae3844ca343bff84cfa8fca499) Importer(815301076,1909f56bfc062723c751e8b465ee728b)
Start importing Assets/Sprites/Obstacles etc/Gene.png using Guid(409198ae3844ca343bff84cfa8fca499) Importer(815301076,1909f56bfc062723c751e8b465ee728b)  -> (artifact id: '8c6001283e83bd04f7f4c9f016917c49') in 0.012631 seconds
Number of updated asset objects reloaded before import = 0
Number of asset objects unloaded after import = 2
========================================================================
Received Import Request.
  Time since last request: 4.764544 seconds.
  path: Assets/Sprites/Obstacles etc/Gene.png
  artifactKey: Guid(409198ae3844ca343bff84cfa8fca499) Importer(815301076,1909f56bfc062723c751e8b465ee728b)
Start importing Assets/Sprites/Obstacles etc/Gene.png using Guid(409198ae3844ca343bff84cfa8fca499) Importer(815301076,1909f56bfc062723c751e8b465ee728b)  -> (artifact id: '99707a0577c28c64e9f63937d7d71272') in 0.029366 seconds
Number of updated asset objects reloaded before import = 0
Number of asset objects unloaded after import = 6
========================================================================
Received Import Request.
  Time since last request: 166.770819 seconds.
  path: Assets/Sprites/Obstacles etc/Gene.png
  artifactKey: Guid(409198ae3844ca343bff84cfa8fca499) Importer(815301076,1909f56bfc062723c751e8b465ee728b)
Start importing Assets/Sprites/Obstacles etc/Gene.png using Guid(409198ae3844ca343bff84cfa8fca499) Importer(815301076,1909f56bfc062723c751e8b465ee728b)  -> (artifact id: '7eb1edb46def566ce50bc6296e4fb129') in 0.016423 seconds
Number of updated asset objects reloaded before import = 0
Number of asset objects unloaded after import = 3
========================================================================
Received Import Request.
  Time since last request: 6.918368 seconds.
  path: Assets/Sprites/Obstacles etc/Gene.png
  artifactKey: Guid(409198ae3844ca343bff84cfa8fca499) Importer(815301076,1909f56bfc062723c751e8b465ee728b)
Start importing Assets/Sprites/Obstacles etc/Gene.png using Guid(409198ae3844ca343bff84cfa8fca499) Importer(815301076,1909f56bfc062723c751e8b465ee728b)  -> (artifact id: 'cc15ebd16cdb193ef4a5c169e3072732') in 0.012819 seconds
Number of updated asset objects reloaded before import = 0
Number of asset objects unloaded after import = 2
========================================================================
Received Import Request.
  Time since last request: 4.303989 seconds.
  path: Assets/Sprites/Obstacles etc/Gene.png
  artifactKey: Guid(409198ae3844ca343bff84cfa8fca499) Importer(815301076,1909f56bfc062723c751e8b465ee728b)
Start importing Assets/Sprites/Obstacles etc/Gene.png using Guid(409198ae3844ca343bff84cfa8fca499) Importer(815301076,1909f56bfc062723c751e8b465ee728b)  -> (artifact id: '85dba876dd66cbbb3f738339fb6f7dce') in 0.032975 seconds
Number of updated asset objects reloaded before import = 0
Number of asset objects unloaded after import = 7
========================================================================
Received Import Request.
  Time since last request: 79.411276 seconds.
  path: Assets/Sprites/Things
  artifactKey: Guid(5a790f55caa9b004db059943888f2d42) Importer(815301076,1909f56bfc062723c751e8b465ee728b)
Start importing Assets/Sprites/Things using Guid(5a790f55caa9b004db059943888f2d42) Importer(815301076,1909f56bfc062723c751e8b465ee728b)  -> (artifact id: 'cd11665026e936ddd5b2511a20f8731c') in 0.000488 seconds
Number of updated asset objects reloaded before import = 0
Number of asset objects unloaded after import = 0
========================================================================
Received Import Request.
  Time since last request: 12.031088 seconds.
  path: Assets/Sprites/RoomStructure
  artifactKey: Guid(7275703f0fa7e1a498013641e81f17a6) Importer(815301076,1909f56bfc062723c751e8b465ee728b)
Start importing Assets/Sprites/RoomStructure using Guid(7275703f0fa7e1a498013641e81f17a6) Importer(815301076,1909f56bfc062723c751e8b465ee728b)  -> (artifact id: '117d5376a6ca0f2f3395fde044bdfdbe') in 0.000803 seconds
Number of updated asset objects reloaded before import = 0
Number of asset objects unloaded after import = 0
========================================================================
Received Import Request.
  Time since last request: 7.973057 seconds.
  path: Assets/Sprites/RoomStructure/Tile.png
  artifactKey: Guid(88f726dc8bc570e42956eec0a8891948) Importer(815301076,1909f56bfc062723c751e8b465ee728b)
Start importing Assets/Sprites/RoomStructure/Tile.png using Guid(88f726dc8bc570e42956eec0a8891948) Importer(815301076,1909f56bfc062723c751e8b465ee728b)  -> (artifact id: '9fc6b84d8343eebecd8dd53fec92a893') in 0.016761 seconds
Number of updated asset objects reloaded before import = 0
Number of asset objects unloaded after import = 3
========================================================================
Received Import Request.
  Time since last request: 6.837869 seconds.
  path: Assets/Sprites/RoomStructure/Tile.png
  artifactKey: Guid(88f726dc8bc570e42956eec0a8891948) Importer(815301076,1909f56bfc062723c751e8b465ee728b)
Start importing Assets/Sprites/RoomStructure/Tile.png using Guid(88f726dc8bc570e42956eec0a8891948) Importer(815301076,1909f56bfc062723c751e8b465ee728b)  -> (artifact id: '97f670825468b57467d8176a298e868d') in 0.013753 seconds
Number of updated asset objects reloaded before import = 0
Number of asset objects unloaded after import = 2
========================================================================
Received Import Request.
  Time since last request: 9.100745 seconds.
  path: Assets/Sprites/RoomStructure/Tile.png
  artifactKey: Guid(88f726dc8bc570e42956eec0a8891948) Importer(815301076,1909f56bfc062723c751e8b465ee728b)
Start importing Assets/Sprites/RoomStructure/Tile.png using Guid(88f726dc8bc570e42956eec0a8891948) Importer(815301076,1909f56bfc062723c751e8b465ee728b)  -> (artifact id: 'a170bc5d874d71602d7e034fe2c05902') in 0.059341 seconds
Number of updated asset objects reloaded before import = 0
Number of asset objects unloaded after import = 14
========================================================================
Received Import Request.
  Time since last request: 36.896026 seconds.
  path: Assets/Sprites/Character/Leg_Huge.png
  artifactKey: Guid(afb8c5588c4f8684cab2b0126f7ff693) Importer(815301076,1909f56bfc062723c751e8b465ee728b)
Start importing Assets/Sprites/Character/Leg_Huge.png using Guid(afb8c5588c4f8684cab2b0126f7ff693) Importer(815301076,1909f56bfc062723c751e8b465ee728b)  -> (artifact id: '63e3e74444ac3755e301f03e2de440f0') in 0.014060 seconds
Number of updated asset objects reloaded before import = 0
Number of asset objects unloaded after import = 3
========================================================================
Received Import Request.
  Time since last request: 0.008210 seconds.
  path: Assets/Sprites/Character/Leg_Little.png
  artifactKey: Guid(b8a4409e60f00d44fbaee852251f5d1a) Importer(815301076,1909f56bfc062723c751e8b465ee728b)
Start importing Assets/Sprites/Character/Leg_Little.png using Guid(b8a4409e60f00d44fbaee852251f5d1a) Importer(815301076,1909f56bfc062723c751e8b465ee728b)  -> (artifact id: '39097077ce0d3ad7d932781851dd3b5c') in 0.017228 seconds
Number of updated asset objects reloaded before import = 0
Number of asset objects unloaded after import = 3
========================================================================
Received Import Request.
  Time since last request: 0.000016 seconds.
  path: Assets/Sprites/Character/Legs_Little.png
  artifactKey: Guid(77ef257313031c34aa04765c2ebc9aba) Importer(815301076,1909f56bfc062723c751e8b465ee728b)
Start importing Assets/Sprites/Character/Legs_Little.png using Guid(77ef257313031c34aa04765c2ebc9aba) Importer(815301076,1909f56bfc062723c751e8b465ee728b)  -> (artifact id: '0adb4fb42720526aa7a41fa78042bfab') in 0.020005 seconds
Number of updated asset objects reloaded before import = 0
Number of asset objects unloaded after import = 3
========================================================================
Received Import Request.
  Time since last request: 0.000030 seconds.
  path: Assets/Sprites/Character/Tail_Bouncy.png
  artifactKey: Guid(54f3f521d50c00c4fb2850e1831e7938) Importer(815301076,1909f56bfc062723c751e8b465ee728b)
Start importing Assets/Sprites/Character/Tail_Bouncy.png using Guid(54f3f521d50c00c4fb2850e1831e7938) Importer(815301076,1909f56bfc062723c751e8b465ee728b)  -> (artifact id: '7be2ecb8b826c95e2abfdc7d78f87eb7') in 0.018612 seconds
Number of updated asset objects reloaded before import = 0
Number of asset objects unloaded after import = 3
========================================================================
Received Import Request.
  Time since last request: 0.000017 seconds.
  path: Assets/Sprites/Character/Tail_Huge.png
  artifactKey: Guid(f5b497d53b3c80a478a512a52a25699b) Importer(815301076,1909f56bfc062723c751e8b465ee728b)
Start importing Assets/Sprites/Character/Tail_Huge.png using Guid(f5b497d53b3c80a478a512a52a25699b) Importer(815301076,1909f56bfc062723c751e8b465ee728b)  -> (artifact id: '097650e366d84e0744fba67cb75b43b5') in 0.016419 seconds
Number of updated asset objects reloaded before import = 0
Number of asset objects unloaded after import = 3
========================================================================
Received Import Request.
  Time since last request: 0.000038 seconds.
  path: Assets/Sprites/Character/Legs_Huge.png
  artifactKey: Guid(e5f2ccf4f162ab04a91b550428d70d7b) Importer(815301076,1909f56bfc062723c751e8b465ee728b)
Start importing Assets/Sprites/Character/Legs_Huge.png using Guid(e5f2ccf4f162ab04a91b550428d70d7b) Importer(815301076,1909f56bfc062723c751e8b465ee728b)  -> (artifact id: '08f4d761472719e583e83c45adfb69ee') in 0.018932 seconds
Number of updated asset objects reloaded before import = 0
Number of asset objects unloaded after import = 3
========================================================================
Received Import Request.
  Time since last request: 0.000014 seconds.
  path: Assets/Sprites/Character/Tail_Thin.png
  artifactKey: Guid(99e0be6bd4af683499bfa00127e55b9d) Importer(815301076,1909f56bfc062723c751e8b465ee728b)
Start importing Assets/Sprites/Character/Tail_Thin.png using Guid(99e0be6bd4af683499bfa00127e55b9d) Importer(815301076,1909f56bfc062723c751e8b465ee728b)  -> (artifact id: 'db092a812b2f938fe118e53d9fdc5092') in 0.016078 seconds
Number of updated asset objects reloaded before import = 0
Number of asset objects unloaded after import = 3
Editor requested this worker to shutdown with reason: Scaling down because of idle timeout
TcpMessagingSession - receive error: operation aborted. errorcode: 995, details: ќпераци€ ввода/вывода была прервана из-за завершени€ потока команд или по запросу приложени€.
AssetImportWorker is now disconnected from the server
Process exiting
Exiting without the bug reporter. Application will terminate with return code 0