Using pre-set license
Built from '2022.3/staging' branch; Version is '2022.3.30f1 (70558241b701) revision 7361922'; Using compiler version '192829333'; Build Type 'Release'
OS: 'Windows 11  (10.0.22631) 64bit Professional' Language: 'ru' Physical Memory: 15581 MB
BatchMode: 1, IsHumanControllingUs: 0, StartBugReporterOnCrash: 0, Is64bit: 1, IsPro: 1

COMMAND LINE ARGUMENTS:
C:\Program Files\Unity\Hub\Editor\2022.3.30f1\Editor\Unity.exe
-adb2
-batchMode
-noUpm
-name
AssetImportWorker4
-projectPath
C:/Users/Miguel/Documents/GitHub/MutationGame/MutationGame
-logFile
Logs/AssetImportWorker4.log
-srvPort
50040
Successfully changed project path to: C:/Users/Miguel/Documents/GitHub/MutationGame/MutationGame
C:/Users/Miguel/Documents/GitHub/MutationGame/MutationGame
[UnityMemory] Configuration Parameters - Can be set up in boot.config
    "memorysetup-bucket-allocator-granularity=16"
    "memorysetup-bucket-allocator-bucket-count=8"
    "memorysetup-bucket-allocator-block-size=33554432"
    "memorysetup-bucket-allocator-block-count=8"
    "memorysetup-main-allocator-block-size=16777216"
    "memorysetup-thread-allocator-block-size=16777216"
    "memorysetup-gfx-main-allocator-block-size=16777216"
    "memorysetup-gfx-thread-allocator-block-size=16777216"
    "memorysetup-cache-allocator-block-size=4194304"
    "memorysetup-typetree-allocator-block-size=2097152"
    "memorysetup-profiler-bucket-allocator-granularity=16"
    "memorysetup-profiler-bucket-allocator-bucket-count=8"
    "memorysetup-profiler-bucket-allocator-block-size=33554432"
    "memorysetup-profiler-bucket-allocator-block-count=8"
    "memorysetup-profiler-allocator-block-size=16777216"
    "memorysetup-profiler-editor-allocator-block-size=1048576"
    "memorysetup-temp-allocator-size-main=16777216"
    "memorysetup-job-temp-allocator-block-size=2097152"
    "memorysetup-job-temp-allocator-block-size-background=1048576"
    "memorysetup-job-temp-allocator-reduction-small-platforms=262144"
    "memorysetup-allocator-temp-initial-block-size-main=262144"
    "memorysetup-allocator-temp-initial-block-size-worker=262144"
    "memorysetup-temp-allocator-size-background-worker=32768"
    "memorysetup-temp-allocator-size-job-worker=262144"
    "memorysetup-temp-allocator-size-preload-manager=33554432"
    "memorysetup-temp-allocator-size-nav-mesh-worker=65536"
    "memorysetup-temp-allocator-size-audio-worker=65536"
    "memorysetup-temp-allocator-size-cloud-worker=32768"
    "memorysetup-temp-allocator-size-gi-baking-worker=262144"
    "memorysetup-temp-allocator-size-gfx=262144"
Player connection [29912] Host "[IP] 192.168.1.35 [Port] 0 [Flags] 2 [Guid] 1034930696 [EditorId] 1034930696 [Version] 1048832 [Id] WindowsEditor(7,DESKTOP-FV6FI5A) [Debug] 1 [PackageName] WindowsEditor [ProjectName] Editor" joined multi-casting on [225.0.0.222:54997]...

Player connection [29912] Host "[IP] 192.168.1.35 [Port] 0 [Flags] 2 [Guid] 1034930696 [EditorId] 1034930696 [Version] 1048832 [Id] WindowsEditor(7,DESKTOP-FV6FI5A) [Debug] 1 [PackageName] WindowsEditor [ProjectName] Editor" joined alternative multi-casting on [225.0.0.222:34997]...

[Physics::Module] Initialized MultithreadedJobDispatcher with 15 workers.
Refreshing native plugins compatible for Editor in 13.70 ms, found 4 plugins.
Preloading 0 native plugins for Editor in 0.00 ms.
Initialize engine version: 2022.3.30f1 (70558241b701)
[Subsystems] Discovering subsystems at path C:/Program Files/Unity/Hub/Editor/2022.3.30f1/Editor/Data/Resources/UnitySubsystems
[Subsystems] Discovering subsystems at path C:/Users/Miguel/Documents/GitHub/MutationGame/MutationGame/Assets
GfxDevice: creating device client; threaded=0; jobified=0
Direct3D:
    Version:  Direct3D 11.0 [level 11.1]
    Renderer: NVIDIA GeForce RTX 4050 Laptop GPU (ID=0x28a1)
    Vendor:   NVIDIA
    VRAM:     5921 MB
    Driver:   32.0.15.5585
Initialize mono
Mono path[0] = 'C:/Program Files/Unity/Hub/Editor/2022.3.30f1/Editor/Data/Managed'
Mono path[1] = 'C:/Program Files/Unity/Hub/Editor/2022.3.30f1/Editor/Data/MonoBleedingEdge/lib/mono/unityjit-win32'
Mono config path = 'C:/Program Files/Unity/Hub/Editor/2022.3.30f1/Editor/Data/MonoBleedingEdge/etc'
Using monoOptions --debugger-agent=transport=dt_socket,embedding=1,server=y,suspend=n,address=127.0.0.1:56516
Begin MonoManager ReloadAssembly
Registering precompiled unity dll's ...
Register platform support module: C:/Program Files/Unity/Hub/Editor/2022.3.30f1/Editor/Data/PlaybackEngines/WebGLSupport/UnityEditor.WebGL.Extensions.dll
Register platform support module: C:/Program Files/Unity/Hub/Editor/2022.3.30f1/Editor/Data/PlaybackEngines/WindowsStandaloneSupport/UnityEditor.WindowsStandalone.Extensions.dll
Registered in 0.005611 seconds.
- Loaded All Assemblies, in  0.217 seconds
Native extension for WindowsStandalone target not found
Native extension for WebGL target not found
Mono: successfully reloaded assembly
- Finished resetting the current domain, in  0.165 seconds
Domain Reload Profiling: 381ms
	BeginReloadAssembly (66ms)
		ExecutionOrderSort (0ms)
		DisableScriptedObjects (0ms)
		BackupInstance (0ms)
		ReleaseScriptingObjects (0ms)
		CreateAndSetChildDomain (1ms)
	RebuildCommonClasses (21ms)
	RebuildNativeTypeToScriptingClass (7ms)
	initialDomainReloadingComplete (36ms)
	LoadAllAssembliesAndSetupDomain (86ms)
		LoadAssemblies (65ms)
		RebuildTransferFunctionScriptingTraits (0ms)
		AnalyzeDomain (85ms)
			TypeCache.Refresh (84ms)
				TypeCache.ScanAssembly (75ms)
			ScanForSourceGeneratedMonoScriptInfo (0ms)
			ResolveRequiredComponents (0ms)
	FinalizeReload (165ms)
		ReleaseScriptCaches (0ms)
		RebuildScriptCaches (0ms)
		SetupLoadedEditorAssemblies (131ms)
			LogAssemblyErrors (0ms)
			InitializePlatformSupportModulesInManaged (7ms)
			SetLoadedEditorAssemblies (3ms)
			RefreshPlugins (0ms)
			BeforeProcessingInitializeOnLoad (1ms)
			ProcessInitializeOnLoadAttributes (91ms)
			ProcessInitializeOnLoadMethodAttributes (29ms)
			AfterProcessingInitializeOnLoad (0ms)
			EditorAssembliesLoaded (0ms)
		ExecutionOrderSort2 (0ms)
		AwakeInstancesAfterBackupRestoration (0ms)
========================================================================
Worker process is ready to serve import requests
Begin MonoManager ReloadAssembly
- Loaded All Assemblies, in  0.485 seconds
Refreshing native plugins compatible for Editor in 4.17 ms, found 4 plugins.
Native extension for WindowsStandalone target not found
Native extension for WebGL target not found
Package Manager log level set to [2]
[Package Manager] Server::EnsureServerProcessIsRunning -- launch failed, reason: Unity was launched with the -noUpm command-line argument
[Package Manager] UpmClient::Send -- Unable to send message (not connected to UPM process).
[Package Manager] Cannot connect to Unity Package Manager local server
Mono: successfully reloaded assembly
- Finished resetting the current domain, in  0.535 seconds
Domain Reload Profiling: 1018ms
	BeginReloadAssembly (112ms)
		ExecutionOrderSort (0ms)
		DisableScriptedObjects (3ms)
		BackupInstance (0ms)
		ReleaseScriptingObjects (0ms)
		CreateAndSetChildDomain (23ms)
	RebuildCommonClasses (23ms)
	RebuildNativeTypeToScriptingClass (6ms)
	initialDomainReloadingComplete (27ms)
	LoadAllAssembliesAndSetupDomain (315ms)
		LoadAssemblies (239ms)
		RebuildTransferFunctionScriptingTraits (0ms)
		AnalyzeDomain (138ms)
			TypeCache.Refresh (109ms)
				TypeCache.ScanAssembly (98ms)
			ScanForSourceGeneratedMonoScriptInfo (20ms)
			ResolveRequiredComponents (8ms)
	FinalizeReload (536ms)
		ReleaseScriptCaches (0ms)
		RebuildScriptCaches (0ms)
		SetupLoadedEditorAssemblies (421ms)
			LogAssemblyErrors (0ms)
			InitializePlatformSupportModulesInManaged (6ms)
			SetLoadedEditorAssemblies (3ms)
			RefreshPlugins (0ms)
			BeforeProcessingInitializeOnLoad (62ms)
			ProcessInitializeOnLoadAttributes (293ms)
			ProcessInitializeOnLoadMethodAttributes (52ms)
			AfterProcessingInitializeOnLoad (5ms)
			EditorAssembliesLoaded (0ms)
		ExecutionOrderSort2 (0ms)
		AwakeInstancesAfterBackupRestoration (4ms)
Launched and connected shader compiler UnityShaderCompiler.exe after 0.04 seconds
Refreshing native plugins compatible for Editor in 3.86 ms, found 4 plugins.
Preloading 0 native plugins for Editor in 0.00 ms.
Unloading 5851 Unused Serialized files (Serialized files now loaded: 0)
Unloading 113 unused Assets / (0.9 MB). Loaded Objects now: 6310.
Memory consumption went from 227.1 MB to 226.2 MB.
Total: 3.400600 ms (FindLiveObjects: 0.483300 ms CreateObjectMapping: 0.096500 ms MarkObjects: 2.359600 ms  DeleteObjects: 0.459900 ms)

AssetImportParameters requested are different than current active one (requested -> active):
  custom:container-demuxer-ogg: 62fdf1f143b41e24485cea50d1cbac27 -> 
  custom:video-codec-MediaFoundation-h265: 746d11721c4dcdbdad8f713fa42b33f4 -> 
  custom:video-decoder-ogg-theora: a1e56fd34408186e4bbccfd4996cb3dc -> 
  custom:framework-win-MediaFoundation: 216162199b28c13a410421893ffa2e32 -> 
  custom:CustomObjectIndexerAttribute: 72b91833f83ae208fae7752999fa3104 -> 
  custom:container-demuxer-webm: 4f35f7cbe854078d1ac9338744f61a02 -> 
  custom:container-muxer-webm: aa71ff27fc2769a1b78a27578f13a17b -> 
  custom:video-decoder-webm-vp8: 9c59270c3fd7afecdb556c50c9e8de78 -> 
  custom:SearchIndexIgnoredProperties: e643bd26f0fe6173181afceb89e7c659 -> 
  custom:AudioImporter_EditorPlatform: d09bf68614088b80899f8185d706f6e7 -> 
  custom:video-encoder-webm-vp8: eb34c28f22e8b96e1ab97ce403110664 -> 
  custom:audio-decoder-ogg-vorbis: bf7c407c2cedff20999df2af8eb42d56 -> 
  custom:audio-encoder-webm-vorbis: bf7c407c2cedff20999df2af8eb42d56 -> 
========================================================================
Received Import Request.
  Time since last request: 277978.299852 seconds.
  path: Assets/Prefabs/Rooms/TestRooms/UpLocations/TestRoom1.prefab
  artifactKey: Guid(19b29749652c92f4facf6c972c5484ca) Importer(815301076,1909f56bfc062723c751e8b465ee728b)
Start importing Assets/Prefabs/Rooms/TestRooms/UpLocations/TestRoom1.prefab using Guid(19b29749652c92f4facf6c972c5484ca) Importer(815301076,1909f56bfc062723c751e8b465ee728b)  -> (artifact id: 'f66d1a7958ed3e5f582a6b882cf18d2d') in 0.291255 seconds
Number of updated asset objects reloaded before import = 0
Number of asset objects unloaded after import = 3191
========================================================================
Received Import Request.
  Time since last request: 12.511973 seconds.
  path: Assets/Prefabs/Rooms/TestRooms/UpLocations/TestRoom1.prefab
  artifactKey: Guid(19b29749652c92f4facf6c972c5484ca) Importer(815301076,1909f56bfc062723c751e8b465ee728b)
Start importing Assets/Prefabs/Rooms/TestRooms/UpLocations/TestRoom1.prefab using Guid(19b29749652c92f4facf6c972c5484ca) Importer(815301076,1909f56bfc062723c751e8b465ee728b)  -> (artifact id: '6287c2e9030fa5f0b0411247c796e333') in 0.067871 seconds
Number of updated asset objects reloaded before import = 0
Number of asset objects unloaded after import = 3190
========================================================================
Received Import Request.
  Time since last request: 0.000032 seconds.
  path: Assets/Prefabs/Rooms/TestRooms/UpLocations/TestRoom4.prefab
  artifactKey: Guid(e2d1fdc0b0d21824fa4ad5e83652e5e6) Importer(815301076,1909f56bfc062723c751e8b465ee728b)
Start importing Assets/Prefabs/Rooms/TestRooms/UpLocations/TestRoom4.prefab using Guid(e2d1fdc0b0d21824fa4ad5e83652e5e6) Importer(815301076,1909f56bfc062723c751e8b465ee728b)  -> (artifact id: '65b70d538f9a6a35eb1a02759908fe04') in 0.061069 seconds
Number of updated asset objects reloaded before import = 0
Number of asset objects unloaded after import = 3399
========================================================================
Received Import Request.
  Time since last request: 1.634894 seconds.
  path: Assets/Prefabs/Rooms/TestRooms/UpLocations/TestRoom1.prefab
  artifactKey: Guid(19b29749652c92f4facf6c972c5484ca) Importer(815301076,1909f56bfc062723c751e8b465ee728b)
Start importing Assets/Prefabs/Rooms/TestRooms/UpLocations/TestRoom1.prefab using Guid(19b29749652c92f4facf6c972c5484ca) Importer(815301076,1909f56bfc062723c751e8b465ee728b)  -> (artifact id: '452297a7e221872267e91b3501959596') in 0.064741 seconds
Number of updated asset objects reloaded before import = 0
Number of asset objects unloaded after import = 3190
========================================================================
Received Import Request.
  Time since last request: 0.000033 seconds.
  path: Assets/Prefabs/Rooms/TestRooms/UpLocations/TestRoom4.prefab
  artifactKey: Guid(e2d1fdc0b0d21824fa4ad5e83652e5e6) Importer(815301076,1909f56bfc062723c751e8b465ee728b)
Start importing Assets/Prefabs/Rooms/TestRooms/UpLocations/TestRoom4.prefab using Guid(e2d1fdc0b0d21824fa4ad5e83652e5e6) Importer(815301076,1909f56bfc062723c751e8b465ee728b)  -> (artifact id: 'ffb7f9fcf10003d61ae7e3c8cdd68912') in 0.060525 seconds
Number of updated asset objects reloaded before import = 0
Number of asset objects unloaded after import = 3399
========================================================================
Received Import Request.
  Time since last request: 5.146604 seconds.
  path: Assets/Prefabs/Rooms/TestRooms/UpLocations/TestRoom1.prefab
  artifactKey: Guid(19b29749652c92f4facf6c972c5484ca) Importer(815301076,1909f56bfc062723c751e8b465ee728b)
Start importing Assets/Prefabs/Rooms/TestRooms/UpLocations/TestRoom1.prefab using Guid(19b29749652c92f4facf6c972c5484ca) Importer(815301076,1909f56bfc062723c751e8b465ee728b)  -> (artifact id: '43f2a7157d108fa9f1451aa67faebe3b') in 0.067709 seconds
Number of updated asset objects reloaded before import = 0
Number of asset objects unloaded after import = 3190
========================================================================
Received Import Request.
  Time since last request: 14.198553 seconds.
  path: Assets/Prefabs/Rooms/TestRooms/UpLocations/TestRoom1.prefab
  artifactKey: Guid(19b29749652c92f4facf6c972c5484ca) Importer(815301076,1909f56bfc062723c751e8b465ee728b)
Start importing Assets/Prefabs/Rooms/TestRooms/UpLocations/TestRoom1.prefab using Guid(19b29749652c92f4facf6c972c5484ca) Importer(815301076,1909f56bfc062723c751e8b465ee728b)  -> (artifact id: '0b7f813f814e79c6fb29c69d9dad666b') in 0.068478 seconds
Number of updated asset objects reloaded before import = 0
Number of asset objects unloaded after import = 3190
========================================================================
Received Import Request.
  Time since last request: 5.011838 seconds.
  path: Assets/Prefabs/Rooms/TestRooms/UpLocations/TestRoom1.prefab
  artifactKey: Guid(19b29749652c92f4facf6c972c5484ca) Importer(815301076,1909f56bfc062723c751e8b465ee728b)
Start importing Assets/Prefabs/Rooms/TestRooms/UpLocations/TestRoom1.prefab using Guid(19b29749652c92f4facf6c972c5484ca) Importer(815301076,1909f56bfc062723c751e8b465ee728b)  -> (artifact id: '879bc2310f798854a14359ea394fde55') in 0.067623 seconds
Number of updated asset objects reloaded before import = 0
Number of asset objects unloaded after import = 3399
========================================================================
Received Import Request.
  Time since last request: 19.108989 seconds.
  path: Assets/Prefabs/Rooms/TestRooms/UpLocations/TestRoom1.prefab
  artifactKey: Guid(19b29749652c92f4facf6c972c5484ca) Importer(815301076,1909f56bfc062723c751e8b465ee728b)
Start importing Assets/Prefabs/Rooms/TestRooms/UpLocations/TestRoom1.prefab using Guid(19b29749652c92f4facf6c972c5484ca) Importer(815301076,1909f56bfc062723c751e8b465ee728b)  -> (artifact id: 'f59e9bd6fec6873fb590f72ea939b585') in 0.073464 seconds
Number of updated asset objects reloaded before import = 0
Number of asset objects unloaded after import = 3399
========================================================================
Received Import Request.
  Time since last request: 0.000038 seconds.
  path: Assets/Prefabs/Rooms/TestRooms/UpLocations/TestRoom4.prefab
  artifactKey: Guid(e2d1fdc0b0d21824fa4ad5e83652e5e6) Importer(815301076,1909f56bfc062723c751e8b465ee728b)
Start importing Assets/Prefabs/Rooms/TestRooms/UpLocations/TestRoom4.prefab using Guid(e2d1fdc0b0d21824fa4ad5e83652e5e6) Importer(815301076,1909f56bfc062723c751e8b465ee728b)  -> (artifact id: 'e419f478330ece5a6d38958764951595') in 0.067431 seconds
Number of updated asset objects reloaded before import = 0
Number of asset objects unloaded after import = 3399
========================================================================
Received Import Request.
  Time since last request: 5.458744 seconds.
  path: Assets/Prefabs/Rooms/TestRooms/UpLocations/TestRoom1.prefab
  artifactKey: Guid(19b29749652c92f4facf6c972c5484ca) Importer(815301076,1909f56bfc062723c751e8b465ee728b)
Start importing Assets/Prefabs/Rooms/TestRooms/UpLocations/TestRoom1.prefab using Guid(19b29749652c92f4facf6c972c5484ca) Importer(815301076,1909f56bfc062723c751e8b465ee728b)  -> (artifact id: '3f2250ebcd2d30dee5f13b8539fa191f') in 0.077892 seconds
Number of updated asset objects reloaded before import = 0
Number of asset objects unloaded after import = 3361
========================================================================
Received Import Request.
  Time since last request: 0.306526 seconds.
  path: Assets/Prefabs/Rooms/TestRooms/UpLocations/TestRoom1.prefab
  artifactKey: Guid(19b29749652c92f4facf6c972c5484ca) Importer(815301076,1909f56bfc062723c751e8b465ee728b)
Start importing Assets/Prefabs/Rooms/TestRooms/UpLocations/TestRoom1.prefab using Guid(19b29749652c92f4facf6c972c5484ca) Importer(815301076,1909f56bfc062723c751e8b465ee728b)  -> (artifact id: '54244842eb688e09acd7b161c24c1539') in 0.087816 seconds
Number of updated asset objects reloaded before import = 0
Number of asset objects unloaded after import = 3399
========================================================================
Received Import Request.
  Time since last request: 2.312981 seconds.
  path: Assets/Prefabs/Rooms/TestRooms/StartRoom.prefab
  artifactKey: Guid(d357cdcab7f756747ada659a6dd53fbb) Importer(815301076,1909f56bfc062723c751e8b465ee728b)
Start importing Assets/Prefabs/Rooms/TestRooms/StartRoom.prefab using Guid(d357cdcab7f756747ada659a6dd53fbb) Importer(815301076,1909f56bfc062723c751e8b465ee728b)  -> (artifact id: '43ed43fc52db26153798bb47c85f3276') in 0.069771 seconds
Number of updated asset objects reloaded before import = 0
Number of asset objects unloaded after import = 3670
========================================================================
Received Import Request.
  Time since last request: 9.709389 seconds.
  path: Assets/Prefabs/Rooms/TestRooms/UpLocations/TestRoom1.prefab
  artifactKey: Guid(19b29749652c92f4facf6c972c5484ca) Importer(815301076,1909f56bfc062723c751e8b465ee728b)
Start importing Assets/Prefabs/Rooms/TestRooms/UpLocations/TestRoom1.prefab using Guid(19b29749652c92f4facf6c972c5484ca) Importer(815301076,1909f56bfc062723c751e8b465ee728b)  -> (artifact id: '45be839c5793fa8170cfda42f93d23e1') in 0.071758 seconds
Number of updated asset objects reloaded before import = 0
Number of asset objects unloaded after import = 3361
========================================================================
Received Import Request.
  Time since last request: 0.000030 seconds.
  path: Assets/Prefabs/Rooms/TestRooms/UpLocations/TestRoom4.prefab
  artifactKey: Guid(e2d1fdc0b0d21824fa4ad5e83652e5e6) Importer(815301076,1909f56bfc062723c751e8b465ee728b)
Start importing Assets/Prefabs/Rooms/TestRooms/UpLocations/TestRoom4.prefab using Guid(e2d1fdc0b0d21824fa4ad5e83652e5e6) Importer(815301076,1909f56bfc062723c751e8b465ee728b)  -> (artifact id: '9c0c085a3672d5f3f8066cac124c6354') in 0.062254 seconds
Number of updated asset objects reloaded before import = 0
Number of asset objects unloaded after import = 3361
========================================================================
Received Import Request.
  Time since last request: 9.169158 seconds.
  path: Assets/Prefabs/Rooms/TestRooms/UpLocations/TestRoom1.prefab
  artifactKey: Guid(19b29749652c92f4facf6c972c5484ca) Importer(815301076,1909f56bfc062723c751e8b465ee728b)
Start importing Assets/Prefabs/Rooms/TestRooms/UpLocations/TestRoom1.prefab using Guid(19b29749652c92f4facf6c972c5484ca) Importer(815301076,1909f56bfc062723c751e8b465ee728b)  -> (artifact id: '00b6a18f2d35358bbc17a02f402fcafa') in 0.070465 seconds
Number of updated asset objects reloaded before import = 0
Number of asset objects unloaded after import = 3361
========================================================================
Received Import Request.
  Time since last request: 0.000033 seconds.
  path: Assets/Prefabs/Rooms/TestRooms/UpLocations/TestRoom4.prefab
  artifactKey: Guid(e2d1fdc0b0d21824fa4ad5e83652e5e6) Importer(815301076,1909f56bfc062723c751e8b465ee728b)
Start importing Assets/Prefabs/Rooms/TestRooms/UpLocations/TestRoom4.prefab using Guid(e2d1fdc0b0d21824fa4ad5e83652e5e6) Importer(815301076,1909f56bfc062723c751e8b465ee728b)  -> (artifact id: 'e40663858e3cf4e8a582f94fa70a7913') in 0.091717 seconds
Number of updated asset objects reloaded before import = 0
Number of asset objects unloaded after import = 3361
========================================================================
Received Import Request.
  Time since last request: 10.846009 seconds.
  path: Assets/Prefabs/Objects/GravityFloor.prefab
  artifactKey: Guid(25548d7e6ded90b41a9c651ecd344194) Importer(815301076,1909f56bfc062723c751e8b465ee728b)
Start importing Assets/Prefabs/Objects/GravityFloor.prefab using Guid(25548d7e6ded90b41a9c651ecd344194) Importer(815301076,1909f56bfc062723c751e8b465ee728b)  -> (artifact id: '8d5964c3e701d279b3694ad950ac9594') in 0.017039 seconds
Number of updated asset objects reloaded before import = 0
Number of asset objects unloaded after import = 69
========================================================================
Received Import Request.
  Time since last request: 3.701899 seconds.
  path: Assets/Prefabs/Objects/GravityFloor.prefab
  artifactKey: Guid(25548d7e6ded90b41a9c651ecd344194) Importer(815301076,1909f56bfc062723c751e8b465ee728b)
Start importing Assets/Prefabs/Objects/GravityFloor.prefab using Guid(25548d7e6ded90b41a9c651ecd344194) Importer(815301076,1909f56bfc062723c751e8b465ee728b)  -> (artifact id: '49db31a9a1180656e9fd6302c013572f') in 0.019423 seconds
Number of updated asset objects reloaded before import = 0
Number of asset objects unloaded after import = 67
========================================================================
Received Import Request.
  Time since last request: 6.094199 seconds.
  path: Assets/Prefabs/Rooms/TestRooms/StartRoom.prefab
  artifactKey: Guid(d357cdcab7f756747ada659a6dd53fbb) Importer(815301076,1909f56bfc062723c751e8b465ee728b)
Start importing Assets/Prefabs/Rooms/TestRooms/StartRoom.prefab using Guid(d357cdcab7f756747ada659a6dd53fbb) Importer(815301076,1909f56bfc062723c751e8b465ee728b)  -> (artifact id: '8f068c4ed097d408b206463bc03068a1') in 0.065230 seconds
Number of updated asset objects reloaded before import = 0
Number of asset objects unloaded after import = 3656
========================================================================
Received Import Request.
  Time since last request: 0.747996 seconds.
  path: Assets/Prefabs/Rooms/TestRooms/UpLocations/TestRoom1.prefab
  artifactKey: Guid(19b29749652c92f4facf6c972c5484ca) Importer(815301076,1909f56bfc062723c751e8b465ee728b)
Start importing Assets/Prefabs/Rooms/TestRooms/UpLocations/TestRoom1.prefab using Guid(19b29749652c92f4facf6c972c5484ca) Importer(815301076,1909f56bfc062723c751e8b465ee728b)  -> (artifact id: '796cf84633954e2d1e20be614a9ea4ee') in 0.064423 seconds
Number of updated asset objects reloaded before import = 0
Number of asset objects unloaded after import = 3347
========================================================================
Received Import Request.
  Time since last request: 7.641925 seconds.
  path: Assets/Prefabs/Rooms/TestRooms/UpLocations/TestRoom1.prefab
  artifactKey: Guid(19b29749652c92f4facf6c972c5484ca) Importer(815301076,1909f56bfc062723c751e8b465ee728b)
Start importing Assets/Prefabs/Rooms/TestRooms/UpLocations/TestRoom1.prefab using Guid(19b29749652c92f4facf6c972c5484ca) Importer(815301076,1909f56bfc062723c751e8b465ee728b)  -> (artifact id: 'e11f04923b9aa167a5b489a531f9c1ce') in 0.068258 seconds
Number of updated asset objects reloaded before import = 0
Number of asset objects unloaded after import = 3310
========================================================================
Received Import Request.
  Time since last request: 0.000032 seconds.
  path: Assets/Prefabs/Rooms/TestRooms/UpLocations/TestRoom4.prefab
  artifactKey: Guid(e2d1fdc0b0d21824fa4ad5e83652e5e6) Importer(815301076,1909f56bfc062723c751e8b465ee728b)
Start importing Assets/Prefabs/Rooms/TestRooms/UpLocations/TestRoom4.prefab using Guid(e2d1fdc0b0d21824fa4ad5e83652e5e6) Importer(815301076,1909f56bfc062723c751e8b465ee728b)  -> (artifact id: '16e9fbb301a83117a2a09569e5205a18') in 0.065473 seconds
Number of updated asset objects reloaded before import = 0
Number of asset objects unloaded after import = 3310
========================================================================
Received Import Request.
  Time since last request: 0.626829 seconds.
  path: Assets/Prefabs/Rooms/TestRooms/UpLocations/TestRoom1.prefab
  artifactKey: Guid(19b29749652c92f4facf6c972c5484ca) Importer(815301076,1909f56bfc062723c751e8b465ee728b)
Start importing Assets/Prefabs/Rooms/TestRooms/UpLocations/TestRoom1.prefab using Guid(19b29749652c92f4facf6c972c5484ca) Importer(815301076,1909f56bfc062723c751e8b465ee728b)  -> (artifact id: '994cffe45b642479e1a7bc357ef678cb') in 0.073772 seconds
Number of updated asset objects reloaded before import = 0
Number of asset objects unloaded after import = 3349
========================================================================
Received Import Request.
  Time since last request: 5.550142 seconds.
  path: Assets/Prefabs/Rooms/TestRooms/UpLocations/TestRoom1.prefab
  artifactKey: Guid(19b29749652c92f4facf6c972c5484ca) Importer(815301076,1909f56bfc062723c751e8b465ee728b)
Start importing Assets/Prefabs/Rooms/TestRooms/UpLocations/TestRoom1.prefab using Guid(19b29749652c92f4facf6c972c5484ca) Importer(815301076,1909f56bfc062723c751e8b465ee728b)  -> (artifact id: 'e817e1270762508db5bbfb24cf51dc96') in 0.074048 seconds
Number of updated asset objects reloaded before import = 0
Number of asset objects unloaded after import = 3349
========================================================================
Received Import Request.
  Time since last request: 31.480200 seconds.
  path: Assets/Prefabs/Rooms/TestRooms/StartRoom.prefab
  artifactKey: Guid(d357cdcab7f756747ada659a6dd53fbb) Importer(815301076,1909f56bfc062723c751e8b465ee728b)
Start importing Assets/Prefabs/Rooms/TestRooms/StartRoom.prefab using Guid(d357cdcab7f756747ada659a6dd53fbb) Importer(815301076,1909f56bfc062723c751e8b465ee728b)  -> (artifact id: 'df91aca2dc2653fc4675880ef66389eb') in 0.072486 seconds
Number of updated asset objects reloaded before import = 0
Number of asset objects unloaded after import = 3658
========================================================================
Received Import Request.
  Time since last request: 6.945621 seconds.
  path: Assets/Prefabs/Rooms/TestRooms/UpLocations/TestRoom1.prefab
  artifactKey: Guid(19b29749652c92f4facf6c972c5484ca) Importer(815301076,1909f56bfc062723c751e8b465ee728b)
Start importing Assets/Prefabs/Rooms/TestRooms/UpLocations/TestRoom1.prefab using Guid(19b29749652c92f4facf6c972c5484ca) Importer(815301076,1909f56bfc062723c751e8b465ee728b)  -> (artifact id: '4b5918626a6416e8552805d739ae057b') in 0.075051 seconds
Number of updated asset objects reloaded before import = 0
Number of asset objects unloaded after import = 3312
========================================================================
Received Import Request.
  Time since last request: 1.331522 seconds.
  path: Assets/Prefabs/Rooms/TestRooms/UpLocations/TestRoom1.prefab
  artifactKey: Guid(19b29749652c92f4facf6c972c5484ca) Importer(815301076,1909f56bfc062723c751e8b465ee728b)
Start importing Assets/Prefabs/Rooms/TestRooms/UpLocations/TestRoom1.prefab using Guid(19b29749652c92f4facf6c972c5484ca) Importer(815301076,1909f56bfc062723c751e8b465ee728b)  -> (artifact id: 'df40f9e220ef69fc85380dbe9ae1e733') in 0.081885 seconds
Number of updated asset objects reloaded before import = 0
Number of asset objects unloaded after import = 3350
========================================================================
Received Import Request.
  Time since last request: 0.000034 seconds.
  path: Assets/Prefabs/Rooms/TestRooms/UpLocations/TestRoom4.prefab
  artifactKey: Guid(e2d1fdc0b0d21824fa4ad5e83652e5e6) Importer(815301076,1909f56bfc062723c751e8b465ee728b)
Start importing Assets/Prefabs/Rooms/TestRooms/UpLocations/TestRoom4.prefab using Guid(e2d1fdc0b0d21824fa4ad5e83652e5e6) Importer(815301076,1909f56bfc062723c751e8b465ee728b)  -> (artifact id: 'a137727a5a4db2b14b0d8d8d3d5e85ac') in 0.066357 seconds
Number of updated asset objects reloaded before import = 0
Number of asset objects unloaded after import = 3350
========================================================================
Received Import Request.
  Time since last request: 3.895933 seconds.
  path: Assets/Prefabs/Rooms/TestRooms/UpLocations/TestRoom1.prefab
  artifactKey: Guid(19b29749652c92f4facf6c972c5484ca) Importer(815301076,1909f56bfc062723c751e8b465ee728b)
Start importing Assets/Prefabs/Rooms/TestRooms/UpLocations/TestRoom1.prefab using Guid(19b29749652c92f4facf6c972c5484ca) Importer(815301076,1909f56bfc062723c751e8b465ee728b)  -> (artifact id: 'a4eda149ca3232d69d990db9457a19e2') in 0.066688 seconds
Number of updated asset objects reloaded before import = 0
Number of asset objects unloaded after import = 3350
========================================================================
Received Import Request.
  Time since last request: 5.693088 seconds.
  path: Assets/Prefabs/Rooms/TestRooms/UpLocations/TestRoom1.prefab
  artifactKey: Guid(19b29749652c92f4facf6c972c5484ca) Importer(815301076,1909f56bfc062723c751e8b465ee728b)
Start importing Assets/Prefabs/Rooms/TestRooms/UpLocations/TestRoom1.prefab using Guid(19b29749652c92f4facf6c972c5484ca) Importer(815301076,1909f56bfc062723c751e8b465ee728b)  -> (artifact id: '1cb55d076a98050b8aba63b3e8ce33bc') in 0.073633 seconds
Number of updated asset objects reloaded before import = 0
Number of asset objects unloaded after import = 3349
========================================================================
Received Import Request.
  Time since last request: 7.663973 seconds.
  path: Assets/Prefabs/Rooms/TestRooms/UpLocations/TestRoom1.prefab
  artifactKey: Guid(19b29749652c92f4facf6c972c5484ca) Importer(815301076,1909f56bfc062723c751e8b465ee728b)
Start importing Assets/Prefabs/Rooms/TestRooms/UpLocations/TestRoom1.prefab using Guid(19b29749652c92f4facf6c972c5484ca) Importer(815301076,1909f56bfc062723c751e8b465ee728b)  -> (artifact id: 'e0e77d801526801db1704f3e89293991') in 0.070802 seconds
Number of updated asset objects reloaded before import = 0
Number of asset objects unloaded after import = 3347
========================================================================
Received Import Request.
  Time since last request: 21.459897 seconds.
  path: Assets/Prefabs/Rooms/TestRooms/UpLocations/TestRoom1.prefab
  artifactKey: Guid(19b29749652c92f4facf6c972c5484ca) Importer(815301076,1909f56bfc062723c751e8b465ee728b)
Start importing Assets/Prefabs/Rooms/TestRooms/UpLocations/TestRoom1.prefab using Guid(19b29749652c92f4facf6c972c5484ca) Importer(815301076,1909f56bfc062723c751e8b465ee728b)  -> (artifact id: 'f8532c0474b5240d67f1fedb4bc5c3ea') in 0.075052 seconds
Number of updated asset objects reloaded before import = 0
Number of asset objects unloaded after import = 3386
========================================================================
Received Import Request.
  Time since last request: 0.000036 seconds.
  path: Assets/Prefabs/Rooms/TestRooms/UpLocations/TestRoom4.prefab
  artifactKey: Guid(e2d1fdc0b0d21824fa4ad5e83652e5e6) Importer(815301076,1909f56bfc062723c751e8b465ee728b)
Start importing Assets/Prefabs/Rooms/TestRooms/UpLocations/TestRoom4.prefab using Guid(e2d1fdc0b0d21824fa4ad5e83652e5e6) Importer(815301076,1909f56bfc062723c751e8b465ee728b)  -> (artifact id: '90e5fbe91d1ed1ad3d2c7fb1299c1b34') in 0.068418 seconds
Number of updated asset objects reloaded before import = 0
Number of asset objects unloaded after import = 3386
========================================================================
Received Import Request.
  Time since last request: 3.842783 seconds.
  path: Assets/Prefabs/Rooms/TestRooms/UpLocations/TestRoom1.prefab
  artifactKey: Guid(19b29749652c92f4facf6c972c5484ca) Importer(815301076,1909f56bfc062723c751e8b465ee728b)
Start importing Assets/Prefabs/Rooms/TestRooms/UpLocations/TestRoom1.prefab using Guid(19b29749652c92f4facf6c972c5484ca) Importer(815301076,1909f56bfc062723c751e8b465ee728b)  -> (artifact id: '461720f38734b40f79a8b05322201ed6') in 0.071918 seconds
Number of updated asset objects reloaded before import = 0
Number of asset objects unloaded after import = 3386
========================================================================
Received Import Request.
  Time since last request: 0.000035 seconds.
  path: Assets/Prefabs/Rooms/TestRooms/UpLocations/TestRoom4.prefab
  artifactKey: Guid(e2d1fdc0b0d21824fa4ad5e83652e5e6) Importer(815301076,1909f56bfc062723c751e8b465ee728b)
Start importing Assets/Prefabs/Rooms/TestRooms/UpLocations/TestRoom4.prefab using Guid(e2d1fdc0b0d21824fa4ad5e83652e5e6) Importer(815301076,1909f56bfc062723c751e8b465ee728b)  -> (artifact id: '823360b611b12a711f17be2890144902') in 0.071347 seconds
Number of updated asset objects reloaded before import = 0
Number of asset objects unloaded after import = 3386
========================================================================
Received Import Request.
  Time since last request: 4.626349 seconds.
  path: Assets/Prefabs/Rooms/TestRooms/UpLocations/TestRoom1.prefab
  artifactKey: Guid(19b29749652c92f4facf6c972c5484ca) Importer(815301076,1909f56bfc062723c751e8b465ee728b)
Start importing Assets/Prefabs/Rooms/TestRooms/UpLocations/TestRoom1.prefab using Guid(19b29749652c92f4facf6c972c5484ca) Importer(815301076,1909f56bfc062723c751e8b465ee728b)  -> (artifact id: 'a36a81c3a2781be94030cecb00f09cbc') in 0.074848 seconds
Number of updated asset objects reloaded before import = 0
Number of asset objects unloaded after import = 3384
========================================================================
Received Prepare
Begin MonoManager ReloadAssembly
- Loaded All Assemblies, in  0.387 seconds
Refreshing native plugins compatible for Editor in 4.00 ms, found 4 plugins.
Native extension for WindowsStandalone target not found
Native extension for WebGL target not found
[Package Manager] Server::EnsureServerProcessIsRunning -- launch failed, reason: Unity was launched with the -noUpm command-line argument
[Package Manager] UpmClient::Send -- Unable to send message (not connected to UPM process).
[Package Manager] Cannot connect to Unity Package Manager local server
Mono: successfully reloaded assembly
- Finished resetting the current domain, in  1.390 seconds
Domain Reload Profiling: 1774ms
	BeginReloadAssembly (144ms)
		ExecutionOrderSort (0ms)
		DisableScriptedObjects (12ms)
		BackupInstance (0ms)
		ReleaseScriptingObjects (0ms)
		CreateAndSetChildDomain (41ms)
	RebuildCommonClasses (25ms)
	RebuildNativeTypeToScriptingClass (7ms)
	initialDomainReloadingComplete (23ms)
	LoadAllAssembliesAndSetupDomain (184ms)
		LoadAssemblies (233ms)
		RebuildTransferFunctionScriptingTraits (0ms)
		AnalyzeDomain (15ms)
			TypeCache.Refresh (4ms)
				TypeCache.ScanAssembly (0ms)
			ScanForSourceGeneratedMonoScriptInfo (0ms)
			ResolveRequiredComponents (10ms)
	FinalizeReload (1391ms)
		ReleaseScriptCaches (0ms)
		RebuildScriptCaches (0ms)
		SetupLoadedEditorAssemblies (564ms)
			LogAssemblyErrors (0ms)
			InitializePlatformSupportModulesInManaged (8ms)
			SetLoadedEditorAssemblies (6ms)
			RefreshPlugins (0ms)
			BeforeProcessingInitializeOnLoad (90ms)
			ProcessInitializeOnLoadAttributes (381ms)
			ProcessInitializeOnLoadMethodAttributes (71ms)
			AfterProcessingInitializeOnLoad (7ms)
			EditorAssembliesLoaded (0ms)
		ExecutionOrderSort2 (0ms)
		AwakeInstancesAfterBackupRestoration (17ms)
Refreshing native plugins compatible for Editor in 6.36 ms, found 4 plugins.
Preloading 0 native plugins for Editor in 0.00 ms.
Unloading 5711 Unused Serialized files (Serialized files now loaded: 0)
Unloading 65 unused Assets / (0.9 MB). Loaded Objects now: 6375.
Memory consumption went from 208.7 MB to 207.8 MB.
Total: 6.370700 ms (FindLiveObjects: 0.687800 ms CreateObjectMapping: 0.360900 ms MarkObjects: 4.504800 ms  DeleteObjects: 0.815900 ms)

Prepare: number of updated asset objects reloaded= 0
AssetImportParameters requested are different than current active one (requested -> active):
  custom:container-demuxer-ogg: 62fdf1f143b41e24485cea50d1cbac27 -> 
  custom:video-codec-MediaFoundation-h265: 746d11721c4dcdbdad8f713fa42b33f4 -> 
  custom:video-decoder-ogg-theora: a1e56fd34408186e4bbccfd4996cb3dc -> 
  custom:framework-win-MediaFoundation: 216162199b28c13a410421893ffa2e32 -> 
  custom:CustomObjectIndexerAttribute: 72b91833f83ae208fae7752999fa3104 -> 
  custom:container-demuxer-webm: 4f35f7cbe854078d1ac9338744f61a02 -> 
  custom:container-muxer-webm: aa71ff27fc2769a1b78a27578f13a17b -> 
  custom:video-decoder-webm-vp8: 9c59270c3fd7afecdb556c50c9e8de78 -> 
  custom:SearchIndexIgnoredProperties: e643bd26f0fe6173181afceb89e7c659 -> 
  custom:AudioImporter_EditorPlatform: d09bf68614088b80899f8185d706f6e7 -> 
  custom:video-encoder-webm-vp8: eb34c28f22e8b96e1ab97ce403110664 -> 
  custom:audio-decoder-ogg-vorbis: bf7c407c2cedff20999df2af8eb42d56 -> 
  custom:audio-encoder-webm-vorbis: bf7c407c2cedff20999df2af8eb42d56 -> 
========================================================================
Received Prepare
Begin MonoManager ReloadAssembly
- Loaded All Assemblies, in  0.377 seconds
Refreshing native plugins compatible for Editor in 4.46 ms, found 4 plugins.
Native extension for WindowsStandalone target not found
Native extension for WebGL target not found
[Package Manager] Server::EnsureServerProcessIsRunning -- launch failed, reason: Unity was launched with the -noUpm command-line argument
[Package Manager] UpmClient::Send -- Unable to send message (not connected to UPM process).
[Package Manager] Cannot connect to Unity Package Manager local server
Mono: successfully reloaded assembly
- Finished resetting the current domain, in  1.341 seconds
Domain Reload Profiling: 1715ms
	BeginReloadAssembly (133ms)
		ExecutionOrderSort (0ms)
		DisableScriptedObjects (7ms)
		BackupInstance (0ms)
		ReleaseScriptingObjects (0ms)
		CreateAndSetChildDomain (37ms)
	RebuildCommonClasses (21ms)
	RebuildNativeTypeToScriptingClass (7ms)
	initialDomainReloadingComplete (21ms)
	LoadAllAssembliesAndSetupDomain (190ms)
		LoadAssemblies (239ms)
		RebuildTransferFunctionScriptingTraits (0ms)
		AnalyzeDomain (14ms)
			TypeCache.Refresh (5ms)
				TypeCache.ScanAssembly (0ms)
			ScanForSourceGeneratedMonoScriptInfo (0ms)
			ResolveRequiredComponents (8ms)
	FinalizeReload (1342ms)
		ReleaseScriptCaches (0ms)
		RebuildScriptCaches (0ms)
		SetupLoadedEditorAssemblies (557ms)
			LogAssemblyErrors (0ms)
			InitializePlatformSupportModulesInManaged (7ms)
			SetLoadedEditorAssemblies (6ms)
			RefreshPlugins (0ms)
			BeforeProcessingInitializeOnLoad (90ms)
			ProcessInitializeOnLoadAttributes (379ms)
			ProcessInitializeOnLoadMethodAttributes (69ms)
			AfterProcessingInitializeOnLoad (7ms)
			EditorAssembliesLoaded (1ms)
		ExecutionOrderSort2 (0ms)
		AwakeInstancesAfterBackupRestoration (16ms)
Refreshing native plugins compatible for Editor in 5.82 ms, found 4 plugins.
Preloading 0 native plugins for Editor in 0.00 ms.
Unloading 5711 Unused Serialized files (Serialized files now loaded: 0)
Unloading 65 unused Assets / (0.9 MB). Loaded Objects now: 6392.
Memory consumption went from 208.6 MB to 207.7 MB.
Total: 6.347700 ms (FindLiveObjects: 0.557100 ms CreateObjectMapping: 0.378000 ms MarkObjects: 4.607900 ms  DeleteObjects: 0.803400 ms)

Prepare: number of updated asset objects reloaded= 0
AssetImportParameters requested are different than current active one (requested -> active):
  custom:container-demuxer-ogg: 62fdf1f143b41e24485cea50d1cbac27 -> 
  custom:video-codec-MediaFoundation-h265: 746d11721c4dcdbdad8f713fa42b33f4 -> 
  custom:video-decoder-ogg-theora: a1e56fd34408186e4bbccfd4996cb3dc -> 
  custom:framework-win-MediaFoundation: 216162199b28c13a410421893ffa2e32 -> 
  custom:CustomObjectIndexerAttribute: 72b91833f83ae208fae7752999fa3104 -> 
  custom:container-demuxer-webm: 4f35f7cbe854078d1ac9338744f61a02 -> 
  custom:container-muxer-webm: aa71ff27fc2769a1b78a27578f13a17b -> 
  custom:video-decoder-webm-vp8: 9c59270c3fd7afecdb556c50c9e8de78 -> 
  custom:SearchIndexIgnoredProperties: e643bd26f0fe6173181afceb89e7c659 -> 
  custom:AudioImporter_EditorPlatform: d09bf68614088b80899f8185d706f6e7 -> 
  custom:video-encoder-webm-vp8: eb34c28f22e8b96e1ab97ce403110664 -> 
  custom:audio-decoder-ogg-vorbis: bf7c407c2cedff20999df2af8eb42d56 -> 
  custom:audio-encoder-webm-vorbis: bf7c407c2cedff20999df2af8eb42d56 -> 
Editor requested this worker to shutdown with reason: Scaling down because of idle timeout
TcpMessagingSession - receive error: operation aborted. errorcode: 995, details: ќпераци€ ввода/вывода была прервана из-за завершени€ потока команд или по запросу приложени€.
AssetImportWorker is now disconnected from the server
Process exiting
Exiting without the bug reporter. Application will terminate with return code 0