Using pre-set license
Built from '2022.3/staging' branch; Version is '2022.3.30f1 (70558241b701) revision 7361922'; Using compiler version '192829333'; Build Type 'Release'
OS: 'Windows 11  (10.0.22631) 64bit Professional' Language: 'ru' Physical Memory: 15581 MB
BatchMode: 1, IsHumanControllingUs: 0, StartBugReporterOnCrash: 0, Is64bit: 1, IsPro: 1

COMMAND LINE ARGUMENTS:
C:\Program Files\Unity\Hub\Editor\2022.3.30f1\Editor\Unity.exe
-adb2
-batchMode
-noUpm
-name
AssetImportWorker6
-projectPath
C:/Users/Miguel/Documents/GitHub/MutationGame
-logFile
Logs/AssetImportWorker6.log
-srvPort
55037
Successfully changed project path to: C:/Users/Miguel/Documents/GitHub/MutationGame
C:/Users/Miguel/Documents/GitHub/MutationGame
[UnityMemory] Configuration Parameters - Can be set up in boot.config
    "memorysetup-bucket-allocator-granularity=16"
    "memorysetup-bucket-allocator-bucket-count=8"
    "memorysetup-bucket-allocator-block-size=33554432"
    "memorysetup-bucket-allocator-block-count=8"
    "memorysetup-main-allocator-block-size=16777216"
    "memorysetup-thread-allocator-block-size=16777216"
    "memorysetup-gfx-main-allocator-block-size=16777216"
    "memorysetup-gfx-thread-allocator-block-size=16777216"
    "memorysetup-cache-allocator-block-size=4194304"
    "memorysetup-typetree-allocator-block-size=2097152"
    "memorysetup-profiler-bucket-allocator-granularity=16"
    "memorysetup-profiler-bucket-allocator-bucket-count=8"
    "memorysetup-profiler-bucket-allocator-block-size=33554432"
    "memorysetup-profiler-bucket-allocator-block-count=8"
    "memorysetup-profiler-allocator-block-size=16777216"
    "memorysetup-profiler-editor-allocator-block-size=1048576"
    "memorysetup-temp-allocator-size-main=16777216"
    "memorysetup-job-temp-allocator-block-size=2097152"
    "memorysetup-job-temp-allocator-block-size-background=1048576"
    "memorysetup-job-temp-allocator-reduction-small-platforms=262144"
    "memorysetup-allocator-temp-initial-block-size-main=262144"
    "memorysetup-allocator-temp-initial-block-size-worker=262144"
    "memorysetup-temp-allocator-size-background-worker=32768"
    "memorysetup-temp-allocator-size-job-worker=262144"
    "memorysetup-temp-allocator-size-preload-manager=33554432"
    "memorysetup-temp-allocator-size-nav-mesh-worker=65536"
    "memorysetup-temp-allocator-size-audio-worker=65536"
    "memorysetup-temp-allocator-size-cloud-worker=32768"
    "memorysetup-temp-allocator-size-gi-baking-worker=262144"
    "memorysetup-temp-allocator-size-gfx=262144"
Player connection [4652] Host "[IP] 192.168.1.35 [Port] 0 [Flags] 2 [Guid] 2330693103 [EditorId] 2330693103 [Version] 1048832 [Id] WindowsEditor(7,DESKTOP-FV6FI5A) [Debug] 1 [PackageName] WindowsEditor [ProjectName] Editor" joined multi-casting on [225.0.0.222:54997]...

Player connection [4652] Host "[IP] 192.168.1.35 [Port] 0 [Flags] 2 [Guid] 2330693103 [EditorId] 2330693103 [Version] 1048832 [Id] WindowsEditor(7,DESKTOP-FV6FI5A) [Debug] 1 [PackageName] WindowsEditor [ProjectName] Editor" joined alternative multi-casting on [225.0.0.222:34997]...

[Physics::Module] Initialized MultithreadedJobDispatcher with 15 workers.
Refreshing native plugins compatible for Editor in 12.71 ms, found 4 plugins.
Preloading 0 native plugins for Editor in 0.00 ms.
Initialize engine version: 2022.3.30f1 (70558241b701)
[Subsystems] Discovering subsystems at path C:/Program Files/Unity/Hub/Editor/2022.3.30f1/Editor/Data/Resources/UnitySubsystems
[Subsystems] Discovering subsystems at path C:/Users/Miguel/Documents/GitHub/MutationGame/Assets
GfxDevice: creating device client; threaded=0; jobified=0
Direct3D:
    Version:  Direct3D 11.0 [level 11.1]
    Renderer: NVIDIA GeForce RTX 4050 Laptop GPU (ID=0x28a1)
    Vendor:   NVIDIA
    VRAM:     5921 MB
    Driver:   32.0.15.5585
Initialize mono
Mono path[0] = 'C:/Program Files/Unity/Hub/Editor/2022.3.30f1/Editor/Data/Managed'
Mono path[1] = 'C:/Program Files/Unity/Hub/Editor/2022.3.30f1/Editor/Data/MonoBleedingEdge/lib/mono/unityjit-win32'
Mono config path = 'C:/Program Files/Unity/Hub/Editor/2022.3.30f1/Editor/Data/MonoBleedingEdge/etc'
Using monoOptions --debugger-agent=transport=dt_socket,embedding=1,server=y,suspend=n,address=127.0.0.1:56192
Begin MonoManager ReloadAssembly
Registering precompiled unity dll's ...
Register platform support module: C:/Program Files/Unity/Hub/Editor/2022.3.30f1/Editor/Data/PlaybackEngines/WebGLSupport/UnityEditor.WebGL.Extensions.dll
Register platform support module: C:/Program Files/Unity/Hub/Editor/2022.3.30f1/Editor/Data/PlaybackEngines/WindowsStandaloneSupport/UnityEditor.WindowsStandalone.Extensions.dll
Registered in 0.005767 seconds.
- Loaded All Assemblies, in  0.227 seconds
Native extension for WindowsStandalone target not found
Native extension for WebGL target not found
Mono: successfully reloaded assembly
- Finished resetting the current domain, in  0.175 seconds
Domain Reload Profiling: 401ms
	BeginReloadAssembly (73ms)
		ExecutionOrderSort (0ms)
		DisableScriptedObjects (0ms)
		BackupInstance (0ms)
		ReleaseScriptingObjects (0ms)
		CreateAndSetChildDomain (1ms)
	RebuildCommonClasses (21ms)
	RebuildNativeTypeToScriptingClass (6ms)
	initialDomainReloadingComplete (38ms)
	LoadAllAssembliesAndSetupDomain (88ms)
		LoadAssemblies (70ms)
		RebuildTransferFunctionScriptingTraits (0ms)
		AnalyzeDomain (86ms)
			TypeCache.Refresh (85ms)
				TypeCache.ScanAssembly (75ms)
			ScanForSourceGeneratedMonoScriptInfo (0ms)
			ResolveRequiredComponents (0ms)
	FinalizeReload (175ms)
		ReleaseScriptCaches (0ms)
		RebuildScriptCaches (0ms)
		SetupLoadedEditorAssemblies (140ms)
			LogAssemblyErrors (0ms)
			InitializePlatformSupportModulesInManaged (6ms)
			SetLoadedEditorAssemblies (3ms)
			RefreshPlugins (0ms)
			BeforeProcessingInitializeOnLoad (1ms)
			ProcessInitializeOnLoadAttributes (99ms)
			ProcessInitializeOnLoadMethodAttributes (30ms)
			AfterProcessingInitializeOnLoad (0ms)
			EditorAssembliesLoaded (0ms)
		ExecutionOrderSort2 (0ms)
		AwakeInstancesAfterBackupRestoration (0ms)
========================================================================
Worker process is ready to serve import requests
Begin MonoManager ReloadAssembly
- Loaded All Assemblies, in  0.497 seconds
Refreshing native plugins compatible for Editor in 4.35 ms, found 4 plugins.
Native extension for WindowsStandalone target not found
Native extension for WebGL target not found
Package Manager log level set to [2]
[Package Manager] Server::EnsureServerProcessIsRunning -- launch failed, reason: Unity was launched with the -noUpm command-line argument
[Package Manager] UpmClient::Send -- Unable to send message (not connected to UPM process).
[Package Manager] Cannot connect to Unity Package Manager local server
Mono: successfully reloaded assembly
- Finished resetting the current domain, in  0.501 seconds
Domain Reload Profiling: 996ms
	BeginReloadAssembly (102ms)
		ExecutionOrderSort (0ms)
		DisableScriptedObjects (4ms)
		BackupInstance (0ms)
		ReleaseScriptingObjects (0ms)
		CreateAndSetChildDomain (21ms)
	RebuildCommonClasses (20ms)
	RebuildNativeTypeToScriptingClass (6ms)
	initialDomainReloadingComplete (30ms)
	LoadAllAssembliesAndSetupDomain (336ms)
		LoadAssemblies (237ms)
		RebuildTransferFunctionScriptingTraits (0ms)
		AnalyzeDomain (155ms)
			TypeCache.Refresh (128ms)
				TypeCache.ScanAssembly (113ms)
			ScanForSourceGeneratedMonoScriptInfo (18ms)
			ResolveRequiredComponents (7ms)
	FinalizeReload (502ms)
		ReleaseScriptCaches (0ms)
		RebuildScriptCaches (0ms)
		SetupLoadedEditorAssemblies (388ms)
			LogAssemblyErrors (0ms)
			InitializePlatformSupportModulesInManaged (5ms)
			SetLoadedEditorAssemblies (4ms)
			RefreshPlugins (0ms)
			BeforeProcessingInitializeOnLoad (63ms)
			ProcessInitializeOnLoadAttributes (263ms)
			ProcessInitializeOnLoadMethodAttributes (49ms)
			AfterProcessingInitializeOnLoad (5ms)
			EditorAssembliesLoaded (0ms)
		ExecutionOrderSort2 (0ms)
		AwakeInstancesAfterBackupRestoration (4ms)
Launched and connected shader compiler UnityShaderCompiler.exe after 0.05 seconds
Refreshing native plugins compatible for Editor in 3.77 ms, found 4 plugins.
Preloading 0 native plugins for Editor in 0.00 ms.
Unloading 5677 Unused Serialized files (Serialized files now loaded: 0)
Unloading 101 unused Assets / (0.9 MB). Loaded Objects now: 6121.
Memory consumption went from 218.0 MB to 217.1 MB.
Total: 3.864500 ms (FindLiveObjects: 0.503000 ms CreateObjectMapping: 0.158700 ms MarkObjects: 2.763300 ms  DeleteObjects: 0.438400 ms)

AssetImportParameters requested are different than current active one (requested -> active):
  custom:container-demuxer-ogg: 62fdf1f143b41e24485cea50d1cbac27 -> 
  custom:video-codec-MediaFoundation-h265: 746d11721c4dcdbdad8f713fa42b33f4 -> 
  custom:video-decoder-ogg-theora: a1e56fd34408186e4bbccfd4996cb3dc -> 
  custom:framework-win-MediaFoundation: 216162199b28c13a410421893ffa2e32 -> 
  custom:CustomObjectIndexerAttribute: 72b91833f83ae208fae7752999fa3104 -> 
  custom:container-demuxer-webm: 4f35f7cbe854078d1ac9338744f61a02 -> 
  custom:container-muxer-webm: aa71ff27fc2769a1b78a27578f13a17b -> 
  custom:video-decoder-webm-vp8: 9c59270c3fd7afecdb556c50c9e8de78 -> 
  custom:SearchIndexIgnoredProperties: e643bd26f0fe6173181afceb89e7c659 -> 
  custom:AudioImporter_EditorPlatform: d09bf68614088b80899f8185d706f6e7 -> 
  custom:video-encoder-webm-vp8: eb34c28f22e8b96e1ab97ce403110664 -> 
  custom:audio-decoder-ogg-vorbis: bf7c407c2cedff20999df2af8eb42d56 -> 
  custom:audio-encoder-webm-vorbis: bf7c407c2cedff20999df2af8eb42d56 -> 
========================================================================
Received Import Request.
  Time since last request: 78397.348227 seconds.
  path: Assets/Prefabs/Rooms/TestRooms/TestRoom3.prefab
  artifactKey: Guid(f462a1bd41c12a54681dfe374b427a13) Importer(815301076,1909f56bfc062723c751e8b465ee728b)
Start importing Assets/Prefabs/Rooms/TestRooms/TestRoom3.prefab using Guid(f462a1bd41c12a54681dfe374b427a13) Importer(815301076,1909f56bfc062723c751e8b465ee728b)  -> (artifact id: 'ff1fd3a9726a1797a013e2478eaface7') in 0.229378 seconds
Number of updated asset objects reloaded before import = 0
Number of asset objects unloaded after import = 374
========================================================================
Received Import Request.
  Time since last request: 11.198812 seconds.
  path: Assets/Prefabs/Rooms/TestRooms/TestRoom3.prefab
  artifactKey: Guid(f462a1bd41c12a54681dfe374b427a13) Importer(815301076,1909f56bfc062723c751e8b465ee728b)
Start importing Assets/Prefabs/Rooms/TestRooms/TestRoom3.prefab using Guid(f462a1bd41c12a54681dfe374b427a13) Importer(815301076,1909f56bfc062723c751e8b465ee728b)  -> (artifact id: '86ea5e966a17ca45ce0317bfbe36134a') in 0.010569 seconds
Number of updated asset objects reloaded before import = 0
Number of asset objects unloaded after import = 373
========================================================================
Received Import Request.
  Time since last request: 0.000032 seconds.
  path: Assets/Prefabs/Rooms/TestRooms/TestRoom6.prefab
  artifactKey: Guid(f93021e5fd6263d4a8f80b9c5d543da9) Importer(815301076,1909f56bfc062723c751e8b465ee728b)
Start importing Assets/Prefabs/Rooms/TestRooms/TestRoom6.prefab using Guid(f93021e5fd6263d4a8f80b9c5d543da9) Importer(815301076,1909f56bfc062723c751e8b465ee728b)  -> (artifact id: 'c6284d6b1f9b04f6ac659f2bf5cf9866') in 0.020305 seconds
Number of updated asset objects reloaded before import = 0
Number of asset objects unloaded after import = 373
========================================================================
Received Import Request.
  Time since last request: 2.793011 seconds.
  path: Assets/Prefabs/Rooms/TestRooms/TestRoom3.prefab
  artifactKey: Guid(f462a1bd41c12a54681dfe374b427a13) Importer(815301076,1909f56bfc062723c751e8b465ee728b)
Start importing Assets/Prefabs/Rooms/TestRooms/TestRoom3.prefab using Guid(f462a1bd41c12a54681dfe374b427a13) Importer(815301076,1909f56bfc062723c751e8b465ee728b)  -> (artifact id: '314ff318a5722367afcbfde280c17ac1') in 0.012386 seconds
Number of updated asset objects reloaded before import = 0
Number of asset objects unloaded after import = 373
========================================================================
Received Import Request.
  Time since last request: 0.000024 seconds.
  path: Assets/Prefabs/Rooms/TestRooms/TestRoom6.prefab
  artifactKey: Guid(f93021e5fd6263d4a8f80b9c5d543da9) Importer(815301076,1909f56bfc062723c751e8b465ee728b)
Start importing Assets/Prefabs/Rooms/TestRooms/TestRoom6.prefab using Guid(f93021e5fd6263d4a8f80b9c5d543da9) Importer(815301076,1909f56bfc062723c751e8b465ee728b)  -> (artifact id: '8c51762d0bc853f45663ea36a9d09f5a') in 0.020170 seconds
Number of updated asset objects reloaded before import = 0
Number of asset objects unloaded after import = 373
========================================================================
Received Import Request.
  Time since last request: 18.794165 seconds.
  path: Assets/Prefabs/Rooms/TestRooms/TestRoom3.prefab
  artifactKey: Guid(f462a1bd41c12a54681dfe374b427a13) Importer(815301076,1909f56bfc062723c751e8b465ee728b)
Start importing Assets/Prefabs/Rooms/TestRooms/TestRoom3.prefab using Guid(f462a1bd41c12a54681dfe374b427a13) Importer(815301076,1909f56bfc062723c751e8b465ee728b)  -> (artifact id: '6f8bb2c5554f41e8e8a29fc0ec8d5b9f') in 0.018449 seconds
Number of updated asset objects reloaded before import = 0
Number of asset objects unloaded after import = 377
========================================================================
Received Import Request.
  Time since last request: 0.000022 seconds.
  path: Assets/Prefabs/Rooms/TestRooms/TestRoom6.prefab
  artifactKey: Guid(f93021e5fd6263d4a8f80b9c5d543da9) Importer(815301076,1909f56bfc062723c751e8b465ee728b)
Start importing Assets/Prefabs/Rooms/TestRooms/TestRoom6.prefab using Guid(f93021e5fd6263d4a8f80b9c5d543da9) Importer(815301076,1909f56bfc062723c751e8b465ee728b)  -> (artifact id: '0c28ed9b696e97e6e9468ffd050b853b') in 0.021769 seconds
Number of updated asset objects reloaded before import = 0
Number of asset objects unloaded after import = 377
========================================================================
Received Import Request.
  Time since last request: 4.382314 seconds.
  path: Assets/Prefabs/Rooms/TestRooms/TestRoom3.prefab
  artifactKey: Guid(f462a1bd41c12a54681dfe374b427a13) Importer(815301076,1909f56bfc062723c751e8b465ee728b)
Start importing Assets/Prefabs/Rooms/TestRooms/TestRoom3.prefab using Guid(f462a1bd41c12a54681dfe374b427a13) Importer(815301076,1909f56bfc062723c751e8b465ee728b)  -> (artifact id: '643678ad0483614938924d25b533de6d') in 0.012334 seconds
Number of updated asset objects reloaded before import = 0
Number of asset objects unloaded after import = 377
========================================================================
Received Import Request.
  Time since last request: 0.000027 seconds.
  path: Assets/Prefabs/Rooms/TestRooms/TestRoom6.prefab
  artifactKey: Guid(f93021e5fd6263d4a8f80b9c5d543da9) Importer(815301076,1909f56bfc062723c751e8b465ee728b)
Start importing Assets/Prefabs/Rooms/TestRooms/TestRoom6.prefab using Guid(f93021e5fd6263d4a8f80b9c5d543da9) Importer(815301076,1909f56bfc062723c751e8b465ee728b)  -> (artifact id: '6b2300725afb895be16b5b66aa1a285a') in 0.020346 seconds
Number of updated asset objects reloaded before import = 0
Number of asset objects unloaded after import = 377
========================================================================
Received Import Request.
  Time since last request: 0.762730 seconds.
  path: Assets/Prefabs/Rooms/TestRooms/TestRoom3.prefab
  artifactKey: Guid(f462a1bd41c12a54681dfe374b427a13) Importer(815301076,1909f56bfc062723c751e8b465ee728b)
Start importing Assets/Prefabs/Rooms/TestRooms/TestRoom3.prefab using Guid(f462a1bd41c12a54681dfe374b427a13) Importer(815301076,1909f56bfc062723c751e8b465ee728b)  -> (artifact id: '3c5b87ddad374f93063f4d5bebd98b28') in 0.011527 seconds
Number of updated asset objects reloaded before import = 0
Number of asset objects unloaded after import = 377
========================================================================
Received Import Request.
  Time since last request: 0.000027 seconds.
  path: Assets/Prefabs/Rooms/TestRooms/TestRoom6.prefab
  artifactKey: Guid(f93021e5fd6263d4a8f80b9c5d543da9) Importer(815301076,1909f56bfc062723c751e8b465ee728b)
Start importing Assets/Prefabs/Rooms/TestRooms/TestRoom6.prefab using Guid(f93021e5fd6263d4a8f80b9c5d543da9) Importer(815301076,1909f56bfc062723c751e8b465ee728b)  -> (artifact id: '03f8356b0e8e16764323d6df94c7c9ad') in 0.017786 seconds
Number of updated asset objects reloaded before import = 0
Number of asset objects unloaded after import = 377
========================================================================
Received Import Request.
  Time since last request: 11.687843 seconds.
  path: Assets/Prefabs/Rooms/TestRooms/TestRoom3.prefab
  artifactKey: Guid(f462a1bd41c12a54681dfe374b427a13) Importer(815301076,1909f56bfc062723c751e8b465ee728b)
Start importing Assets/Prefabs/Rooms/TestRooms/TestRoom3.prefab using Guid(f462a1bd41c12a54681dfe374b427a13) Importer(815301076,1909f56bfc062723c751e8b465ee728b)  -> (artifact id: 'aced4e6dcf5dcc9289321ffcffb120c1') in 0.012203 seconds
Number of updated asset objects reloaded before import = 0
Number of asset objects unloaded after import = 377
========================================================================
Received Import Request.
  Time since last request: 0.000045 seconds.
  path: Assets/Prefabs/Rooms/TestRooms/TestRoom6.prefab
  artifactKey: Guid(f93021e5fd6263d4a8f80b9c5d543da9) Importer(815301076,1909f56bfc062723c751e8b465ee728b)
Start importing Assets/Prefabs/Rooms/TestRooms/TestRoom6.prefab using Guid(f93021e5fd6263d4a8f80b9c5d543da9) Importer(815301076,1909f56bfc062723c751e8b465ee728b)  -> (artifact id: '4c5e7b1781d805889cff799888a5823f') in 0.019856 seconds
Number of updated asset objects reloaded before import = 0
Number of asset objects unloaded after import = 377
========================================================================
Received Import Request.
  Time since last request: 5.548736 seconds.
  path: Assets/Prefabs/Rooms/TestRooms/TestRoom3.prefab
  artifactKey: Guid(f462a1bd41c12a54681dfe374b427a13) Importer(815301076,1909f56bfc062723c751e8b465ee728b)
Start importing Assets/Prefabs/Rooms/TestRooms/TestRoom3.prefab using Guid(f462a1bd41c12a54681dfe374b427a13) Importer(815301076,1909f56bfc062723c751e8b465ee728b)  -> (artifact id: '53fdd8bcf4be8a627f89f461c0962dab') in 0.012699 seconds
Number of updated asset objects reloaded before import = 0
Number of asset objects unloaded after import = 377
========================================================================
Received Import Request.
  Time since last request: 0.000022 seconds.
  path: Assets/Prefabs/Rooms/TestRooms/TestRoom5.prefab
  artifactKey: Guid(95aa5cf2e24740548adcab73435cf36a) Importer(815301076,1909f56bfc062723c751e8b465ee728b)
Start importing Assets/Prefabs/Rooms/TestRooms/TestRoom5.prefab using Guid(95aa5cf2e24740548adcab73435cf36a) Importer(815301076,1909f56bfc062723c751e8b465ee728b)  -> (artifact id: 'ba44401da6966400f176109e1fb9b7e6') in 0.012245 seconds
Number of updated asset objects reloaded before import = 0
Number of asset objects unloaded after import = 377
========================================================================
Received Import Request.
  Time since last request: 8.917481 seconds.
  path: Assets/Prefabs/Rooms/TestRooms/TestRoom3.prefab
  artifactKey: Guid(f462a1bd41c12a54681dfe374b427a13) Importer(815301076,1909f56bfc062723c751e8b465ee728b)
Start importing Assets/Prefabs/Rooms/TestRooms/TestRoom3.prefab using Guid(f462a1bd41c12a54681dfe374b427a13) Importer(815301076,1909f56bfc062723c751e8b465ee728b)  -> (artifact id: '167835c7e27d090992bc1a9b63c5ae46') in 0.018729 seconds
Number of updated asset objects reloaded before import = 0
Number of asset objects unloaded after import = 377
========================================================================
Received Import Request.
  Time since last request: 0.000021 seconds.
  path: Assets/Prefabs/Rooms/TestRooms/TestRoom5.prefab
  artifactKey: Guid(95aa5cf2e24740548adcab73435cf36a) Importer(815301076,1909f56bfc062723c751e8b465ee728b)
Start importing Assets/Prefabs/Rooms/TestRooms/TestRoom5.prefab using Guid(95aa5cf2e24740548adcab73435cf36a) Importer(815301076,1909f56bfc062723c751e8b465ee728b)  -> (artifact id: '17a3583576f8afeb39440e0e8581b634') in 0.013806 seconds
Number of updated asset objects reloaded before import = 0
Number of asset objects unloaded after import = 377
========================================================================
Received Import Request.
  Time since last request: 57.348588 seconds.
  path: Assets/Prefabs/Rooms/TestRooms/TestRoom3.prefab
  artifactKey: Guid(f462a1bd41c12a54681dfe374b427a13) Importer(815301076,1909f56bfc062723c751e8b465ee728b)
Start importing Assets/Prefabs/Rooms/TestRooms/TestRoom3.prefab using Guid(f462a1bd41c12a54681dfe374b427a13) Importer(815301076,1909f56bfc062723c751e8b465ee728b)  -> (artifact id: 'c5574e2fa37935f0d825cb3d8a08ac9c') in 0.012799 seconds
Number of updated asset objects reloaded before import = 0
Number of asset objects unloaded after import = 373
========================================================================
Received Import Request.
  Time since last request: 0.000025 seconds.
  path: Assets/Prefabs/Rooms/TestRooms/TestRoom6.prefab
  artifactKey: Guid(f93021e5fd6263d4a8f80b9c5d543da9) Importer(815301076,1909f56bfc062723c751e8b465ee728b)
Start importing Assets/Prefabs/Rooms/TestRooms/TestRoom6.prefab using Guid(f93021e5fd6263d4a8f80b9c5d543da9) Importer(815301076,1909f56bfc062723c751e8b465ee728b)  -> (artifact id: '2d39574519370ceacf0f7c0b5dfd571c') in 0.020071 seconds
Number of updated asset objects reloaded before import = 0
Number of asset objects unloaded after import = 373
========================================================================
Received Import Request.
  Time since last request: 13.287292 seconds.
  path: Assets/Prefabs/Rooms/TestRooms/TestRoom3.prefab
  artifactKey: Guid(f462a1bd41c12a54681dfe374b427a13) Importer(815301076,1909f56bfc062723c751e8b465ee728b)
Start importing Assets/Prefabs/Rooms/TestRooms/TestRoom3.prefab using Guid(f462a1bd41c12a54681dfe374b427a13) Importer(815301076,1909f56bfc062723c751e8b465ee728b)  -> (artifact id: 'c961e05da3e866502637137884733b90') in 0.013970 seconds
Number of updated asset objects reloaded before import = 0
Number of asset objects unloaded after import = 377
========================================================================
Received Import Request.
  Time since last request: 0.000022 seconds.
  path: Assets/Prefabs/Rooms/TestRooms/TestRoom5.prefab
  artifactKey: Guid(95aa5cf2e24740548adcab73435cf36a) Importer(815301076,1909f56bfc062723c751e8b465ee728b)
Start importing Assets/Prefabs/Rooms/TestRooms/TestRoom5.prefab using Guid(95aa5cf2e24740548adcab73435cf36a) Importer(815301076,1909f56bfc062723c751e8b465ee728b)  -> (artifact id: 'edcf9169b660a2d28d48226561b422e8') in 0.011843 seconds
Number of updated asset objects reloaded before import = 0
Number of asset objects unloaded after import = 377
========================================================================
Received Import Request.
  Time since last request: 4.218473 seconds.
  path: Assets/Prefabs/Rooms/TestRooms/TestRoom3.prefab
  artifactKey: Guid(f462a1bd41c12a54681dfe374b427a13) Importer(815301076,1909f56bfc062723c751e8b465ee728b)
Start importing Assets/Prefabs/Rooms/TestRooms/TestRoom3.prefab using Guid(f462a1bd41c12a54681dfe374b427a13) Importer(815301076,1909f56bfc062723c751e8b465ee728b)  -> (artifact id: '2693a7431873651d67dcb6e6d1adcc6d') in 0.011639 seconds
Number of updated asset objects reloaded before import = 0
Number of asset objects unloaded after import = 377
========================================================================
Received Import Request.
  Time since last request: 0.000027 seconds.
  path: Assets/Prefabs/Rooms/TestRooms/TestRoom6.prefab
  artifactKey: Guid(f93021e5fd6263d4a8f80b9c5d543da9) Importer(815301076,1909f56bfc062723c751e8b465ee728b)
Start importing Assets/Prefabs/Rooms/TestRooms/TestRoom6.prefab using Guid(f93021e5fd6263d4a8f80b9c5d543da9) Importer(815301076,1909f56bfc062723c751e8b465ee728b)  -> (artifact id: 'e98b1e8416dc3750d9a20a1101d32356') in 0.019265 seconds
Number of updated asset objects reloaded before import = 0
Number of asset objects unloaded after import = 377
========================================================================
Received Import Request.
  Time since last request: 3.004002 seconds.
  path: Assets/Prefabs/Rooms/TestRooms/TestRoom3.prefab
  artifactKey: Guid(f462a1bd41c12a54681dfe374b427a13) Importer(815301076,1909f56bfc062723c751e8b465ee728b)
Start importing Assets/Prefabs/Rooms/TestRooms/TestRoom3.prefab using Guid(f462a1bd41c12a54681dfe374b427a13) Importer(815301076,1909f56bfc062723c751e8b465ee728b)  -> (artifact id: 'b5c37e87d4f61413885aac91a7adb511') in 0.013118 seconds
Number of updated asset objects reloaded before import = 0
Number of asset objects unloaded after import = 377
========================================================================
Received Import Request.
  Time since last request: 0.000021 seconds.
  path: Assets/Prefabs/Rooms/TestRooms/TestRoom5.prefab
  artifactKey: Guid(95aa5cf2e24740548adcab73435cf36a) Importer(815301076,1909f56bfc062723c751e8b465ee728b)
Start importing Assets/Prefabs/Rooms/TestRooms/TestRoom5.prefab using Guid(95aa5cf2e24740548adcab73435cf36a) Importer(815301076,1909f56bfc062723c751e8b465ee728b)  -> (artifact id: '3c311d0c067f42e0e62058b0417f68fe') in 0.011914 seconds
Number of updated asset objects reloaded before import = 0
Number of asset objects unloaded after import = 377
========================================================================
Received Import Request.
  Time since last request: 5.795221 seconds.
  path: Assets/Prefabs/Rooms/TestRooms/TestRoom3.prefab
  artifactKey: Guid(f462a1bd41c12a54681dfe374b427a13) Importer(815301076,1909f56bfc062723c751e8b465ee728b)
Start importing Assets/Prefabs/Rooms/TestRooms/TestRoom3.prefab using Guid(f462a1bd41c12a54681dfe374b427a13) Importer(815301076,1909f56bfc062723c751e8b465ee728b)  -> (artifact id: 'ee8d4c031da0e2663386f52673d6a9c4') in 0.011221 seconds
Number of updated asset objects reloaded before import = 0
Number of asset objects unloaded after import = 377
========================================================================
Received Import Request.
  Time since last request: 0.000023 seconds.
  path: Assets/Prefabs/Rooms/TestRooms/TestRoom6.prefab
  artifactKey: Guid(f93021e5fd6263d4a8f80b9c5d543da9) Importer(815301076,1909f56bfc062723c751e8b465ee728b)
Start importing Assets/Prefabs/Rooms/TestRooms/TestRoom6.prefab using Guid(f93021e5fd6263d4a8f80b9c5d543da9) Importer(815301076,1909f56bfc062723c751e8b465ee728b)  -> (artifact id: '7a1ff9234cbc45dcd43eedab73ce099d') in 0.018151 seconds
Number of updated asset objects reloaded before import = 0
Number of asset objects unloaded after import = 377
========================================================================
Received Import Request.
  Time since last request: 6.619189 seconds.
  path: Assets/Prefabs/Rooms/TestRooms/TestRoom3.prefab
  artifactKey: Guid(f462a1bd41c12a54681dfe374b427a13) Importer(815301076,1909f56bfc062723c751e8b465ee728b)
Start importing Assets/Prefabs/Rooms/TestRooms/TestRoom3.prefab using Guid(f462a1bd41c12a54681dfe374b427a13) Importer(815301076,1909f56bfc062723c751e8b465ee728b)  -> (artifact id: '4c55ffde5421ee5d9f88d21c381952a3') in 0.012713 seconds
Number of updated asset objects reloaded before import = 0
Number of asset objects unloaded after import = 377
========================================================================
Received Import Request.
  Time since last request: 0.000022 seconds.
  path: Assets/Prefabs/Rooms/TestRooms/TestRoom6.prefab
  artifactKey: Guid(f93021e5fd6263d4a8f80b9c5d543da9) Importer(815301076,1909f56bfc062723c751e8b465ee728b)
Start importing Assets/Prefabs/Rooms/TestRooms/TestRoom6.prefab using Guid(f93021e5fd6263d4a8f80b9c5d543da9) Importer(815301076,1909f56bfc062723c751e8b465ee728b)  -> (artifact id: '620a5ea5648884e5a9c651f392921a81') in 0.017525 seconds
Number of updated asset objects reloaded before import = 0
Number of asset objects unloaded after import = 377
========================================================================
Received Import Request.
  Time since last request: 2.230491 seconds.
  path: Assets/Prefabs/Rooms/TestRooms/TestRoom3.prefab
  artifactKey: Guid(f462a1bd41c12a54681dfe374b427a13) Importer(815301076,1909f56bfc062723c751e8b465ee728b)
Start importing Assets/Prefabs/Rooms/TestRooms/TestRoom3.prefab using Guid(f462a1bd41c12a54681dfe374b427a13) Importer(815301076,1909f56bfc062723c751e8b465ee728b)  -> (artifact id: '698369490c588a4093f40eb6d512a4db') in 0.015033 seconds
Number of updated asset objects reloaded before import = 0
Number of asset objects unloaded after import = 373
========================================================================
Received Import Request.
  Time since last request: 5.939079 seconds.
  path: Assets/Prefabs/Rooms/TestRooms/TestRoom3.prefab
  artifactKey: Guid(f462a1bd41c12a54681dfe374b427a13) Importer(815301076,1909f56bfc062723c751e8b465ee728b)
Start importing Assets/Prefabs/Rooms/TestRooms/TestRoom3.prefab using Guid(f462a1bd41c12a54681dfe374b427a13) Importer(815301076,1909f56bfc062723c751e8b465ee728b)  -> (artifact id: '233fd5bce5108294a60b928ae3a5ec46') in 0.013657 seconds
Number of updated asset objects reloaded before import = 0
Number of asset objects unloaded after import = 373
========================================================================
Received Import Request.
  Time since last request: 0.000024 seconds.
  path: Assets/Prefabs/Rooms/TestRooms/TestRoom6.prefab
  artifactKey: Guid(f93021e5fd6263d4a8f80b9c5d543da9) Importer(815301076,1909f56bfc062723c751e8b465ee728b)
Start importing Assets/Prefabs/Rooms/TestRooms/TestRoom6.prefab using Guid(f93021e5fd6263d4a8f80b9c5d543da9) Importer(815301076,1909f56bfc062723c751e8b465ee728b)  -> (artifact id: '11cb6c7a008810468872338bfa4b00ec') in 0.017881 seconds
Number of updated asset objects reloaded before import = 0
Number of asset objects unloaded after import = 373
========================================================================
Received Import Request.
  Time since last request: 1.769774 seconds.
  path: Assets/Prefabs/Rooms/TestRooms/TestRoom3.prefab
  artifactKey: Guid(f462a1bd41c12a54681dfe374b427a13) Importer(815301076,1909f56bfc062723c751e8b465ee728b)
Start importing Assets/Prefabs/Rooms/TestRooms/TestRoom3.prefab using Guid(f462a1bd41c12a54681dfe374b427a13) Importer(815301076,1909f56bfc062723c751e8b465ee728b)  -> (artifact id: '645a3492d438b345dd75b082b8f66bb9') in 0.011351 seconds
Number of updated asset objects reloaded before import = 0
Number of asset objects unloaded after import = 373
========================================================================
Received Import Request.
  Time since last request: 0.000024 seconds.
  path: Assets/Prefabs/Rooms/TestRooms/TestRoom6.prefab
  artifactKey: Guid(f93021e5fd6263d4a8f80b9c5d543da9) Importer(815301076,1909f56bfc062723c751e8b465ee728b)
Start importing Assets/Prefabs/Rooms/TestRooms/TestRoom6.prefab using Guid(f93021e5fd6263d4a8f80b9c5d543da9) Importer(815301076,1909f56bfc062723c751e8b465ee728b)  -> (artifact id: '49fc052baa7e0c10c1c4b05e2dc0be45') in 0.018522 seconds
Number of updated asset objects reloaded before import = 0
Number of asset objects unloaded after import = 373
========================================================================
Received Prepare
Begin MonoManager ReloadAssembly
- Loaded All Assemblies, in  0.394 seconds
Refreshing native plugins compatible for Editor in 4.69 ms, found 4 plugins.
Native extension for WindowsStandalone target not found
Native extension for WebGL target not found
[Package Manager] Server::EnsureServerProcessIsRunning -- launch failed, reason: Unity was launched with the -noUpm command-line argument
[Package Manager] UpmClient::Send -- Unable to send message (not connected to UPM process).
[Package Manager] Cannot connect to Unity Package Manager local server
Mono: successfully reloaded assembly
- Finished resetting the current domain, in  1.017 seconds
Domain Reload Profiling: 1409ms
	BeginReloadAssembly (144ms)
		ExecutionOrderSort (0ms)
		DisableScriptedObjects (10ms)
		BackupInstance (0ms)
		ReleaseScriptingObjects (0ms)
		CreateAndSetChildDomain (47ms)
	RebuildCommonClasses (21ms)
	RebuildNativeTypeToScriptingClass (7ms)
	initialDomainReloadingComplete (21ms)
	LoadAllAssembliesAndSetupDomain (197ms)
		LoadAssemblies (240ms)
		RebuildTransferFunctionScriptingTraits (0ms)
		AnalyzeDomain (15ms)
			TypeCache.Refresh (4ms)
				TypeCache.ScanAssembly (0ms)
			ScanForSourceGeneratedMonoScriptInfo (0ms)
			ResolveRequiredComponents (8ms)
	FinalizeReload (1018ms)
		ReleaseScriptCaches (0ms)
		RebuildScriptCaches (0ms)
		SetupLoadedEditorAssemblies (382ms)
			LogAssemblyErrors (0ms)
			InitializePlatformSupportModulesInManaged (5ms)
			SetLoadedEditorAssemblies (4ms)
			RefreshPlugins (0ms)
			BeforeProcessingInitializeOnLoad (70ms)
			ProcessInitializeOnLoadAttributes (249ms)
			ProcessInitializeOnLoadMethodAttributes (49ms)
			AfterProcessingInitializeOnLoad (5ms)
			EditorAssembliesLoaded (0ms)
		ExecutionOrderSort2 (0ms)
		AwakeInstancesAfterBackupRestoration (12ms)
Refreshing native plugins compatible for Editor in 4.13 ms, found 4 plugins.
Preloading 0 native plugins for Editor in 0.00 ms.
Unloading 5539 Unused Serialized files (Serialized files now loaded: 0)
Unloading 64 unused Assets / (0.9 MB). Loaded Objects now: 6174.
Memory consumption went from 199.9 MB to 199.0 MB.
Total: 3.904300 ms (FindLiveObjects: 0.508000 ms CreateObjectMapping: 0.338000 ms MarkObjects: 2.585000 ms  DeleteObjects: 0.471900 ms)

Prepare: number of updated asset objects reloaded= 0
AssetImportParameters requested are different than current active one (requested -> active):
  custom:container-demuxer-ogg: 62fdf1f143b41e24485cea50d1cbac27 -> 
  custom:video-codec-MediaFoundation-h265: 746d11721c4dcdbdad8f713fa42b33f4 -> 
  custom:video-decoder-ogg-theora: a1e56fd34408186e4bbccfd4996cb3dc -> 
  custom:framework-win-MediaFoundation: 216162199b28c13a410421893ffa2e32 -> 
  custom:CustomObjectIndexerAttribute: 72b91833f83ae208fae7752999fa3104 -> 
  custom:container-demuxer-webm: 4f35f7cbe854078d1ac9338744f61a02 -> 
  custom:container-muxer-webm: aa71ff27fc2769a1b78a27578f13a17b -> 
  custom:video-decoder-webm-vp8: 9c59270c3fd7afecdb556c50c9e8de78 -> 
  custom:SearchIndexIgnoredProperties: e643bd26f0fe6173181afceb89e7c659 -> 
  custom:AudioImporter_EditorPlatform: d09bf68614088b80899f8185d706f6e7 -> 
  custom:video-encoder-webm-vp8: eb34c28f22e8b96e1ab97ce403110664 -> 
  custom:audio-decoder-ogg-vorbis: bf7c407c2cedff20999df2af8eb42d56 -> 
  custom:audio-encoder-webm-vorbis: bf7c407c2cedff20999df2af8eb42d56 -> 
========================================================================
Received Prepare
Begin MonoManager ReloadAssembly
- Loaded All Assemblies, in  0.374 seconds
Refreshing native plugins compatible for Editor in 4.95 ms, found 4 plugins.
Native extension for WindowsStandalone target not found
Native extension for WebGL target not found
[Package Manager] Server::EnsureServerProcessIsRunning -- launch failed, reason: Unity was launched with the -noUpm command-line argument
[Package Manager] UpmClient::Send -- Unable to send message (not connected to UPM process).
[Package Manager] Cannot connect to Unity Package Manager local server
Mono: successfully reloaded assembly
- Finished resetting the current domain, in  1.013 seconds
Domain Reload Profiling: 1383ms
	BeginReloadAssembly (134ms)
		ExecutionOrderSort (0ms)
		DisableScriptedObjects (7ms)
		BackupInstance (0ms)
		ReleaseScriptingObjects (0ms)
		CreateAndSetChildDomain (42ms)
	RebuildCommonClasses (22ms)
	RebuildNativeTypeToScriptingClass (7ms)
	initialDomainReloadingComplete (22ms)
	LoadAllAssembliesAndSetupDomain (185ms)
		LoadAssemblies (230ms)
		RebuildTransferFunctionScriptingTraits (0ms)
		AnalyzeDomain (14ms)
			TypeCache.Refresh (4ms)
				TypeCache.ScanAssembly (0ms)
			ScanForSourceGeneratedMonoScriptInfo (0ms)
			ResolveRequiredComponents (9ms)
	FinalizeReload (1013ms)
		ReleaseScriptCaches (0ms)
		RebuildScriptCaches (0ms)
		SetupLoadedEditorAssemblies (400ms)
			LogAssemblyErrors (0ms)
			InitializePlatformSupportModulesInManaged (6ms)
			SetLoadedEditorAssemblies (4ms)
			RefreshPlugins (0ms)
			BeforeProcessingInitializeOnLoad (65ms)
			ProcessInitializeOnLoadAttributes (261ms)
			ProcessInitializeOnLoadMethodAttributes (58ms)
			AfterProcessingInitializeOnLoad (6ms)
			EditorAssembliesLoaded (0ms)
		ExecutionOrderSort2 (0ms)
		AwakeInstancesAfterBackupRestoration (14ms)
Refreshing native plugins compatible for Editor in 4.37 ms, found 4 plugins.
Preloading 0 native plugins for Editor in 0.00 ms.
Unloading 5539 Unused Serialized files (Serialized files now loaded: 0)
Unloading 64 unused Assets / (0.9 MB). Loaded Objects now: 6179.
Memory consumption went from 199.8 MB to 199.0 MB.
Total: 4.543400 ms (FindLiveObjects: 0.578100 ms CreateObjectMapping: 0.118900 ms MarkObjects: 3.274400 ms  DeleteObjects: 0.570000 ms)

Prepare: number of updated asset objects reloaded= 0
AssetImportParameters requested are different than current active one (requested -> active):
  custom:container-demuxer-ogg: 62fdf1f143b41e24485cea50d1cbac27 -> 
  custom:video-codec-MediaFoundation-h265: 746d11721c4dcdbdad8f713fa42b33f4 -> 
  custom:video-decoder-ogg-theora: a1e56fd34408186e4bbccfd4996cb3dc -> 
  custom:framework-win-MediaFoundation: 216162199b28c13a410421893ffa2e32 -> 
  custom:CustomObjectIndexerAttribute: 72b91833f83ae208fae7752999fa3104 -> 
  custom:container-demuxer-webm: 4f35f7cbe854078d1ac9338744f61a02 -> 
  custom:container-muxer-webm: aa71ff27fc2769a1b78a27578f13a17b -> 
  custom:video-decoder-webm-vp8: 9c59270c3fd7afecdb556c50c9e8de78 -> 
  custom:SearchIndexIgnoredProperties: e643bd26f0fe6173181afceb89e7c659 -> 
  custom:AudioImporter_EditorPlatform: d09bf68614088b80899f8185d706f6e7 -> 
  custom:video-encoder-webm-vp8: eb34c28f22e8b96e1ab97ce403110664 -> 
  custom:audio-decoder-ogg-vorbis: bf7c407c2cedff20999df2af8eb42d56 -> 
  custom:audio-encoder-webm-vorbis: bf7c407c2cedff20999df2af8eb42d56 -> 
========================================================================
Received Import Request.
  Time since last request: 307.653177 seconds.
  path: Assets/Prefabs/Rooms/TestRooms/StartRoom.prefab
  artifactKey: Guid(d357cdcab7f756747ada659a6dd53fbb) Importer(815301076,1909f56bfc062723c751e8b465ee728b)
Start importing Assets/Prefabs/Rooms/TestRooms/StartRoom.prefab using Guid(d357cdcab7f756747ada659a6dd53fbb) Importer(815301076,1909f56bfc062723c751e8b465ee728b)  -> (artifact id: '74c2f643c2258a8b0d7b3151c4536f6b') in 0.199715 seconds
Number of updated asset objects reloaded before import = 0
Number of asset objects unloaded after import = 444
========================================================================
Received Import Request.
  Time since last request: 0.000022 seconds.
  path: Assets/Prefabs/Rooms/TestRooms/TestRoom5.prefab
  artifactKey: Guid(95aa5cf2e24740548adcab73435cf36a) Importer(815301076,1909f56bfc062723c751e8b465ee728b)
Start importing Assets/Prefabs/Rooms/TestRooms/TestRoom5.prefab using Guid(95aa5cf2e24740548adcab73435cf36a) Importer(815301076,1909f56bfc062723c751e8b465ee728b)  -> (artifact id: 'cd4257b215f24e6dd77e4223fa2c2e8e') in 0.011787 seconds
Number of updated asset objects reloaded before import = 0
Number of asset objects unloaded after import = 373
========================================================================
Received Import Request.
  Time since last request: 0.000035 seconds.
  path: Assets/Prefabs/Rooms/TestRooms/TestRoom4.prefab
  artifactKey: Guid(b947fe26bcc37f949a0bd624ac357f4e) Importer(815301076,1909f56bfc062723c751e8b465ee728b)
Start importing Assets/Prefabs/Rooms/TestRooms/TestRoom4.prefab using Guid(b947fe26bcc37f949a0bd624ac357f4e) Importer(815301076,1909f56bfc062723c751e8b465ee728b)  -> (artifact id: 'd43e5a03404f50ffe3e351f38eb4f3d1') in 0.011274 seconds
Number of updated asset objects reloaded before import = 0
Number of asset objects unloaded after import = 373
========================================================================
Received Import Request.
  Time since last request: 1.904955 seconds.
  path: Assets/Prefabs/Rooms/TestRooms/StartRoom.prefab
  artifactKey: Guid(d357cdcab7f756747ada659a6dd53fbb) Importer(815301076,1909f56bfc062723c751e8b465ee728b)
Start importing Assets/Prefabs/Rooms/TestRooms/StartRoom.prefab using Guid(d357cdcab7f756747ada659a6dd53fbb) Importer(815301076,1909f56bfc062723c751e8b465ee728b)  -> (artifact id: '8b0e219db5fc4b0ffe90c3ac08402102') in 0.011440 seconds
Number of updated asset objects reloaded before import = 0
Number of asset objects unloaded after import = 426
========================================================================
Received Import Request.
  Time since last request: 0.000021 seconds.
  path: Assets/Prefabs/Rooms/TestRooms/TestRoom5.prefab
  artifactKey: Guid(95aa5cf2e24740548adcab73435cf36a) Importer(815301076,1909f56bfc062723c751e8b465ee728b)
Start importing Assets/Prefabs/Rooms/TestRooms/TestRoom5.prefab using Guid(95aa5cf2e24740548adcab73435cf36a) Importer(815301076,1909f56bfc062723c751e8b465ee728b)  -> (artifact id: '356aeac3be6274eeb849fdf5357a8ba6') in 0.012497 seconds
Number of updated asset objects reloaded before import = 0
Number of asset objects unloaded after import = 373
========================================================================
Received Import Request.
  Time since last request: 0.000025 seconds.
  path: Assets/Prefabs/Rooms/TestRooms/TestRoom4.prefab
  artifactKey: Guid(b947fe26bcc37f949a0bd624ac357f4e) Importer(815301076,1909f56bfc062723c751e8b465ee728b)
Start importing Assets/Prefabs/Rooms/TestRooms/TestRoom4.prefab using Guid(b947fe26bcc37f949a0bd624ac357f4e) Importer(815301076,1909f56bfc062723c751e8b465ee728b)  -> (artifact id: '3ea18340ecb0223bcd1c56d122f3259e') in 0.012023 seconds
Number of updated asset objects reloaded before import = 0
Number of asset objects unloaded after import = 373
========================================================================
Received Prepare
Begin MonoManager ReloadAssembly
- Loaded All Assemblies, in  0.413 seconds
Refreshing native plugins compatible for Editor in 4.63 ms, found 4 plugins.
Native extension for WindowsStandalone target not found
Native extension for WebGL target not found
[Package Manager] Server::EnsureServerProcessIsRunning -- launch failed, reason: Unity was launched with the -noUpm command-line argument
[Package Manager] UpmClient::Send -- Unable to send message (not connected to UPM process).
[Package Manager] Cannot connect to Unity Package Manager local server
Mono: successfully reloaded assembly
- Finished resetting the current domain, in  1.036 seconds
Domain Reload Profiling: 1444ms
	BeginReloadAssembly (145ms)
		ExecutionOrderSort (0ms)
		DisableScriptedObjects (11ms)
		BackupInstance (0ms)
		ReleaseScriptingObjects (0ms)
		CreateAndSetChildDomain (43ms)
	RebuildCommonClasses (23ms)
	RebuildNativeTypeToScriptingClass (9ms)
	initialDomainReloadingComplete (24ms)
	LoadAllAssembliesAndSetupDomain (207ms)
		LoadAssemblies (256ms)
		RebuildTransferFunctionScriptingTraits (0ms)
		AnalyzeDomain (15ms)
			TypeCache.Refresh (4ms)
				TypeCache.ScanAssembly (0ms)
			ScanForSourceGeneratedMonoScriptInfo (0ms)
			ResolveRequiredComponents (9ms)
	FinalizeReload (1036ms)
		ReleaseScriptCaches (0ms)
		RebuildScriptCaches (0ms)
		SetupLoadedEditorAssemblies (366ms)
			LogAssemblyErrors (0ms)
			InitializePlatformSupportModulesInManaged (6ms)
			SetLoadedEditorAssemblies (4ms)
			RefreshPlugins (0ms)
			BeforeProcessingInitializeOnLoad (62ms)
			ProcessInitializeOnLoadAttributes (237ms)
			ProcessInitializeOnLoadMethodAttributes (51ms)
			AfterProcessingInitializeOnLoad (6ms)
			EditorAssembliesLoaded (0ms)
		ExecutionOrderSort2 (0ms)
		AwakeInstancesAfterBackupRestoration (11ms)
Refreshing native plugins compatible for Editor in 4.51 ms, found 4 plugins.
Preloading 0 native plugins for Editor in 0.00 ms.
Unloading 5539 Unused Serialized files (Serialized files now loaded: 0)
Unloading 64 unused Assets / (0.9 MB). Loaded Objects now: 6221.
Memory consumption went from 200.0 MB to 199.1 MB.
Total: 3.824300 ms (FindLiveObjects: 0.525900 ms CreateObjectMapping: 0.173900 ms MarkObjects: 2.711500 ms  DeleteObjects: 0.410900 ms)

Prepare: number of updated asset objects reloaded= 0
AssetImportParameters requested are different than current active one (requested -> active):
  custom:container-demuxer-ogg: 62fdf1f143b41e24485cea50d1cbac27 -> 
  custom:video-codec-MediaFoundation-h265: 746d11721c4dcdbdad8f713fa42b33f4 -> 
  custom:video-decoder-ogg-theora: a1e56fd34408186e4bbccfd4996cb3dc -> 
  custom:framework-win-MediaFoundation: 216162199b28c13a410421893ffa2e32 -> 
  custom:CustomObjectIndexerAttribute: 72b91833f83ae208fae7752999fa3104 -> 
  custom:container-demuxer-webm: 4f35f7cbe854078d1ac9338744f61a02 -> 
  custom:container-muxer-webm: aa71ff27fc2769a1b78a27578f13a17b -> 
  custom:video-decoder-webm-vp8: 9c59270c3fd7afecdb556c50c9e8de78 -> 
  custom:SearchIndexIgnoredProperties: e643bd26f0fe6173181afceb89e7c659 -> 
  custom:AudioImporter_EditorPlatform: d09bf68614088b80899f8185d706f6e7 -> 
  custom:video-encoder-webm-vp8: eb34c28f22e8b96e1ab97ce403110664 -> 
  custom:audio-decoder-ogg-vorbis: bf7c407c2cedff20999df2af8eb42d56 -> 
  custom:audio-encoder-webm-vorbis: bf7c407c2cedff20999df2af8eb42d56 -> 
========================================================================
Received Prepare
Begin MonoManager ReloadAssembly
- Loaded All Assemblies, in  0.566 seconds
Refreshing native plugins compatible for Editor in 6.39 ms, found 4 plugins.
Native extension for WindowsStandalone target not found
Native extension for WebGL target not found
[Package Manager] Server::EnsureServerProcessIsRunning -- launch failed, reason: Unity was launched with the -noUpm command-line argument
[Package Manager] UpmClient::Send -- Unable to send message (not connected to UPM process).
[Package Manager] Cannot connect to Unity Package Manager local server
Mono: successfully reloaded assembly
- Finished resetting the current domain, in  1.638 seconds
Domain Reload Profiling: 2199ms
	BeginReloadAssembly (190ms)
		ExecutionOrderSort (0ms)
		DisableScriptedObjects (11ms)
		BackupInstance (0ms)
		ReleaseScriptingObjects (0ms)
		CreateAndSetChildDomain (49ms)
	RebuildCommonClasses (34ms)
	RebuildNativeTypeToScriptingClass (13ms)
	initialDomainReloadingComplete (36ms)
	LoadAllAssembliesAndSetupDomain (287ms)
		LoadAssemblies (357ms)
		RebuildTransferFunctionScriptingTraits (0ms)
		AnalyzeDomain (19ms)
			TypeCache.Refresh (6ms)
				TypeCache.ScanAssembly (0ms)
			ScanForSourceGeneratedMonoScriptInfo (0ms)
			ResolveRequiredComponents (11ms)
	FinalizeReload (1639ms)
		ReleaseScriptCaches (0ms)
		RebuildScriptCaches (0ms)
		SetupLoadedEditorAssemblies (560ms)
			LogAssemblyErrors (0ms)
			InitializePlatformSupportModulesInManaged (7ms)
			SetLoadedEditorAssemblies (6ms)
			RefreshPlugins (0ms)
			BeforeProcessingInitializeOnLoad (102ms)
			ProcessInitializeOnLoadAttributes (353ms)
			ProcessInitializeOnLoadMethodAttributes (80ms)
			AfterProcessingInitializeOnLoad (10ms)
			EditorAssembliesLoaded (0ms)
		ExecutionOrderSort2 (0ms)
		AwakeInstancesAfterBackupRestoration (22ms)
Refreshing native plugins compatible for Editor in 7.41 ms, found 4 plugins.
Preloading 0 native plugins for Editor in 0.00 ms.
Unloading 5539 Unused Serialized files (Serialized files now loaded: 0)
Unloading 64 unused Assets / (0.9 MB). Loaded Objects now: 6226.
Memory consumption went from 199.9 MB to 199.0 MB.
Total: 3.994900 ms (FindLiveObjects: 0.511700 ms CreateObjectMapping: 0.153200 ms MarkObjects: 2.845900 ms  DeleteObjects: 0.483100 ms)

Prepare: number of updated asset objects reloaded= 0
AssetImportParameters requested are different than current active one (requested -> active):
  custom:container-demuxer-ogg: 62fdf1f143b41e24485cea50d1cbac27 -> 
  custom:video-codec-MediaFoundation-h265: 746d11721c4dcdbdad8f713fa42b33f4 -> 
  custom:video-decoder-ogg-theora: a1e56fd34408186e4bbccfd4996cb3dc -> 
  custom:framework-win-MediaFoundation: 216162199b28c13a410421893ffa2e32 -> 
  custom:CustomObjectIndexerAttribute: 72b91833f83ae208fae7752999fa3104 -> 
  custom:container-demuxer-webm: 4f35f7cbe854078d1ac9338744f61a02 -> 
  custom:container-muxer-webm: aa71ff27fc2769a1b78a27578f13a17b -> 
  custom:video-decoder-webm-vp8: 9c59270c3fd7afecdb556c50c9e8de78 -> 
  custom:SearchIndexIgnoredProperties: e643bd26f0fe6173181afceb89e7c659 -> 
  custom:AudioImporter_EditorPlatform: d09bf68614088b80899f8185d706f6e7 -> 
  custom:video-encoder-webm-vp8: eb34c28f22e8b96e1ab97ce403110664 -> 
  custom:audio-decoder-ogg-vorbis: bf7c407c2cedff20999df2af8eb42d56 -> 
  custom:audio-encoder-webm-vorbis: bf7c407c2cedff20999df2af8eb42d56 -> 
========================================================================
Received Import Request.
  Time since last request: 300.543730 seconds.
  path: Assets/Prefabs/Rooms/TestRooms/RightLocation/TestRoom4.prefab
  artifactKey: Guid(02c59b677d88d154092a5d14af558085) Importer(815301076,1909f56bfc062723c751e8b465ee728b)
Start importing Assets/Prefabs/Rooms/TestRooms/RightLocation/TestRoom4.prefab using Guid(02c59b677d88d154092a5d14af558085) Importer(815301076,1909f56bfc062723c751e8b465ee728b)  -> (artifact id: '04700885e7fcf033ec6448d2093d75c2') in 0.222870 seconds
Number of updated asset objects reloaded before import = 0
Number of asset objects unloaded after import = 391
========================================================================
Received Import Request.
  Time since last request: 3.984220 seconds.
  path: Assets/Prefabs/Rooms/TestRooms/RightLocation/TestRoom4.prefab
  artifactKey: Guid(02c59b677d88d154092a5d14af558085) Importer(815301076,1909f56bfc062723c751e8b465ee728b)
Start importing Assets/Prefabs/Rooms/TestRooms/RightLocation/TestRoom4.prefab using Guid(02c59b677d88d154092a5d14af558085) Importer(815301076,1909f56bfc062723c751e8b465ee728b)  -> (artifact id: '1d64853241f20147663a38947b11716c') in 0.015722 seconds
Number of updated asset objects reloaded before import = 0
Number of asset objects unloaded after import = 373
========================================================================
Received Import Request.
  Time since last request: 1.768721 seconds.
  path: Assets/Prefabs/Rooms/TestRooms/RightLocation/TestRoom4.prefab
  artifactKey: Guid(02c59b677d88d154092a5d14af558085) Importer(815301076,1909f56bfc062723c751e8b465ee728b)
Start importing Assets/Prefabs/Rooms/TestRooms/RightLocation/TestRoom4.prefab using Guid(02c59b677d88d154092a5d14af558085) Importer(815301076,1909f56bfc062723c751e8b465ee728b)  -> (artifact id: 'e09e3ac755d3773ed7548b4cc784aa16') in 0.015986 seconds
Number of updated asset objects reloaded before import = 0
Number of asset objects unloaded after import = 373
========================================================================
Received Import Request.
  Time since last request: 11.683678 seconds.
  path: Assets/Prefabs/Rooms/TestRooms/RightLocation/TestRoom4.prefab
  artifactKey: Guid(02c59b677d88d154092a5d14af558085) Importer(815301076,1909f56bfc062723c751e8b465ee728b)
Start importing Assets/Prefabs/Rooms/TestRooms/RightLocation/TestRoom4.prefab using Guid(02c59b677d88d154092a5d14af558085) Importer(815301076,1909f56bfc062723c751e8b465ee728b)  -> (artifact id: '64491bf3e9d2b4f9af2f933ba3622cac') in 0.011801 seconds
Number of updated asset objects reloaded before import = 0
Number of asset objects unloaded after import = 373
========================================================================
Received Import Request.
  Time since last request: 1.809770 seconds.
  path: Assets/Prefabs/Rooms/TestRooms/RightLocation/TestRoom4.prefab
  artifactKey: Guid(02c59b677d88d154092a5d14af558085) Importer(815301076,1909f56bfc062723c751e8b465ee728b)
Start importing Assets/Prefabs/Rooms/TestRooms/RightLocation/TestRoom4.prefab using Guid(02c59b677d88d154092a5d14af558085) Importer(815301076,1909f56bfc062723c751e8b465ee728b)  -> (artifact id: '3622c5f85d79ae9c2b3e76b039d91dc0') in 0.010425 seconds
Number of updated asset objects reloaded before import = 0
Number of asset objects unloaded after import = 373
========================================================================
Received Prepare
Begin MonoManager ReloadAssembly
- Loaded All Assemblies, in  0.387 seconds
Refreshing native plugins compatible for Editor in 4.17 ms, found 4 plugins.
Native extension for WindowsStandalone target not found
Native extension for WebGL target not found
[Package Manager] Server::EnsureServerProcessIsRunning -- launch failed, reason: Unity was launched with the -noUpm command-line argument
[Package Manager] UpmClient::Send -- Unable to send message (not connected to UPM process).
[Package Manager] Cannot connect to Unity Package Manager local server
Mono: successfully reloaded assembly
- Finished resetting the current domain, in  0.976 seconds
Domain Reload Profiling: 1360ms
	BeginReloadAssembly (138ms)
		ExecutionOrderSort (0ms)
		DisableScriptedObjects (11ms)
		BackupInstance (0ms)
		ReleaseScriptingObjects (0ms)
		CreateAndSetChildDomain (44ms)
	RebuildCommonClasses (24ms)
	RebuildNativeTypeToScriptingClass (7ms)
	initialDomainReloadingComplete (24ms)
	LoadAllAssembliesAndSetupDomain (191ms)
		LoadAssemblies (231ms)
		RebuildTransferFunctionScriptingTraits (0ms)
		AnalyzeDomain (15ms)
			TypeCache.Refresh (7ms)
				TypeCache.ScanAssembly (0ms)
			ScanForSourceGeneratedMonoScriptInfo (0ms)
			ResolveRequiredComponents (7ms)
	FinalizeReload (976ms)
		ReleaseScriptCaches (0ms)
		RebuildScriptCaches (0ms)
		SetupLoadedEditorAssemblies (360ms)
			LogAssemblyErrors (0ms)
			InitializePlatformSupportModulesInManaged (5ms)
			SetLoadedEditorAssemblies (4ms)
			RefreshPlugins (0ms)
			BeforeProcessingInitializeOnLoad (63ms)
			ProcessInitializeOnLoadAttributes (232ms)
			ProcessInitializeOnLoadMethodAttributes (51ms)
			AfterProcessingInitializeOnLoad (6ms)
			EditorAssembliesLoaded (0ms)
		ExecutionOrderSort2 (0ms)
		AwakeInstancesAfterBackupRestoration (12ms)
Refreshing native plugins compatible for Editor in 4.91 ms, found 4 plugins.
Preloading 0 native plugins for Editor in 0.00 ms.
Unloading 5539 Unused Serialized files (Serialized files now loaded: 0)
Unloading 64 unused Assets / (0.9 MB). Loaded Objects now: 6268.
Memory consumption went from 200.0 MB to 199.1 MB.
Total: 3.286000 ms (FindLiveObjects: 0.478300 ms CreateObjectMapping: 0.112100 ms MarkObjects: 2.280000 ms  DeleteObjects: 0.414200 ms)

Prepare: number of updated asset objects reloaded= 0
AssetImportParameters requested are different than current active one (requested -> active):
  custom:container-demuxer-ogg: 62fdf1f143b41e24485cea50d1cbac27 -> 
  custom:video-codec-MediaFoundation-h265: 746d11721c4dcdbdad8f713fa42b33f4 -> 
  custom:video-decoder-ogg-theora: a1e56fd34408186e4bbccfd4996cb3dc -> 
  custom:framework-win-MediaFoundation: 216162199b28c13a410421893ffa2e32 -> 
  custom:CustomObjectIndexerAttribute: 72b91833f83ae208fae7752999fa3104 -> 
  custom:container-demuxer-webm: 4f35f7cbe854078d1ac9338744f61a02 -> 
  custom:container-muxer-webm: aa71ff27fc2769a1b78a27578f13a17b -> 
  custom:video-decoder-webm-vp8: 9c59270c3fd7afecdb556c50c9e8de78 -> 
  custom:SearchIndexIgnoredProperties: e643bd26f0fe6173181afceb89e7c659 -> 
  custom:AudioImporter_EditorPlatform: d09bf68614088b80899f8185d706f6e7 -> 
  custom:video-encoder-webm-vp8: eb34c28f22e8b96e1ab97ce403110664 -> 
  custom:audio-decoder-ogg-vorbis: bf7c407c2cedff20999df2af8eb42d56 -> 
  custom:audio-encoder-webm-vorbis: bf7c407c2cedff20999df2af8eb42d56 -> 
========================================================================
Received Import Request.
  Time since last request: 142.060183 seconds.
  path: Assets/Prefabs/Rooms/TestRooms/StartRoom.prefab
  artifactKey: Guid(d357cdcab7f756747ada659a6dd53fbb) Importer(815301076,1909f56bfc062723c751e8b465ee728b)
Start importing Assets/Prefabs/Rooms/TestRooms/StartRoom.prefab using Guid(d357cdcab7f756747ada659a6dd53fbb) Importer(815301076,1909f56bfc062723c751e8b465ee728b)  -> (artifact id: '12cc07804cea115ad4b35279df1c6e8c') in 0.190271 seconds
Number of updated asset objects reloaded before import = 0
Number of asset objects unloaded after import = 444
========================================================================
Received Import Request.
  Time since last request: 0.000031 seconds.
  path: Assets/Prefabs/Rooms/TestRooms/TestRoom5.prefab
  artifactKey: Guid(95aa5cf2e24740548adcab73435cf36a) Importer(815301076,1909f56bfc062723c751e8b465ee728b)
Start importing Assets/Prefabs/Rooms/TestRooms/TestRoom5.prefab using Guid(95aa5cf2e24740548adcab73435cf36a) Importer(815301076,1909f56bfc062723c751e8b465ee728b)  -> (artifact id: '7f6a92d2d4597d9cd5afd148a707a8d7') in 0.011733 seconds
Number of updated asset objects reloaded before import = 0
Number of asset objects unloaded after import = 373
========================================================================
Received Import Request.
  Time since last request: 0.000038 seconds.
  path: Assets/Prefabs/Rooms/TestRooms/TestRoom4.prefab
  artifactKey: Guid(b947fe26bcc37f949a0bd624ac357f4e) Importer(815301076,1909f56bfc062723c751e8b465ee728b)
Start importing Assets/Prefabs/Rooms/TestRooms/TestRoom4.prefab using Guid(b947fe26bcc37f949a0bd624ac357f4e) Importer(815301076,1909f56bfc062723c751e8b465ee728b)  -> (artifact id: '3972ad84f31311090714cfaa67ba80c2') in 0.012256 seconds
Number of updated asset objects reloaded before import = 0
Number of asset objects unloaded after import = 373
========================================================================
Received Import Request.
  Time since last request: 1.322841 seconds.
  path: Assets/Prefabs/Rooms/TestRooms/DownLocations/TestRoom1.prefab
  artifactKey: Guid(99a19b333f84145478b828a557c319b1) Importer(815301076,1909f56bfc062723c751e8b465ee728b)
Start importing Assets/Prefabs/Rooms/TestRooms/DownLocations/TestRoom1.prefab using Guid(99a19b333f84145478b828a557c319b1) Importer(815301076,1909f56bfc062723c751e8b465ee728b)  -> (artifact id: '630027dc598093214060887095ac6567') in 0.014076 seconds
Number of updated asset objects reloaded before import = 0
Number of asset objects unloaded after import = 373
========================================================================
Received Import Request.
  Time since last request: 47.347596 seconds.
  path: Assets/Prefabs/Rooms/TestRooms/DownLocations/TestRoom2.prefab
  artifactKey: Guid(c1e2d1d3c9487e24a875f008d6ca8ad1) Importer(815301076,1909f56bfc062723c751e8b465ee728b)
Start importing Assets/Prefabs/Rooms/TestRooms/DownLocations/TestRoom2.prefab using Guid(c1e2d1d3c9487e24a875f008d6ca8ad1) Importer(815301076,1909f56bfc062723c751e8b465ee728b)  -> (artifact id: '9e94261f1936a9d03563f7f95301e978') in 0.011423 seconds
Number of updated asset objects reloaded before import = 0
Number of asset objects unloaded after import = 373
========================================================================
Received Prepare
Begin MonoManager ReloadAssembly
- Loaded All Assemblies, in  0.379 seconds
Refreshing native plugins compatible for Editor in 4.27 ms, found 4 plugins.
Native extension for WindowsStandalone target not found
Native extension for WebGL target not found
[Package Manager] Server::EnsureServerProcessIsRunning -- launch failed, reason: Unity was launched with the -noUpm command-line argument
[Package Manager] UpmClient::Send -- Unable to send message (not connected to UPM process).
[Package Manager] Cannot connect to Unity Package Manager local server
Mono: successfully reloaded assembly
- Finished resetting the current domain, in  1.147 seconds
Domain Reload Profiling: 1523ms
	BeginReloadAssembly (138ms)
		ExecutionOrderSort (0ms)
		DisableScriptedObjects (11ms)
		BackupInstance (0ms)
		ReleaseScriptingObjects (0ms)
		CreateAndSetChildDomain (44ms)
	RebuildCommonClasses (22ms)
	RebuildNativeTypeToScriptingClass (7ms)
	initialDomainReloadingComplete (24ms)
	LoadAllAssembliesAndSetupDomain (184ms)
		LoadAssemblies (227ms)
		RebuildTransferFunctionScriptingTraits (0ms)
		AnalyzeDomain (13ms)
			TypeCache.Refresh (4ms)
				TypeCache.ScanAssembly (0ms)
			ScanForSourceGeneratedMonoScriptInfo (0ms)
			ResolveRequiredComponents (7ms)
	FinalizeReload (1147ms)
		ReleaseScriptCaches (0ms)
		RebuildScriptCaches (0ms)
		SetupLoadedEditorAssemblies (467ms)
			LogAssemblyErrors (0ms)
			InitializePlatformSupportModulesInManaged (8ms)
			SetLoadedEditorAssemblies (5ms)
			RefreshPlugins (0ms)
			BeforeProcessingInitializeOnLoad (82ms)
			ProcessInitializeOnLoadAttributes (302ms)
			ProcessInitializeOnLoadMethodAttributes (64ms)
			AfterProcessingInitializeOnLoad (7ms)
			EditorAssembliesLoaded (0ms)
		ExecutionOrderSort2 (0ms)
		AwakeInstancesAfterBackupRestoration (16ms)
Refreshing native plugins compatible for Editor in 5.68 ms, found 4 plugins.
Preloading 0 native plugins for Editor in 0.00 ms.
Unloading 5539 Unused Serialized files (Serialized files now loaded: 0)
Unloading 64 unused Assets / (0.9 MB). Loaded Objects now: 6310.
Memory consumption went from 200.1 MB to 199.2 MB.
Total: 4.903500 ms (FindLiveObjects: 0.556300 ms CreateObjectMapping: 0.123100 ms MarkObjects: 3.512400 ms  DeleteObjects: 0.710600 ms)

Prepare: number of updated asset objects reloaded= 0
AssetImportParameters requested are different than current active one (requested -> active):
  custom:container-demuxer-ogg: 62fdf1f143b41e24485cea50d1cbac27 -> 
  custom:video-codec-MediaFoundation-h265: 746d11721c4dcdbdad8f713fa42b33f4 -> 
  custom:video-decoder-ogg-theora: a1e56fd34408186e4bbccfd4996cb3dc -> 
  custom:framework-win-MediaFoundation: 216162199b28c13a410421893ffa2e32 -> 
  custom:CustomObjectIndexerAttribute: 72b91833f83ae208fae7752999fa3104 -> 
  custom:container-demuxer-webm: 4f35f7cbe854078d1ac9338744f61a02 -> 
  custom:container-muxer-webm: aa71ff27fc2769a1b78a27578f13a17b -> 
  custom:video-decoder-webm-vp8: 9c59270c3fd7afecdb556c50c9e8de78 -> 
  custom:SearchIndexIgnoredProperties: e643bd26f0fe6173181afceb89e7c659 -> 
  custom:AudioImporter_EditorPlatform: d09bf68614088b80899f8185d706f6e7 -> 
  custom:video-encoder-webm-vp8: eb34c28f22e8b96e1ab97ce403110664 -> 
  custom:audio-decoder-ogg-vorbis: bf7c407c2cedff20999df2af8eb42d56 -> 
  custom:audio-encoder-webm-vorbis: bf7c407c2cedff20999df2af8eb42d56 -> 
========================================================================
Received Import Request.
  Time since last request: 374.900356 seconds.
  path: Assets/Prefabs/Rooms/TestRooms/TestRoom3.prefab
  artifactKey: Guid(f462a1bd41c12a54681dfe374b427a13) Importer(815301076,1909f56bfc062723c751e8b465ee728b)
Start importing Assets/Prefabs/Rooms/TestRooms/TestRoom3.prefab using Guid(f462a1bd41c12a54681dfe374b427a13) Importer(815301076,1909f56bfc062723c751e8b465ee728b)  -> (artifact id: '6475d90db16c9303c1f94e842446295f') in 0.256076 seconds
Number of updated asset objects reloaded before import = 0
Number of asset objects unloaded after import = 391
========================================================================
Received Import Request.
  Time since last request: 0.000069 seconds.
  path: Assets/Prefabs/Rooms/TestRooms/TestRoom6.prefab
  artifactKey: Guid(f93021e5fd6263d4a8f80b9c5d543da9) Importer(815301076,1909f56bfc062723c751e8b465ee728b)
Start importing Assets/Prefabs/Rooms/TestRooms/TestRoom6.prefab using Guid(f93021e5fd6263d4a8f80b9c5d543da9) Importer(815301076,1909f56bfc062723c751e8b465ee728b)  -> (artifact id: 'd3641d6a79a18b15bb95f967a6122773') in 0.013614 seconds
Number of updated asset objects reloaded before import = 0
Number of asset objects unloaded after import = 373
========================================================================
Received Import Request.
  Time since last request: 0.000038 seconds.
  path: Assets/Prefabs/Rooms/TestRooms/TestRoom4.prefab
  artifactKey: Guid(b947fe26bcc37f949a0bd624ac357f4e) Importer(815301076,1909f56bfc062723c751e8b465ee728b)
Start importing Assets/Prefabs/Rooms/TestRooms/TestRoom4.prefab using Guid(b947fe26bcc37f949a0bd624ac357f4e) Importer(815301076,1909f56bfc062723c751e8b465ee728b)  -> (artifact id: 'e50f1b9abcc5e13e0e96eb09d6100b51') in 0.015013 seconds
Number of updated asset objects reloaded before import = 0
Number of asset objects unloaded after import = 373
========================================================================
Received Import Request.
  Time since last request: 7.984571 seconds.
  path: Assets/Prefabs/Rooms/TestRooms/TestRoom3.prefab
  artifactKey: Guid(f462a1bd41c12a54681dfe374b427a13) Importer(815301076,1909f56bfc062723c751e8b465ee728b)
Start importing Assets/Prefabs/Rooms/TestRooms/TestRoom3.prefab using Guid(f462a1bd41c12a54681dfe374b427a13) Importer(815301076,1909f56bfc062723c751e8b465ee728b)  -> (artifact id: '9592925aa982795848f25f21ebed9d3d') in 0.012432 seconds
Number of updated asset objects reloaded before import = 0
Number of asset objects unloaded after import = 373
========================================================================
Received Import Request.
  Time since last request: 0.000024 seconds.
  path: Assets/Prefabs/Rooms/TestRooms/TestRoom6.prefab
  artifactKey: Guid(f93021e5fd6263d4a8f80b9c5d543da9) Importer(815301076,1909f56bfc062723c751e8b465ee728b)
Start importing Assets/Prefabs/Rooms/TestRooms/TestRoom6.prefab using Guid(f93021e5fd6263d4a8f80b9c5d543da9) Importer(815301076,1909f56bfc062723c751e8b465ee728b)  -> (artifact id: 'bb5b6c6e182455374f9cc10c6a6ab9d9') in 0.012082 seconds
Number of updated asset objects reloaded before import = 0
Number of asset objects unloaded after import = 373
