Using pre-set license
Built from '2022.3/staging' branch; Version is '2022.3.30f1 (70558241b701) revision 7361922'; Using compiler version '192829333'; Build Type 'Release'
OS: 'Windows 11  (10.0.22631) 64bit Professional' Language: 'ru' Physical Memory: 15581 MB
BatchMode: 1, IsHumanControllingUs: 0, StartBugReporterOnCrash: 0, Is64bit: 1, IsPro: 1

COMMAND LINE ARGUMENTS:
C:\Program Files\Unity\Hub\Editor\2022.3.30f1\Editor\Unity.exe
-adb2
-batchMode
-noUpm
-name
AssetImportWorker2
-projectPath
C:/Users/Miguel/Documents/GitHub/MutationGame/MutationGame
-logFile
Logs/AssetImportWorker2.log
-srvPort
64737
Successfully changed project path to: C:/Users/Miguel/Documents/GitHub/MutationGame/MutationGame
C:/Users/Miguel/Documents/GitHub/MutationGame/MutationGame
[UnityMemory] Configuration Parameters - Can be set up in boot.config
    "memorysetup-bucket-allocator-granularity=16"
    "memorysetup-bucket-allocator-bucket-count=8"
    "memorysetup-bucket-allocator-block-size=33554432"
    "memorysetup-bucket-allocator-block-count=8"
    "memorysetup-main-allocator-block-size=16777216"
    "memorysetup-thread-allocator-block-size=16777216"
    "memorysetup-gfx-main-allocator-block-size=16777216"
    "memorysetup-gfx-thread-allocator-block-size=16777216"
    "memorysetup-cache-allocator-block-size=4194304"
    "memorysetup-typetree-allocator-block-size=2097152"
    "memorysetup-profiler-bucket-allocator-granularity=16"
    "memorysetup-profiler-bucket-allocator-bucket-count=8"
    "memorysetup-profiler-bucket-allocator-block-size=33554432"
    "memorysetup-profiler-bucket-allocator-block-count=8"
    "memorysetup-profiler-allocator-block-size=16777216"
    "memorysetup-profiler-editor-allocator-block-size=1048576"
    "memorysetup-temp-allocator-size-main=16777216"
    "memorysetup-job-temp-allocator-block-size=2097152"
    "memorysetup-job-temp-allocator-block-size-background=1048576"
    "memorysetup-job-temp-allocator-reduction-small-platforms=262144"
    "memorysetup-allocator-temp-initial-block-size-main=262144"
    "memorysetup-allocator-temp-initial-block-size-worker=262144"
    "memorysetup-temp-allocator-size-background-worker=32768"
    "memorysetup-temp-allocator-size-job-worker=262144"
    "memorysetup-temp-allocator-size-preload-manager=33554432"
    "memorysetup-temp-allocator-size-nav-mesh-worker=65536"
    "memorysetup-temp-allocator-size-audio-worker=65536"
    "memorysetup-temp-allocator-size-cloud-worker=32768"
    "memorysetup-temp-allocator-size-gi-baking-worker=262144"
    "memorysetup-temp-allocator-size-gfx=262144"
Player connection [37524] Host "[IP] 192.168.1.35 [Port] 0 [Flags] 2 [Guid] 1876346399 [EditorId] 1876346399 [Version] 1048832 [Id] WindowsEditor(7,DESKTOP-FV6FI5A) [Debug] 1 [PackageName] WindowsEditor [ProjectName] Editor" joined multi-casting on [225.0.0.222:54997]...

Player connection [37524] Host "[IP] 192.168.1.35 [Port] 0 [Flags] 2 [Guid] 1876346399 [EditorId] 1876346399 [Version] 1048832 [Id] WindowsEditor(7,DESKTOP-FV6FI5A) [Debug] 1 [PackageName] WindowsEditor [ProjectName] Editor" joined alternative multi-casting on [225.0.0.222:34997]...

[Physics::Module] Initialized MultithreadedJobDispatcher with 15 workers.
Refreshing native plugins compatible for Editor in 11.57 ms, found 4 plugins.
Preloading 0 native plugins for Editor in 0.00 ms.
Initialize engine version: 2022.3.30f1 (70558241b701)
[Subsystems] Discovering subsystems at path C:/Program Files/Unity/Hub/Editor/2022.3.30f1/Editor/Data/Resources/UnitySubsystems
[Subsystems] Discovering subsystems at path C:/Users/Miguel/Documents/GitHub/MutationGame/MutationGame/Assets
GfxDevice: creating device client; threaded=0; jobified=0
Direct3D:
    Version:  Direct3D 11.0 [level 11.1]
    Renderer: NVIDIA GeForce RTX 4050 Laptop GPU (ID=0x28a1)
    Vendor:   NVIDIA
    VRAM:     5921 MB
    Driver:   32.0.15.5585
Initialize mono
Mono path[0] = 'C:/Program Files/Unity/Hub/Editor/2022.3.30f1/Editor/Data/Managed'
Mono path[1] = 'C:/Program Files/Unity/Hub/Editor/2022.3.30f1/Editor/Data/MonoBleedingEdge/lib/mono/unityjit-win32'
Mono config path = 'C:/Program Files/Unity/Hub/Editor/2022.3.30f1/Editor/Data/MonoBleedingEdge/etc'
Using monoOptions --debugger-agent=transport=dt_socket,embedding=1,server=y,suspend=n,address=127.0.0.1:56004
Begin MonoManager ReloadAssembly
Registering precompiled unity dll's ...
Register platform support module: C:/Program Files/Unity/Hub/Editor/2022.3.30f1/Editor/Data/PlaybackEngines/WebGLSupport/UnityEditor.WebGL.Extensions.dll
Register platform support module: C:/Program Files/Unity/Hub/Editor/2022.3.30f1/Editor/Data/PlaybackEngines/WindowsStandaloneSupport/UnityEditor.WindowsStandalone.Extensions.dll
Registered in 0.005767 seconds.
- Loaded All Assemblies, in  0.239 seconds
Native extension for WindowsStandalone target not found
Native extension for WebGL target not found
Mono: successfully reloaded assembly
- Finished resetting the current domain, in  0.170 seconds
Domain Reload Profiling: 409ms
	BeginReloadAssembly (74ms)
		ExecutionOrderSort (0ms)
		DisableScriptedObjects (0ms)
		BackupInstance (0ms)
		ReleaseScriptingObjects (0ms)
		CreateAndSetChildDomain (1ms)
	RebuildCommonClasses (20ms)
	RebuildNativeTypeToScriptingClass (6ms)
	initialDomainReloadingComplete (41ms)
	LoadAllAssembliesAndSetupDomain (97ms)
		LoadAssemblies (72ms)
		RebuildTransferFunctionScriptingTraits (0ms)
		AnalyzeDomain (96ms)
			TypeCache.Refresh (94ms)
				TypeCache.ScanAssembly (85ms)
			ScanForSourceGeneratedMonoScriptInfo (0ms)
			ResolveRequiredComponents (0ms)
	FinalizeReload (171ms)
		ReleaseScriptCaches (0ms)
		RebuildScriptCaches (0ms)
		SetupLoadedEditorAssemblies (136ms)
			LogAssemblyErrors (0ms)
			InitializePlatformSupportModulesInManaged (6ms)
			SetLoadedEditorAssemblies (3ms)
			RefreshPlugins (0ms)
			BeforeProcessingInitializeOnLoad (1ms)
			ProcessInitializeOnLoadAttributes (96ms)
			ProcessInitializeOnLoadMethodAttributes (29ms)
			AfterProcessingInitializeOnLoad (0ms)
			EditorAssembliesLoaded (0ms)
		ExecutionOrderSort2 (0ms)
		AwakeInstancesAfterBackupRestoration (0ms)
========================================================================
Worker process is ready to serve import requests
Begin MonoManager ReloadAssembly
- Loaded All Assemblies, in  0.517 seconds
Refreshing native plugins compatible for Editor in 3.63 ms, found 4 plugins.
Native extension for WindowsStandalone target not found
Native extension for WebGL target not found
Package Manager log level set to [2]
[Package Manager] Server::EnsureServerProcessIsRunning -- launch failed, reason: Unity was launched with the -noUpm command-line argument
[Package Manager] UpmClient::Send -- Unable to send message (not connected to UPM process).
[Package Manager] Cannot connect to Unity Package Manager local server
Mono: successfully reloaded assembly
- Finished resetting the current domain, in  0.481 seconds
Domain Reload Profiling: 995ms
	BeginReloadAssembly (98ms)
		ExecutionOrderSort (0ms)
		DisableScriptedObjects (3ms)
		BackupInstance (0ms)
		ReleaseScriptingObjects (0ms)
		CreateAndSetChildDomain (20ms)
	RebuildCommonClasses (20ms)
	RebuildNativeTypeToScriptingClass (6ms)
	initialDomainReloadingComplete (36ms)
	LoadAllAssembliesAndSetupDomain (353ms)
		LoadAssemblies (250ms)
		RebuildTransferFunctionScriptingTraits (0ms)
		AnalyzeDomain (157ms)
			TypeCache.Refresh (131ms)
				TypeCache.ScanAssembly (119ms)
			ScanForSourceGeneratedMonoScriptInfo (18ms)
			ResolveRequiredComponents (7ms)
	FinalizeReload (481ms)
		ReleaseScriptCaches (0ms)
		RebuildScriptCaches (0ms)
		SetupLoadedEditorAssemblies (371ms)
			LogAssemblyErrors (0ms)
			InitializePlatformSupportModulesInManaged (5ms)
			SetLoadedEditorAssemblies (3ms)
			RefreshPlugins (0ms)
			BeforeProcessingInitializeOnLoad (56ms)
			ProcessInitializeOnLoadAttributes (252ms)
			ProcessInitializeOnLoadMethodAttributes (49ms)
			AfterProcessingInitializeOnLoad (5ms)
			EditorAssembliesLoaded (0ms)
		ExecutionOrderSort2 (0ms)
		AwakeInstancesAfterBackupRestoration (3ms)
Launched and connected shader compiler UnityShaderCompiler.exe after 0.05 seconds
Refreshing native plugins compatible for Editor in 3.83 ms, found 4 plugins.
Preloading 0 native plugins for Editor in 0.00 ms.
Unloading 5865 Unused Serialized files (Serialized files now loaded: 0)
Unloading 111 unused Assets / (0.9 MB). Loaded Objects now: 6328.
Memory consumption went from 231.7 MB to 230.8 MB.
Total: 4.271900 ms (FindLiveObjects: 0.485500 ms CreateObjectMapping: 0.146500 ms MarkObjects: 3.123900 ms  DeleteObjects: 0.515000 ms)

AssetImportParameters requested are different than current active one (requested -> active):
  custom:container-demuxer-ogg: 62fdf1f143b41e24485cea50d1cbac27 -> 
  custom:video-codec-MediaFoundation-h265: 746d11721c4dcdbdad8f713fa42b33f4 -> 
  custom:video-decoder-ogg-theora: a1e56fd34408186e4bbccfd4996cb3dc -> 
  custom:framework-win-MediaFoundation: 216162199b28c13a410421893ffa2e32 -> 
  custom:CustomObjectIndexerAttribute: 72b91833f83ae208fae7752999fa3104 -> 
  custom:container-demuxer-webm: 4f35f7cbe854078d1ac9338744f61a02 -> 
  custom:container-muxer-webm: aa71ff27fc2769a1b78a27578f13a17b -> 
  custom:video-decoder-webm-vp8: 9c59270c3fd7afecdb556c50c9e8de78 -> 
  custom:SearchIndexIgnoredProperties: e643bd26f0fe6173181afceb89e7c659 -> 
  custom:AudioImporter_EditorPlatform: d09bf68614088b80899f8185d706f6e7 -> 
  custom:video-encoder-webm-vp8: eb34c28f22e8b96e1ab97ce403110664 -> 
  custom:audio-decoder-ogg-vorbis: bf7c407c2cedff20999df2af8eb42d56 -> 
  custom:audio-encoder-webm-vorbis: bf7c407c2cedff20999df2af8eb42d56 -> 
========================================================================
Received Import Request.
  Time since last request: 377051.976079 seconds.
  path: Assets/Prefabs/Rooms/TestRooms/RightLocation/G2Room.prefab
  artifactKey: Guid(2cc7027f182344f4ea9c96deec8e9c86) Importer(815301076,1909f56bfc062723c751e8b465ee728b)
Start importing Assets/Prefabs/Rooms/TestRooms/RightLocation/G2Room.prefab using Guid(2cc7027f182344f4ea9c96deec8e9c86) Importer(815301076,1909f56bfc062723c751e8b465ee728b)  -> (artifact id: 'c73ba756850382ceb98e09b1177a1c18') in 0.322236 seconds
Number of updated asset objects reloaded before import = 0
Number of asset objects unloaded after import = 4276
========================================================================
Received Import Request.
  Time since last request: 6.068556 seconds.
  path: Assets/Prefabs/Rooms/TestRooms/RightLocation/G2Room.prefab
  artifactKey: Guid(2cc7027f182344f4ea9c96deec8e9c86) Importer(815301076,1909f56bfc062723c751e8b465ee728b)
Start importing Assets/Prefabs/Rooms/TestRooms/RightLocation/G2Room.prefab using Guid(2cc7027f182344f4ea9c96deec8e9c86) Importer(815301076,1909f56bfc062723c751e8b465ee728b)  -> (artifact id: 'ce9693568e74fd532d49a7fd63e68f5c') in 0.098417 seconds
Number of updated asset objects reloaded before import = 0
Number of asset objects unloaded after import = 4275
========================================================================
Received Import Request.
  Time since last request: 2.170829 seconds.
  path: Assets/Prefabs/Rooms/TestRooms/RightLocation/G2Room.prefab
  artifactKey: Guid(2cc7027f182344f4ea9c96deec8e9c86) Importer(815301076,1909f56bfc062723c751e8b465ee728b)
Start importing Assets/Prefabs/Rooms/TestRooms/RightLocation/G2Room.prefab using Guid(2cc7027f182344f4ea9c96deec8e9c86) Importer(815301076,1909f56bfc062723c751e8b465ee728b)  -> (artifact id: 'e6e6f92bfe91da1fbc88f5037b951b2e') in 0.089185 seconds
Number of updated asset objects reloaded before import = 0
Number of asset objects unloaded after import = 4341
========================================================================
Received Import Request.
  Time since last request: 0.000038 seconds.
  path: Assets/Prefabs/Rooms/TestRooms/RightLocation/TestRoom6.prefab
  artifactKey: Guid(ac6de189e49e2054ab5771b773d90695) Importer(815301076,1909f56bfc062723c751e8b465ee728b)
Start importing Assets/Prefabs/Rooms/TestRooms/RightLocation/TestRoom6.prefab using Guid(ac6de189e49e2054ab5771b773d90695) Importer(815301076,1909f56bfc062723c751e8b465ee728b)  -> (artifact id: 'b73df34823f56e0a56c0d4114a87d26b') in 0.082046 seconds
Number of updated asset objects reloaded before import = 0
Number of asset objects unloaded after import = 4275
========================================================================
Received Import Request.
  Time since last request: 13.658001 seconds.
  path: Assets/Prefabs/Rooms/TestRooms/RightLocation/G2Room.prefab
  artifactKey: Guid(2cc7027f182344f4ea9c96deec8e9c86) Importer(815301076,1909f56bfc062723c751e8b465ee728b)
Start importing Assets/Prefabs/Rooms/TestRooms/RightLocation/G2Room.prefab using Guid(2cc7027f182344f4ea9c96deec8e9c86) Importer(815301076,1909f56bfc062723c751e8b465ee728b)  -> (artifact id: '53a6b943e6a5d8776b4fec2d8b3d5d70') in 0.090788 seconds
Number of updated asset objects reloaded before import = 0
Number of asset objects unloaded after import = 4341
========================================================================
Received Import Request.
  Time since last request: 0.000029 seconds.
  path: Assets/Prefabs/Rooms/TestRooms/RightLocation/TestRoom6.prefab
  artifactKey: Guid(ac6de189e49e2054ab5771b773d90695) Importer(815301076,1909f56bfc062723c751e8b465ee728b)
Start importing Assets/Prefabs/Rooms/TestRooms/RightLocation/TestRoom6.prefab using Guid(ac6de189e49e2054ab5771b773d90695) Importer(815301076,1909f56bfc062723c751e8b465ee728b)  -> (artifact id: '9751c8b69d1d24229d2aca501da79164') in 0.086539 seconds
Number of updated asset objects reloaded before import = 0
Number of asset objects unloaded after import = 4275
========================================================================
Received Import Request.
  Time since last request: 2.218302 seconds.
  path: Assets/Prefabs/Rooms/TestRooms/RightLocation/G2Room.prefab
  artifactKey: Guid(2cc7027f182344f4ea9c96deec8e9c86) Importer(815301076,1909f56bfc062723c751e8b465ee728b)
Start importing Assets/Prefabs/Rooms/TestRooms/RightLocation/G2Room.prefab using Guid(2cc7027f182344f4ea9c96deec8e9c86) Importer(815301076,1909f56bfc062723c751e8b465ee728b)  -> (artifact id: 'bc91dddb09e2742c0015ce66de54f1fc') in 0.088769 seconds
Number of updated asset objects reloaded before import = 0
Number of asset objects unloaded after import = 4341
========================================================================
Received Import Request.
  Time since last request: 0.000034 seconds.
  path: Assets/Prefabs/Rooms/TestRooms/RightLocation/TestRoom5.prefab
  artifactKey: Guid(75b40a31eff050a4a9ab6a4532458ccc) Importer(815301076,1909f56bfc062723c751e8b465ee728b)
Start importing Assets/Prefabs/Rooms/TestRooms/RightLocation/TestRoom5.prefab using Guid(75b40a31eff050a4a9ab6a4532458ccc) Importer(815301076,1909f56bfc062723c751e8b465ee728b)  -> (artifact id: '797da62ce1e9d5e0cb7ce3f3ba77a6a0') in 0.083442 seconds
Number of updated asset objects reloaded before import = 0
Number of asset objects unloaded after import = 4275
========================================================================
Received Import Request.
  Time since last request: 0.186063 seconds.
  path: Assets/Prefabs/Rooms/TestRooms/RightLocation/G2Room.prefab
  artifactKey: Guid(2cc7027f182344f4ea9c96deec8e9c86) Importer(815301076,1909f56bfc062723c751e8b465ee728b)
Start importing Assets/Prefabs/Rooms/TestRooms/RightLocation/G2Room.prefab using Guid(2cc7027f182344f4ea9c96deec8e9c86) Importer(815301076,1909f56bfc062723c751e8b465ee728b)  -> (artifact id: '3fb386021000b542fe1c86702ded54b9') in 0.080859 seconds
Number of updated asset objects reloaded before import = 0
Number of asset objects unloaded after import = 4341
========================================================================
Received Import Request.
  Time since last request: 0.000035 seconds.
  path: Assets/Prefabs/Rooms/TestRooms/RightLocation/TestRoom6.prefab
  artifactKey: Guid(ac6de189e49e2054ab5771b773d90695) Importer(815301076,1909f56bfc062723c751e8b465ee728b)
Start importing Assets/Prefabs/Rooms/TestRooms/RightLocation/TestRoom6.prefab using Guid(ac6de189e49e2054ab5771b773d90695) Importer(815301076,1909f56bfc062723c751e8b465ee728b)  -> (artifact id: '6d3158d769e47e4e9c84a98f765b4285') in 0.084363 seconds
Number of updated asset objects reloaded before import = 0
Number of asset objects unloaded after import = 4275
========================================================================
Received Import Request.
  Time since last request: 5.420130 seconds.
  path: Assets/Prefabs/Rooms/TestRooms/RightLocation/G2Room.prefab
  artifactKey: Guid(2cc7027f182344f4ea9c96deec8e9c86) Importer(815301076,1909f56bfc062723c751e8b465ee728b)
Start importing Assets/Prefabs/Rooms/TestRooms/RightLocation/G2Room.prefab using Guid(2cc7027f182344f4ea9c96deec8e9c86) Importer(815301076,1909f56bfc062723c751e8b465ee728b)  -> (artifact id: 'e2196619397127059e2b16a2707c5c0e') in 0.087444 seconds
Number of updated asset objects reloaded before import = 0
Number of asset objects unloaded after import = 4341
========================================================================
Received Import Request.
  Time since last request: 0.000028 seconds.
  path: Assets/Prefabs/Rooms/TestRooms/RightLocation/TestRoom6.prefab
  artifactKey: Guid(ac6de189e49e2054ab5771b773d90695) Importer(815301076,1909f56bfc062723c751e8b465ee728b)
Start importing Assets/Prefabs/Rooms/TestRooms/RightLocation/TestRoom6.prefab using Guid(ac6de189e49e2054ab5771b773d90695) Importer(815301076,1909f56bfc062723c751e8b465ee728b)  -> (artifact id: 'b4617ed25af9ca0ae673883bbc379a65') in 0.080822 seconds
Number of updated asset objects reloaded before import = 0
Number of asset objects unloaded after import = 4275
========================================================================
Received Import Request.
  Time since last request: 6.062883 seconds.
  path: Assets/Prefabs/Rooms/TestRooms/RightLocation/G2Room.prefab
  artifactKey: Guid(2cc7027f182344f4ea9c96deec8e9c86) Importer(815301076,1909f56bfc062723c751e8b465ee728b)
Start importing Assets/Prefabs/Rooms/TestRooms/RightLocation/G2Room.prefab using Guid(2cc7027f182344f4ea9c96deec8e9c86) Importer(815301076,1909f56bfc062723c751e8b465ee728b)  -> (artifact id: '8f2e1be92013ee9c62d856ed8a93d508') in 0.087633 seconds
Number of updated asset objects reloaded before import = 0
Number of asset objects unloaded after import = 4341
========================================================================
Received Import Request.
  Time since last request: 0.000036 seconds.
  path: Assets/Prefabs/Rooms/TestRooms/RightLocation/TestRoom6.prefab
  artifactKey: Guid(ac6de189e49e2054ab5771b773d90695) Importer(815301076,1909f56bfc062723c751e8b465ee728b)
Start importing Assets/Prefabs/Rooms/TestRooms/RightLocation/TestRoom6.prefab using Guid(ac6de189e49e2054ab5771b773d90695) Importer(815301076,1909f56bfc062723c751e8b465ee728b)  -> (artifact id: '607288ea53ad7389d7cc63c89b4d8684') in 0.083964 seconds
Number of updated asset objects reloaded before import = 0
Number of asset objects unloaded after import = 4275
========================================================================
Received Import Request.
  Time since last request: 9.100600 seconds.
  path: Assets/Prefabs/Rooms/TestRooms/RightLocation/G2Room.prefab
  artifactKey: Guid(2cc7027f182344f4ea9c96deec8e9c86) Importer(815301076,1909f56bfc062723c751e8b465ee728b)
Start importing Assets/Prefabs/Rooms/TestRooms/RightLocation/G2Room.prefab using Guid(2cc7027f182344f4ea9c96deec8e9c86) Importer(815301076,1909f56bfc062723c751e8b465ee728b)  -> (artifact id: '82d9b87375a643d5d70e6762dcd1c29e') in 0.091716 seconds
Number of updated asset objects reloaded before import = 0
Number of asset objects unloaded after import = 4341
========================================================================
Received Import Request.
  Time since last request: 0.290992 seconds.
  path: Assets/Prefabs/Rooms/TestRooms/RightLocation/G2Room.prefab
  artifactKey: Guid(2cc7027f182344f4ea9c96deec8e9c86) Importer(815301076,1909f56bfc062723c751e8b465ee728b)
Start importing Assets/Prefabs/Rooms/TestRooms/RightLocation/G2Room.prefab using Guid(2cc7027f182344f4ea9c96deec8e9c86) Importer(815301076,1909f56bfc062723c751e8b465ee728b)  -> (artifact id: '0cdb059a87ba3d6eeed1a0a7cfbf2306') in 0.082503 seconds
Number of updated asset objects reloaded before import = 0
Number of asset objects unloaded after import = 4341
========================================================================
Received Import Request.
  Time since last request: 0.000027 seconds.
  path: Assets/Prefabs/Rooms/TestRooms/RightLocation/TestRoom6.prefab
  artifactKey: Guid(ac6de189e49e2054ab5771b773d90695) Importer(815301076,1909f56bfc062723c751e8b465ee728b)
Start importing Assets/Prefabs/Rooms/TestRooms/RightLocation/TestRoom6.prefab using Guid(ac6de189e49e2054ab5771b773d90695) Importer(815301076,1909f56bfc062723c751e8b465ee728b)  -> (artifact id: 'fe785a173c173ea3cb4a14908899caef') in 0.082519 seconds
Number of updated asset objects reloaded before import = 0
Number of asset objects unloaded after import = 4275
========================================================================
Received Import Request.
  Time since last request: 1.253002 seconds.
  path: Assets/Prefabs/Rooms/TestRooms/RightLocation/G2Room.prefab
  artifactKey: Guid(2cc7027f182344f4ea9c96deec8e9c86) Importer(815301076,1909f56bfc062723c751e8b465ee728b)
Start importing Assets/Prefabs/Rooms/TestRooms/RightLocation/G2Room.prefab using Guid(2cc7027f182344f4ea9c96deec8e9c86) Importer(815301076,1909f56bfc062723c751e8b465ee728b)  -> (artifact id: 'a5f422132987210571a3b95a739577a6') in 0.088031 seconds
Number of updated asset objects reloaded before import = 0
Number of asset objects unloaded after import = 4341
========================================================================
Received Import Request.
  Time since last request: 0.000030 seconds.
  path: Assets/Prefabs/Rooms/TestRooms/RightLocation/TestRoom6.prefab
  artifactKey: Guid(ac6de189e49e2054ab5771b773d90695) Importer(815301076,1909f56bfc062723c751e8b465ee728b)
Start importing Assets/Prefabs/Rooms/TestRooms/RightLocation/TestRoom6.prefab using Guid(ac6de189e49e2054ab5771b773d90695) Importer(815301076,1909f56bfc062723c751e8b465ee728b)  -> (artifact id: '1a23f5997863a5688301036ba4e4f33f') in 0.076875 seconds
Number of updated asset objects reloaded before import = 0
Number of asset objects unloaded after import = 4275
========================================================================
Received Import Request.
  Time since last request: 33.564028 seconds.
  path: Assets/Prefabs/Rooms/TestRooms/Corners/DownCornerL.prefab
  artifactKey: Guid(05b5c791786c3974aa9898acce7338fa) Importer(815301076,1909f56bfc062723c751e8b465ee728b)
Start importing Assets/Prefabs/Rooms/TestRooms/Corners/DownCornerL.prefab using Guid(05b5c791786c3974aa9898acce7338fa) Importer(815301076,1909f56bfc062723c751e8b465ee728b)  -> (artifact id: '2d7d84b54b8db456665934ad81620914') in 0.094618 seconds
Number of updated asset objects reloaded before import = 0
Number of asset objects unloaded after import = 4275
========================================================================
Received Import Request.
  Time since last request: 8.904835 seconds.
  path: Assets/Prefabs/Rooms/TestRooms/RightLocation/G2Room.prefab
  artifactKey: Guid(2cc7027f182344f4ea9c96deec8e9c86) Importer(815301076,1909f56bfc062723c751e8b465ee728b)
Start importing Assets/Prefabs/Rooms/TestRooms/RightLocation/G2Room.prefab using Guid(2cc7027f182344f4ea9c96deec8e9c86) Importer(815301076,1909f56bfc062723c751e8b465ee728b)  -> (artifact id: '70e805bc18262afd28bf02f808cdfd31') in 0.086944 seconds
Number of updated asset objects reloaded before import = 0
Number of asset objects unloaded after import = 4341
========================================================================
Received Import Request.
  Time since last request: 0.000039 seconds.
  path: Assets/Prefabs/Rooms/TestRooms/RightLocation/TestRoom5.prefab
  artifactKey: Guid(75b40a31eff050a4a9ab6a4532458ccc) Importer(815301076,1909f56bfc062723c751e8b465ee728b)
Start importing Assets/Prefabs/Rooms/TestRooms/RightLocation/TestRoom5.prefab using Guid(75b40a31eff050a4a9ab6a4532458ccc) Importer(815301076,1909f56bfc062723c751e8b465ee728b)  -> (artifact id: '87aa8e3b5ebbe84a2c8b690e0bc84d34') in 0.085534 seconds
Number of updated asset objects reloaded before import = 0
Number of asset objects unloaded after import = 4275
========================================================================
Received Import Request.
  Time since last request: 2.057183 seconds.
  path: Assets/Prefabs/Rooms/TestRooms/RightLocation/G2Room.prefab
  artifactKey: Guid(2cc7027f182344f4ea9c96deec8e9c86) Importer(815301076,1909f56bfc062723c751e8b465ee728b)
Start importing Assets/Prefabs/Rooms/TestRooms/RightLocation/G2Room.prefab using Guid(2cc7027f182344f4ea9c96deec8e9c86) Importer(815301076,1909f56bfc062723c751e8b465ee728b)  -> (artifact id: '924f4e0b67e4bc7205c7402a16029669') in 0.086575 seconds
Number of updated asset objects reloaded before import = 0
Number of asset objects unloaded after import = 4341
========================================================================
Received Import Request.
  Time since last request: 0.000028 seconds.
  path: Assets/Prefabs/Rooms/TestRooms/RightLocation/TestRoom6.prefab
  artifactKey: Guid(ac6de189e49e2054ab5771b773d90695) Importer(815301076,1909f56bfc062723c751e8b465ee728b)
Start importing Assets/Prefabs/Rooms/TestRooms/RightLocation/TestRoom6.prefab using Guid(ac6de189e49e2054ab5771b773d90695) Importer(815301076,1909f56bfc062723c751e8b465ee728b)  -> (artifact id: '4452fb006fb948fb22a14142f473b063') in 0.083930 seconds
Number of updated asset objects reloaded before import = 0
Number of asset objects unloaded after import = 4275
========================================================================
Received Import Request.
  Time since last request: 7.679946 seconds.
  path: Assets/Prefabs/Rooms/TestRooms/Corners/DownCornerL.prefab
  artifactKey: Guid(05b5c791786c3974aa9898acce7338fa) Importer(815301076,1909f56bfc062723c751e8b465ee728b)
Start importing Assets/Prefabs/Rooms/TestRooms/Corners/DownCornerL.prefab using Guid(05b5c791786c3974aa9898acce7338fa) Importer(815301076,1909f56bfc062723c751e8b465ee728b)  -> (artifact id: '71f9c2ed84389b4558632f3f5e50161b') in 0.086380 seconds
Number of updated asset objects reloaded before import = 0
Number of asset objects unloaded after import = 4275
========================================================================
Received Import Request.
  Time since last request: 8.984991 seconds.
  path: Assets/Prefabs/Rooms/TestRooms/RightLocation/G2Room.prefab
  artifactKey: Guid(2cc7027f182344f4ea9c96deec8e9c86) Importer(815301076,1909f56bfc062723c751e8b465ee728b)
Start importing Assets/Prefabs/Rooms/TestRooms/RightLocation/G2Room.prefab using Guid(2cc7027f182344f4ea9c96deec8e9c86) Importer(815301076,1909f56bfc062723c751e8b465ee728b)  -> (artifact id: 'c0f3a66127847cdb905df80693197b57') in 0.075178 seconds
Number of updated asset objects reloaded before import = 0
Number of asset objects unloaded after import = 4341
========================================================================
Received Import Request.
  Time since last request: 0.000031 seconds.
  path: Assets/Prefabs/Rooms/TestRooms/RightLocation/TestRoom5.prefab
  artifactKey: Guid(75b40a31eff050a4a9ab6a4532458ccc) Importer(815301076,1909f56bfc062723c751e8b465ee728b)
Start importing Assets/Prefabs/Rooms/TestRooms/RightLocation/TestRoom5.prefab using Guid(75b40a31eff050a4a9ab6a4532458ccc) Importer(815301076,1909f56bfc062723c751e8b465ee728b)  -> (artifact id: '29b0e55e0bec2669331a025888e6e475') in 0.073137 seconds
Number of updated asset objects reloaded before import = 0
Number of asset objects unloaded after import = 4275
========================================================================
Received Import Request.
  Time since last request: 1.887303 seconds.
  path: Assets/Prefabs/Rooms/TestRooms/RightLocation/G2Room.prefab
  artifactKey: Guid(2cc7027f182344f4ea9c96deec8e9c86) Importer(815301076,1909f56bfc062723c751e8b465ee728b)
Start importing Assets/Prefabs/Rooms/TestRooms/RightLocation/G2Room.prefab using Guid(2cc7027f182344f4ea9c96deec8e9c86) Importer(815301076,1909f56bfc062723c751e8b465ee728b)  -> (artifact id: 'fc8e970d5b0f0dd3e309fa1261afc8d8') in 0.076128 seconds
Number of updated asset objects reloaded before import = 0
Number of asset objects unloaded after import = 4341
========================================================================
Received Import Request.
  Time since last request: 6.510813 seconds.
  path: Assets/Prefabs/Rooms/TestRooms/RightLocation/G2Room.prefab
  artifactKey: Guid(2cc7027f182344f4ea9c96deec8e9c86) Importer(815301076,1909f56bfc062723c751e8b465ee728b)
Start importing Assets/Prefabs/Rooms/TestRooms/RightLocation/G2Room.prefab using Guid(2cc7027f182344f4ea9c96deec8e9c86) Importer(815301076,1909f56bfc062723c751e8b465ee728b)  -> (artifact id: '9cf5df68cab3f0bbe1e3ca09841cf81b') in 0.085203 seconds
Number of updated asset objects reloaded before import = 0
Number of asset objects unloaded after import = 4341
========================================================================
Received Import Request.
  Time since last request: 0.000031 seconds.
  path: Assets/Prefabs/Rooms/TestRooms/RightLocation/TestRoom6.prefab
  artifactKey: Guid(ac6de189e49e2054ab5771b773d90695) Importer(815301076,1909f56bfc062723c751e8b465ee728b)
Start importing Assets/Prefabs/Rooms/TestRooms/RightLocation/TestRoom6.prefab using Guid(ac6de189e49e2054ab5771b773d90695) Importer(815301076,1909f56bfc062723c751e8b465ee728b)  -> (artifact id: '97e84b2880b754c23b4dc8695d92e2ac') in 0.068109 seconds
Number of updated asset objects reloaded before import = 0
Number of asset objects unloaded after import = 4275
========================================================================
Received Import Request.
  Time since last request: 3.994902 seconds.
  path: Assets/Prefabs/Rooms/TestRooms/RightLocation/G2Room.prefab
  artifactKey: Guid(2cc7027f182344f4ea9c96deec8e9c86) Importer(815301076,1909f56bfc062723c751e8b465ee728b)
Start importing Assets/Prefabs/Rooms/TestRooms/RightLocation/G2Room.prefab using Guid(2cc7027f182344f4ea9c96deec8e9c86) Importer(815301076,1909f56bfc062723c751e8b465ee728b)  -> (artifact id: '5f22f4905cea71efa3616bbe718b018d') in 0.086431 seconds
Number of updated asset objects reloaded before import = 0
Number of asset objects unloaded after import = 4341
========================================================================
Received Import Request.
  Time since last request: 0.510703 seconds.
  path: Assets/Prefabs/Rooms/TestRooms/RightLocation/G2Room.prefab
  artifactKey: Guid(2cc7027f182344f4ea9c96deec8e9c86) Importer(815301076,1909f56bfc062723c751e8b465ee728b)
Start importing Assets/Prefabs/Rooms/TestRooms/RightLocation/G2Room.prefab using Guid(2cc7027f182344f4ea9c96deec8e9c86) Importer(815301076,1909f56bfc062723c751e8b465ee728b)  -> (artifact id: '36cbb839a5cd143b13228c8e108ff3b0') in 0.079959 seconds
Number of updated asset objects reloaded before import = 0
Number of asset objects unloaded after import = 4341
========================================================================
Received Import Request.
  Time since last request: 1.362824 seconds.
  path: Assets/Prefabs/Rooms/TestRooms/RightLocation/G2Room.prefab
  artifactKey: Guid(2cc7027f182344f4ea9c96deec8e9c86) Importer(815301076,1909f56bfc062723c751e8b465ee728b)
Start importing Assets/Prefabs/Rooms/TestRooms/RightLocation/G2Room.prefab using Guid(2cc7027f182344f4ea9c96deec8e9c86) Importer(815301076,1909f56bfc062723c751e8b465ee728b)  -> (artifact id: 'c64ee07851ac148cb5044b310ff50240') in 0.076613 seconds
Number of updated asset objects reloaded before import = 0
Number of asset objects unloaded after import = 4341
========================================================================
Received Import Request.
  Time since last request: 0.000030 seconds.
  path: Assets/Prefabs/Rooms/TestRooms/RightLocation/TestRoom5.prefab
  artifactKey: Guid(75b40a31eff050a4a9ab6a4532458ccc) Importer(815301076,1909f56bfc062723c751e8b465ee728b)
Start importing Assets/Prefabs/Rooms/TestRooms/RightLocation/TestRoom5.prefab using Guid(75b40a31eff050a4a9ab6a4532458ccc) Importer(815301076,1909f56bfc062723c751e8b465ee728b)  -> (artifact id: '7b56150823a097e90e2599ffb6bd9538') in 0.075610 seconds
Number of updated asset objects reloaded before import = 0
Number of asset objects unloaded after import = 4275
========================================================================
Received Import Request.
  Time since last request: 0.439460 seconds.
  path: Assets/Prefabs/Rooms/TestRooms/RightLocation/G2Room.prefab
  artifactKey: Guid(2cc7027f182344f4ea9c96deec8e9c86) Importer(815301076,1909f56bfc062723c751e8b465ee728b)
Start importing Assets/Prefabs/Rooms/TestRooms/RightLocation/G2Room.prefab using Guid(2cc7027f182344f4ea9c96deec8e9c86) Importer(815301076,1909f56bfc062723c751e8b465ee728b)  -> (artifact id: 'b763850e61ba4371a3c658ce7c18a40b') in 0.075293 seconds
Number of updated asset objects reloaded before import = 0
Number of asset objects unloaded after import = 4341
========================================================================
Received Import Request.
  Time since last request: 0.000038 seconds.
  path: Assets/Prefabs/Rooms/TestRooms/RightLocation/TestRoom6.prefab
  artifactKey: Guid(ac6de189e49e2054ab5771b773d90695) Importer(815301076,1909f56bfc062723c751e8b465ee728b)
Start importing Assets/Prefabs/Rooms/TestRooms/RightLocation/TestRoom6.prefab using Guid(ac6de189e49e2054ab5771b773d90695) Importer(815301076,1909f56bfc062723c751e8b465ee728b)  -> (artifact id: 'cbef9b8eefff4ee77e9c966daf36e86d') in 0.079683 seconds
Number of updated asset objects reloaded before import = 0
Number of asset objects unloaded after import = 4275
========================================================================
Received Import Request.
  Time since last request: 2.216563 seconds.
  path: Assets/Prefabs/Rooms/TestRooms/RightLocation/G2Room.prefab
  artifactKey: Guid(2cc7027f182344f4ea9c96deec8e9c86) Importer(815301076,1909f56bfc062723c751e8b465ee728b)
Start importing Assets/Prefabs/Rooms/TestRooms/RightLocation/G2Room.prefab using Guid(2cc7027f182344f4ea9c96deec8e9c86) Importer(815301076,1909f56bfc062723c751e8b465ee728b)  -> (artifact id: 'd6fea8f87fb5ed34f2a58f24576d9d5d') in 0.087889 seconds
Number of updated asset objects reloaded before import = 0
Number of asset objects unloaded after import = 4341
========================================================================
Received Import Request.
  Time since last request: 1.321077 seconds.
  path: Assets/Prefabs/Rooms/TestRooms/RightLocation/G2Room.prefab
  artifactKey: Guid(2cc7027f182344f4ea9c96deec8e9c86) Importer(815301076,1909f56bfc062723c751e8b465ee728b)
Start importing Assets/Prefabs/Rooms/TestRooms/RightLocation/G2Room.prefab using Guid(2cc7027f182344f4ea9c96deec8e9c86) Importer(815301076,1909f56bfc062723c751e8b465ee728b)  -> (artifact id: '94b07b72a918fd37c2acdeddf5a70ae1') in 0.087078 seconds
Number of updated asset objects reloaded before import = 0
Number of asset objects unloaded after import = 4341
========================================================================
Received Import Request.
  Time since last request: 1.542451 seconds.
  path: Assets/Prefabs/Rooms/TestRooms/RightLocation/G2Room.prefab
  artifactKey: Guid(2cc7027f182344f4ea9c96deec8e9c86) Importer(815301076,1909f56bfc062723c751e8b465ee728b)
Start importing Assets/Prefabs/Rooms/TestRooms/RightLocation/G2Room.prefab using Guid(2cc7027f182344f4ea9c96deec8e9c86) Importer(815301076,1909f56bfc062723c751e8b465ee728b)  -> (artifact id: '19d11e2a4155d04e35b3f81613a215d1') in 0.075552 seconds
Number of updated asset objects reloaded before import = 0
Number of asset objects unloaded after import = 4341
========================================================================
Received Import Request.
  Time since last request: 0.000034 seconds.
  path: Assets/Prefabs/Rooms/TestRooms/RightLocation/TestRoom5.prefab
  artifactKey: Guid(75b40a31eff050a4a9ab6a4532458ccc) Importer(815301076,1909f56bfc062723c751e8b465ee728b)
Start importing Assets/Prefabs/Rooms/TestRooms/RightLocation/TestRoom5.prefab using Guid(75b40a31eff050a4a9ab6a4532458ccc) Importer(815301076,1909f56bfc062723c751e8b465ee728b)  -> (artifact id: 'cae123ed96b9f8dff2e627d000dddcf0') in 0.072859 seconds
Number of updated asset objects reloaded before import = 0
Number of asset objects unloaded after import = 4275
========================================================================
Received Import Request.
  Time since last request: 3.938621 seconds.
  path: Assets/Prefabs/Rooms/TestRooms/RightLocation/G2Room.prefab
  artifactKey: Guid(2cc7027f182344f4ea9c96deec8e9c86) Importer(815301076,1909f56bfc062723c751e8b465ee728b)
Start importing Assets/Prefabs/Rooms/TestRooms/RightLocation/G2Room.prefab using Guid(2cc7027f182344f4ea9c96deec8e9c86) Importer(815301076,1909f56bfc062723c751e8b465ee728b)  -> (artifact id: 'a98fccbc6c48fb2425e04c285968a482') in 0.091885 seconds
Number of updated asset objects reloaded before import = 0
Number of asset objects unloaded after import = 4341
========================================================================
Received Import Request.
  Time since last request: 0.000030 seconds.
  path: Assets/Prefabs/Rooms/TestRooms/RightLocation/TestRoom6.prefab
  artifactKey: Guid(ac6de189e49e2054ab5771b773d90695) Importer(815301076,1909f56bfc062723c751e8b465ee728b)
Start importing Assets/Prefabs/Rooms/TestRooms/RightLocation/TestRoom6.prefab using Guid(ac6de189e49e2054ab5771b773d90695) Importer(815301076,1909f56bfc062723c751e8b465ee728b)  -> (artifact id: 'af5b89b8ca4b74fb4fafb7cd0e64d79c') in 0.071781 seconds
Number of updated asset objects reloaded before import = 0
Number of asset objects unloaded after import = 4341
========================================================================
Received Import Request.
  Time since last request: 4.898794 seconds.
  path: Assets/Prefabs/Rooms/TestRooms/StartRoom.prefab
  artifactKey: Guid(d357cdcab7f756747ada659a6dd53fbb) Importer(815301076,1909f56bfc062723c751e8b465ee728b)
Start importing Assets/Prefabs/Rooms/TestRooms/StartRoom.prefab using Guid(d357cdcab7f756747ada659a6dd53fbb) Importer(815301076,1909f56bfc062723c751e8b465ee728b)  -> (artifact id: '0a95d507021a0a6653357c9fa212a1e6') in 0.089575 seconds
Number of updated asset objects reloaded before import = 0
Number of asset objects unloaded after import = 4650
========================================================================
Received Import Request.
  Time since last request: 0.397570 seconds.
  path: Assets/Prefabs/Rooms/TestRooms/Corners/DownCornerL.prefab
  artifactKey: Guid(05b5c791786c3974aa9898acce7338fa) Importer(815301076,1909f56bfc062723c751e8b465ee728b)
Start importing Assets/Prefabs/Rooms/TestRooms/Corners/DownCornerL.prefab using Guid(05b5c791786c3974aa9898acce7338fa) Importer(815301076,1909f56bfc062723c751e8b465ee728b)  -> (artifact id: 'fb7efe5ad0cce38c49ec427f52d636ca') in 0.096455 seconds
Number of updated asset objects reloaded before import = 0
Number of asset objects unloaded after import = 4341
========================================================================
Received Import Request.
  Time since last request: 958.670512 seconds.
  path: Assets/Prefabs/Rooms/TestRooms/Corners/DownCornerL.prefab
  artifactKey: Guid(05b5c791786c3974aa9898acce7338fa) Importer(815301076,1909f56bfc062723c751e8b465ee728b)
Start importing Assets/Prefabs/Rooms/TestRooms/Corners/DownCornerL.prefab using Guid(05b5c791786c3974aa9898acce7338fa) Importer(815301076,1909f56bfc062723c751e8b465ee728b)  -> (artifact id: 'f3510d0283c95992e7e60dcd5f7b5144') in 0.089373 seconds
Number of updated asset objects reloaded before import = 0
Number of asset objects unloaded after import = 4341
========================================================================
Received Import Request.
  Time since last request: 0.000036 seconds.
  path: Assets/Prefabs/Rooms/TestRooms/Corners/RightDown.prefab
  artifactKey: Guid(0f2d5de2df8215c4f92d26513acd2c51) Importer(815301076,1909f56bfc062723c751e8b465ee728b)
Start importing Assets/Prefabs/Rooms/TestRooms/Corners/RightDown.prefab using Guid(0f2d5de2df8215c4f92d26513acd2c51) Importer(815301076,1909f56bfc062723c751e8b465ee728b)  -> (artifact id: 'b2c9e663d84e19d123ade9f7d36dc598') in 0.083371 seconds
Number of updated asset objects reloaded before import = 0
Number of asset objects unloaded after import = 4341
========================================================================
Received Import Request.
  Time since last request: 0.629956 seconds.
  path: Assets/Prefabs/Rooms/TestRooms/RightLocation/G2Room.prefab
  artifactKey: Guid(2cc7027f182344f4ea9c96deec8e9c86) Importer(815301076,1909f56bfc062723c751e8b465ee728b)
Start importing Assets/Prefabs/Rooms/TestRooms/RightLocation/G2Room.prefab using Guid(2cc7027f182344f4ea9c96deec8e9c86) Importer(815301076,1909f56bfc062723c751e8b465ee728b)  -> (artifact id: 'bec7bd116bf5083800d75d0820f543c8') in 0.097009 seconds
Number of updated asset objects reloaded before import = 0
Number of asset objects unloaded after import = 4341
========================================================================
Received Import Request.
  Time since last request: 0.000044 seconds.
  path: Assets/Prefabs/Rooms/TestRooms/RightLocation/TestRoom4.prefab
  artifactKey: Guid(02c59b677d88d154092a5d14af558085) Importer(815301076,1909f56bfc062723c751e8b465ee728b)
Start importing Assets/Prefabs/Rooms/TestRooms/RightLocation/TestRoom4.prefab using Guid(02c59b677d88d154092a5d14af558085) Importer(815301076,1909f56bfc062723c751e8b465ee728b)  -> (artifact id: '508ac9e4c2e4487670873215666852da') in 0.092152 seconds
Number of updated asset objects reloaded before import = 0
Number of asset objects unloaded after import = 4341
========================================================================
Received Import Request.
  Time since last request: 2.398608 seconds.
  path: Assets/Prefabs/Rooms/TestRooms/RightLocation/G2Room.prefab
  artifactKey: Guid(2cc7027f182344f4ea9c96deec8e9c86) Importer(815301076,1909f56bfc062723c751e8b465ee728b)
Start importing Assets/Prefabs/Rooms/TestRooms/RightLocation/G2Room.prefab using Guid(2cc7027f182344f4ea9c96deec8e9c86) Importer(815301076,1909f56bfc062723c751e8b465ee728b)  -> (artifact id: 'be5c2db416eb68b6a340db5cf0d2e3ff') in 0.109582 seconds
Number of updated asset objects reloaded before import = 0
Number of asset objects unloaded after import = 4341
========================================================================
Received Import Request.
  Time since last request: 0.000030 seconds.
  path: Assets/Prefabs/Rooms/TestRooms/RightLocation/TestRoom5.prefab
  artifactKey: Guid(75b40a31eff050a4a9ab6a4532458ccc) Importer(815301076,1909f56bfc062723c751e8b465ee728b)
Start importing Assets/Prefabs/Rooms/TestRooms/RightLocation/TestRoom5.prefab using Guid(75b40a31eff050a4a9ab6a4532458ccc) Importer(815301076,1909f56bfc062723c751e8b465ee728b)  -> (artifact id: '5ba34fd773aaa7e34264be06cec5befe') in 0.105380 seconds
Number of updated asset objects reloaded before import = 0
Number of asset objects unloaded after import = 4341
========================================================================
Received Import Request.
  Time since last request: 0.000055 seconds.
  path: Assets/Prefabs/Rooms/TestRooms/RightLocation/TestRoom6.prefab
  artifactKey: Guid(ac6de189e49e2054ab5771b773d90695) Importer(815301076,1909f56bfc062723c751e8b465ee728b)
Start importing Assets/Prefabs/Rooms/TestRooms/RightLocation/TestRoom6.prefab using Guid(ac6de189e49e2054ab5771b773d90695) Importer(815301076,1909f56bfc062723c751e8b465ee728b)  -> (artifact id: '4a87e60a312798410221a1e2c3d80455') in 0.103272 seconds
Number of updated asset objects reloaded before import = 0
Number of asset objects unloaded after import = 4341
========================================================================
Received Prepare
Begin MonoManager ReloadAssembly
- Loaded All Assemblies, in  0.482 seconds
Refreshing native plugins compatible for Editor in 4.70 ms, found 4 plugins.
Native extension for WindowsStandalone target not found
Native extension for WebGL target not found
[Package Manager] Server::EnsureServerProcessIsRunning -- launch failed, reason: Unity was launched with the -noUpm command-line argument
[Package Manager] UpmClient::Send -- Unable to send message (not connected to UPM process).
[Package Manager] Cannot connect to Unity Package Manager local server
Mono: successfully reloaded assembly
- Finished resetting the current domain, in  2.015 seconds
Domain Reload Profiling: 2495ms
	BeginReloadAssembly (145ms)
		ExecutionOrderSort (0ms)
		DisableScriptedObjects (11ms)
		BackupInstance (0ms)
		ReleaseScriptingObjects (0ms)
		CreateAndSetChildDomain (44ms)
	RebuildCommonClasses (21ms)
	RebuildNativeTypeToScriptingClass (7ms)
	initialDomainReloadingComplete (22ms)
	LoadAllAssembliesAndSetupDomain (283ms)
		LoadAssemblies (299ms)
		RebuildTransferFunctionScriptingTraits (0ms)
		AnalyzeDomain (44ms)
			TypeCache.Refresh (9ms)
				TypeCache.ScanAssembly (0ms)
			ScanForSourceGeneratedMonoScriptInfo (21ms)
			ResolveRequiredComponents (13ms)
	FinalizeReload (2016ms)
		ReleaseScriptCaches (0ms)
		RebuildScriptCaches (0ms)
		SetupLoadedEditorAssemblies (407ms)
			LogAssemblyErrors (0ms)
			InitializePlatformSupportModulesInManaged (6ms)
			SetLoadedEditorAssemblies (4ms)
			RefreshPlugins (0ms)
			BeforeProcessingInitializeOnLoad (71ms)
			ProcessInitializeOnLoadAttributes (269ms)
			ProcessInitializeOnLoadMethodAttributes (50ms)
			AfterProcessingInitializeOnLoad (5ms)
			EditorAssembliesLoaded (0ms)
		ExecutionOrderSort2 (0ms)
		AwakeInstancesAfterBackupRestoration (11ms)
Refreshing native plugins compatible for Editor in 5.42 ms, found 4 plugins.
Preloading 0 native plugins for Editor in 0.00 ms.
Unloading 5709 Unused Serialized files (Serialized files now loaded: 0)
Unloading 63 unused Assets / (0.9 MB). Loaded Objects now: 6393.
Memory consumption went from 210.0 MB to 209.1 MB.
Total: 3.415300 ms (FindLiveObjects: 0.548200 ms CreateObjectMapping: 0.159400 ms MarkObjects: 2.297900 ms  DeleteObjects: 0.409200 ms)

Prepare: number of updated asset objects reloaded= 0
AssetImportParameters requested are different than current active one (requested -> active):
  custom:container-demuxer-ogg: 62fdf1f143b41e24485cea50d1cbac27 -> 
  custom:video-codec-MediaFoundation-h265: 746d11721c4dcdbdad8f713fa42b33f4 -> 
  custom:video-decoder-ogg-theora: a1e56fd34408186e4bbccfd4996cb3dc -> 
  custom:framework-win-MediaFoundation: 216162199b28c13a410421893ffa2e32 -> 
  custom:CustomObjectIndexerAttribute: 72b91833f83ae208fae7752999fa3104 -> 
  custom:container-demuxer-webm: 4f35f7cbe854078d1ac9338744f61a02 -> 
  custom:container-muxer-webm: aa71ff27fc2769a1b78a27578f13a17b -> 
  custom:video-decoder-webm-vp8: 9c59270c3fd7afecdb556c50c9e8de78 -> 
  custom:SearchIndexIgnoredProperties: e643bd26f0fe6173181afceb89e7c659 -> 
  custom:AudioImporter_EditorPlatform: d09bf68614088b80899f8185d706f6e7 -> 
  custom:video-encoder-webm-vp8: eb34c28f22e8b96e1ab97ce403110664 -> 
  custom:audio-decoder-ogg-vorbis: bf7c407c2cedff20999df2af8eb42d56 -> 
  custom:audio-encoder-webm-vorbis: bf7c407c2cedff20999df2af8eb42d56 -> 
========================================================================
Received Prepare
Begin MonoManager ReloadAssembly
- Loaded All Assemblies, in  0.365 seconds
Refreshing native plugins compatible for Editor in 5.28 ms, found 4 plugins.
Native extension for WindowsStandalone target not found
Native extension for WebGL target not found
[Package Manager] Server::EnsureServerProcessIsRunning -- launch failed, reason: Unity was launched with the -noUpm command-line argument
[Package Manager] UpmClient::Send -- Unable to send message (not connected to UPM process).
[Package Manager] Cannot connect to Unity Package Manager local server
Mono: successfully reloaded assembly
- Finished resetting the current domain, in  1.173 seconds
Domain Reload Profiling: 1534ms
	BeginReloadAssembly (127ms)
		ExecutionOrderSort (0ms)
		DisableScriptedObjects (7ms)
		BackupInstance (0ms)
		ReleaseScriptingObjects (0ms)
		CreateAndSetChildDomain (38ms)
	RebuildCommonClasses (22ms)
	RebuildNativeTypeToScriptingClass (7ms)
	initialDomainReloadingComplete (21ms)
	LoadAllAssembliesAndSetupDomain (184ms)
		LoadAssemblies (226ms)
		RebuildTransferFunctionScriptingTraits (0ms)
		AnalyzeDomain (13ms)
			TypeCache.Refresh (4ms)
				TypeCache.ScanAssembly (0ms)
			ScanForSourceGeneratedMonoScriptInfo (0ms)
			ResolveRequiredComponents (8ms)
	FinalizeReload (1173ms)
		ReleaseScriptCaches (0ms)
		RebuildScriptCaches (0ms)
		SetupLoadedEditorAssemblies (496ms)
			LogAssemblyErrors (0ms)
			InitializePlatformSupportModulesInManaged (6ms)
			SetLoadedEditorAssemblies (4ms)
			RefreshPlugins (0ms)
			BeforeProcessingInitializeOnLoad (72ms)
			ProcessInitializeOnLoadAttributes (340ms)
			ProcessInitializeOnLoadMethodAttributes (67ms)
			AfterProcessingInitializeOnLoad (6ms)
			EditorAssembliesLoaded (0ms)
		ExecutionOrderSort2 (0ms)
		AwakeInstancesAfterBackupRestoration (15ms)
Refreshing native plugins compatible for Editor in 6.31 ms, found 4 plugins.
Preloading 0 native plugins for Editor in 0.00 ms.
Unloading 5709 Unused Serialized files (Serialized files now loaded: 0)
Unloading 63 unused Assets / (0.9 MB). Loaded Objects now: 6410.
Memory consumption went from 209.9 MB to 209.0 MB.
Total: 3.960700 ms (FindLiveObjects: 0.514500 ms CreateObjectMapping: 0.116800 ms MarkObjects: 2.828000 ms  DeleteObjects: 0.500400 ms)

Prepare: number of updated asset objects reloaded= 0
AssetImportParameters requested are different than current active one (requested -> active):
  custom:container-demuxer-ogg: 62fdf1f143b41e24485cea50d1cbac27 -> 
  custom:video-codec-MediaFoundation-h265: 746d11721c4dcdbdad8f713fa42b33f4 -> 
  custom:video-decoder-ogg-theora: a1e56fd34408186e4bbccfd4996cb3dc -> 
  custom:framework-win-MediaFoundation: 216162199b28c13a410421893ffa2e32 -> 
  custom:CustomObjectIndexerAttribute: 72b91833f83ae208fae7752999fa3104 -> 
  custom:container-demuxer-webm: 4f35f7cbe854078d1ac9338744f61a02 -> 
  custom:container-muxer-webm: aa71ff27fc2769a1b78a27578f13a17b -> 
  custom:video-decoder-webm-vp8: 9c59270c3fd7afecdb556c50c9e8de78 -> 
  custom:SearchIndexIgnoredProperties: e643bd26f0fe6173181afceb89e7c659 -> 
  custom:AudioImporter_EditorPlatform: d09bf68614088b80899f8185d706f6e7 -> 
  custom:video-encoder-webm-vp8: eb34c28f22e8b96e1ab97ce403110664 -> 
  custom:audio-decoder-ogg-vorbis: bf7c407c2cedff20999df2af8eb42d56 -> 
  custom:audio-encoder-webm-vorbis: bf7c407c2cedff20999df2af8eb42d56 -> 
========================================================================
Received Prepare
Begin MonoManager ReloadAssembly
- Loaded All Assemblies, in  0.641 seconds
Refreshing native plugins compatible for Editor in 7.85 ms, found 4 plugins.
Native extension for WindowsStandalone target not found
Native extension for WebGL target not found
[Package Manager] Server::EnsureServerProcessIsRunning -- launch failed, reason: Unity was launched with the -noUpm command-line argument
[Package Manager] UpmClient::Send -- Unable to send message (not connected to UPM process).
[Package Manager] Cannot connect to Unity Package Manager local server
Mono: successfully reloaded assembly
- Finished resetting the current domain, in  2.538 seconds
Domain Reload Profiling: 3174ms
	BeginReloadAssembly (190ms)
		ExecutionOrderSort (0ms)
		DisableScriptedObjects (12ms)
		BackupInstance (0ms)
		ReleaseScriptingObjects (0ms)
		CreateAndSetChildDomain (48ms)
	RebuildCommonClasses (42ms)
	RebuildNativeTypeToScriptingClass (20ms)
	initialDomainReloadingComplete (38ms)
	LoadAllAssembliesAndSetupDomain (345ms)
		LoadAssemblies (414ms)
		RebuildTransferFunctionScriptingTraits (0ms)
		AnalyzeDomain (20ms)
			TypeCache.Refresh (6ms)
				TypeCache.ScanAssembly (0ms)
			ScanForSourceGeneratedMonoScriptInfo (0ms)
			ResolveRequiredComponents (13ms)
	FinalizeReload (2539ms)
		ReleaseScriptCaches (0ms)
		RebuildScriptCaches (0ms)
		SetupLoadedEditorAssemblies (671ms)
			LogAssemblyErrors (0ms)
			InitializePlatformSupportModulesInManaged (8ms)
			SetLoadedEditorAssemblies (6ms)
			RefreshPlugins (0ms)
			BeforeProcessingInitializeOnLoad (109ms)
			ProcessInitializeOnLoadAttributes (453ms)
			ProcessInitializeOnLoadMethodAttributes (87ms)
			AfterProcessingInitializeOnLoad (8ms)
			EditorAssembliesLoaded (0ms)
		ExecutionOrderSort2 (0ms)
		AwakeInstancesAfterBackupRestoration (19ms)
Refreshing native plugins compatible for Editor in 7.19 ms, found 4 plugins.
Preloading 0 native plugins for Editor in 0.00 ms.
Unloading 5709 Unused Serialized files (Serialized files now loaded: 0)
Unloading 63 unused Assets / (0.9 MB). Loaded Objects now: 6427.
Memory consumption went from 210.0 MB to 209.1 MB.
Total: 7.212500 ms (FindLiveObjects: 1.096700 ms CreateObjectMapping: 0.322800 ms MarkObjects: 5.127500 ms  DeleteObjects: 0.663700 ms)

Prepare: number of updated asset objects reloaded= 0
AssetImportParameters requested are different than current active one (requested -> active):
  custom:container-demuxer-ogg: 62fdf1f143b41e24485cea50d1cbac27 -> 
  custom:video-codec-MediaFoundation-h265: 746d11721c4dcdbdad8f713fa42b33f4 -> 
  custom:video-decoder-ogg-theora: a1e56fd34408186e4bbccfd4996cb3dc -> 
  custom:framework-win-MediaFoundation: 216162199b28c13a410421893ffa2e32 -> 
  custom:CustomObjectIndexerAttribute: 72b91833f83ae208fae7752999fa3104 -> 
  custom:container-demuxer-webm: 4f35f7cbe854078d1ac9338744f61a02 -> 
  custom:container-muxer-webm: aa71ff27fc2769a1b78a27578f13a17b -> 
  custom:video-decoder-webm-vp8: 9c59270c3fd7afecdb556c50c9e8de78 -> 
  custom:SearchIndexIgnoredProperties: e643bd26f0fe6173181afceb89e7c659 -> 
  custom:AudioImporter_EditorPlatform: d09bf68614088b80899f8185d706f6e7 -> 
  custom:video-encoder-webm-vp8: eb34c28f22e8b96e1ab97ce403110664 -> 
  custom:audio-decoder-ogg-vorbis: bf7c407c2cedff20999df2af8eb42d56 -> 
  custom:audio-encoder-webm-vorbis: bf7c407c2cedff20999df2af8eb42d56 -> 
========================================================================
Received Prepare
Begin MonoManager ReloadAssembly
- Loaded All Assemblies, in  0.381 seconds
Refreshing native plugins compatible for Editor in 4.60 ms, found 4 plugins.
Native extension for WindowsStandalone target not found
Native extension for WebGL target not found
[Package Manager] Server::EnsureServerProcessIsRunning -- launch failed, reason: Unity was launched with the -noUpm command-line argument
[Package Manager] UpmClient::Send -- Unable to send message (not connected to UPM process).
[Package Manager] Cannot connect to Unity Package Manager local server
Mono: successfully reloaded assembly
- Finished resetting the current domain, in  1.308 seconds
Domain Reload Profiling: 1687ms
	BeginReloadAssembly (131ms)
		ExecutionOrderSort (0ms)
		DisableScriptedObjects (7ms)
		BackupInstance (0ms)
		ReleaseScriptingObjects (0ms)
		CreateAndSetChildDomain (40ms)
	RebuildCommonClasses (29ms)
	RebuildNativeTypeToScriptingClass (8ms)
	initialDomainReloadingComplete (22ms)
	LoadAllAssembliesAndSetupDomain (188ms)
		LoadAssemblies (232ms)
		RebuildTransferFunctionScriptingTraits (0ms)
		AnalyzeDomain (13ms)
			TypeCache.Refresh (4ms)
				TypeCache.ScanAssembly (0ms)
			ScanForSourceGeneratedMonoScriptInfo (0ms)
			ResolveRequiredComponents (8ms)
	FinalizeReload (1309ms)
		ReleaseScriptCaches (0ms)
		RebuildScriptCaches (0ms)
		SetupLoadedEditorAssemblies (570ms)
			LogAssemblyErrors (0ms)
			InitializePlatformSupportModulesInManaged (8ms)
			SetLoadedEditorAssemblies (6ms)
			RefreshPlugins (0ms)
			BeforeProcessingInitializeOnLoad (90ms)
			ProcessInitializeOnLoadAttributes (382ms)
			ProcessInitializeOnLoadMethodAttributes (74ms)
			AfterProcessingInitializeOnLoad (10ms)
			EditorAssembliesLoaded (1ms)
		ExecutionOrderSort2 (0ms)
		AwakeInstancesAfterBackupRestoration (16ms)
Refreshing native plugins compatible for Editor in 5.42 ms, found 4 plugins.
Preloading 0 native plugins for Editor in 0.00 ms.
Unloading 5709 Unused Serialized files (Serialized files now loaded: 0)
Unloading 63 unused Assets / (0.9 MB). Loaded Objects now: 6444.
Memory consumption went from 210.0 MB to 209.1 MB.
Total: 5.066800 ms (FindLiveObjects: 0.897700 ms CreateObjectMapping: 0.127700 ms MarkObjects: 3.486600 ms  DeleteObjects: 0.553100 ms)

Prepare: number of updated asset objects reloaded= 0
AssetImportParameters requested are different than current active one (requested -> active):
  custom:container-demuxer-ogg: 62fdf1f143b41e24485cea50d1cbac27 -> 
  custom:video-codec-MediaFoundation-h265: 746d11721c4dcdbdad8f713fa42b33f4 -> 
  custom:video-decoder-ogg-theora: a1e56fd34408186e4bbccfd4996cb3dc -> 
  custom:framework-win-MediaFoundation: 216162199b28c13a410421893ffa2e32 -> 
  custom:CustomObjectIndexerAttribute: 72b91833f83ae208fae7752999fa3104 -> 
  custom:container-demuxer-webm: 4f35f7cbe854078d1ac9338744f61a02 -> 
  custom:container-muxer-webm: aa71ff27fc2769a1b78a27578f13a17b -> 
  custom:video-decoder-webm-vp8: 9c59270c3fd7afecdb556c50c9e8de78 -> 
  custom:SearchIndexIgnoredProperties: e643bd26f0fe6173181afceb89e7c659 -> 
  custom:AudioImporter_EditorPlatform: d09bf68614088b80899f8185d706f6e7 -> 
  custom:video-encoder-webm-vp8: eb34c28f22e8b96e1ab97ce403110664 -> 
  custom:audio-decoder-ogg-vorbis: bf7c407c2cedff20999df2af8eb42d56 -> 
  custom:audio-encoder-webm-vorbis: bf7c407c2cedff20999df2af8eb42d56 -> 
========================================================================
Received Prepare
Begin MonoManager ReloadAssembly
- Loaded All Assemblies, in  0.398 seconds
Refreshing native plugins compatible for Editor in 4.04 ms, found 4 plugins.
Native extension for WindowsStandalone target not found
Native extension for WebGL target not found
[Package Manager] Server::EnsureServerProcessIsRunning -- launch failed, reason: Unity was launched with the -noUpm command-line argument
[Package Manager] UpmClient::Send -- Unable to send message (not connected to UPM process).
[Package Manager] Cannot connect to Unity Package Manager local server
Mono: successfully reloaded assembly
- Finished resetting the current domain, in  2.118 seconds
Domain Reload Profiling: 2513ms
	BeginReloadAssembly (129ms)
		ExecutionOrderSort (0ms)
		DisableScriptedObjects (7ms)
		BackupInstance (0ms)
		ReleaseScriptingObjects (0ms)
		CreateAndSetChildDomain (41ms)
	RebuildCommonClasses (31ms)
	RebuildNativeTypeToScriptingClass (9ms)
	initialDomainReloadingComplete (21ms)
	LoadAllAssembliesAndSetupDomain (204ms)
		LoadAssemblies (246ms)
		RebuildTransferFunctionScriptingTraits (0ms)
		AnalyzeDomain (13ms)
			TypeCache.Refresh (4ms)
				TypeCache.ScanAssembly (0ms)
			ScanForSourceGeneratedMonoScriptInfo (0ms)
			ResolveRequiredComponents (8ms)
	FinalizeReload (2119ms)
		ReleaseScriptCaches (0ms)
		RebuildScriptCaches (0ms)
		SetupLoadedEditorAssemblies (598ms)
			LogAssemblyErrors (0ms)
			InitializePlatformSupportModulesInManaged (6ms)
			SetLoadedEditorAssemblies (7ms)
			RefreshPlugins (0ms)
			BeforeProcessingInitializeOnLoad (92ms)
			ProcessInitializeOnLoadAttributes (413ms)
			ProcessInitializeOnLoadMethodAttributes (72ms)
			AfterProcessingInitializeOnLoad (7ms)
			EditorAssembliesLoaded (1ms)
		ExecutionOrderSort2 (0ms)
		AwakeInstancesAfterBackupRestoration (18ms)
Refreshing native plugins compatible for Editor in 5.60 ms, found 4 plugins.
Preloading 0 native plugins for Editor in 0.00 ms.
Unloading 5709 Unused Serialized files (Serialized files now loaded: 0)
Unloading 63 unused Assets / (0.9 MB). Loaded Objects now: 6461.
Memory consumption went from 210.0 MB to 209.1 MB.
Total: 5.673200 ms (FindLiveObjects: 0.734400 ms CreateObjectMapping: 0.121900 ms MarkObjects: 3.938600 ms  DeleteObjects: 0.876800 ms)

Prepare: number of updated asset objects reloaded= 0
AssetImportParameters requested are different than current active one (requested -> active):
  custom:container-demuxer-ogg: 62fdf1f143b41e24485cea50d1cbac27 -> 
  custom:video-codec-MediaFoundation-h265: 746d11721c4dcdbdad8f713fa42b33f4 -> 
  custom:video-decoder-ogg-theora: a1e56fd34408186e4bbccfd4996cb3dc -> 
  custom:framework-win-MediaFoundation: 216162199b28c13a410421893ffa2e32 -> 
  custom:CustomObjectIndexerAttribute: 72b91833f83ae208fae7752999fa3104 -> 
  custom:container-demuxer-webm: 4f35f7cbe854078d1ac9338744f61a02 -> 
  custom:container-muxer-webm: aa71ff27fc2769a1b78a27578f13a17b -> 
  custom:video-decoder-webm-vp8: 9c59270c3fd7afecdb556c50c9e8de78 -> 
  custom:SearchIndexIgnoredProperties: e643bd26f0fe6173181afceb89e7c659 -> 
  custom:AudioImporter_EditorPlatform: d09bf68614088b80899f8185d706f6e7 -> 
  custom:video-encoder-webm-vp8: eb34c28f22e8b96e1ab97ce403110664 -> 
  custom:audio-decoder-ogg-vorbis: bf7c407c2cedff20999df2af8eb42d56 -> 
  custom:audio-encoder-webm-vorbis: bf7c407c2cedff20999df2af8eb42d56 -> 
========================================================================
Received Import Request.
  Time since last request: 1086.571773 seconds.
  path: Assets/Prefabs/Rooms/TestRooms/StartRoom.prefab
  artifactKey: Guid(d357cdcab7f756747ada659a6dd53fbb) Importer(815301076,1909f56bfc062723c751e8b465ee728b)
Start importing Assets/Prefabs/Rooms/TestRooms/StartRoom.prefab using Guid(d357cdcab7f756747ada659a6dd53fbb) Importer(815301076,1909f56bfc062723c751e8b465ee728b)  -> (artifact id: 'cfb01f607fc65f8377dc0bb51ddef059') in 0.341799 seconds
Number of updated asset objects reloaded before import = 0
Number of asset objects unloaded after import = 4668
========================================================================
Received Import Request.
  Time since last request: 1.160261 seconds.
  path: Assets/Prefabs/Rooms/TestRooms/Corners/DownCornerL.prefab
  artifactKey: Guid(05b5c791786c3974aa9898acce7338fa) Importer(815301076,1909f56bfc062723c751e8b465ee728b)
Start importing Assets/Prefabs/Rooms/TestRooms/Corners/DownCornerL.prefab using Guid(05b5c791786c3974aa9898acce7338fa) Importer(815301076,1909f56bfc062723c751e8b465ee728b)  -> (artifact id: '743cdfc648d7aee2d649b09c444ce7b4') in 0.101691 seconds
Number of updated asset objects reloaded before import = 0
Number of asset objects unloaded after import = 4341
========================================================================
Received Import Request.
  Time since last request: 0.000039 seconds.
  path: Assets/Prefabs/Rooms/TestRooms/Corners/UpAngle.prefab
  artifactKey: Guid(2a9cf0134f190ab42996f981fe0dc79a) Importer(815301076,1909f56bfc062723c751e8b465ee728b)
Start importing Assets/Prefabs/Rooms/TestRooms/Corners/UpAngle.prefab using Guid(2a9cf0134f190ab42996f981fe0dc79a) Importer(815301076,1909f56bfc062723c751e8b465ee728b)  -> (artifact id: 'b508b23603ca249209b7d651acf75bcb') in 0.095663 seconds
Number of updated asset objects reloaded before import = 0
Number of asset objects unloaded after import = 4341
========================================================================
Received Import Request.
  Time since last request: 0.000039 seconds.
  path: Assets/Prefabs/Rooms/TestRooms/Corners/RightDown.prefab
  artifactKey: Guid(0f2d5de2df8215c4f92d26513acd2c51) Importer(815301076,1909f56bfc062723c751e8b465ee728b)
Start importing Assets/Prefabs/Rooms/TestRooms/Corners/RightDown.prefab using Guid(0f2d5de2df8215c4f92d26513acd2c51) Importer(815301076,1909f56bfc062723c751e8b465ee728b)  -> (artifact id: '6df06c45ecb95dec881a15dc388e14aa') in 0.091739 seconds
Number of updated asset objects reloaded before import = 0
Number of asset objects unloaded after import = 4341
========================================================================
Received Import Request.
  Time since last request: 61.712724 seconds.
  path: Assets/Prefabs/Rooms/TestRooms/Corners/DownCornerL.prefab
  artifactKey: Guid(05b5c791786c3974aa9898acce7338fa) Importer(815301076,1909f56bfc062723c751e8b465ee728b)
Start importing Assets/Prefabs/Rooms/TestRooms/Corners/DownCornerL.prefab using Guid(05b5c791786c3974aa9898acce7338fa) Importer(815301076,1909f56bfc062723c751e8b465ee728b)  -> (artifact id: '004f2381233b83f05a37217f9667cec0') in 0.097945 seconds
Number of updated asset objects reloaded before import = 0
Number of asset objects unloaded after import = 4341
========================================================================
Received Import Request.
  Time since last request: 0.000029 seconds.
  path: Assets/Prefabs/Rooms/TestRooms/Corners/RightDown.prefab
  artifactKey: Guid(0f2d5de2df8215c4f92d26513acd2c51) Importer(815301076,1909f56bfc062723c751e8b465ee728b)
Start importing Assets/Prefabs/Rooms/TestRooms/Corners/RightDown.prefab using Guid(0f2d5de2df8215c4f92d26513acd2c51) Importer(815301076,1909f56bfc062723c751e8b465ee728b)  -> (artifact id: 'efa310f1096c01fb2d0602a5b3489db8') in 0.083425 seconds
Number of updated asset objects reloaded before import = 0
Number of asset objects unloaded after import = 4341
========================================================================
Received Import Request.
  Time since last request: 0.526114 seconds.
  path: Assets/Prefabs/Rooms/TestRooms/Corners/DownCornerL.prefab
  artifactKey: Guid(05b5c791786c3974aa9898acce7338fa) Importer(815301076,1909f56bfc062723c751e8b465ee728b)
Start importing Assets/Prefabs/Rooms/TestRooms/Corners/DownCornerL.prefab using Guid(05b5c791786c3974aa9898acce7338fa) Importer(815301076,1909f56bfc062723c751e8b465ee728b)  -> (artifact id: '393121bae16e639e9913e8c54d9f8471') in 0.095555 seconds
Number of updated asset objects reloaded before import = 0
Number of asset objects unloaded after import = 4341
========================================================================
Received Import Request.
  Time since last request: 0.000035 seconds.
  path: Assets/Prefabs/Rooms/TestRooms/Corners/RightDown.prefab
  artifactKey: Guid(0f2d5de2df8215c4f92d26513acd2c51) Importer(815301076,1909f56bfc062723c751e8b465ee728b)
Start importing Assets/Prefabs/Rooms/TestRooms/Corners/RightDown.prefab using Guid(0f2d5de2df8215c4f92d26513acd2c51) Importer(815301076,1909f56bfc062723c751e8b465ee728b)  -> (artifact id: '8b1bf1de94398a71649c639bb026d703') in 0.092382 seconds
Number of updated asset objects reloaded before import = 0
Number of asset objects unloaded after import = 4341
========================================================================
Received Import Request.
  Time since last request: 10.547688 seconds.
  path: Assets/Prefabs/Rooms/TestRooms/Corners/DownCornerL.prefab
  artifactKey: Guid(05b5c791786c3974aa9898acce7338fa) Importer(815301076,1909f56bfc062723c751e8b465ee728b)
Start importing Assets/Prefabs/Rooms/TestRooms/Corners/DownCornerL.prefab using Guid(05b5c791786c3974aa9898acce7338fa) Importer(815301076,1909f56bfc062723c751e8b465ee728b)  -> (artifact id: 'c4cb5ca229f5c2325f44e17baf422f5c') in 0.093964 seconds
Number of updated asset objects reloaded before import = 0
Number of asset objects unloaded after import = 4341
========================================================================
Received Import Request.
  Time since last request: 0.000028 seconds.
  path: Assets/Prefabs/Rooms/TestRooms/Corners/RightDown.prefab
  artifactKey: Guid(0f2d5de2df8215c4f92d26513acd2c51) Importer(815301076,1909f56bfc062723c751e8b465ee728b)
Start importing Assets/Prefabs/Rooms/TestRooms/Corners/RightDown.prefab using Guid(0f2d5de2df8215c4f92d26513acd2c51) Importer(815301076,1909f56bfc062723c751e8b465ee728b)  -> (artifact id: 'acaeeab1b4a1cd4d4912fcb35523dcf4') in 0.079634 seconds
Number of updated asset objects reloaded before import = 0
Number of asset objects unloaded after import = 4341
========================================================================
Received Import Request.
  Time since last request: 6.686578 seconds.
  path: Assets/Prefabs/Rooms/TestRooms/Corners/DownCornerL.prefab
  artifactKey: Guid(05b5c791786c3974aa9898acce7338fa) Importer(815301076,1909f56bfc062723c751e8b465ee728b)
Start importing Assets/Prefabs/Rooms/TestRooms/Corners/DownCornerL.prefab using Guid(05b5c791786c3974aa9898acce7338fa) Importer(815301076,1909f56bfc062723c751e8b465ee728b)  -> (artifact id: '8c0596dd200894fb9b746c26c87ab2d9') in 0.098626 seconds
Number of updated asset objects reloaded before import = 0
Number of asset objects unloaded after import = 4341
========================================================================
Received Import Request.
  Time since last request: 0.000027 seconds.
  path: Assets/Prefabs/Rooms/TestRooms/Corners/RightDown.prefab
  artifactKey: Guid(0f2d5de2df8215c4f92d26513acd2c51) Importer(815301076,1909f56bfc062723c751e8b465ee728b)
Start importing Assets/Prefabs/Rooms/TestRooms/Corners/RightDown.prefab using Guid(0f2d5de2df8215c4f92d26513acd2c51) Importer(815301076,1909f56bfc062723c751e8b465ee728b)  -> (artifact id: 'ed07a4ce21b6779a1839dbc92c25552a') in 0.084958 seconds
Number of updated asset objects reloaded before import = 0
Number of asset objects unloaded after import = 4341
========================================================================
Received Import Request.
  Time since last request: 7.273452 seconds.
  path: Assets/Prefabs/Rooms/TestRooms/Corners/DownCornerL.prefab
  artifactKey: Guid(05b5c791786c3974aa9898acce7338fa) Importer(815301076,1909f56bfc062723c751e8b465ee728b)
Start importing Assets/Prefabs/Rooms/TestRooms/Corners/DownCornerL.prefab using Guid(05b5c791786c3974aa9898acce7338fa) Importer(815301076,1909f56bfc062723c751e8b465ee728b)  -> (artifact id: 'f1d2e81d034bb8c29e10a19a0850150f') in 0.098173 seconds
Number of updated asset objects reloaded before import = 0
Number of asset objects unloaded after import = 4341
========================================================================
Received Import Request.
  Time since last request: 0.000028 seconds.
  path: Assets/Prefabs/Rooms/TestRooms/Corners/RightDown.prefab
  artifactKey: Guid(0f2d5de2df8215c4f92d26513acd2c51) Importer(815301076,1909f56bfc062723c751e8b465ee728b)
Start importing Assets/Prefabs/Rooms/TestRooms/Corners/RightDown.prefab using Guid(0f2d5de2df8215c4f92d26513acd2c51) Importer(815301076,1909f56bfc062723c751e8b465ee728b)  -> (artifact id: 'a5c0c5c81158425caaf9fbcf053d1b57') in 0.085996 seconds
Number of updated asset objects reloaded before import = 0
Number of asset objects unloaded after import = 4341
========================================================================
Received Import Request.
  Time since last request: 2.829935 seconds.
  path: Assets/Prefabs/Rooms/TestRooms/Corners/DownCornerL.prefab
  artifactKey: Guid(05b5c791786c3974aa9898acce7338fa) Importer(815301076,1909f56bfc062723c751e8b465ee728b)
Start importing Assets/Prefabs/Rooms/TestRooms/Corners/DownCornerL.prefab using Guid(05b5c791786c3974aa9898acce7338fa) Importer(815301076,1909f56bfc062723c751e8b465ee728b)  -> (artifact id: 'a91c7b1ed2d4abddb6ad2668a69bb059') in 0.101512 seconds
Number of updated asset objects reloaded before import = 0
Number of asset objects unloaded after import = 4341
========================================================================
Received Import Request.
  Time since last request: 0.000035 seconds.
  path: Assets/Prefabs/Rooms/TestRooms/Corners/RightDown.prefab
  artifactKey: Guid(0f2d5de2df8215c4f92d26513acd2c51) Importer(815301076,1909f56bfc062723c751e8b465ee728b)
Start importing Assets/Prefabs/Rooms/TestRooms/Corners/RightDown.prefab using Guid(0f2d5de2df8215c4f92d26513acd2c51) Importer(815301076,1909f56bfc062723c751e8b465ee728b)  -> (artifact id: '8717e7ddbb8df46d5de85e5fe83c18a0') in 0.095913 seconds
Number of updated asset objects reloaded before import = 0
Number of asset objects unloaded after import = 4341
========================================================================
Received Import Request.
  Time since last request: 23.362631 seconds.
  path: Assets/Prefabs/Rooms/TestRooms/StartRoom.prefab
  artifactKey: Guid(d357cdcab7f756747ada659a6dd53fbb) Importer(815301076,1909f56bfc062723c751e8b465ee728b)
Start importing Assets/Prefabs/Rooms/TestRooms/StartRoom.prefab using Guid(d357cdcab7f756747ada659a6dd53fbb) Importer(815301076,1909f56bfc062723c751e8b465ee728b)  -> (artifact id: '387015269a2c0eb7421c5cc883e195e5') in 0.095647 seconds
Number of updated asset objects reloaded before import = 0
Number of asset objects unloaded after import = 4650
========================================================================
Received Import Request.
  Time since last request: 0.955550 seconds.
  path: Assets/Prefabs/Rooms/TestRooms/DownLocations/TestRoom1.prefab
  artifactKey: Guid(99a19b333f84145478b828a557c319b1) Importer(815301076,1909f56bfc062723c751e8b465ee728b)
Start importing Assets/Prefabs/Rooms/TestRooms/DownLocations/TestRoom1.prefab using Guid(99a19b333f84145478b828a557c319b1) Importer(815301076,1909f56bfc062723c751e8b465ee728b)  -> (artifact id: 'feebda9975e5660d42177f1efcbc2850') in 0.096127 seconds
Number of updated asset objects reloaded before import = 0
Number of asset objects unloaded after import = 4341
========================================================================
Received Import Request.
  Time since last request: 0.000035 seconds.
  path: Assets/Prefabs/Rooms/TestRooms/DownLocations/TestRoom3.prefab
  artifactKey: Guid(4b052b3d8939ac148a4e223e4ceb2ce9) Importer(815301076,1909f56bfc062723c751e8b465ee728b)
Start importing Assets/Prefabs/Rooms/TestRooms/DownLocations/TestRoom3.prefab using Guid(4b052b3d8939ac148a4e223e4ceb2ce9) Importer(815301076,1909f56bfc062723c751e8b465ee728b)  -> (artifact id: '3198c6a1e9843a5fd3d787919d7b7cc7') in 0.094778 seconds
Number of updated asset objects reloaded before import = 0
Number of asset objects unloaded after import = 4341
========================================================================
Received Import Request.
  Time since last request: 23.302551 seconds.
  path: Assets/Prefabs/Rooms/TestRooms/RightLocation/G2Room.prefab
  artifactKey: Guid(2cc7027f182344f4ea9c96deec8e9c86) Importer(815301076,1909f56bfc062723c751e8b465ee728b)
Start importing Assets/Prefabs/Rooms/TestRooms/RightLocation/G2Room.prefab using Guid(2cc7027f182344f4ea9c96deec8e9c86) Importer(815301076,1909f56bfc062723c751e8b465ee728b)  -> (artifact id: '9edb5e4130c522f755593f9b8400b7c7') in 0.108749 seconds
Number of updated asset objects reloaded before import = 0
Number of asset objects unloaded after import = 4341
========================================================================
Received Import Request.
  Time since last request: 0.000034 seconds.
  path: Assets/Prefabs/Rooms/TestRooms/RightLocation/TestRoom4.prefab
  artifactKey: Guid(02c59b677d88d154092a5d14af558085) Importer(815301076,1909f56bfc062723c751e8b465ee728b)
Start importing Assets/Prefabs/Rooms/TestRooms/RightLocation/TestRoom4.prefab using Guid(02c59b677d88d154092a5d14af558085) Importer(815301076,1909f56bfc062723c751e8b465ee728b)  -> (artifact id: 'bca86745f0f4ae0656933a3ccd9c5115') in 0.099219 seconds
Number of updated asset objects reloaded before import = 0
Number of asset objects unloaded after import = 4341
========================================================================
Received Import Request.
  Time since last request: 13.958337 seconds.
  path: Assets/Prefabs/Rooms/TestRooms/UpLocations/TestRoom2.prefab
  artifactKey: Guid(c404a1a0a3b6a684c856b638ba203d95) Importer(815301076,1909f56bfc062723c751e8b465ee728b)
Start importing Assets/Prefabs/Rooms/TestRooms/UpLocations/TestRoom2.prefab using Guid(c404a1a0a3b6a684c856b638ba203d95) Importer(815301076,1909f56bfc062723c751e8b465ee728b)  -> (artifact id: '311b09d6f1f79d0639004d34dec45fb6') in 0.098993 seconds
Number of updated asset objects reloaded before import = 0
Number of asset objects unloaded after import = 4341
========================================================================
Received Import Request.
  Time since last request: 0.000044 seconds.
  path: Assets/Prefabs/Rooms/TestRooms/UpLocations/TestRoom4.prefab
  artifactKey: Guid(e2d1fdc0b0d21824fa4ad5e83652e5e6) Importer(815301076,1909f56bfc062723c751e8b465ee728b)
Start importing Assets/Prefabs/Rooms/TestRooms/UpLocations/TestRoom4.prefab using Guid(e2d1fdc0b0d21824fa4ad5e83652e5e6) Importer(815301076,1909f56bfc062723c751e8b465ee728b)  -> (artifact id: 'b196ca3ca8cecb742c84d1763c607b3e') in 0.095731 seconds
Number of updated asset objects reloaded before import = 0
Number of asset objects unloaded after import = 4341
Editor requested this worker to shutdown with reason: Scaling down because of idle timeout
TcpMessagingSession - receive error: operation aborted. errorcode: 995, details:  /   -       .
AssetImportWorker is now disconnected from the server
Process exiting
Exiting without the bug reporter. Application will terminate with return code 0