Using pre-set license
Built from '2022.3/staging' branch; Version is '2022.3.30f1 (70558241b701) revision 7361922'; Using compiler version '192829333'; Build Type 'Release'
OS: 'Windows 11  (10.0.22631) 64bit CoreSingleLanguage' Language: 'ru' Physical Memory: 16168 MB
BatchMode: 1, IsHumanControllingUs: 0, StartBugReporterOnCrash: 0, Is64bit: 1, IsPro: 1

COMMAND LINE ARGUMENTS:
C:\Program Files\Unity\Hub\Editor\2022.3.30f1\Editor\Unity.exe
-adb2
-batchMode
-noUpm
-name
AssetImportWorker2
-projectPath
C:/Users/holya/Documents/GitHub/MutationGame/MutationGame
-logFile
Logs/AssetImportWorker2.log
-srvPort
61393
Successfully changed project path to: C:/Users/holya/Documents/GitHub/MutationGame/MutationGame
C:/Users/holya/Documents/GitHub/MutationGame/MutationGame
[UnityMemory] Configuration Parameters - Can be set up in boot.config
    "memorysetup-bucket-allocator-granularity=16"
    "memorysetup-bucket-allocator-bucket-count=8"
    "memorysetup-bucket-allocator-block-size=33554432"
    "memorysetup-bucket-allocator-block-count=8"
    "memorysetup-main-allocator-block-size=16777216"
    "memorysetup-thread-allocator-block-size=16777216"
    "memorysetup-gfx-main-allocator-block-size=16777216"
    "memorysetup-gfx-thread-allocator-block-size=16777216"
    "memorysetup-cache-allocator-block-size=4194304"
    "memorysetup-typetree-allocator-block-size=2097152"
    "memorysetup-profiler-bucket-allocator-granularity=16"
    "memorysetup-profiler-bucket-allocator-bucket-count=8"
    "memorysetup-profiler-bucket-allocator-block-size=33554432"
    "memorysetup-profiler-bucket-allocator-block-count=8"
    "memorysetup-profiler-allocator-block-size=16777216"
    "memorysetup-profiler-editor-allocator-block-size=1048576"
    "memorysetup-temp-allocator-size-main=16777216"
    "memorysetup-job-temp-allocator-block-size=2097152"
    "memorysetup-job-temp-allocator-block-size-background=1048576"
    "memorysetup-job-temp-allocator-reduction-small-platforms=262144"
    "memorysetup-allocator-temp-initial-block-size-main=262144"
    "memorysetup-allocator-temp-initial-block-size-worker=262144"
    "memorysetup-temp-allocator-size-background-worker=32768"
    "memorysetup-temp-allocator-size-job-worker=262144"
    "memorysetup-temp-allocator-size-preload-manager=33554432"
    "memorysetup-temp-allocator-size-nav-mesh-worker=65536"
    "memorysetup-temp-allocator-size-audio-worker=65536"
    "memorysetup-temp-allocator-size-cloud-worker=32768"
    "memorysetup-temp-allocator-size-gi-baking-worker=262144"
    "memorysetup-temp-allocator-size-gfx=262144"
Player connection [60324] Host "[IP] 192.168.0.43 [Port] 0 [Flags] 2 [Guid] 2835238774 [EditorId] 2835238774 [Version] 1048832 [Id] WindowsEditor(7,LAPTOP-13TATN6K) [Debug] 1 [PackageName] WindowsEditor [ProjectName] Editor" joined multi-casting on [225.0.0.222:54997]...

Player connection [60324] Host "[IP] 192.168.0.43 [Port] 0 [Flags] 2 [Guid] 2835238774 [EditorId] 2835238774 [Version] 1048832 [Id] WindowsEditor(7,LAPTOP-13TATN6K) [Debug] 1 [PackageName] WindowsEditor [ProjectName] Editor" joined alternative multi-casting on [225.0.0.222:34997]...

[Physics::Module] Initialized MultithreadedJobDispatcher with 15 workers.
Refreshing native plugins compatible for Editor in 12.66 ms, found 4 plugins.
Preloading 0 native plugins for Editor in 0.00 ms.
Initialize engine version: 2022.3.30f1 (70558241b701)
[Subsystems] Discovering subsystems at path C:/Program Files/Unity/Hub/Editor/2022.3.30f1/Editor/Data/Resources/UnitySubsystems
[Subsystems] Discovering subsystems at path C:/Users/holya/Documents/GitHub/MutationGame/MutationGame/Assets
GfxDevice: creating device client; threaded=0; jobified=0
Direct3D:
    Version:  Direct3D 11.0 [level 11.1]
    Renderer: NVIDIA GeForce RTX 2060 (ID=0x1f15)
    Vendor:   NVIDIA
    VRAM:     5955 MB
    Driver:   31.0.15.5244
Initialize mono
Mono path[0] = 'C:/Program Files/Unity/Hub/Editor/2022.3.30f1/Editor/Data/Managed'
Mono path[1] = 'C:/Program Files/Unity/Hub/Editor/2022.3.30f1/Editor/Data/MonoBleedingEdge/lib/mono/unityjit-win32'
Mono config path = 'C:/Program Files/Unity/Hub/Editor/2022.3.30f1/Editor/Data/MonoBleedingEdge/etc'
Using monoOptions --debugger-agent=transport=dt_socket,embedding=1,server=y,suspend=n,address=127.0.0.1:56852
Begin MonoManager ReloadAssembly
Registering precompiled unity dll's ...
Register platform support module: C:/Program Files/Unity/Hub/Editor/2022.3.30f1/Editor/Data/PlaybackEngines/WebGLSupport/UnityEditor.WebGL.Extensions.dll
Register platform support module: C:/Program Files/Unity/Hub/Editor/2022.3.30f1/Editor/Data/PlaybackEngines/WindowsStandaloneSupport/UnityEditor.WindowsStandalone.Extensions.dll
Registered in 0.008976 seconds.
- Loaded All Assemblies, in  0.400 seconds
Native extension for WindowsStandalone target not found
Native extension for WebGL target not found
Mono: successfully reloaded assembly
- Finished resetting the current domain, in  0.302 seconds
Domain Reload Profiling: 700ms
	BeginReloadAssembly (119ms)
		ExecutionOrderSort (0ms)
		DisableScriptedObjects (0ms)
		BackupInstance (0ms)
		ReleaseScriptingObjects (0ms)
		CreateAndSetChildDomain (1ms)
	RebuildCommonClasses (41ms)
	RebuildNativeTypeToScriptingClass (12ms)
	initialDomainReloadingComplete (65ms)
	LoadAllAssembliesAndSetupDomain (161ms)
		LoadAssemblies (117ms)
		RebuildTransferFunctionScriptingTraits (0ms)
		AnalyzeDomain (158ms)
			TypeCache.Refresh (157ms)
				TypeCache.ScanAssembly (143ms)
			ScanForSourceGeneratedMonoScriptInfo (0ms)
			ResolveRequiredComponents (1ms)
	FinalizeReload (302ms)
		ReleaseScriptCaches (0ms)
		RebuildScriptCaches (0ms)
		SetupLoadedEditorAssemblies (238ms)
			LogAssemblyErrors (0ms)
			InitializePlatformSupportModulesInManaged (11ms)
			SetLoadedEditorAssemblies (6ms)
			RefreshPlugins (0ms)
			BeforeProcessingInitializeOnLoad (2ms)
			ProcessInitializeOnLoadAttributes (170ms)
			ProcessInitializeOnLoadMethodAttributes (50ms)
			AfterProcessingInitializeOnLoad (0ms)
			EditorAssembliesLoaded (0ms)
		ExecutionOrderSort2 (0ms)
		AwakeInstancesAfterBackupRestoration (0ms)
========================================================================
Worker process is ready to serve import requests
Begin MonoManager ReloadAssembly
- Loaded All Assemblies, in  0.714 seconds
Refreshing native plugins compatible for Editor in 5.29 ms, found 4 plugins.
Native extension for WindowsStandalone target not found
Native extension for WebGL target not found
Package Manager log level set to [2]
[Package Manager] Server::EnsureServerProcessIsRunning -- launch failed, reason: Unity was launched with the -noUpm command-line argument
[Package Manager] UpmClient::Send -- Unable to send message (not connected to UPM process).
[Package Manager] Cannot connect to Unity Package Manager local server
Mono: successfully reloaded assembly
- Finished resetting the current domain, in  0.835 seconds
Domain Reload Profiling: 1545ms
	BeginReloadAssembly (145ms)
		ExecutionOrderSort (0ms)
		DisableScriptedObjects (6ms)
		BackupInstance (0ms)
		ReleaseScriptingObjects (0ms)
		CreateAndSetChildDomain (18ms)
	RebuildCommonClasses (32ms)
	RebuildNativeTypeToScriptingClass (11ms)
	initialDomainReloadingComplete (46ms)
	LoadAllAssembliesAndSetupDomain (476ms)
		LoadAssemblies (331ms)
		RebuildTransferFunctionScriptingTraits (0ms)
		AnalyzeDomain (229ms)
			TypeCache.Refresh (187ms)
				TypeCache.ScanAssembly (170ms)
			ScanForSourceGeneratedMonoScriptInfo (28ms)
			ResolveRequiredComponents (12ms)
	FinalizeReload (836ms)
		ReleaseScriptCaches (0ms)
		RebuildScriptCaches (0ms)
		SetupLoadedEditorAssemblies (659ms)
			LogAssemblyErrors (0ms)
			InitializePlatformSupportModulesInManaged (7ms)
			SetLoadedEditorAssemblies (6ms)
			RefreshPlugins (0ms)
			BeforeProcessingInitializeOnLoad (99ms)
			ProcessInitializeOnLoadAttributes (450ms)
			ProcessInitializeOnLoadMethodAttributes (89ms)
			AfterProcessingInitializeOnLoad (7ms)
			EditorAssembliesLoaded (0ms)
		ExecutionOrderSort2 (0ms)
		AwakeInstancesAfterBackupRestoration (7ms)
Launched and connected shader compiler UnityShaderCompiler.exe after 0.05 seconds
Refreshing native plugins compatible for Editor in 6.53 ms, found 4 plugins.
Preloading 0 native plugins for Editor in 0.00 ms.
Unloading 5845 Unused Serialized files (Serialized files now loaded: 0)
Unloading 99 unused Assets / (421.6 KB). Loaded Objects now: 6304.
Memory consumption went from 222.1 MB to 221.7 MB.
Total: 5.369000 ms (FindLiveObjects: 0.607700 ms CreateObjectMapping: 1.111400 ms MarkObjects: 3.418100 ms  DeleteObjects: 0.230000 ms)

AssetImportParameters requested are different than current active one (requested -> active):
  custom:container-demuxer-ogg: 62fdf1f143b41e24485cea50d1cbac27 -> 
  custom:video-codec-MediaFoundation-h265: 746d11721c4dcdbdad8f713fa42b33f4 -> 
  custom:video-decoder-ogg-theora: a1e56fd34408186e4bbccfd4996cb3dc -> 
  custom:framework-win-MediaFoundation: 216162199b28c13a410421893ffa2e32 -> 
  custom:CustomObjectIndexerAttribute: 72b91833f83ae208fae7752999fa3104 -> 
  custom:container-demuxer-webm: 4f35f7cbe854078d1ac9338744f61a02 -> 
  custom:container-muxer-webm: aa71ff27fc2769a1b78a27578f13a17b -> 
  custom:video-decoder-webm-vp8: 9c59270c3fd7afecdb556c50c9e8de78 -> 
  custom:SearchIndexIgnoredProperties: e643bd26f0fe6173181afceb89e7c659 -> 
  custom:AudioImporter_EditorPlatform: d09bf68614088b80899f8185d706f6e7 -> 
  custom:video-encoder-webm-vp8: eb34c28f22e8b96e1ab97ce403110664 -> 
  custom:audio-decoder-ogg-vorbis: bf7c407c2cedff20999df2af8eb42d56 -> 
  custom:audio-encoder-webm-vorbis: bf7c407c2cedff20999df2af8eb42d56 -> 
========================================================================
Received Import Request.
  Time since last request: 1488261.067573 seconds.
  path: Assets/Sprites/RoomStructure/Tilemap.png
  artifactKey: Guid(cc9dca1d88f12b9409a6e64aae507b37) Importer(815301076,1909f56bfc062723c751e8b465ee728b)
Start importing Assets/Sprites/RoomStructure/Tilemap.png using Guid(cc9dca1d88f12b9409a6e64aae507b37) Importer(815301076,1909f56bfc062723c751e8b465ee728b)  -> (artifact id: '4d9fee647498b65ce09f0a30642ef5e9') in 0.149751 seconds
Number of updated asset objects reloaded before import = 0
Number of asset objects unloaded after import = 18
========================================================================
Received Import Request.
  Time since last request: 0.000019 seconds.
  path: Assets/Sprites/RoomStructure/Tilemap_9.asset
  artifactKey: Guid(6375ea9f2ee00bb4ab73efd82aa04c25) Importer(815301076,1909f56bfc062723c751e8b465ee728b)
Start importing Assets/Sprites/RoomStructure/Tilemap_9.asset using Guid(6375ea9f2ee00bb4ab73efd82aa04c25) Importer(815301076,1909f56bfc062723c751e8b465ee728b)  -> (artifact id: '2a918d37f4ae066e941fa89dd7e03ff4') in 0.010848 seconds
Number of updated asset objects reloaded before import = 0
Number of asset objects unloaded after import = 3
========================================================================
Received Import Request.
  Time since last request: 0.000025 seconds.
  path: Assets/Sprites/RoomStructure/Tilemap_12.asset
  artifactKey: Guid(b16688f37dfab0b4fbf5ca6637b1d369) Importer(815301076,1909f56bfc062723c751e8b465ee728b)
Start importing Assets/Sprites/RoomStructure/Tilemap_12.asset using Guid(b16688f37dfab0b4fbf5ca6637b1d369) Importer(815301076,1909f56bfc062723c751e8b465ee728b)  -> (artifact id: '50f990da0fc4288b4bf056578d6e475e') in 0.005661 seconds
Number of updated asset objects reloaded before import = 0
Number of asset objects unloaded after import = 3
========================================================================
Received Import Request.
  Time since last request: 0.000031 seconds.
  path: Assets/Sprites/RoomStructure/Tilemap_0.asset
  artifactKey: Guid(f7a7971e9c1c2d1408f3441571fa9c80) Importer(815301076,1909f56bfc062723c751e8b465ee728b)
Start importing Assets/Sprites/RoomStructure/Tilemap_0.asset using Guid(f7a7971e9c1c2d1408f3441571fa9c80) Importer(815301076,1909f56bfc062723c751e8b465ee728b)  -> (artifact id: '45f837766849c3bd5405439e8b8043c9') in 0.005666 seconds
Number of updated asset objects reloaded before import = 0
Number of asset objects unloaded after import = 3
========================================================================
Received Import Request.
  Time since last request: 0.000012 seconds.
  path: Assets/Sprites/RoomStructure/Tilemap_7.asset
  artifactKey: Guid(e98faed8821cc974d97d776e75281ff3) Importer(815301076,1909f56bfc062723c751e8b465ee728b)
Start importing Assets/Sprites/RoomStructure/Tilemap_7.asset using Guid(e98faed8821cc974d97d776e75281ff3) Importer(815301076,1909f56bfc062723c751e8b465ee728b)  -> (artifact id: '8e53c9b2e4d759a3f068809cfc03507b') in 0.005093 seconds
Number of updated asset objects reloaded before import = 0
Number of asset objects unloaded after import = 3
========================================================================
Received Import Request.
  Time since last request: 0.000013 seconds.
  path: Assets/Sprites/RoomStructure/Tilemap_1.asset
  artifactKey: Guid(7bc344556168fa84bb7c6a013a9b9e3b) Importer(815301076,1909f56bfc062723c751e8b465ee728b)
Start importing Assets/Sprites/RoomStructure/Tilemap_1.asset using Guid(7bc344556168fa84bb7c6a013a9b9e3b) Importer(815301076,1909f56bfc062723c751e8b465ee728b)  -> (artifact id: '5135c74306aa675a0924c1be4852210c') in 0.006608 seconds
Number of updated asset objects reloaded before import = 0
Number of asset objects unloaded after import = 3
========================================================================
Received Import Request.
  Time since last request: 0.000034 seconds.
  path: Assets/Sprites/RoomStructure/Tilemap_8.asset
  artifactKey: Guid(98d9d398de804f148b1259419fee5417) Importer(815301076,1909f56bfc062723c751e8b465ee728b)
Start importing Assets/Sprites/RoomStructure/Tilemap_8.asset using Guid(98d9d398de804f148b1259419fee5417) Importer(815301076,1909f56bfc062723c751e8b465ee728b)  -> (artifact id: '1d0521a1a6d71a1553df13c1bf60ea80') in 0.005236 seconds
Number of updated asset objects reloaded before import = 0
Number of asset objects unloaded after import = 3
========================================================================
Received Import Request.
  Time since last request: 0.000021 seconds.
  path: Assets/Sprites/RoomStructure/Tilemap_13.asset
  artifactKey: Guid(c3c903ae8c4c76641ac87d38ed23946b) Importer(815301076,1909f56bfc062723c751e8b465ee728b)
Start importing Assets/Sprites/RoomStructure/Tilemap_13.asset using Guid(c3c903ae8c4c76641ac87d38ed23946b) Importer(815301076,1909f56bfc062723c751e8b465ee728b)  -> (artifact id: 'b137f57cb940be20213e299e312cb9cb') in 0.007889 seconds
Number of updated asset objects reloaded before import = 0
Number of asset objects unloaded after import = 3
========================================================================
Received Import Request.
  Time since last request: 0.000014 seconds.
  path: Assets/Sprites/RoomStructure/Tilemap_15.asset
  artifactKey: Guid(5195842c668dc064ea1fcd32102d8261) Importer(815301076,1909f56bfc062723c751e8b465ee728b)
Start importing Assets/Sprites/RoomStructure/Tilemap_15.asset using Guid(5195842c668dc064ea1fcd32102d8261) Importer(815301076,1909f56bfc062723c751e8b465ee728b)  -> (artifact id: '80d298cb72393e0c03a2fd9d91277249') in 0.006319 seconds
Number of updated asset objects reloaded before import = 0
Number of asset objects unloaded after import = 3
========================================================================
Received Import Request.
  Time since last request: 0.000026 seconds.
  path: Assets/Sprites/RoomStructure/Tilemap_4.asset
  artifactKey: Guid(06f10abd13fb5d84e98c85bdcd8ce58e) Importer(815301076,1909f56bfc062723c751e8b465ee728b)
Start importing Assets/Sprites/RoomStructure/Tilemap_4.asset using Guid(06f10abd13fb5d84e98c85bdcd8ce58e) Importer(815301076,1909f56bfc062723c751e8b465ee728b)  -> (artifact id: 'bdee7c249317a61c73d6ca5fd71cb529') in 0.005901 seconds
Number of updated asset objects reloaded before import = 0
Number of asset objects unloaded after import = 3
========================================================================
Received Import Request.
  Time since last request: 0.000014 seconds.
  path: Assets/Sprites/RoomStructure/Tilemap_11.asset
  artifactKey: Guid(b4b0f34063ee1f64ead9f67a6e038fff) Importer(815301076,1909f56bfc062723c751e8b465ee728b)
Start importing Assets/Sprites/RoomStructure/Tilemap_11.asset using Guid(b4b0f34063ee1f64ead9f67a6e038fff) Importer(815301076,1909f56bfc062723c751e8b465ee728b)  -> (artifact id: '93afe7460240e30c798747d3aa5f245c') in 0.006416 seconds
Number of updated asset objects reloaded before import = 0
Number of asset objects unloaded after import = 3
========================================================================
Received Import Request.
  Time since last request: 0.000018 seconds.
  path: Assets/Sprites/RoomStructure/Tilemap_6.asset
  artifactKey: Guid(bff885f96b0dbd6488aecae4be6526db) Importer(815301076,1909f56bfc062723c751e8b465ee728b)
Start importing Assets/Sprites/RoomStructure/Tilemap_6.asset using Guid(bff885f96b0dbd6488aecae4be6526db) Importer(815301076,1909f56bfc062723c751e8b465ee728b)  -> (artifact id: 'd989488d632ae7abc8ccaf328b429487') in 0.005594 seconds
Number of updated asset objects reloaded before import = 0
Number of asset objects unloaded after import = 3
========================================================================
Received Import Request.
  Time since last request: 0.000016 seconds.
  path: Assets/Sprites/RoomStructure/Tilemap_10.asset
  artifactKey: Guid(51e4591bc2fb5894988b9fa79cb629d6) Importer(815301076,1909f56bfc062723c751e8b465ee728b)
Start importing Assets/Sprites/RoomStructure/Tilemap_10.asset using Guid(51e4591bc2fb5894988b9fa79cb629d6) Importer(815301076,1909f56bfc062723c751e8b465ee728b)  -> (artifact id: 'c7c73864b33b786f484d7d268cee0cc8') in 0.006353 seconds
Number of updated asset objects reloaded before import = 0
Number of asset objects unloaded after import = 3
========================================================================
Received Import Request.
  Time since last request: 0.000016 seconds.
  path: Assets/Sprites/RoomStructure/Tilemap_3.asset
  artifactKey: Guid(60db539047ce1f048aaf71f60aab0044) Importer(815301076,1909f56bfc062723c751e8b465ee728b)
Start importing Assets/Sprites/RoomStructure/Tilemap_3.asset using Guid(60db539047ce1f048aaf71f60aab0044) Importer(815301076,1909f56bfc062723c751e8b465ee728b)  -> (artifact id: 'd7903f94a770db7ee614994ccc9850a1') in 0.005600 seconds
Number of updated asset objects reloaded before import = 0
Number of asset objects unloaded after import = 3
========================================================================
Received Import Request.
  Time since last request: 0.000013 seconds.
  path: Assets/Sprites/RoomStructure/Tilemap_5.asset
  artifactKey: Guid(134960d93c3c7a845980ffe5fd7e82ce) Importer(815301076,1909f56bfc062723c751e8b465ee728b)
Start importing Assets/Sprites/RoomStructure/Tilemap_5.asset using Guid(134960d93c3c7a845980ffe5fd7e82ce) Importer(815301076,1909f56bfc062723c751e8b465ee728b)  -> (artifact id: 'e07c28c9ac822a580786d61a7ebb1d64') in 0.005430 seconds
Number of updated asset objects reloaded before import = 0
Number of asset objects unloaded after import = 3
Editor requested this worker to shutdown with reason: Scaling down because of idle timeout
TcpMessagingSession - receive error: operation aborted. errorcode: 995, details: ќпераци€ ввода/вывода была прервана из-за завершени€ потока команд или по запросу приложени€.
AssetImportWorker is now disconnected from the server
Process exiting
Exiting without the bug reporter. Application will terminate with return code 0